#
# There is insufficient memory for the Java Runtime Environment to continue.
# Native memory allocation (malloc) failed to allocate 1263456 bytes. Error detail: Chunk::new
# Possible reasons:
#   The system is out of physical RAM or swap space
#   This process is running with CompressedOops enabled, and the Java Heap may be blocking the growth of the native heap
# Possible solutions:
#   Reduce memory load on the system
#   Increase physical memory or swap space
#   Check if swap backing store is full
#   Decrease Java heap size (-Xmx/-Xms)
#   Decrease number of Java threads
#   Decrease Java thread stack sizes (-Xss)
#   Set larger code cache with -XX:ReservedCodeCacheSize=
#   JVM is running with Unscaled Compressed Oops mode in which the Java heap is
#     placed in the first 4GB address space. The Java Heap base address is the
#     maximum limit for the native heap growth. Please use -XX:HeapBaseMinAddress
#     to set the Java Heap base and to place the Java Heap above 4GB virtual address.
# This output file may be truncated or incomplete.
#
#  Out of Memory Error (arena.cpp:168), pid=16940, tid=148
#
# JRE version: OpenJDK Runtime Environment Temurin-21.0.7+6 (21.0.7+6) (build 21.0.7+6-LTS)
# Java VM: OpenJDK 64-Bit Server VM Temurin-21.0.7+6 (21.0.7+6-LTS, mixed mode, sharing, tiered, compressed oops, compressed class ptrs, parallel gc, windows-amd64)
# No core dump will be written. Minidumps are not enabled by default on client versions of Windows
#

---------------  S U M M A R Y ------------

Command Line: --add-modules=ALL-SYSTEM --add-opens=java.base/java.util=ALL-UNNAMED --add-opens=java.base/java.lang=ALL-UNNAMED --add-opens=java.base/sun.nio.fs=ALL-UNNAMED -Declipse.application=org.eclipse.jdt.ls.core.id1 -Dosgi.bundles.defaultStartLevel=4 -Declipse.product=org.eclipse.jdt.ls.core.product -Djava.import.generatesMetadataFilesAtProjectRoot=false -DDetectVMInstallationsJob.disabled=true -Dfile.encoding=utf8 -XX:+UseParallelGC -XX:GCTimeRatio=4 -XX:AdaptiveSizePolicyWeight=90 -Dsun.zip.disableMemoryMapping=true -Xmx1G -Xms100m -Xlog:disable -javaagent:c:\Users\student\.vscode\extensions\redhat.java-1.42.0-win32-x64\lombok\lombok-1.18.36.jar -XX:+HeapDumpOnOutOfMemoryError -XX:HeapDumpPath=c:\Users\student\AppData\Roaming\Code\User\workspaceStorage\6fd2f73aaa6829d83ee43f0051310afc\redhat.java -Daether.dependencyCollector.impl=bf c:\Users\student\.vscode\extensions\redhat.java-1.42.0-win32-x64\server\plugins\org.eclipse.equinox.launcher_1.7.0.v20250424-1814.jar -configuration c:\Users\student\AppData\Roaming\Code\User\globalStorage\redhat.java\1.42.0\config_win -data c:\Users\student\AppData\Roaming\Code\User\workspaceStorage\6fd2f73aaa6829d83ee43f0051310afc\redhat.java\jdt_ws --pipe=\\.\pipe\lsp-115e8f872272b27fe7d7cffe20f8073c-sock

Host: 11th Gen Intel(R) Core(TM) i5-1135G7 @ 2.40GHz, 8 cores, 15G,  Windows 10 , 64 bit Build 19041 (10.0.19041.2788)
Time: Thu May 29 09:40:25 2025  Windows 10 , 64 bit Build 19041 (10.0.19041.2788) elapsed time: 35.954483 seconds (0d 0h 0m 35s)

---------------  T H R E A D  ---------------

Current thread (0x0000028dc6484b00):  JavaThread "C2 CompilerThread0" daemon [_thread_in_native, id=148, stack(0x0000009aae800000,0x0000009aae900000) (1024K)]


Current CompileTask:
C2:35954 8686   !   4       org.eclipse.osgi.internal.loader.classpath.ClasspathManager::findLocalResource (183 bytes)

Stack: [0x0000009aae800000,0x0000009aae900000]
Native frames: (J=compiled Java code, j=interpreted, Vv=VM code, C=native code)
V  [jvm.dll+0x6ce119]
V  [jvm.dll+0x8a84a1]
V  [jvm.dll+0x8aa9ce]
V  [jvm.dll+0x8ab0b3]
V  [jvm.dll+0x27f8a6]
V  [jvm.dll+0xc507d]
V  [jvm.dll+0xc55b3]
V  [jvm.dll+0x2f2c6d]
V  [jvm.dll+0x5f6bca]
V  [jvm.dll+0x250cb2]
V  [jvm.dll+0x25106f]
V  [jvm.dll+0x249934]
V  [jvm.dll+0x246fc4]
V  [jvm.dll+0x1c760e]
V  [jvm.dll+0x25695a]
V  [jvm.dll+0x254efa]
V  [jvm.dll+0x3f03f6]
V  [jvm.dll+0x851f6b]
V  [jvm.dll+0x6cc7dd]
C  [ucrtbase.dll+0x21bb2]
C  [KERNEL32.DLL+0x17604]
C  [ntdll.dll+0x526a1]


---------------  P R O C E S S  ---------------

Threads class SMR info:
_java_thread_list=0x0000028e131b4050, length=68, elements={
0x0000028dafe06d00, 0x0000028dc646d3a0, 0x0000028dc646e2b0, 0x0000028dc6471470,
0x0000028dc6472380, 0x0000028dc6475520, 0x0000028dc6477ad0, 0x0000028dc6484b00,
0x0000028dc6486b20, 0x0000028e0d0f1540, 0x0000028e0d263660, 0x0000028e0d6499f0,
0x0000028e0dd82c70, 0x0000028e0db96af0, 0x0000028e0d85e550, 0x0000028e0e1b74e0,
0x0000028e0e09d4e0, 0x0000028e0e43de80, 0x0000028e0e43cad0, 0x0000028e0e43f230,
0x0000028e0e43f8c0, 0x0000028e0e43eba0, 0x0000028e0e43d160, 0x0000028e0e43e510,
0x0000028e0fd582d0, 0x0000028e0fd55b70, 0x0000028e0fd575b0, 0x0000028e0fd554e0,
0x0000028e0fd54e50, 0x0000028e0fd56890, 0x0000028e0fd56f20, 0x0000028e0fd56200,
0x0000028e0fd57c40, 0x0000028e112c0680, 0x0000028e112bc4e0, 0x0000028e112bf960,
0x0000028e112c0d10, 0x0000028e112bf2d0, 0x0000028e112bdf20, 0x0000028e112bcb70,
0x0000028dc6487f90, 0x0000028e112c1a30, 0x0000028e112bd890, 0x0000028dc6488d30,
0x0000028e112bb7c0, 0x0000028e112c2de0, 0x0000028e112bbe50, 0x0000028e0e43d7f0,
0x0000028e13249f20, 0x0000028e1324e0c0, 0x0000028e1324bff0, 0x0000028e1324ac40,
0x0000028e1324e750, 0x0000028e1324cd10, 0x0000028e1324d3a0, 0x0000028e132484e0,
0x0000028e1324da30, 0x0000028e1324b2d0, 0x0000028e1324b960, 0x0000028e1324ede0,
0x0000028e13249890, 0x0000028e1324a5b0, 0x0000028e1324c680, 0x0000028e13247e50,
0x0000028e1324f470, 0x0000028e112bfff0, 0x0000028e12c41dc0, 0x0000028e12c3fcf0
}

Java Threads: ( => current thread )
  0x0000028dafe06d00 JavaThread "main"                              [_thread_blocked, id=15980, stack(0x0000009aade00000,0x0000009aadf00000) (1024K)]
  0x0000028dc646d3a0 JavaThread "Reference Handler"          daemon [_thread_blocked, id=6084, stack(0x0000009aae200000,0x0000009aae300000) (1024K)]
  0x0000028dc646e2b0 JavaThread "Finalizer"                  daemon [_thread_blocked, id=8496, stack(0x0000009aae300000,0x0000009aae400000) (1024K)]
  0x0000028dc6471470 JavaThread "Signal Dispatcher"          daemon [_thread_blocked, id=16640, stack(0x0000009aae400000,0x0000009aae500000) (1024K)]
  0x0000028dc6472380 JavaThread "Attach Listener"            daemon [_thread_blocked, id=2988, stack(0x0000009aae500000,0x0000009aae600000) (1024K)]
  0x0000028dc6475520 JavaThread "Service Thread"             daemon [_thread_blocked, id=10352, stack(0x0000009aae600000,0x0000009aae700000) (1024K)]
  0x0000028dc6477ad0 JavaThread "Monitor Deflation Thread"   daemon [_thread_blocked, id=11260, stack(0x0000009aae700000,0x0000009aae800000) (1024K)]
=>0x0000028dc6484b00 JavaThread "C2 CompilerThread0"         daemon [_thread_in_native, id=148, stack(0x0000009aae800000,0x0000009aae900000) (1024K)]
  0x0000028dc6486b20 JavaThread "C1 CompilerThread0"         daemon [_thread_blocked, id=3820, stack(0x0000009aae900000,0x0000009aaea00000) (1024K)]
  0x0000028e0d0f1540 JavaThread "Common-Cleaner"             daemon [_thread_blocked, id=7164, stack(0x0000009aaea00000,0x0000009aaeb00000) (1024K)]
  0x0000028e0d263660 JavaThread "Notification Thread"        daemon [_thread_blocked, id=2188, stack(0x0000009aaec00000,0x0000009aaed00000) (1024K)]
  0x0000028e0d6499f0 JavaThread "Active Thread: Equinox Container: fb57e266-4d82-4c56-b00b-0570a569baf3"        [_thread_blocked, id=16948, stack(0x0000009aaf400000,0x0000009aaf500000) (1024K)]
  0x0000028e0dd82c70 JavaThread "Refresh Thread: Equinox Container: fb57e266-4d82-4c56-b00b-0570a569baf3" daemon [_thread_blocked, id=5560, stack(0x0000009aaf500000,0x0000009aaf600000) (1024K)]
  0x0000028e0db96af0 JavaThread "Framework Event Dispatcher: Equinox Container: fb57e266-4d82-4c56-b00b-0570a569baf3" daemon [_thread_blocked, id=16168, stack(0x0000009aaf700000,0x0000009aaf800000) (1024K)]
  0x0000028e0d85e550 JavaThread "Start Level: Equinox Container: fb57e266-4d82-4c56-b00b-0570a569baf3" daemon [_thread_blocked, id=7344, stack(0x0000009aaf800000,0x0000009aaf900000) (1024K)]
  0x0000028e0e1b74e0 JavaThread "Bundle File Closer"         daemon [_thread_blocked, id=17284, stack(0x0000009aaf900000,0x0000009aafa00000) (1024K)]
  0x0000028e0e09d4e0 JavaThread "SCR Component Actor"        daemon [_thread_blocked, id=9940, stack(0x0000009aafa00000,0x0000009aafb00000) (1024K)]
  0x0000028e0e43de80 JavaThread "Worker-JM"                         [_thread_blocked, id=11012, stack(0x0000009aafc00000,0x0000009aafd00000) (1024K)]
  0x0000028e0e43cad0 JavaThread "JNA Cleaner"                daemon [_thread_blocked, id=17264, stack(0x0000009aafd00000,0x0000009aafe00000) (1024K)]
  0x0000028e0e43f230 JavaThread "Worker-0: Java indexing... "        [_thread_blocked, id=2220, stack(0x0000009aafe00000,0x0000009aaff00000) (1024K)]
  0x0000028e0e43f8c0 JavaThread "Worker-1"                          [_thread_blocked, id=8300, stack(0x0000009aaff00000,0x0000009ab0000000) (1024K)]
  0x0000028e0e43eba0 JavaThread "Worker-2"                          [_thread_blocked, id=17380, stack(0x0000009ab0000000,0x0000009ab0100000) (1024K)]
  0x0000028e0e43d160 JavaThread "Java indexing"              daemon [_thread_blocked, id=11244, stack(0x0000009ab0100000,0x0000009ab0200000) (1024K)]
  0x0000028e0e43e510 JavaThread "Worker-3"                          [_thread_blocked, id=17180, stack(0x0000009ab0400000,0x0000009ab0500000) (1024K)]
  0x0000028e0fd582d0 JavaThread "Worker-4"                          [_thread_blocked, id=14188, stack(0x0000009ab0500000,0x0000009ab0600000) (1024K)]
  0x0000028e0fd55b70 JavaThread "Worker-5"                          [_thread_blocked, id=15608, stack(0x0000009ab0600000,0x0000009ab0700000) (1024K)]
  0x0000028e0fd575b0 JavaThread "Thread-2"                   daemon [_thread_in_native, id=12112, stack(0x0000009ab0700000,0x0000009ab0800000) (1024K)]
  0x0000028e0fd554e0 JavaThread "Thread-3"                   daemon [_thread_in_native, id=14872, stack(0x0000009ab0800000,0x0000009ab0900000) (1024K)]
  0x0000028e0fd54e50 JavaThread "Thread-4"                   daemon [_thread_in_native, id=11072, stack(0x0000009ab0900000,0x0000009ab0a00000) (1024K)]
  0x0000028e0fd56890 JavaThread "Thread-5"                   daemon [_thread_in_native, id=12784, stack(0x0000009ab0a00000,0x0000009ab0b00000) (1024K)]
  0x0000028e0fd56f20 JavaThread "Thread-6"                   daemon [_thread_in_native, id=10704, stack(0x0000009ab0b00000,0x0000009ab0c00000) (1024K)]
  0x0000028e0fd56200 JavaThread "Thread-7"                   daemon [_thread_in_native, id=17004, stack(0x0000009ab0c00000,0x0000009ab0d00000) (1024K)]
  0x0000028e0fd57c40 JavaThread "Thread-8"                   daemon [_thread_in_native, id=2316, stack(0x0000009ab0d00000,0x0000009ab0e00000) (1024K)]
  0x0000028e112c0680 JavaThread "Thread-9"                   daemon [_thread_in_native, id=13260, stack(0x0000009ab0e00000,0x0000009ab0f00000) (1024K)]
  0x0000028e112bc4e0 JavaThread "Thread-10"                  daemon [_thread_in_native, id=3688, stack(0x0000009ab0f00000,0x0000009ab1000000) (1024K)]
  0x0000028e112bf960 JavaThread "pool-2-thread-1"                   [_thread_blocked, id=16212, stack(0x0000009ab1000000,0x0000009ab1100000) (1024K)]
  0x0000028e112c0d10 JavaThread "WorkspaceEventsHandler"            [_thread_blocked, id=15248, stack(0x0000009ab1100000,0x0000009ab1200000) (1024K)]
  0x0000028e112bf2d0 JavaThread "pool-1-thread-1"                   [_thread_blocked, id=13308, stack(0x0000009ab1200000,0x0000009ab1300000) (1024K)]
  0x0000028e112bdf20 JavaThread "Worker-6"                          [_thread_blocked, id=12412, stack(0x0000009ab1300000,0x0000009ab1400000) (1024K)]
  0x0000028e112bcb70 JavaThread "Worker-7: Synchronize Gradle projects with workspace"        [_thread_blocked, id=15424, stack(0x0000009ab1400000,0x0000009ab1500000) (1024K)]
  0x0000028dc6487f90 JavaThread "C2 CompilerThread1"         daemon [_thread_blocked, id=15228, stack(0x0000009aadd00000,0x0000009aade00000) (1024K)]
  0x0000028e112c1a30 JavaThread "Timer-0"                           [_thread_blocked, id=5444, stack(0x0000009aaeb00000,0x0000009aaec00000) (1024K)]
  0x0000028e112bd890 JavaThread "Timer-1"                           [_thread_blocked, id=4040, stack(0x0000009aaed00000,0x0000009aaee00000) (1024K)]
  0x0000028dc6488d30 JavaThread "C2 CompilerThread2"         daemon [_thread_blocked, id=12604, stack(0x0000009aafb00000,0x0000009aafc00000) (1024K)]
  0x0000028e112bb7c0 JavaThread "LocalFile Deleter"          daemon [_thread_blocked, id=3896, stack(0x0000009ab1600000,0x0000009ab1700000) (1024K)]
  0x0000028e112c2de0 JavaThread "LocalFile Deleter"          daemon [_thread_blocked, id=16928, stack(0x0000009ab1700000,0x0000009ab1800000) (1024K)]
  0x0000028e112bbe50 JavaThread "LocalFile Deleter"          daemon [_thread_blocked, id=9552, stack(0x0000009ab1800000,0x0000009ab1900000) (1024K)]
  0x0000028e0e43d7f0 JavaThread "LocalFile Deleter"          daemon [_thread_blocked, id=4944, stack(0x0000009ab1900000,0x0000009ab1a00000) (1024K)]
  0x0000028e13249f20 JavaThread "LocalFile Deleter"          daemon [_thread_blocked, id=1300, stack(0x0000009ab1a00000,0x0000009ab1b00000) (1024K)]
  0x0000028e1324e0c0 JavaThread "LocalFile Deleter"          daemon [_thread_blocked, id=4032, stack(0x0000009ab1b00000,0x0000009ab1c00000) (1024K)]
  0x0000028e1324bff0 JavaThread "Compiler Source File Reader" daemon [_thread_blocked, id=15492, stack(0x0000009ab1c00000,0x0000009ab1d00000) (1024K)]
  0x0000028e1324ac40 JavaThread "Compiler Source File Reader" daemon [_thread_blocked, id=16484, stack(0x0000009ab1d00000,0x0000009ab1e00000) (1024K)]
  0x0000028e1324e750 JavaThread "Compiler Source File Reader" daemon [_thread_blocked, id=12008, stack(0x0000009ab1e00000,0x0000009ab1f00000) (1024K)]
  0x0000028e1324cd10 JavaThread "Compiler Source File Reader" daemon [_thread_blocked, id=13544, stack(0x0000009ab1f00000,0x0000009ab2000000) (1024K)]
  0x0000028e1324d3a0 JavaThread "Compiler Source File Reader" daemon [_thread_blocked, id=8388, stack(0x0000009ab2000000,0x0000009ab2100000) (1024K)]
  0x0000028e132484e0 JavaThread "Compiler Source File Reader" daemon [_thread_blocked, id=12452, stack(0x0000009ab2100000,0x0000009ab2200000) (1024K)]
  0x0000028e1324da30 JavaThread "Timer-2"                           [_thread_blocked, id=15788, stack(0x0000009ab1500000,0x0000009ab1600000) (1024K)]
  0x0000028e1324b2d0 JavaThread "Compiler Processing Task"   daemon [_thread_blocked, id=3744, stack(0x0000009ab2200000,0x0000009ab2300000) (1024K)]
  0x0000028e1324b960 JavaThread "Compiler Class File Writer" daemon [_thread_blocked, id=472, stack(0x0000009ab2300000,0x0000009ab2400000) (1024K)]
  0x0000028e1324ede0 JavaThread "Compiler Class File Writer" daemon [_thread_blocked, id=908, stack(0x0000009ab2400000,0x0000009ab2500000) (1024K)]
  0x0000028e13249890 JavaThread "Compiler Class File Writer" daemon [_thread_blocked, id=12980, stack(0x0000009ab2500000,0x0000009ab2600000) (1024K)]
  0x0000028e1324a5b0 JavaThread "Compiler Class File Writer" daemon [_thread_blocked, id=284, stack(0x0000009ab2600000,0x0000009ab2700000) (1024K)]
  0x0000028e1324c680 JavaThread "Compiler Class File Writer" daemon [_thread_blocked, id=2752, stack(0x0000009ab2700000,0x0000009ab2800000) (1024K)]
  0x0000028e13247e50 JavaThread "Compiler Class File Writer" daemon [_thread_blocked, id=16588, stack(0x0000009ab2800000,0x0000009ab2900000) (1024K)]
  0x0000028e1324f470 JavaThread "Timer-3"                           [_thread_blocked, id=9384, stack(0x0000009ab2900000,0x0000009ab2a00000) (1024K)]
  0x0000028e112bfff0 JavaThread "Timer-4"                           [_thread_blocked, id=15484, stack(0x0000009ab2a00000,0x0000009ab2b00000) (1024K)]
  0x0000028e12c41dc0 JavaThread "Connection worker"                 [_thread_in_native, id=11204, stack(0x0000009ab2b00000,0x0000009ab2c00000) (1024K)]
  0x0000028e12c3fcf0 JavaThread "pool-3-thread-1"                   [_thread_blocked, id=17080, stack(0x0000009ab2c00000,0x0000009ab2d00000) (1024K)]
Total: 68

Other Threads:
  0x0000028db218eae0 VMThread "VM Thread"                           [id=1860, stack(0x0000009aae100000,0x0000009aae200000) (1024K)]
  0x0000028db2180bc0 WatcherThread "VM Periodic Task Thread"        [id=17204, stack(0x0000009aae000000,0x0000009aae100000) (1024K)]
  0x0000028db20d6f20 WorkerThread "GC Thread#0"                     [id=13888, stack(0x0000009aadf00000,0x0000009aae000000) (1024K)]
  0x0000028e0da9b130 WorkerThread "GC Thread#1"                     [id=6684, stack(0x0000009aaee00000,0x0000009aaef00000) (1024K)]
  0x0000028e0dc96e20 WorkerThread "GC Thread#2"                     [id=16240, stack(0x0000009aaef00000,0x0000009aaf000000) (1024K)]
  0x0000028e0dc971c0 WorkerThread "GC Thread#3"                     [id=1892, stack(0x0000009aaf000000,0x0000009aaf100000) (1024K)]
  0x0000028e0da9b4d0 WorkerThread "GC Thread#4"                     [id=16148, stack(0x0000009aaf100000,0x0000009aaf200000) (1024K)]
  0x0000028e0da9b870 WorkerThread "GC Thread#5"                     [id=7520, stack(0x0000009aaf200000,0x0000009aaf300000) (1024K)]
  0x0000028e0da9bc10 WorkerThread "GC Thread#6"                     [id=4208, stack(0x0000009aaf300000,0x0000009aaf400000) (1024K)]
  0x0000028e0defa740 WorkerThread "GC Thread#7"                     [id=2244, stack(0x0000009aaf600000,0x0000009aaf700000) (1024K)]
Total: 10

Threads with active compile tasks:
C2 CompilerThread0  35979 8686   !   4       org.eclipse.osgi.internal.loader.classpath.ClasspathManager::findLocalResource (183 bytes)
C2 CompilerThread1  35979 8924       4       java.io.DataOutputStream::writeUTF (389 bytes)
C2 CompilerThread2  35979 8920       4       jdk.internal.reflect.ClassFileAssembler::emitConstantPoolUTF8 (50 bytes)
Total: 3

VM state: at safepoint (normal execution)

VM Mutex/Monitor currently owned by a thread:  ([mutex/lock_event])
[0x00007ffed063e308] Threads_lock - owner thread: 0x0000028db218eae0
[0x00007ffed063e408] Heap_lock - owner thread: 0x0000028e0e43d160

Heap address: 0x00000000c0000000, size: 1024 MB, Compressed Oops mode: 32-bit

CDS archive(s) mapped at: [0x0000028dc7000000-0x0000028dc7ba0000-0x0000028dc7ba0000), size 12189696, SharedBaseAddress: 0x0000028dc7000000, ArchiveRelocationMode: 1.
Compressed class space mapped at: 0x0000028dc8000000-0x0000028e08000000, reserved size: 1073741824
Narrow klass base: 0x0000028dc7000000, Narrow klass shift: 0, Narrow klass range: 0x100000000

GC Precious Log:
 CardTable entry size: 512
 CPUs: 8 total, 8 available
 Memory: 16107M
 Large Page Support: Disabled
 NUMA Support: Disabled
 Compressed Oops: Enabled (32-bit)
 Alignments: Space 512K, Generation 512K, Heap 2M
 Heap Min Capacity: 100M
 Heap Initial Capacity: 100M
 Heap Max Capacity: 1G
 Pre-touch: Disabled
 Parallel Workers: 8

Heap:
 PSYoungGen      total 5120K, used 5109K [0x00000000eab00000, 0x00000000eb300000, 0x0000000100000000)
  eden space 4096K, 100% used [0x00000000eab00000,0x00000000eaf00000,0x00000000eaf00000)
  from space 1024K, 98% used [0x00000000eaf00000,0x00000000eaffd468,0x00000000eb000000)
  to   space 2048K, 50% used [0x00000000eb100000,0x00000000eb204048,0x00000000eb300000)
 ParOldGen       total 287232K, used 287228K [0x00000000c0000000, 0x00000000d1880000, 0x00000000eab00000)
  object space 287232K, 99% used [0x00000000c0000000,0x00000000d187f0f0,0x00000000d1880000)
 Metaspace       used 71412K, committed 72896K, reserved 1114112K
  class space    used 8630K, committed 9280K, reserved 1048576K

Card table byte_map: [0x0000028db1aa0000,0x0000028db1cb0000] _byte_map_base: 0x0000028db14a0000

Marking Bits: (ParMarkBitMap*) 0x00007ffed06431f0
 Begin Bits: [0x0000028dc42c0000, 0x0000028dc52c0000)
 End Bits:   [0x0000028dc52c0000, 0x0000028dc62c0000)

Polling page: 0x0000028db1890000

Metaspace:

Usage:
  Non-class:     61.31 MB used.
      Class:      8.43 MB used.
       Both:     69.74 MB used.

Virtual space:
  Non-class space:       64.00 MB reserved,      62.12 MB ( 97%) committed,  1 nodes.
      Class space:        1.00 GB reserved,       9.06 MB ( <1%) committed,  1 nodes.
             Both:        1.06 GB reserved,      71.19 MB (  7%) committed. 

Chunk freelists:
   Non-Class:  1.68 MB
       Class:  6.94 MB
        Both:  8.62 MB

MaxMetaspaceSize: unlimited
CompressedClassSpaceSize: 1.00 GB
Initial GC threshold: 21.00 MB
Current GC threshold: 98.88 MB
CDS: on
 - commit_granule_bytes: 65536.
 - commit_granule_words: 8192.
 - virtual_space_node_default_size: 8388608.
 - enlarge_chunks_in_place: 1.
 - use_allocation_guard: 0.


Internal statistics:

num_allocs_failed_limit: 13.
num_arena_births: 1344.
num_arena_deaths: 18.
num_vsnodes_births: 2.
num_vsnodes_deaths: 0.
num_space_committed: 1139.
num_space_uncommitted: 0.
num_chunks_returned_to_freelist: 33.
num_chunks_taken_from_freelist: 4449.
num_chunk_merges: 17.
num_chunk_splits: 2923.
num_chunks_enlarged: 1859.
num_inconsistent_stats: 0.

CodeHeap 'non-profiled nmethods': size=120000Kb used=5891Kb max_used=5891Kb free=114108Kb
 bounds [0x0000028dbcd90000, 0x0000028dbd360000, 0x0000028dc42c0000]
CodeHeap 'profiled nmethods': size=120000Kb used=17053Kb max_used=17053Kb free=102946Kb
 bounds [0x0000028db52c0000, 0x0000028db6370000, 0x0000028dbc7f0000]
CodeHeap 'non-nmethods': size=5760Kb used=1453Kb max_used=1559Kb free=4306Kb
 bounds [0x0000028dbc7f0000, 0x0000028dbca60000, 0x0000028dbcd90000]
 total_blobs=8901 nmethods=8146 adapters=661
 compilation: enabled
              stopped_count=0, restarted_count=0
 full_count=0

Compilation events (20 events):
Event: 35.929 Thread 0x0000028dc6488d30 8906 %     4       sun.security.provider.SHA::implCompress0 @ 27 (478 bytes)
Event: 35.929 Thread 0x0000028dc6486b20 nmethod 8905 0x0000028db6360310 code [0x0000028db63604e0, 0x0000028db63607f0]
Event: 35.929 Thread 0x0000028dc6486b20 8904       3       java.lang.ClassValue$ClassValueMap::probeBackupLocations (151 bytes)
Event: 35.932 Thread 0x0000028dc6486b20 nmethod 8904 0x0000028db6360910 code [0x0000028db6360bc0, 0x0000028db6362028]
Event: 35.935 Thread 0x0000028dc6486b20 8907       1       java.lang.reflect.Proxy$ProxyBuilder$ProxyClassContext::packageName (5 bytes)
Event: 35.935 Thread 0x0000028dc6486b20 nmethod 8907 0x0000028dbd34c390 code [0x0000028dbd34c520, 0x0000028dbd34c5e8]
Event: 35.935 Thread 0x0000028dc6486b20 8908       1       java.lang.reflect.Proxy$ProxyBuilder$ProxyClassContext::module (5 bytes)
Event: 35.935 Thread 0x0000028dc6486b20 nmethod 8908 0x0000028dbd34c690 code [0x0000028dbd34c820, 0x0000028dbd34c8e8]
Event: 35.935 Thread 0x0000028dc6486b20 8910       3       java.lang.reflect.ProxyGenerator$ProxyMethod::codeFieldInitialization (159 bytes)
Event: 35.936 Thread 0x0000028dc6486b20 nmethod 8910 0x0000028db6362610 code [0x0000028db63628c0, 0x0000028db63633b0]
Event: 35.938 Thread 0x0000028dc6486b20 8911       3       java.lang.reflect.Constructor::setAccessible (21 bytes)
Event: 35.938 Thread 0x0000028dc6486b20 nmethod 8911 0x0000028db6363790 code [0x0000028db63639a0, 0x0000028db6363f68]
Event: 35.939 Thread 0x0000028dc6486b20 8912       3       java.lang.reflect.Constructor::checkCanSetAccessible (29 bytes)
Event: 35.939 Thread 0x0000028dc6486b20 nmethod 8912 0x0000028db6364190 code [0x0000028db6364360, 0x0000028db6364620]
Event: 35.939 Thread 0x0000028dc6486b20 8913       3       org.eclipse.core.runtime.SubMonitor::internalWorked (33 bytes)
Event: 35.940 Thread 0x0000028dc6486b20 nmethod 8913 0x0000028db6364790 code [0x0000028db63649a0, 0x0000028db6364dd0]
Event: 35.943 Thread 0x0000028dc6487f90 nmethod 8902 0x0000028dbd34c990 code [0x0000028dbd34cc00, 0x0000028dbd34d7b0]
Event: 35.944 Thread 0x0000028dc6487f90 8909       4       jdk.internal.org.objectweb.asm.Frame::push (109 bytes)
Event: 35.949 Thread 0x0000028dc6487f90 nmethod 8909 0x0000028dbd34e190 code [0x0000028dbd34e340, 0x0000028dbd34e830]
Event: 35.949 Thread 0x0000028dc6488d30 nmethod 8906% 0x0000028dbd34ea10 code [0x0000028dbd34ebc0, 0x0000028dbd34f4d8]

GC Heap History (20 events):
Event: 35.874 GC heap before
{Heap before GC invocations=209 (full 3):
 PSYoungGen      total 4096K, used 3870K [0x00000000eab00000, 0x00000000eb080000, 0x0000000100000000)
  eden space 3072K, 99% used [0x00000000eab00000,0x00000000eadff288,0x00000000eae00000)
  from space 1024K, 78% used [0x00000000eae00000,0x00000000eaec8698,0x00000000eaf00000)
  to   space 1024K, 0% used [0x00000000eaf80000,0x00000000eaf80000,0x00000000eb080000)
 ParOldGen       total 280576K, used 280306K [0x00000000c0000000, 0x00000000d1200000, 0x00000000eab00000)
  object space 280576K, 99% used [0x00000000c0000000,0x00000000d11bc9b8,0x00000000d1200000)
 Metaspace       used 71075K, committed 72576K, reserved 1114112K
  class space    used 8579K, committed 9216K, reserved 1048576K
}
Event: 35.876 GC heap after
{Heap after GC invocations=209 (full 3):
 PSYoungGen      total 4096K, used 700K [0x00000000eab00000, 0x00000000eb080000, 0x0000000100000000)
  eden space 3072K, 0% used [0x00000000eab00000,0x00000000eab00000,0x00000000eae00000)
  from space 1024K, 68% used [0x00000000eaf80000,0x00000000eb02f0c8,0x00000000eb080000)
  to   space 1024K, 0% used [0x00000000eae00000,0x00000000eae00000,0x00000000eaf00000)
 ParOldGen       total 281088K, used 280975K [0x00000000c0000000, 0x00000000d1280000, 0x00000000eab00000)
  object space 281088K, 99% used [0x00000000c0000000,0x00000000d1263d80,0x00000000d1280000)
 Metaspace       used 71075K, committed 72576K, reserved 1114112K
  class space    used 8579K, committed 9216K, reserved 1048576K
}
Event: 35.879 GC heap before
{Heap before GC invocations=210 (full 3):
 PSYoungGen      total 4096K, used 3772K [0x00000000eab00000, 0x00000000eb080000, 0x0000000100000000)
  eden space 3072K, 100% used [0x00000000eab00000,0x00000000eae00000,0x00000000eae00000)
  from space 1024K, 68% used [0x00000000eaf80000,0x00000000eb02f0c8,0x00000000eb080000)
  to   space 1024K, 0% used [0x00000000eae00000,0x00000000eae00000,0x00000000eaf00000)
 ParOldGen       total 281088K, used 280975K [0x00000000c0000000, 0x00000000d1280000, 0x00000000eab00000)
  object space 281088K, 99% used [0x00000000c0000000,0x00000000d1263d80,0x00000000d1280000)
 Metaspace       used 71130K, committed 72576K, reserved 1114112K
  class space    used 8585K, committed 9216K, reserved 1048576K
}
Event: 35.880 GC heap after
{Heap after GC invocations=210 (full 3):
 PSYoungGen      total 4096K, used 836K [0x00000000eab00000, 0x00000000eb100000, 0x0000000100000000)
  eden space 3072K, 0% used [0x00000000eab00000,0x00000000eab00000,0x00000000eae00000)
  from space 1024K, 81% used [0x00000000eae00000,0x00000000eaed1118,0x00000000eaf00000)
  to   space 1024K, 0% used [0x00000000eb000000,0x00000000eb000000,0x00000000eb100000)
 ParOldGen       total 281600K, used 281588K [0x00000000c0000000, 0x00000000d1300000, 0x00000000eab00000)
  object space 281600K, 99% used [0x00000000c0000000,0x00000000d12fd268,0x00000000d1300000)
 Metaspace       used 71130K, committed 72576K, reserved 1114112K
  class space    used 8585K, committed 9216K, reserved 1048576K
}
Event: 35.885 GC heap before
{Heap before GC invocations=211 (full 3):
 PSYoungGen      total 4096K, used 3908K [0x00000000eab00000, 0x00000000eb100000, 0x0000000100000000)
  eden space 3072K, 100% used [0x00000000eab00000,0x00000000eae00000,0x00000000eae00000)
  from space 1024K, 81% used [0x00000000eae00000,0x00000000eaed1118,0x00000000eaf00000)
  to   space 1024K, 0% used [0x00000000eb000000,0x00000000eb000000,0x00000000eb100000)
 ParOldGen       total 281600K, used 281588K [0x00000000c0000000, 0x00000000d1300000, 0x00000000eab00000)
  object space 281600K, 99% used [0x00000000c0000000,0x00000000d12fd268,0x00000000d1300000)
 Metaspace       used 71195K, committed 72704K, reserved 1114112K
  class space    used 8593K, committed 9280K, reserved 1048576K
}
Event: 35.886 GC heap after
{Heap after GC invocations=211 (full 3):
 PSYoungGen      total 4096K, used 721K [0x00000000eab00000, 0x00000000eb100000, 0x0000000100000000)
  eden space 3072K, 0% used [0x00000000eab00000,0x00000000eab00000,0x00000000eae00000)
  from space 1024K, 70% used [0x00000000eb000000,0x00000000eb0b4750,0x00000000eb100000)
  to   space 1024K, 0% used [0x00000000eae00000,0x00000000eae00000,0x00000000eaf00000)
 ParOldGen       total 282624K, used 282253K [0x00000000c0000000, 0x00000000d1400000, 0x00000000eab00000)
  object space 282624K, 99% used [0x00000000c0000000,0x00000000d13a3430,0x00000000d1400000)
 Metaspace       used 71195K, committed 72704K, reserved 1114112K
  class space    used 8593K, committed 9280K, reserved 1048576K
}
Event: 35.890 GC heap before
{Heap before GC invocations=212 (full 3):
 PSYoungGen      total 4096K, used 3793K [0x00000000eab00000, 0x00000000eb100000, 0x0000000100000000)
  eden space 3072K, 100% used [0x00000000eab00000,0x00000000eae00000,0x00000000eae00000)
  from space 1024K, 70% used [0x00000000eb000000,0x00000000eb0b4750,0x00000000eb100000)
  to   space 1024K, 0% used [0x00000000eae00000,0x00000000eae00000,0x00000000eaf00000)
 ParOldGen       total 282624K, used 282253K [0x00000000c0000000, 0x00000000d1400000, 0x00000000eab00000)
  object space 282624K, 99% used [0x00000000c0000000,0x00000000d13a3430,0x00000000d1400000)
 Metaspace       used 71234K, committed 72768K, reserved 1114112K
  class space    used 8601K, committed 9280K, reserved 1048576K
}
Event: 35.891 GC heap after
{Heap after GC invocations=212 (full 3):
 PSYoungGen      total 4096K, used 753K [0x00000000eab00000, 0x00000000eb080000, 0x0000000100000000)
  eden space 3072K, 0% used [0x00000000eab00000,0x00000000eab00000,0x00000000eae00000)
  from space 1024K, 73% used [0x00000000eae00000,0x00000000eaebc610,0x00000000eaf00000)
  to   space 1024K, 0% used [0x00000000eaf80000,0x00000000eaf80000,0x00000000eb080000)
 ParOldGen       total 283136K, used 282830K [0x00000000c0000000, 0x00000000d1480000, 0x00000000eab00000)
  object space 283136K, 99% used [0x00000000c0000000,0x00000000d1433858,0x00000000d1480000)
 Metaspace       used 71234K, committed 72768K, reserved 1114112K
  class space    used 8601K, committed 9280K, reserved 1048576K
}
Event: 35.897 GC heap before
{Heap before GC invocations=213 (full 3):
 PSYoungGen      total 4096K, used 3825K [0x00000000eab00000, 0x00000000eb080000, 0x0000000100000000)
  eden space 3072K, 99% used [0x00000000eab00000,0x00000000eadfff60,0x00000000eae00000)
  from space 1024K, 73% used [0x00000000eae00000,0x00000000eaebc610,0x00000000eaf00000)
  to   space 1024K, 0% used [0x00000000eaf80000,0x00000000eaf80000,0x00000000eb080000)
 ParOldGen       total 283136K, used 282830K [0x00000000c0000000, 0x00000000d1480000, 0x00000000eab00000)
  object space 283136K, 99% used [0x00000000c0000000,0x00000000d1433858,0x00000000d1480000)
 Metaspace       used 71281K, committed 72768K, reserved 1114112K
  class space    used 8610K, committed 9280K, reserved 1048576K
}
Event: 35.899 GC heap after
{Heap after GC invocations=213 (full 3):
 PSYoungGen      total 4096K, used 817K [0x00000000eab00000, 0x00000000eb080000, 0x0000000100000000)
  eden space 3072K, 0% used [0x00000000eab00000,0x00000000eab00000,0x00000000eae00000)
  from space 1024K, 79% used [0x00000000eaf80000,0x00000000eb04c740,0x00000000eb080000)
  to   space 1024K, 0% used [0x00000000eae00000,0x00000000eae00000,0x00000000eaf00000)
 ParOldGen       total 283648K, used 283443K [0x00000000c0000000, 0x00000000d1500000, 0x00000000eab00000)
  object space 283648K, 99% used [0x00000000c0000000,0x00000000d14ccfa0,0x00000000d1500000)
 Metaspace       used 71281K, committed 72768K, reserved 1114112K
  class space    used 8610K, committed 9280K, reserved 1048576K
}
Event: 35.904 GC heap before
{Heap before GC invocations=214 (full 3):
 PSYoungGen      total 4096K, used 3889K [0x00000000eab00000, 0x00000000eb080000, 0x0000000100000000)
  eden space 3072K, 100% used [0x00000000eab00000,0x00000000eae00000,0x00000000eae00000)
  from space 1024K, 79% used [0x00000000eaf80000,0x00000000eb04c740,0x00000000eb080000)
  to   space 1024K, 0% used [0x00000000eae00000,0x00000000eae00000,0x00000000eaf00000)
 ParOldGen       total 283648K, used 283443K [0x00000000c0000000, 0x00000000d1500000, 0x00000000eab00000)
  object space 283648K, 99% used [0x00000000c0000000,0x00000000d14ccfa0,0x00000000d1500000)
 Metaspace       used 71307K, committed 72832K, reserved 1114112K
  class space    used 8612K, committed 9280K, reserved 1048576K
}
Event: 35.906 GC heap after
{Heap after GC invocations=214 (full 3):
 PSYoungGen      total 4096K, used 910K [0x00000000eab00000, 0x00000000eb000000, 0x0000000100000000)
  eden space 3072K, 0% used [0x00000000eab00000,0x00000000eab00000,0x00000000eae00000)
  from space 1024K, 88% used [0x00000000eae00000,0x00000000eaee3ae0,0x00000000eaf00000)
  to   space 1024K, 0% used [0x00000000eaf00000,0x00000000eaf00000,0x00000000eb000000)
 ParOldGen       total 284160K, used 284102K [0x00000000c0000000, 0x00000000d1580000, 0x00000000eab00000)
  object space 284160K, 99% used [0x00000000c0000000,0x00000000d15719a8,0x00000000d1580000)
 Metaspace       used 71307K, committed 72832K, reserved 1114112K
  class space    used 8612K, committed 9280K, reserved 1048576K
}
Event: 35.912 GC heap before
{Heap before GC invocations=215 (full 3):
 PSYoungGen      total 4096K, used 3982K [0x00000000eab00000, 0x00000000eb000000, 0x0000000100000000)
  eden space 3072K, 100% used [0x00000000eab00000,0x00000000eae00000,0x00000000eae00000)
  from space 1024K, 88% used [0x00000000eae00000,0x00000000eaee3ae0,0x00000000eaf00000)
  to   space 1024K, 0% used [0x00000000eaf00000,0x00000000eaf00000,0x00000000eb000000)
 ParOldGen       total 284160K, used 284102K [0x00000000c0000000, 0x00000000d1580000, 0x00000000eab00000)
  object space 284160K, 99% used [0x00000000c0000000,0x00000000d15719a8,0x00000000d1580000)
 Metaspace       used 71316K, committed 72832K, reserved 1114112K
  class space    used 8613K, committed 9280K, reserved 1048576K
}
Event: 35.913 GC heap after
{Heap after GC invocations=215 (full 3):
 PSYoungGen      total 4096K, used 856K [0x00000000eab00000, 0x00000000eb000000, 0x0000000100000000)
  eden space 3072K, 0% used [0x00000000eab00000,0x00000000eab00000,0x00000000eae00000)
  from space 1024K, 83% used [0x00000000eaf00000,0x00000000eafd62d0,0x00000000eb000000)
  to   space 1024K, 0% used [0x00000000eae00000,0x00000000eae00000,0x00000000eaf00000)
 ParOldGen       total 285184K, used 284907K [0x00000000c0000000, 0x00000000d1680000, 0x00000000eab00000)
  object space 285184K, 99% used [0x00000000c0000000,0x00000000d163ae48,0x00000000d1680000)
 Metaspace       used 71316K, committed 72832K, reserved 1114112K
  class space    used 8613K, committed 9280K, reserved 1048576K
}
Event: 35.920 GC heap before
{Heap before GC invocations=216 (full 3):
 PSYoungGen      total 4096K, used 3928K [0x00000000eab00000, 0x00000000eb000000, 0x0000000100000000)
  eden space 3072K, 100% used [0x00000000eab00000,0x00000000eae00000,0x00000000eae00000)
  from space 1024K, 83% used [0x00000000eaf00000,0x00000000eafd62d0,0x00000000eb000000)
  to   space 1024K, 0% used [0x00000000eae00000,0x00000000eae00000,0x00000000eaf00000)
 ParOldGen       total 285184K, used 284907K [0x00000000c0000000, 0x00000000d1680000, 0x00000000eab00000)
  object space 285184K, 99% used [0x00000000c0000000,0x00000000d163ae48,0x00000000d1680000)
 Metaspace       used 71342K, committed 72832K, reserved 1114112K
  class space    used 8619K, committed 9280K, reserved 1048576K
}
Event: 35.922 GC heap after
{Heap after GC invocations=216 (full 3):
 PSYoungGen      total 4096K, used 768K [0x00000000eab00000, 0x00000000eb100000, 0x0000000100000000)
  eden space 3072K, 0% used [0x00000000eab00000,0x00000000eab00000,0x00000000eae00000)
  from space 1024K, 75% used [0x00000000eae00000,0x00000000eaec03e0,0x00000000eaf00000)
  to   space 1024K, 0% used [0x00000000eb000000,0x00000000eb000000,0x00000000eb100000)
 ParOldGen       total 285696K, used 285650K [0x00000000c0000000, 0x00000000d1700000, 0x00000000eab00000)
  object space 285696K, 99% used [0x00000000c0000000,0x00000000d16f4870,0x00000000d1700000)
 Metaspace       used 71342K, committed 72832K, reserved 1114112K
  class space    used 8619K, committed 9280K, reserved 1048576K
}
Event: 35.930 GC heap before
{Heap before GC invocations=217 (full 3):
 PSYoungGen      total 4096K, used 3840K [0x00000000eab00000, 0x00000000eb100000, 0x0000000100000000)
  eden space 3072K, 100% used [0x00000000eab00000,0x00000000eae00000,0x00000000eae00000)
  from space 1024K, 75% used [0x00000000eae00000,0x00000000eaec03e0,0x00000000eaf00000)
  to   space 1024K, 0% used [0x00000000eb000000,0x00000000eb000000,0x00000000eb100000)
 ParOldGen       total 285696K, used 285650K [0x00000000c0000000, 0x00000000d1700000, 0x00000000eab00000)
  object space 285696K, 99% used [0x00000000c0000000,0x00000000d16f4870,0x00000000d1700000)
 Metaspace       used 71375K, committed 72832K, reserved 1114112K
  class space    used 8625K, committed 9280K, reserved 1048576K
}
Event: 35.932 GC heap after
{Heap after GC invocations=217 (full 3):
 PSYoungGen      total 5120K, used 768K [0x00000000eab00000, 0x00000000eb100000, 0x0000000100000000)
  eden space 4096K, 0% used [0x00000000eab00000,0x00000000eab00000,0x00000000eaf00000)
  from space 1024K, 75% used [0x00000000eb000000,0x00000000eb0c0000,0x00000000eb100000)
  to   space 1024K, 0% used [0x00000000eaf00000,0x00000000eaf00000,0x00000000eb000000)
 ParOldGen       total 286720K, used 286335K [0x00000000c0000000, 0x00000000d1800000, 0x00000000eab00000)
  object space 286720K, 99% used [0x00000000c0000000,0x00000000d179fc38,0x00000000d1800000)
 Metaspace       used 71375K, committed 72832K, reserved 1114112K
  class space    used 8625K, committed 9280K, reserved 1048576K
}
Event: 35.946 GC heap before
{Heap before GC invocations=218 (full 3):
 PSYoungGen      total 5120K, used 4864K [0x00000000eab00000, 0x00000000eb100000, 0x0000000100000000)
  eden space 4096K, 100% used [0x00000000eab00000,0x00000000eaf00000,0x00000000eaf00000)
  from space 1024K, 75% used [0x00000000eb000000,0x00000000eb0c0000,0x00000000eb100000)
  to   space 1024K, 0% used [0x00000000eaf00000,0x00000000eaf00000,0x00000000eb000000)
 ParOldGen       total 286720K, used 286335K [0x00000000c0000000, 0x00000000d1800000, 0x00000000eab00000)
  object space 286720K, 99% used [0x00000000c0000000,0x00000000d179fc38,0x00000000d1800000)
 Metaspace       used 71388K, committed 72832K, reserved 1114112K
  class space    used 8626K, committed 9280K, reserved 1048576K
}
Event: 35.948 GC heap after
{Heap after GC invocations=218 (full 3):
 PSYoungGen      total 5120K, used 1013K [0x00000000eab00000, 0x00000000eb300000, 0x0000000100000000)
  eden space 4096K, 0% used [0x00000000eab00000,0x00000000eab00000,0x00000000eaf00000)
  from space 1024K, 98% used [0x00000000eaf00000,0x00000000eaffd468,0x00000000eb000000)
  to   space 2048K, 0% used [0x00000000eb100000,0x00000000eb100000,0x00000000eb300000)
 ParOldGen       total 287232K, used 287031K [0x00000000c0000000, 0x00000000d1880000, 0x00000000eab00000)
  object space 287232K, 99% used [0x00000000c0000000,0x00000000d184df58,0x00000000d1880000)
 Metaspace       used 71388K, committed 72832K, reserved 1114112K
  class space    used 8626K, committed 9280K, reserved 1048576K
}

Dll operation events (15 events):
Event: 0.006 Loaded shared library c:\Users\student\.vscode\extensions\redhat.java-1.42.0-win32-x64\jre\21.0.7-win32-x86_64\bin\java.dll
Event: 0.024 Loaded shared library c:\Users\student\.vscode\extensions\redhat.java-1.42.0-win32-x64\jre\21.0.7-win32-x86_64\bin\zip.dll
Event: 0.064 Loaded shared library C:\Users\student\.vscode\extensions\redhat.java-1.42.0-win32-x64\jre\21.0.7-win32-x86_64\bin\instrument.dll
Event: 0.067 Loaded shared library C:\Users\student\.vscode\extensions\redhat.java-1.42.0-win32-x64\jre\21.0.7-win32-x86_64\bin\net.dll
Event: 0.068 Loaded shared library C:\Users\student\.vscode\extensions\redhat.java-1.42.0-win32-x64\jre\21.0.7-win32-x86_64\bin\nio.dll
Event: 0.070 Loaded shared library C:\Users\student\.vscode\extensions\redhat.java-1.42.0-win32-x64\jre\21.0.7-win32-x86_64\bin\zip.dll
Event: 0.080 Loaded shared library C:\Users\student\.vscode\extensions\redhat.java-1.42.0-win32-x64\jre\21.0.7-win32-x86_64\bin\jimage.dll
Event: 0.118 Loaded shared library c:\Users\student\.vscode\extensions\redhat.java-1.42.0-win32-x64\jre\21.0.7-win32-x86_64\bin\verify.dll
Event: 0.805 Loaded shared library C:\Users\student\AppData\Roaming\Code\User\globalStorage\redhat.java\1.42.0\config_win\org.eclipse.equinox.launcher\org.eclipse.equinox.launcher.win32.win32.x86_64_1.2.1300.v20250331-1702\eclipse_11911.dll
Event: 1.668 Loaded shared library C:\Users\student\AppData\Local\Temp\jna--1879145925\jna15684240308412182915.dll
Event: 32.496 Loaded shared library C:\Users\student\.vscode\extensions\redhat.java-1.42.0-win32-x64\jre\21.0.7-win32-x86_64\bin\management.dll
Event: 32.499 Loaded shared library C:\Users\student\.vscode\extensions\redhat.java-1.42.0-win32-x64\jre\21.0.7-win32-x86_64\bin\management_ext.dll
Event: 32.893 Loaded shared library C:\Users\student\.gradle\native\1def1411415f61bf3af743bc5b6707747c0891f09f0c88961ee8f79bc544acac\windows-amd64\native-platform.dll
Event: 35.658 Loaded shared library C:\Users\student\.vscode\extensions\redhat.java-1.42.0-win32-x64\jre\21.0.7-win32-x86_64\bin\extnet.dll
Event: 35.863 Loaded shared library C:\Users\student\.vscode\extensions\redhat.java-1.42.0-win32-x64\jre\21.0.7-win32-x86_64\bin\sunmscapi.dll

Deoptimization events (20 events):
Event: 35.913 Thread 0x0000028e12c41dc0 Uncommon trap: trap_request=0xffffffde fr.pc=0x0000028dbd2bec80 relative=0x0000000000000320
Event: 35.913 Thread 0x0000028e12c41dc0 Uncommon trap: reason=class_check action=maybe_recompile pc=0x0000028dbd2bec80 method=java.nio.ByteBuffer.getArray(I[BII)Ljava/nio/ByteBuffer; @ 49 c2
Event: 35.913 Thread 0x0000028e12c41dc0 DEOPT PACKING pc=0x0000028dbd2bec80 sp=0x0000009ab2bfe060
Event: 35.913 Thread 0x0000028e12c41dc0 DEOPT UNPACKING pc=0x0000028dbc846da2 sp=0x0000009ab2bfdf88 mode 2
Event: 35.923 Thread 0x0000028e12c41dc0 Uncommon trap: trap_request=0xffffffde fr.pc=0x0000028dbd2bec80 relative=0x0000000000000320
Event: 35.923 Thread 0x0000028e12c41dc0 Uncommon trap: reason=class_check action=maybe_recompile pc=0x0000028dbd2bec80 method=java.nio.ByteBuffer.getArray(I[BII)Ljava/nio/ByteBuffer; @ 49 c2
Event: 35.923 Thread 0x0000028e12c41dc0 DEOPT PACKING pc=0x0000028dbd2bec80 sp=0x0000009ab2bfdfa0
Event: 35.923 Thread 0x0000028e12c41dc0 DEOPT UNPACKING pc=0x0000028dbc846da2 sp=0x0000009ab2bfdec8 mode 2
Event: 35.938 Thread 0x0000028e12c41dc0 Uncommon trap: trap_request=0xffffffde fr.pc=0x0000028dbd2bec80 relative=0x0000000000000320
Event: 35.938 Thread 0x0000028e12c41dc0 Uncommon trap: reason=class_check action=maybe_recompile pc=0x0000028dbd2bec80 method=java.nio.ByteBuffer.getArray(I[BII)Ljava/nio/ByteBuffer; @ 49 c2
Event: 35.938 Thread 0x0000028e12c41dc0 DEOPT PACKING pc=0x0000028dbd2bec80 sp=0x0000009ab2bfdfa0
Event: 35.938 Thread 0x0000028e12c41dc0 DEOPT UNPACKING pc=0x0000028dbc846da2 sp=0x0000009ab2bfdec8 mode 2
Event: 35.942 Thread 0x0000028e12c41dc0 Uncommon trap: trap_request=0xffffffde fr.pc=0x0000028dbd2bec80 relative=0x0000000000000320
Event: 35.942 Thread 0x0000028e12c41dc0 Uncommon trap: reason=class_check action=maybe_recompile pc=0x0000028dbd2bec80 method=java.nio.ByteBuffer.getArray(I[BII)Ljava/nio/ByteBuffer; @ 49 c2
Event: 35.942 Thread 0x0000028e12c41dc0 DEOPT PACKING pc=0x0000028dbd2bec80 sp=0x0000009ab2bfdfa0
Event: 35.943 Thread 0x0000028e12c41dc0 DEOPT UNPACKING pc=0x0000028dbc846da2 sp=0x0000009ab2bfdec8 mode 2
Event: 35.952 Thread 0x0000028e12c41dc0 Uncommon trap: trap_request=0xffffffde fr.pc=0x0000028dbd2a83b8 relative=0x0000000000000278
Event: 35.952 Thread 0x0000028e12c41dc0 Uncommon trap: reason=class_check action=maybe_recompile pc=0x0000028dbd2a83b8 method=java.nio.ByteBuffer.getArray(I[BII)Ljava/nio/ByteBuffer; @ 49 c2
Event: 35.952 Thread 0x0000028e12c41dc0 DEOPT PACKING pc=0x0000028dbd2a83b8 sp=0x0000009ab2bfdf30
Event: 35.952 Thread 0x0000028e12c41dc0 DEOPT UNPACKING pc=0x0000028dbc846da2 sp=0x0000009ab2bfded0 mode 2

Classes loaded (20 events):
Event: 35.874 Loading class java/nio/channels/spi/AbstractSelectionKey done
Event: 35.874 Loading class sun/nio/ch/SelectionKeyImpl done
Event: 35.874 Loading class java/lang/invoke/ConstantBootstraps
Event: 35.876 Loading class java/lang/invoke/ConstantBootstraps done
Event: 35.894 Loading class java/io/ObjectStreamClass$1
Event: 35.894 Loading class java/io/ObjectStreamClass$1 done
Event: 35.894 Loading class java/io/ObjectStreamClass$MemberSignature
Event: 35.894 Loading class java/io/ObjectStreamClass$MemberSignature done
Event: 35.894 Loading class java/io/ObjectStreamClass$3
Event: 35.894 Loading class java/io/ObjectStreamClass$3 done
Event: 35.895 Loading class java/io/ObjectStreamClass$4
Event: 35.895 Loading class java/io/ObjectStreamClass$4 done
Event: 35.895 Loading class java/io/ObjectStreamClass$5
Event: 35.895 Loading class java/io/ObjectStreamClass$5 done
Event: 35.902 Loading class java/nio/channels/spi/AbstractSelector$1
Event: 35.902 Loading class java/nio/channels/spi/AbstractSelector$1 done
Event: 35.914 Loading class java/util/concurrent/Executors$AutoShutdownDelegatedExecutorService
Event: 35.915 Loading class java/util/concurrent/Executors$AutoShutdownDelegatedExecutorService done
Event: 35.923 Loading class java/lang/UnsupportedClassVersionError
Event: 35.923 Loading class java/lang/UnsupportedClassVersionError done

Classes unloaded (9 events):
Event: 2.001 Thread 0x0000028db218eae0 Unloading class 0x0000028dc81a4000 'java/lang/invoke/LambdaForm$MH+0x0000028dc81a4000'
Event: 2.001 Thread 0x0000028db218eae0 Unloading class 0x0000028dc81a3c00 'java/lang/invoke/LambdaForm$MH+0x0000028dc81a3c00'
Event: 2.001 Thread 0x0000028db218eae0 Unloading class 0x0000028dc81a3800 'java/lang/invoke/LambdaForm$MH+0x0000028dc81a3800'
Event: 2.001 Thread 0x0000028db218eae0 Unloading class 0x0000028dc81a3400 'java/lang/invoke/LambdaForm$MH+0x0000028dc81a3400'
Event: 2.001 Thread 0x0000028db218eae0 Unloading class 0x0000028dc81a3000 'java/lang/invoke/LambdaForm$BMH+0x0000028dc81a3000'
Event: 2.001 Thread 0x0000028db218eae0 Unloading class 0x0000028dc81a2c00 'java/lang/invoke/LambdaForm$DMH+0x0000028dc81a2c00'
Event: 2.001 Thread 0x0000028db218eae0 Unloading class 0x0000028dc81a1c00 'java/lang/invoke/LambdaForm$DMH+0x0000028dc81a1c00'
Event: 3.116 Thread 0x0000028db218eae0 Unloading class 0x0000028dc83cf800 'java/lang/invoke/LambdaForm$MH+0x0000028dc83cf800'
Event: 3.116 Thread 0x0000028db218eae0 Unloading class 0x0000028dc83ce800 'java/lang/invoke/LambdaForm$MH+0x0000028dc83ce800'

Classes redefined (0 events):
No events

Internal exceptions (20 events):
Event: 35.739 Thread 0x0000028e12c41dc0 Exception <a 'java/lang/NoSuchMethodError'{0x00000000ead07dd8}: 'java.lang.Object java.lang.invoke.DirectMethodHandle$Holder.invokeStatic(java.lang.Object, java.lang.Object, java.lang.Object, java.lang.Object, java.lang.Object, java.lang.Object, java.lang.Object, java.lang.Object, java.lang.Object, java.lang.Object, java.lang.Object, java.lang.Object, java.lang.Object, java.lang.Object, java.lang.Object, java.lang.Object, java.lang.Object, java.lang.Object, java.lang.Object, java.lang.Object, java.lang.Obj
Event: 35.740 Thread 0x0000028e12c41dc0 Exception <a 'java/lang/NoSuchMethodError'{0x00000000eadd3f58}: 'java.lang.Object java.lang.invoke.DirectMethodHandle$Holder.invokeStatic(java.lang.Object, java.lang.Object, java.lang.Object, java.lang.Object, java.lang.Object, java.lang.Object, java.lang.Object, java.lang.Object, java.lang.Object, java.lang.Object, java.lang.Object, java.lang.Object, java.lang.Object, java.lang.Object, java.lang.Object, java.lang.Object, java.lang.Object, java.lang.Object, java.lang.Object, java.lang.Object, java.lang.Obj
Event: 35.744 Thread 0x0000028e12c41dc0 Exception <a 'java/lang/NoSuchMethodError'{0x00000000eaba4e68}: 'java.lang.Object java.lang.invoke.DirectMethodHandle$Holder.invokeStatic(java.lang.Object, java.lang.Object, java.lang.Object, java.lang.Object, java.lang.Object, java.lang.Object, java.lang.Object, java.lang.Object, java.lang.Object, java.lang.Object, java.lang.Object, java.lang.Object, java.lang.Object, java.lang.Object, java.lang.Object, java.lang.Object, java.lang.Object, java.lang.Object, java.lang.Object, java.lang.Object, java.lang.Obj
Event: 35.746 Thread 0x0000028e12c41dc0 Exception <a 'java/lang/NoSuchMethodError'{0x00000000eac726b8}: 'java.lang.Object java.lang.invoke.DirectMethodHandle$Holder.invokeSpecial(java.lang.Object, java.lang.Object, java.lang.Object, java.lang.Object, java.lang.Object, java.lang.Object, java.lang.Object, java.lang.Object, java.lang.Object, java.lang.Object, java.lang.Object, java.lang.Object, java.lang.Object, java.lang.Object, java.lang.Object, java.lang.Object, java.lang.Object, java.lang.Object, java.lang.Object, java.lang.Object, java.lang.Ob
Event: 35.747 Thread 0x0000028e12c41dc0 Exception <a 'java/lang/NoSuchMethodError'{0x00000000eacc1e48}: 'java.lang.Object java.lang.invoke.DirectMethodHandle$Holder.newInvokeSpecial(java.lang.Object, java.lang.Object, java.lang.Object, java.lang.Object, java.lang.Object, java.lang.Object, java.lang.Object, java.lang.Object, java.lang.Object, java.lang.Object, java.lang.Object, java.lang.Object, java.lang.Object, java.lang.Object, java.lang.Object, java.lang.Object, java.lang.Object, java.lang.Object, java.lang.Object, java.lang.Object, java.lang
Event: 35.748 Thread 0x0000028e12c41dc0 Exception <a 'java/lang/NoSuchMethodError'{0x00000000ead041e8}: 'java.lang.Object java.lang.invoke.Invokers$Holder.linkToTargetMethod(java.lang.Object, java.lang.Object, java.lang.Object, java.lang.Object, java.lang.Object, java.lang.Object, java.lang.Object, java.lang.Object, java.lang.Object, java.lang.Object, java.lang.Object, java.lang.Object, java.lang.Object, java.lang.Object, java.lang.Object, java.lang.Object, java.lang.Object, java.lang.Object, java.lang.Object, java.lang.Object, java.lang.Object,
Event: 35.748 Thread 0x0000028e12c41dc0 Exception <a 'java/lang/NoSuchMethodError'{0x00000000ead38760}: 'java.lang.Object java.lang.invoke.DirectMethodHandle$Holder.invokeVirtual(java.lang.Object, java.lang.Object, java.lang.Object, java.lang.Object, java.lang.Object, java.lang.Object, java.lang.Object, java.lang.Object, java.lang.Object, java.lang.Object)'> (0x00000000ead38760) 
thrown [s\src\hotspot\share\interpreter\linkResolver.cpp, line 773]
Event: 35.768 Thread 0x0000028e12c41dc0 Exception <a 'java/lang/NoSuchMethodError'{0x00000000eabfdf20}: 'java.lang.Object java.lang.invoke.DirectMethodHandle$Holder.invokeVirtual(java.lang.Object, java.lang.Object, java.lang.Object, java.lang.Object, java.lang.Object, java.lang.Object, java.lang.Object, java.lang.Object, java.lang.Object)'> (0x00000000eabfdf20) 
thrown [s\src\hotspot\share\interpreter\linkResolver.cpp, line 773]
Event: 35.790 Thread 0x0000028e12c41dc0 Exception <a 'java/lang/NoSuchMethodError'{0x00000000eab51c00}: 'java.lang.Object java.lang.invoke.DirectMethodHandle$Holder.invokeVirtual(java.lang.Object, java.lang.Object, java.lang.Object, java.lang.Object, java.lang.Object, java.lang.Object, java.lang.Object, java.lang.Object)'> (0x00000000eab51c00) 
thrown [s\src\hotspot\share\interpreter\linkResolver.cpp, line 773]
Event: 35.797 Thread 0x0000028e12c41dc0 Exception <a 'java/lang/NoSuchMethodError'{0x00000000eab3e2c8}: 'long java.lang.invoke.DirectMethodHandle$Holder.invokeVirtual(java.lang.Object, java.lang.Object)'> (0x00000000eab3e2c8) 
thrown [s\src\hotspot\share\interpreter\linkResolver.cpp, line 773]
Event: 35.797 Thread 0x0000028e12c41dc0 Exception <a 'java/lang/NoSuchMethodError'{0x00000000eab87ba8}: 'long java.lang.invoke.DelegatingMethodHandle$Holder.reinvoke_L(java.lang.Object, java.lang.Object)'> (0x00000000eab87ba8) 
thrown [s\src\hotspot\share\interpreter\linkResolver.cpp, line 773]
Event: 35.895 Thread 0x0000028e12c41dc0 Exception <a 'java/lang/NoSuchMethodError'{0x00000000eac2cb58}: static Lorg/gradle/tooling/internal/provider/serialization/ClassLoaderDetails;.<clinit>()V> (0x00000000eac2cb58) 
thrown [s\src\hotspot\share\prims\jni.cpp, line 1111]
Event: 35.895 Thread 0x0000028e12c41dc0 Exception <a 'java/lang/NoSuchMethodError'{0x00000000eacb9a08}: static Lorg/gradle/tooling/internal/provider/serialization/WellKnownClassLoaderRegistry$KnownClassLoaderSpec;.<clinit>()V> (0x00000000eacb9a08) 
thrown [s\src\hotspot\share\prims\jni.cpp, line 1111]
Event: 35.896 Thread 0x0000028e12c41dc0 Exception <a 'java/lang/NoSuchMethodError'{0x00000000eacc8858}: static Lorg/gradle/internal/classloader/ClassLoaderSpec;.<clinit>()V> (0x00000000eacc8858) 
thrown [s\src\hotspot\share\prims\jni.cpp, line 1111]
Event: 35.896 Thread 0x0000028e12c41dc0 Exception <a 'java/lang/NoSuchMethodError'{0x00000000ead43de0}: static Lorg/gradle/tooling/internal/provider/serialization/ClientOwnedClassLoaderSpec;.<clinit>()V> (0x00000000ead43de0) 
thrown [s\src\hotspot\share\prims\jni.cpp, line 1111]
Event: 35.900 Thread 0x0000028e12c41dc0 Exception <a 'java/lang/NoSuchMethodError'{0x00000000eac26848}: static [Ljava/lang/Object;.<clinit>()V> (0x00000000eac26848) 
thrown [s\src\hotspot\share\prims\jni.cpp, line 1111]
Event: 35.926 Thread 0x0000028e12c41dc0 Exception <a 'java/lang/NoSuchMethodError'{0x00000000eac7f150}: static Lorg/gradle/internal/build/event/types/AbstractProgressEvent;.<clinit>()V> (0x00000000eac7f150) 
thrown [s\src\hotspot\share\prims\jni.cpp, line 1111]
Event: 35.927 Thread 0x0000028e12c41dc0 Exception <a 'java/lang/NoSuchMethodError'{0x00000000eacca088}: static Lorg/gradle/internal/build/event/types/DefaultOperationStartedProgressEvent;.<clinit>()V> (0x00000000eacca088) 
thrown [s\src\hotspot\share\prims\jni.cpp, line 1111]
Event: 35.928 Thread 0x0000028e12c41dc0 Exception <a 'java/lang/NoSuchMethodError'{0x00000000ead44ff0}: static Lorg/gradle/internal/build/event/types/DefaultOperationDescriptor;.<clinit>()V> (0x00000000ead44ff0) 
thrown [s\src\hotspot\share\prims\jni.cpp, line 1111]
Event: 35.928 Thread 0x0000028e12c41dc0 Exception <a 'java/lang/NoSuchMethodError'{0x00000000ead8f150}: static Lorg/gradle/internal/operations/OperationIdentifier;.<clinit>()V> (0x00000000ead8f150) 
thrown [s\src\hotspot\share\prims\jni.cpp, line 1111]

ZGC Phase Switch (0 events):
No events

VM Operations (20 events):
Event: 35.879 Executing VM operation: ParallelGCFailedAllocation (Allocation Failure)
Event: 35.880 Executing VM operation: ParallelGCFailedAllocation (Allocation Failure) done
Event: 35.885 Executing VM operation: ParallelGCFailedAllocation (Allocation Failure)
Event: 35.886 Executing VM operation: ParallelGCFailedAllocation (Allocation Failure) done
Event: 35.890 Executing VM operation: ParallelGCFailedAllocation (Allocation Failure)
Event: 35.891 Executing VM operation: ParallelGCFailedAllocation (Allocation Failure) done
Event: 35.897 Executing VM operation: ParallelGCFailedAllocation (Allocation Failure)
Event: 35.899 Executing VM operation: ParallelGCFailedAllocation (Allocation Failure) done
Event: 35.903 Executing VM operation: HandshakeAllThreads (Deoptimize)
Event: 35.904 Executing VM operation: HandshakeAllThreads (Deoptimize) done
Event: 35.904 Executing VM operation: ParallelGCFailedAllocation (Allocation Failure)
Event: 35.906 Executing VM operation: ParallelGCFailedAllocation (Allocation Failure) done
Event: 35.912 Executing VM operation: ParallelGCFailedAllocation (Allocation Failure)
Event: 35.913 Executing VM operation: ParallelGCFailedAllocation (Allocation Failure) done
Event: 35.919 Executing VM operation: ParallelGCFailedAllocation (Allocation Failure)
Event: 35.922 Executing VM operation: ParallelGCFailedAllocation (Allocation Failure) done
Event: 35.930 Executing VM operation: ParallelGCFailedAllocation (Allocation Failure)
Event: 35.932 Executing VM operation: ParallelGCFailedAllocation (Allocation Failure) done
Event: 35.946 Executing VM operation: ParallelGCFailedAllocation (Allocation Failure)
Event: 35.948 Executing VM operation: ParallelGCFailedAllocation (Allocation Failure) done

Memory protections (0 events):
No events

Nmethod flushes (20 events):
Event: 33.797 Thread 0x0000028db218eae0 flushing  nmethod 0x0000028db5b36e10
Event: 33.797 Thread 0x0000028db218eae0 flushing  nmethod 0x0000028db5b6eb10
Event: 33.797 Thread 0x0000028db218eae0 flushing  nmethod 0x0000028db5b77210
Event: 33.797 Thread 0x0000028db218eae0 flushing  nmethod 0x0000028db5b77910
Event: 33.797 Thread 0x0000028db218eae0 flushing  nmethod 0x0000028db5b79890
Event: 33.797 Thread 0x0000028db218eae0 flushing  nmethod 0x0000028db5b7d110
Event: 33.797 Thread 0x0000028db218eae0 flushing  nmethod 0x0000028db5b7de90
Event: 33.797 Thread 0x0000028db218eae0 flushing  nmethod 0x0000028db5b7e310
Event: 33.797 Thread 0x0000028db218eae0 flushing  nmethod 0x0000028db5b81d10
Event: 33.797 Thread 0x0000028db218eae0 flushing  nmethod 0x0000028db5b82090
Event: 33.797 Thread 0x0000028db218eae0 flushing  nmethod 0x0000028db5b8f590
Event: 33.797 Thread 0x0000028db218eae0 flushing  nmethod 0x0000028db5b94910
Event: 33.797 Thread 0x0000028db218eae0 flushing  nmethod 0x0000028db5bb5010
Event: 33.797 Thread 0x0000028db218eae0 flushing  nmethod 0x0000028db5bdad10
Event: 33.797 Thread 0x0000028db218eae0 flushing  nmethod 0x0000028db5c04390
Event: 33.797 Thread 0x0000028db218eae0 flushing  nmethod 0x0000028db5c05290
Event: 33.797 Thread 0x0000028db218eae0 flushing  nmethod 0x0000028db5c06d90
Event: 33.797 Thread 0x0000028db218eae0 flushing  nmethod 0x0000028db5c0a890
Event: 33.797 Thread 0x0000028db218eae0 flushing  nmethod 0x0000028db5c10410
Event: 33.797 Thread 0x0000028db218eae0 flushing  nmethod 0x0000028db5c5e090

Events (20 events):
Event: 33.311 Thread 0x0000028e0fd582d0 Thread added: 0x0000028e1324ac40
Event: 33.311 Thread 0x0000028e0fd582d0 Thread added: 0x0000028e1324e750
Event: 33.311 Thread 0x0000028e0fd582d0 Thread added: 0x0000028e1324cd10
Event: 33.311 Thread 0x0000028e1324e750 Thread added: 0x0000028e1324d3a0
Event: 33.311 Thread 0x0000028e1324bff0 Thread added: 0x0000028e132484e0
Event: 33.910 Thread 0x0000028e112bfff0 Thread exited: 0x0000028e112bfff0
Event: 33.917 Thread 0x0000028e112bcb70 Thread added: 0x0000028e1324da30
Event: 34.015 Thread 0x0000028e0fd582d0 Thread added: 0x0000028e1324b2d0
Event: 34.054 Thread 0x0000028e0fd582d0 Thread added: 0x0000028e1324b960
Event: 34.067 Thread 0x0000028e0fd582d0 Thread added: 0x0000028e1324ede0
Event: 34.121 Thread 0x0000028e0fd582d0 Thread added: 0x0000028e13249890
Event: 34.152 Thread 0x0000028e0fd582d0 Thread added: 0x0000028e1324a5b0
Event: 34.155 Thread 0x0000028e0fd582d0 Thread added: 0x0000028e1324c680
Event: 34.159 Thread 0x0000028e0fd582d0 Thread added: 0x0000028e13247e50
Event: 34.205 Thread 0x0000028e112bcb70 Thread added: 0x0000028e1324f470
Event: 34.208 Thread 0x0000028e112bcb70 Thread added: 0x0000028e112bfff0
Event: 34.225 Thread 0x0000028e112bfff0 Thread exited: 0x0000028e112bfff0
Event: 34.226 Thread 0x0000028e112bcb70 Thread added: 0x0000028e112bfff0
Event: 34.228 Thread 0x0000028e112bcb70 Thread added: 0x0000028e12c41dc0
Event: 35.809 Thread 0x0000028e12c41dc0 Thread added: 0x0000028e12c3fcf0


Dynamic libraries:
0x00007ff60d180000 - 0x00007ff60d18e000 	c:\Users\student\.vscode\extensions\redhat.java-1.42.0-win32-x64\jre\21.0.7-win32-x86_64\bin\java.exe
0x00007fff64830000 - 0x00007fff64a28000 	C:\Windows\SYSTEM32\ntdll.dll
0x00007fff63000000 - 0x00007fff630bf000 	C:\Windows\System32\KERNEL32.DLL
0x00007fff62130000 - 0x00007fff6240a000 	C:\Windows\System32\KERNELBASE.dll
0x00007fff61f40000 - 0x00007fff62040000 	C:\Windows\System32\ucrtbase.dll
0x00007fff3b710000 - 0x00007fff3b72e000 	c:\Users\student\.vscode\extensions\redhat.java-1.42.0-win32-x64\jre\21.0.7-win32-x86_64\bin\VCRUNTIME140.dll
0x00007fff39380000 - 0x00007fff39398000 	c:\Users\student\.vscode\extensions\redhat.java-1.42.0-win32-x64\jre\21.0.7-win32-x86_64\bin\jli.dll
0x00007fff63a90000 - 0x00007fff63c2d000 	C:\Windows\System32\USER32.dll
0x00007fff62560000 - 0x00007fff62582000 	C:\Windows\System32\win32u.dll
0x00007fff63c30000 - 0x00007fff63c5b000 	C:\Windows\System32\GDI32.dll
0x00007fff4d220000 - 0x00007fff4d4ba000 	C:\Windows\WinSxS\amd64_microsoft.windows.common-controls_6595b64144ccf1df_6.0.19041.1110_none_60b5254171f9507e\COMCTL32.dll
0x00007fff626f0000 - 0x00007fff62800000 	C:\Windows\System32\gdi32full.dll
0x00007fff631f0000 - 0x00007fff6328e000 	C:\Windows\System32\msvcrt.dll
0x00007fff62090000 - 0x00007fff6212d000 	C:\Windows\System32\msvcp_win.dll
0x00007fff63660000 - 0x00007fff63690000 	C:\Windows\System32\IMM32.DLL
0x00007fff3e960000 - 0x00007fff3e96c000 	c:\Users\student\.vscode\extensions\redhat.java-1.42.0-win32-x64\jre\21.0.7-win32-x86_64\bin\vcruntime140_1.dll
0x00007fff24cc0000 - 0x00007fff24d4d000 	c:\Users\student\.vscode\extensions\redhat.java-1.42.0-win32-x64\jre\21.0.7-win32-x86_64\bin\msvcp140.dll
0x00007ffecf990000 - 0x00007ffed0720000 	c:\Users\student\.vscode\extensions\redhat.java-1.42.0-win32-x64\jre\21.0.7-win32-x86_64\bin\server\jvm.dll
0x00007fff63d30000 - 0x00007fff63dde000 	C:\Windows\System32\ADVAPI32.dll
0x00007fff637b0000 - 0x00007fff6384c000 	C:\Windows\System32\sechost.dll
0x00007fff630c0000 - 0x00007fff631e6000 	C:\Windows\System32\RPCRT4.dll
0x00007fff63a00000 - 0x00007fff63a6b000 	C:\Windows\System32\WS2_32.dll
0x00007fff614c0000 - 0x00007fff6150b000 	C:\Windows\SYSTEM32\POWRPROF.dll
0x00007fff51980000 - 0x00007fff5198a000 	C:\Windows\SYSTEM32\VERSION.dll
0x00007fff48150000 - 0x00007fff48177000 	C:\Windows\SYSTEM32\WINMM.dll
0x00007fff61380000 - 0x00007fff61392000 	C:\Windows\SYSTEM32\UMPDC.dll
0x00007fff60790000 - 0x00007fff607a2000 	C:\Windows\SYSTEM32\kernel.appcore.dll
0x00007fff3e890000 - 0x00007fff3e89a000 	c:\Users\student\.vscode\extensions\redhat.java-1.42.0-win32-x64\jre\21.0.7-win32-x86_64\bin\jimage.dll
0x00007fff5fb80000 - 0x00007fff5fd64000 	C:\Windows\SYSTEM32\DBGHELP.DLL
0x00007fff44d00000 - 0x00007fff44d34000 	C:\Windows\SYSTEM32\dbgcore.DLL
0x00007fff62800000 - 0x00007fff62882000 	C:\Windows\System32\bcryptPrimitives.dll
0x00007fff3d660000 - 0x00007fff3d66f000 	c:\Users\student\.vscode\extensions\redhat.java-1.42.0-win32-x64\jre\21.0.7-win32-x86_64\bin\instrument.dll
0x00007fff2c150000 - 0x00007fff2c16f000 	c:\Users\student\.vscode\extensions\redhat.java-1.42.0-win32-x64\jre\21.0.7-win32-x86_64\bin\java.dll
0x00007fff63e90000 - 0x00007fff645d4000 	C:\Windows\System32\SHELL32.dll
0x00007fff5ffe0000 - 0x00007fff60773000 	C:\Windows\SYSTEM32\windows.storage.dll
0x00007fff63290000 - 0x00007fff635e4000 	C:\Windows\System32\combase.dll
0x00007fff619a0000 - 0x00007fff619ce000 	C:\Windows\SYSTEM32\Wldp.dll
0x00007fff64740000 - 0x00007fff647ed000 	C:\Windows\System32\SHCORE.dll
0x00007fff62ec0000 - 0x00007fff62f15000 	C:\Windows\System32\shlwapi.dll
0x00007fff61e80000 - 0x00007fff61e9f000 	C:\Windows\SYSTEM32\profapi.dll
0x00007fff24ca0000 - 0x00007fff24cb8000 	c:\Users\student\.vscode\extensions\redhat.java-1.42.0-win32-x64\jre\21.0.7-win32-x86_64\bin\zip.dll
0x00007fff3d8b0000 - 0x00007fff3d8c0000 	C:\Users\student\.vscode\extensions\redhat.java-1.42.0-win32-x64\jre\21.0.7-win32-x86_64\bin\net.dll
0x00007fff594a0000 - 0x00007fff595aa000 	C:\Windows\SYSTEM32\WINHTTP.dll
0x00007fff61700000 - 0x00007fff6176a000 	C:\Windows\system32\mswsock.dll
0x00007fff24c80000 - 0x00007fff24c96000 	C:\Users\student\.vscode\extensions\redhat.java-1.42.0-win32-x64\jre\21.0.7-win32-x86_64\bin\nio.dll
0x00007fff3d0d0000 - 0x00007fff3d0e0000 	c:\Users\student\.vscode\extensions\redhat.java-1.42.0-win32-x64\jre\21.0.7-win32-x86_64\bin\verify.dll
0x00007fff3d1f0000 - 0x00007fff3d235000 	C:\Users\student\AppData\Roaming\Code\User\globalStorage\redhat.java\1.42.0\config_win\org.eclipse.equinox.launcher\org.eclipse.equinox.launcher.win32.win32.x86_64_1.2.1300.v20250331-1702\eclipse_11911.dll
0x00007fff62d90000 - 0x00007fff62eba000 	C:\Windows\System32\ole32.dll
0x00007fff618f0000 - 0x00007fff61908000 	C:\Windows\SYSTEM32\CRYPTSP.dll
0x00007fff60fb0000 - 0x00007fff60fe4000 	C:\Windows\system32\rsaenh.dll
0x00007fff62530000 - 0x00007fff62557000 	C:\Windows\System32\bcrypt.dll
0x00007fff61e40000 - 0x00007fff61e6e000 	C:\Windows\SYSTEM32\USERENV.dll
0x00007fff61910000 - 0x00007fff6191c000 	C:\Windows\SYSTEM32\CRYPTBASE.dll
0x00007fff613a0000 - 0x00007fff613dc000 	C:\Windows\SYSTEM32\IPHLPAPI.DLL
0x00007fff635f0000 - 0x00007fff635f8000 	C:\Windows\System32\NSI.dll
0x00007fff2a440000 - 0x00007fff2a489000 	C:\Users\student\AppData\Local\Temp\jna--1879145925\jna15684240308412182915.dll
0x00007fff64730000 - 0x00007fff64738000 	C:\Windows\System32\PSAPI.DLL
0x00007fff51b30000 - 0x00007fff51b47000 	C:\Windows\SYSTEM32\dhcpcsvc6.DLL
0x00007fff56a60000 - 0x00007fff56a7d000 	C:\Windows\SYSTEM32\dhcpcsvc.DLL
0x00007fff3d1e0000 - 0x00007fff3d1ea000 	C:\Users\student\.vscode\extensions\redhat.java-1.42.0-win32-x64\jre\21.0.7-win32-x86_64\bin\management.dll
0x00007fff3d130000 - 0x00007fff3d13b000 	C:\Users\student\.vscode\extensions\redhat.java-1.42.0-win32-x64\jre\21.0.7-win32-x86_64\bin\management_ext.dll
0x00007fff245f0000 - 0x00007fff24617000 	C:\Users\student\.gradle\native\1def1411415f61bf3af743bc5b6707747c0891f09f0c88961ee8f79bc544acac\windows-amd64\native-platform.dll
0x00007fff39850000 - 0x00007fff39859000 	C:\Users\student\.vscode\extensions\redhat.java-1.42.0-win32-x64\jre\21.0.7-win32-x86_64\bin\extnet.dll
0x00007fff3b6c0000 - 0x00007fff3b6ce000 	C:\Users\student\.vscode\extensions\redhat.java-1.42.0-win32-x64\jre\21.0.7-win32-x86_64\bin\sunmscapi.dll
0x00007fff62590000 - 0x00007fff626e6000 	C:\Windows\System32\CRYPT32.dll
0x00007fff61a10000 - 0x00007fff61a38000 	C:\Windows\SYSTEM32\ncrypt.dll
0x00007fff619d0000 - 0x00007fff61a0b000 	C:\Windows\SYSTEM32\NTASN1.dll
0x00007fff3b480000 - 0x00007fff3b487000 	C:\Windows\system32\wshunix.dll

dbghelp: loaded successfully - version: 4.0.5 - missing functions: none
symbol engine: initialized successfully - sym options: 0x614 - pdb path: .;c:\Users\student\.vscode\extensions\redhat.java-1.42.0-win32-x64\jre\21.0.7-win32-x86_64\bin;C:\Windows\SYSTEM32;C:\Windows\WinSxS\amd64_microsoft.windows.common-controls_6595b64144ccf1df_6.0.19041.1110_none_60b5254171f9507e;c:\Users\student\.vscode\extensions\redhat.java-1.42.0-win32-x64\jre\21.0.7-win32-x86_64\bin\server;C:\Users\student\AppData\Roaming\Code\User\globalStorage\redhat.java\1.42.0\config_win\org.eclipse.equinox.launcher\org.eclipse.equinox.launcher.win32.win32.x86_64_1.2.1300.v20250331-1702;C:\Users\student\AppData\Local\Temp\jna--1879145925;C:\Users\student\.gradle\native\1def1411415f61bf3af743bc5b6707747c0891f09f0c88961ee8f79bc544acac\windows-amd64

VM Arguments:
jvm_args: --add-modules=ALL-SYSTEM --add-opens=java.base/java.util=ALL-UNNAMED --add-opens=java.base/java.lang=ALL-UNNAMED --add-opens=java.base/sun.nio.fs=ALL-UNNAMED -Declipse.application=org.eclipse.jdt.ls.core.id1 -Dosgi.bundles.defaultStartLevel=4 -Declipse.product=org.eclipse.jdt.ls.core.product -Djava.import.generatesMetadataFilesAtProjectRoot=false -DDetectVMInstallationsJob.disabled=true -Dfile.encoding=utf8 -XX:+UseParallelGC -XX:GCTimeRatio=4 -XX:AdaptiveSizePolicyWeight=90 -Dsun.zip.disableMemoryMapping=true -Xmx1G -Xms100m -Xlog:disable -javaagent:c:\Users\student\.vscode\extensions\redhat.java-1.42.0-win32-x64\lombok\lombok-1.18.36.jar -XX:+HeapDumpOnOutOfMemoryError -XX:HeapDumpPath=c:\Users\student\AppData\Roaming\Code\User\workspaceStorage\6fd2f73aaa6829d83ee43f0051310afc\redhat.java -Daether.dependencyCollector.impl=bf 
java_command: c:\Users\student\.vscode\extensions\redhat.java-1.42.0-win32-x64\server\plugins\org.eclipse.equinox.launcher_1.7.0.v20250424-1814.jar -configuration c:\Users\student\AppData\Roaming\Code\User\globalStorage\redhat.java\1.42.0\config_win -data c:\Users\student\AppData\Roaming\Code\User\workspaceStorage\6fd2f73aaa6829d83ee43f0051310afc\redhat.java\jdt_ws --pipe=\\.\pipe\lsp-115e8f872272b27fe7d7cffe20f8073c-sock
java_class_path (initial): c:\Users\student\.vscode\extensions\redhat.java-1.42.0-win32-x64\server\plugins\org.eclipse.equinox.launcher_1.7.0.v20250424-1814.jar
Launcher Type: SUN_STANDARD

[Global flags]
    uintx AdaptiveSizePolicyWeight                 = 90                                        {product} {command line}
     intx CICompilerCount                          = 4                                         {product} {ergonomic}
    uintx GCTimeRatio                              = 4                                         {product} {command line}
     bool HeapDumpOnOutOfMemoryError               = true                                   {manageable} {command line}
    ccstr HeapDumpPath                             = c:\Users\student\AppData\Roaming\Code\User\workspaceStorage\6fd2f73aaa6829d83ee43f0051310afc\redhat.java         {manageable} {command line}
   size_t InitialHeapSize                          = 104857600                                 {product} {command line}
   size_t MaxHeapSize                              = 1073741824                                {product} {command line}
   size_t MaxNewSize                               = 357564416                                 {product} {ergonomic}
   size_t MinHeapDeltaBytes                        = 524288                                    {product} {ergonomic}
   size_t MinHeapSize                              = 104857600                                 {product} {command line}
   size_t NewSize                                  = 34603008                                  {product} {ergonomic}
    uintx NonNMethodCodeHeapSize                   = 5839372                                {pd product} {ergonomic}
    uintx NonProfiledCodeHeapSize                  = 122909434                              {pd product} {ergonomic}
   size_t OldSize                                  = 70254592                                  {product} {ergonomic}
    uintx ProfiledCodeHeapSize                     = 122909434                              {pd product} {ergonomic}
    uintx ReservedCodeCacheSize                    = 251658240                              {pd product} {ergonomic}
     bool SegmentedCodeCache                       = true                                      {product} {ergonomic}
   size_t SoftMaxHeapSize                          = 1073741824                             {manageable} {ergonomic}
     bool UseCompressedOops                        = true                           {product lp64_product} {ergonomic}
     bool UseLargePagesIndividualAllocation        = false                                  {pd product} {ergonomic}
     bool UseParallelGC                            = true                                      {product} {command line}

Logging:
Log output configuration:
 #0: stdout all=off uptime,level,tags foldmultilines=false
 #1: stderr all=off uptime,level,tags foldmultilines=false

Environment Variables:
JAVA_HOME=C:\Program Files\Java\jdk-21
PATH=C:\Windows\system32;C:\Windows;C:\Windows\System32\Wbem;C:\Windows\System32\WindowsPowerShell\v1.0\;C:\Windows\System32\OpenSSH\;C:\Program Files\dotnet\;C:\Program Files\nodejs\;C:\Program Files\Bandizip\;C:\Program Files\Git\cmd;C:\Program Files\MySQL\MySQL Server 8.0\bin;C:\Users\student\AppData\Local\Programs\Python\Python311\Scripts\;C:\Users\student\AppData\Local\Programs\Python\Python311\;C:\Users\student\AppData\Local\Microsoft\WindowsApps;;C:\Program Files\JetBrains\PyCharm Community Edition 2022.3.3\bin;;C:\Users\student\AppData\Roaming\npm;C:\Users\student\AppData\Local\Programs\Microsoft VS Code\bin
USERNAME=student
OS=Windows_NT
PROCESSOR_IDENTIFIER=Intel64 Family 6 Model 140 Stepping 1, GenuineIntel
TMP=C:\Users\student\AppData\Local\Temp
TEMP=C:\Users\student\AppData\Local\Temp




Periodic native trim disabled

---------------  S Y S T E M  ---------------

OS:
 Windows 10 , 64 bit Build 19041 (10.0.19041.2788)
OS uptime: 2 days 0:30 hours

CPU: total 8 (initial active 8) (4 cores per cpu, 2 threads per core) family 6 model 140 stepping 1 microcode 0x8a, cx8, cmov, fxsr, ht, mmx, 3dnowpref, sse, sse2, sse3, ssse3, sse4.1, sse4.2, popcnt, lzcnt, tsc, tscinvbit, avx, avx2, aes, erms, clmul, bmi1, bmi2, adx, avx512f, avx512dq, avx512cd, avx512bw, avx512vl, sha, fma, vzeroupper, avx512_vpopcntdq, avx512_vpclmulqdq, avx512_vaes, avx512_vnni, clflush, clflushopt, clwb, avx512_vbmi2, avx512_vbmi, rdtscp, rdpid, fsrm, gfni, avx512_bitalg, f16c, pku, cet_ibt, cet_ss, avx512_ifma
Processor Information for the first 8 processors :
  Max Mhz: 2419, Current Mhz: 2419, Mhz Limit: 2419

Memory: 4k page, system-wide physical 16107M (3068M free)
TotalPageFile size 16107M (AvailPageFile size 5M)
current process WorkingSet (physical memory assigned to process): 619M, peak: 619M
current process commit charge ("private bytes"): 566M, peak: 968M

vm_info: OpenJDK 64-Bit Server VM (21.0.7+6-LTS) for windows-amd64 JRE (21.0.7+6-LTS), built on 2025-04-15T00:00:00Z by "admin" with MS VC++ 17.7 (VS2022)

END.
