#
# There is insufficient memory for the Java Runtime Environment to continue.
# Native memory allocation (malloc) failed to allocate 1721136 bytes. Error detail: Chunk::new
# Possible reasons:
#   The system is out of physical RAM or swap space
#   This process is running with CompressedOops enabled, and the Java Heap may be blocking the growth of the native heap
# Possible solutions:
#   Reduce memory load on the system
#   Increase physical memory or swap space
#   Check if swap backing store is full
#   Decrease Java heap size (-Xmx/-Xms)
#   Decrease number of Java threads
#   Decrease Java thread stack sizes (-Xss)
#   Set larger code cache with -XX:ReservedCodeCacheSize=
#   JVM is running with Unscaled Compressed Oops mode in which the Java heap is
#     placed in the first 4GB address space. The Java Heap base address is the
#     maximum limit for the native heap growth. Please use -XX:HeapBaseMinAddress
#     to set the Java Heap base and to place the Java Heap above 4GB virtual address.
# This output file may be truncated or incomplete.
#
#  Out of Memory Error (arena.cpp:168), pid=3112, tid=12916
#
# JRE version: OpenJDK Runtime Environment Temurin-21.0.7+6 (21.0.7+6) (build 21.0.7+6-LTS)
# Java VM: OpenJDK 64-Bit Server VM Temurin-21.0.7+6 (21.0.7+6-LTS, mixed mode, sharing, tiered, compressed oops, compressed class ptrs, parallel gc, windows-amd64)
# No core dump will be written. Minidumps are not enabled by default on client versions of Windows
#

---------------  S U M M A R Y ------------

Command Line: --add-modules=ALL-SYSTEM --add-opens=java.base/java.util=ALL-UNNAMED --add-opens=java.base/java.lang=ALL-UNNAMED --add-opens=java.base/sun.nio.fs=ALL-UNNAMED -Declipse.application=org.eclipse.jdt.ls.core.id1 -Dosgi.bundles.defaultStartLevel=4 -Declipse.product=org.eclipse.jdt.ls.core.product -Djava.import.generatesMetadataFilesAtProjectRoot=false -DDetectVMInstallationsJob.disabled=true -Dfile.encoding=utf8 -XX:+UseParallelGC -XX:GCTimeRatio=4 -XX:AdaptiveSizePolicyWeight=90 -Dsun.zip.disableMemoryMapping=true -Xmx1G -Xms100m -Xlog:disable -javaagent:c:\Users\student\.vscode\extensions\redhat.java-1.42.0-win32-x64\lombok\lombok-1.18.36.jar -XX:+HeapDumpOnOutOfMemoryError -XX:HeapDumpPath=c:\Users\student\AppData\Roaming\Code\User\workspaceStorage\6fd2f73aaa6829d83ee43f0051310afc\redhat.java -Daether.dependencyCollector.impl=bf c:\Users\student\.vscode\extensions\redhat.java-1.42.0-win32-x64\server\plugins\org.eclipse.equinox.launcher_1.7.0.v20250424-1814.jar -configuration c:\Users\student\AppData\Roaming\Code\User\globalStorage\redhat.java\1.42.0\config_win -data c:\Users\student\AppData\Roaming\Code\User\workspaceStorage\6fd2f73aaa6829d83ee43f0051310afc\redhat.java\jdt_ws --pipe=\\.\pipe\lsp-1c2c33d99150ac2ae7d03e133f58067a-sock

Host: 11th Gen Intel(R) Core(TM) i5-1135G7 @ 2.40GHz, 8 cores, 15G,  Windows 10 , 64 bit Build 19041 (10.0.19041.2788)
Time: Thu May 29 09:41:04 2025  Windows 10 , 64 bit Build 19041 (10.0.19041.2788) elapsed time: 38.224895 seconds (0d 0h 0m 38s)

---------------  T H R E A D  ---------------

Current thread (0x00000239a18492c0):  JavaThread "C2 CompilerThread1" daemon [_thread_in_native, id=12916, stack(0x0000007100e00000,0x0000007100f00000) (1024K)]


Current CompileTask:
C2:38224 9079       4       org.eclipse.jdt.internal.compiler.util.JrtFileSystem$2::visitFile (72 bytes)

Stack: [0x0000007100e00000,0x0000007100f00000]
Native frames: (J=compiled Java code, j=interpreted, Vv=VM code, C=native code)
V  [jvm.dll+0x6ce119]
V  [jvm.dll+0x8a84a1]
V  [jvm.dll+0x8aa9ce]
V  [jvm.dll+0x8ab0b3]
V  [jvm.dll+0x27f8a6]
V  [jvm.dll+0xc507d]
V  [jvm.dll+0xc55b3]
V  [jvm.dll+0x3b68f2]
V  [jvm.dll+0x1dfe33]
V  [jvm.dll+0x247c42]
V  [jvm.dll+0x2470cf]
V  [jvm.dll+0x1c760e]
V  [jvm.dll+0x25695a]
V  [jvm.dll+0x254efa]
V  [jvm.dll+0x3f03f6]
V  [jvm.dll+0x851f6b]
V  [jvm.dll+0x6cc7dd]
C  [ucrtbase.dll+0x21bb2]
C  [KERNEL32.DLL+0x17604]
C  [ntdll.dll+0x526a1]


---------------  P R O C E S S  ---------------

Threads class SMR info:
_java_thread_list=0x00000239af407670, length=78, elements={
0x0000023942ea9010, 0x000002395725af80, 0x000002395725be90, 0x000002395725f660,
0x00000239572609a0, 0x0000023957262050, 0x0000023957268130, 0x000002395726ed30,
0x000002395726fd20, 0x000002399e084140, 0x000002399e2e5770, 0x000002399eccbca0,
0x000002399ea94ba0, 0x000002399ea958c0, 0x000002399ea93160, 0x000002399ea92ad0,
0x000002399ea95230, 0x000002399ea94510, 0x000002399f170cd0, 0x000002399f175500,
0x000002399f171360, 0x000002399f173430, 0x000002399f172080, 0x000002399f1719f0,
0x000002399f16f290, 0x000002399f172da0, 0x000002399f1747e0, 0x000002399f16f920,
0x000002399f172710, 0x000002399f170640, 0x000002399f16ffb0, 0x000002399f173ac0,
0x000002399f174150, 0x000002399f16e570, 0x000002399f175b90, 0x000002399f16ec00,
0x00000239a170e8d0, 0x00000239a1713e20, 0x00000239a1714b40, 0x00000239a17123e0,
0x00000239a18492c0, 0x00000239a1713100, 0x00000239a1846310, 0x00000239a1710310,
0x00000239a170f5f0, 0x00000239a1715860, 0x00000239a1711d50, 0x00000239a17151d0,
0x00000239a17144b0, 0x00000239a1715ef0, 0x00000239a170ef60, 0x000002399ea937f0,
0x000002399ea93e80, 0x00000239a35d8df0, 0x00000239a35d38a0, 0x00000239a35d3f30,
0x00000239a35d45c0, 0x00000239a35d6000, 0x00000239a35d4c50, 0x00000239a35d6d20,
0x00000239a35d73b0, 0x00000239a35d3210, 0x00000239a35d9b10, 0x00000239a35d52e0,
0x00000239a35d7a40, 0x00000239a35d80d0, 0x00000239a35d2b80, 0x00000239a35d8760,
0x00000239a35da1a0, 0x00000239a1713790, 0x00000239a3c82ae0, 0x00000239a3c893e0,
0x00000239a3c879a0, 0x00000239a3c88d50, 0x00000239a3c83800, 0x00000239a3c858d0,
0x00000239a3c84520, 0x00000239a3c89a70
}

Java Threads: ( => current thread )
  0x0000023942ea9010 JavaThread "main"                              [_thread_blocked, id=592, stack(0x000000717ff00000,0x0000007180000000) (1024K)]
  0x000002395725af80 JavaThread "Reference Handler"          daemon [_thread_blocked, id=11732, stack(0x0000007100300000,0x0000007100400000) (1024K)]
  0x000002395725be90 JavaThread "Finalizer"                  daemon [_thread_blocked, id=12044, stack(0x0000007100400000,0x0000007100500000) (1024K)]
  0x000002395725f660 JavaThread "Signal Dispatcher"          daemon [_thread_blocked, id=1884, stack(0x0000007100500000,0x0000007100600000) (1024K)]
  0x00000239572609a0 JavaThread "Attach Listener"            daemon [_thread_blocked, id=11332, stack(0x0000007100600000,0x0000007100700000) (1024K)]
  0x0000023957262050 JavaThread "Service Thread"             daemon [_thread_blocked, id=2804, stack(0x0000007100700000,0x0000007100800000) (1024K)]
  0x0000023957268130 JavaThread "Monitor Deflation Thread"   daemon [_thread_blocked, id=15120, stack(0x0000007100800000,0x0000007100900000) (1024K)]
  0x000002395726ed30 JavaThread "C2 CompilerThread0"         daemon [_thread_blocked, id=7580, stack(0x0000007100900000,0x0000007100a00000) (1024K)]
  0x000002395726fd20 JavaThread "C1 CompilerThread0"         daemon [_thread_blocked, id=13840, stack(0x0000007100a00000,0x0000007100b00000) (1024K)]
  0x000002399e084140 JavaThread "Common-Cleaner"             daemon [_thread_blocked, id=7612, stack(0x0000007100b00000,0x0000007100c00000) (1024K)]
  0x000002399e2e5770 JavaThread "Notification Thread"        daemon [_thread_blocked, id=16092, stack(0x0000007100d00000,0x0000007100e00000) (1024K)]
  0x000002399eccbca0 JavaThread "Active Thread: Equinox Container: f4d7f11a-eedc-4d45-8510-f8bda84453ff"        [_thread_blocked, id=14668, stack(0x0000007101500000,0x0000007101600000) (1024K)]
  0x000002399ea94ba0 JavaThread "Refresh Thread: Equinox Container: f4d7f11a-eedc-4d45-8510-f8bda84453ff" daemon [_thread_blocked, id=1928, stack(0x0000007101600000,0x0000007101700000) (1024K)]
  0x000002399ea958c0 JavaThread "Framework Event Dispatcher: Equinox Container: f4d7f11a-eedc-4d45-8510-f8bda84453ff" daemon [_thread_blocked, id=13996, stack(0x0000007101800000,0x0000007101900000) (1024K)]
  0x000002399ea93160 JavaThread "Start Level: Equinox Container: f4d7f11a-eedc-4d45-8510-f8bda84453ff" daemon [_thread_blocked, id=9896, stack(0x0000007101900000,0x0000007101a00000) (1024K)]
  0x000002399ea92ad0 JavaThread "Bundle File Closer"         daemon [_thread_blocked, id=11508, stack(0x0000007101a00000,0x0000007101b00000) (1024K)]
  0x000002399ea95230 JavaThread "SCR Component Actor"        daemon [_thread_blocked, id=2876, stack(0x0000007101b00000,0x0000007101c00000) (1024K)]
  0x000002399ea94510 JavaThread "Worker-JM"                         [_thread_blocked, id=15660, stack(0x0000007101d00000,0x0000007101e00000) (1024K)]
  0x000002399f170cd0 JavaThread "JNA Cleaner"                daemon [_thread_blocked, id=14216, stack(0x0000007101e00000,0x0000007101f00000) (1024K)]
  0x000002399f175500 
[error occurred during error reporting (printing all threads), id 0xc0000005, EXCEPTION_ACCESS_VIOLATION (0xc0000005) at pc=0x00007ffecfd71162]
VM state: at safepoint (normal execution)

VM Mutex/Monitor currently owned by a thread:  ([mutex/lock_event])
[0x00007ffed063e308] Threads_lock - owner thread: 0x000002395723cdb0
[0x00007ffed063e408] Heap_lock - owner thread: 0x000002399f172080

Heap address: 0x00000000c0000000, size: 1024 MB, Compressed Oops mode: 32-bit

CDS archive(s) mapped at: [0x0000023958000000-0x0000023958ba0000-0x0000023958ba0000), size 12189696, SharedBaseAddress: 0x0000023958000000, ArchiveRelocationMode: 1.
Compressed class space mapped at: 0x0000023959000000-0x0000023999000000, reserved size: 1073741824
Narrow klass base: 0x0000023958000000, Narrow klass shift: 0, Narrow klass range: 0x100000000

GC Precious Log:
 CardTable entry size: 512
 CPUs: 8 total, 8 available
 Memory: 16107M
 Large Page Support: Disabled
 NUMA Support: Disabled
 Compressed Oops: Enabled (32-bit)
 Alignments: Space 512K, Generation 512K, Heap 2M
 Heap Min Capacity: 100M
 Heap Initial Capacity: 100M
 Heap Max Capacity: 1G
 Pre-touch: Disabled
 Parallel Workers: 8

Heap:
 PSYoungGen      total 8704K, used 8535K [0x00000000eab00000, 0x00000000eb680000, 0x0000000100000000)
  eden space 6656K, 100% used [0x00000000eab00000,0x00000000eb180000,0x00000000eb180000)
  from space 2048K, 91% used [0x00000000eb180000,0x00000000eb355f78,0x00000000eb380000)
  to   space 2048K, 99% used [0x00000000eb480000,0x00000000eb67d858,0x00000000eb680000)
 ParOldGen       total 342528K, used 342523K [0x00000000c0000000, 0x00000000d4e80000, 0x00000000eab00000)
  object space 342528K, 99% used [0x00000000c0000000,0x00000000d4e7ee88,0x00000000d4e80000)
 Metaspace       used 72149K, committed 73728K, reserved 1114112K
  class space    used 8661K, committed 9344K, reserved 1048576K

Card table byte_map: [0x0000023942890000,0x0000023942aa0000] _byte_map_base: 0x0000023942290000

Marking Bits: (ParMarkBitMap*) 0x00007ffed06431f0
 Begin Bits: [0x00000239550b0000, 0x00000239560b0000)
 End Bits:   [0x00000239560b0000, 0x00000239570b0000)

Polling page: 0x0000023942680000

Metaspace:

Usage:
  Non-class:     62.00 MB used.
      Class:      8.46 MB used.
       Both:     70.46 MB used.

Virtual space:
  Non-class space:       64.00 MB reserved,      62.88 MB ( 98%) committed,  1 nodes.
      Class space:        1.00 GB reserved,       9.12 MB ( <1%) committed,  1 nodes.
             Both:        1.06 GB reserved,      72.00 MB (  7%) committed. 

Chunk freelists:
   Non-Class:  848.00 KB
       Class:  6.83 MB
        Both:  7.66 MB

MaxMetaspaceSize: unlimited
CompressedClassSpaceSize: 1.00 GB
Initial GC threshold: 21.00 MB
Current GC threshold: 97.31 MB
CDS: on
 - commit_granule_bytes: 65536.
 - commit_granule_words: 8192.
 - virtual_space_node_default_size: 8388608.
 - enlarge_chunks_in_place: 1.
 - use_allocation_guard: 0.


Internal statistics:

num_allocs_failed_limit: 9.
num_arena_births: 1292.
num_arena_deaths: 14.
num_vsnodes_births: 2.
num_vsnodes_deaths: 0.
num_space_committed: 1152.
num_space_uncommitted: 0.
num_chunks_returned_to_freelist: 23.
num_chunks_taken_from_freelist: 4468.
num_chunk_merges: 10.
num_chunk_splits: 2906.
num_chunks_enlarged: 1825.
num_inconsistent_stats: 0.

CodeHeap 'non-profiled nmethods': size=120000Kb used=5682Kb max_used=6137Kb free=114317Kb
 bounds [0x000002394db80000, 0x000002394e180000, 0x00000239550b0000]
CodeHeap 'profiled nmethods': size=120000Kb used=14998Kb max_used=17568Kb free=105001Kb
 bounds [0x00000239460b0000, 0x00000239471e0000, 0x000002394d5e0000]
CodeHeap 'non-nmethods': size=5760Kb used=1448Kb max_used=1510Kb free=4311Kb
 bounds [0x000002394d5e0000, 0x000002394d850000, 0x000002394db80000]
 total_blobs=8432 nmethods=7679 adapters=659
 compilation: enabled
              stopped_count=0, restarted_count=0
 full_count=0

Compilation events (20 events):
Event: 38.027 Thread 0x000002395726ed30 nmethod 9154 0x000002394e176610 code [0x000002394e1767a0, 0x000002394e1768a0]
Event: 38.027 Thread 0x000002395726ed30 9031       4       java.lang.AbstractStringBuilder::getChars (69 bytes)
Event: 38.029 Thread 0x000002395726ed30 nmethod 9031 0x000002394e176990 code [0x000002394e176b40, 0x000002394e176f40]
Event: 38.029 Thread 0x000002395726ed30 9033       4       java.lang.StringBuilder::getChars (10 bytes)
Event: 38.032 Thread 0x000002395726ed30 nmethod 9033 0x000002394e177190 code [0x000002394e177340, 0x000002394e177740]
Event: 38.032 Thread 0x000002395726ed30 9076       4       jdk.internal.jrtfs.JrtPath::getFileName (5 bytes)
Event: 38.044 Thread 0x000002395726ed30 nmethod 9076 0x000002394e177990 code [0x000002394e177b80, 0x000002394e178400]
Event: 38.044 Thread 0x000002395726ed30 9191       4       jdk.internal.jrtfs.JrtFileSystem::getPath (102 bytes)
Event: 38.057 Thread 0x000002395726fd20 9194       3       java.util.concurrent.atomic.AtomicReference::getAndSet (9 bytes)
Event: 38.067 Thread 0x000002395726fd20 nmethod 9194 0x00000239471d7110 code [0x00000239471d73a0, 0x00000239471d7ef0]
Event: 38.094 Thread 0x000002395726ed30 nmethod 9191 0x000002394e178910 code [0x000002394e178c20, 0x000002394e17a5f0]
Event: 38.094 Thread 0x000002395726ed30 9195       4       org.eclipse.jdt.internal.core.util.Util::indexOfJavaLikeExtension (116 bytes)
Event: 38.122 Thread 0x000002395726ed30 nmethod 9195 0x000002394e17b610 code [0x000002394e17b7c0, 0x000002394e17bdd0]
Event: 38.122 Thread 0x000002395726ed30 9189       4       org.eclipse.jdt.internal.compiler.util.JRTUtil::sanitizedFileName (49 bytes)
Event: 38.137 Thread 0x000002395726ed30 nmethod 9189 0x000002394e17c190 code [0x000002394e17c3a0, 0x000002394e17cd80]
Event: 38.137 Thread 0x000002395726ed30 9173       4       java.lang.ThreadLocal::getCarrierThreadLocal (29 bytes)
Event: 38.139 Thread 0x000002395726ed30 nmethod 9173 0x000002394e17d490 code [0x000002394e17d640, 0x000002394e17d7e0]
Event: 38.139 Thread 0x000002395726ed30 9197       4       org.eclipse.jdt.internal.core.index.MemoryIndex::remove (32 bytes)
Event: 38.147 Thread 0x000002395726ed30 nmethod 9197 0x000002394e17d990 code [0x000002394e17dba0, 0x000002394e17e2e8]
Event: 38.147 Thread 0x000002395726ed30 9198       4       org.eclipse.jdt.internal.core.search.JavaSearchParticipant::indexDocument (89 bytes)

GC Heap History (20 events):
Event: 38.081 GC heap after
{Heap after GC invocations=492 (full 3):
 PSYoungGen      total 5120K, used 1000K [0x00000000eab00000, 0x00000000eb400000, 0x0000000100000000)
  eden space 4096K, 0% used [0x00000000eab00000,0x00000000eab00000,0x00000000eaf00000)
  from space 1024K, 97% used [0x00000000eaf00000,0x00000000eaffa370,0x00000000eb000000)
  to   space 2048K, 0% used [0x00000000eb200000,0x00000000eb200000,0x00000000eb400000)
 ParOldGen       total 330752K, used 330510K [0x00000000c0000000, 0x00000000d4300000, 0x00000000eab00000)
  object space 330752K, 99% used [0x00000000c0000000,0x00000000d42c38b8,0x00000000d4300000)
 Metaspace       used 72149K, committed 73728K, reserved 1114112K
  class space    used 8661K, committed 9344K, reserved 1048576K
}
Event: 38.092 GC heap before
{Heap before GC invocations=493 (full 3):
 PSYoungGen      total 5120K, used 5096K [0x00000000eab00000, 0x00000000eb400000, 0x0000000100000000)
  eden space 4096K, 100% used [0x00000000eab00000,0x00000000eaf00000,0x00000000eaf00000)
  from space 1024K, 97% used [0x00000000eaf00000,0x00000000eaffa370,0x00000000eb000000)
  to   space 2048K, 0% used [0x00000000eb200000,0x00000000eb200000,0x00000000eb400000)
 ParOldGen       total 330752K, used 330510K [0x00000000c0000000, 0x00000000d4300000, 0x00000000eab00000)
  object space 330752K, 99% used [0x00000000c0000000,0x00000000d42c38b8,0x00000000d4300000)
 Metaspace       used 72149K, committed 73728K, reserved 1114112K
  class space    used 8661K, committed 9344K, reserved 1048576K
}
Event: 38.094 GC heap after
{Heap after GC invocations=493 (full 3):
 PSYoungGen      total 5632K, used 1056K [0x00000000eab00000, 0x00000000eb380000, 0x0000000100000000)
  eden space 4096K, 0% used [0x00000000eab00000,0x00000000eab00000,0x00000000eaf00000)
  from space 1536K, 68% used [0x00000000eb200000,0x00000000eb308000,0x00000000eb380000)
  to   space 1536K, 0% used [0x00000000eb080000,0x00000000eb080000,0x00000000eb200000)
 ParOldGen       total 331776K, used 331425K [0x00000000c0000000, 0x00000000d4400000, 0x00000000eab00000)
  object space 331776K, 99% used [0x00000000c0000000,0x00000000d43a8728,0x00000000d4400000)
 Metaspace       used 72149K, committed 73728K, reserved 1114112K
  class space    used 8661K, committed 9344K, reserved 1048576K
}
Event: 38.113 GC heap before
{Heap before GC invocations=494 (full 3):
 PSYoungGen      total 5632K, used 5152K [0x00000000eab00000, 0x00000000eb380000, 0x0000000100000000)
  eden space 4096K, 100% used [0x00000000eab00000,0x00000000eaf00000,0x00000000eaf00000)
  from space 1536K, 68% used [0x00000000eb200000,0x00000000eb308000,0x00000000eb380000)
  to   space 1536K, 0% used [0x00000000eb080000,0x00000000eb080000,0x00000000eb200000)
 ParOldGen       total 331776K, used 331425K [0x00000000c0000000, 0x00000000d4400000, 0x00000000eab00000)
  object space 331776K, 99% used [0x00000000c0000000,0x00000000d43a8728,0x00000000d4400000)
 Metaspace       used 72149K, committed 73728K, reserved 1114112K
  class space    used 8661K, committed 9344K, reserved 1048576K
}
Event: 38.115 GC heap after
{Heap after GC invocations=494 (full 3):
 PSYoungGen      total 5632K, used 1268K [0x00000000eab00000, 0x00000000eb280000, 0x0000000100000000)
  eden space 4096K, 0% used [0x00000000eab00000,0x00000000eab00000,0x00000000eaf00000)
  from space 1536K, 82% used [0x00000000eb080000,0x00000000eb1bd280,0x00000000eb200000)
  to   space 512K, 0% used [0x00000000eb200000,0x00000000eb200000,0x00000000eb280000)
 ParOldGen       total 332800K, used 332357K [0x00000000c0000000, 0x00000000d4500000, 0x00000000eab00000)
  object space 332800K, 99% used [0x00000000c0000000,0x00000000d4491740,0x00000000d4500000)
 Metaspace       used 72149K, committed 73728K, reserved 1114112K
  class space    used 8661K, committed 9344K, reserved 1048576K
}
Event: 38.120 GC heap before
{Heap before GC invocations=495 (full 3):
 PSYoungGen      total 5632K, used 5364K [0x00000000eab00000, 0x00000000eb280000, 0x0000000100000000)
  eden space 4096K, 100% used [0x00000000eab00000,0x00000000eaf00000,0x00000000eaf00000)
  from space 1536K, 82% used [0x00000000eb080000,0x00000000eb1bd280,0x00000000eb200000)
  to   space 512K, 0% used [0x00000000eb200000,0x00000000eb200000,0x00000000eb280000)
 ParOldGen       total 332800K, used 332357K [0x00000000c0000000, 0x00000000d4500000, 0x00000000eab00000)
  object space 332800K, 99% used [0x00000000c0000000,0x00000000d4491740,0x00000000d4500000)
 Metaspace       used 72149K, committed 73728K, reserved 1114112K
  class space    used 8661K, committed 9344K, reserved 1048576K
}
Event: 38.122 GC heap after
{Heap after GC invocations=495 (full 3):
 PSYoungGen      total 4608K, used 509K [0x00000000eab00000, 0x00000000eb600000, 0x0000000100000000)
  eden space 4096K, 0% used [0x00000000eab00000,0x00000000eab00000,0x00000000eaf00000)
  from space 512K, 99% used [0x00000000eb200000,0x00000000eb27f598,0x00000000eb280000)
  to   space 3072K, 0% used [0x00000000eaf00000,0x00000000eaf00000,0x00000000eb200000)
 ParOldGen       total 334848K, used 334357K [0x00000000c0000000, 0x00000000d4700000, 0x00000000eab00000)
  object space 334848K, 99% used [0x00000000c0000000,0x00000000d46855b8,0x00000000d4700000)
 Metaspace       used 72149K, committed 73728K, reserved 1114112K
  class space    used 8661K, committed 9344K, reserved 1048576K
}
Event: 38.125 GC heap before
{Heap before GC invocations=496 (full 3):
 PSYoungGen      total 4608K, used 4576K [0x00000000eab00000, 0x00000000eb600000, 0x0000000100000000)
  eden space 4096K, 99% used [0x00000000eab00000,0x00000000eaef8b70,0x00000000eaf00000)
  from space 512K, 99% used [0x00000000eb200000,0x00000000eb27f598,0x00000000eb280000)
  to   space 3072K, 0% used [0x00000000eaf00000,0x00000000eaf00000,0x00000000eb200000)
 ParOldGen       total 334848K, used 334357K [0x00000000c0000000, 0x00000000d4700000, 0x00000000eab00000)
  object space 334848K, 99% used [0x00000000c0000000,0x00000000d46855b8,0x00000000d4700000)
 Metaspace       used 72149K, committed 73728K, reserved 1114112K
  class space    used 8661K, committed 9344K, reserved 1048576K
}
Event: 38.127 GC heap after
{Heap after GC invocations=496 (full 3):
 PSYoungGen      total 7168K, used 1544K [0x00000000eab00000, 0x00000000eb400000, 0x0000000100000000)
  eden space 4096K, 0% used [0x00000000eab00000,0x00000000eab00000,0x00000000eaf00000)
  from space 3072K, 50% used [0x00000000eaf00000,0x00000000eb082320,0x00000000eb200000)
  to   space 2048K, 0% used [0x00000000eb200000,0x00000000eb200000,0x00000000eb400000)
 ParOldGen       total 335360K, used 334902K [0x00000000c0000000, 0x00000000d4780000, 0x00000000eab00000)
  object space 335360K, 99% used [0x00000000c0000000,0x00000000d470d850,0x00000000d4780000)
 Metaspace       used 72149K, committed 73728K, reserved 1114112K
  class space    used 8661K, committed 9344K, reserved 1048576K
}
Event: 38.130 GC heap before
{Heap before GC invocations=497 (full 3):
 PSYoungGen      total 7168K, used 5640K [0x00000000eab00000, 0x00000000eb400000, 0x0000000100000000)
  eden space 4096K, 100% used [0x00000000eab00000,0x00000000eaf00000,0x00000000eaf00000)
  from space 3072K, 50% used [0x00000000eaf00000,0x00000000eb082320,0x00000000eb200000)
  to   space 2048K, 0% used [0x00000000eb200000,0x00000000eb200000,0x00000000eb400000)
 ParOldGen       total 335360K, used 334902K [0x00000000c0000000, 0x00000000d4780000, 0x00000000eab00000)
  object space 335360K, 99% used [0x00000000c0000000,0x00000000d470d850,0x00000000d4780000)
 Metaspace       used 72149K, committed 73728K, reserved 1114112K
  class space    used 8661K, committed 9344K, reserved 1048576K
}
Event: 38.132 GC heap after
{Heap after GC invocations=497 (full 3):
 PSYoungGen      total 7168K, used 1603K [0x00000000eab00000, 0x00000000eb400000, 0x0000000100000000)
  eden space 5120K, 0% used [0x00000000eab00000,0x00000000eab00000,0x00000000eb000000)
  from space 2048K, 78% used [0x00000000eb200000,0x00000000eb390c60,0x00000000eb400000)
  to   space 2048K, 0% used [0x00000000eb000000,0x00000000eb000000,0x00000000eb200000)
 ParOldGen       total 336896K, used 336395K [0x00000000c0000000, 0x00000000d4900000, 0x00000000eab00000)
  object space 336896K, 99% used [0x00000000c0000000,0x00000000d4882f80,0x00000000d4900000)
 Metaspace       used 72149K, committed 73728K, reserved 1114112K
  class space    used 8661K, committed 9344K, reserved 1048576K
}
Event: 38.136 GC heap before
{Heap before GC invocations=498 (full 3):
 PSYoungGen      total 7168K, used 6723K [0x00000000eab00000, 0x00000000eb400000, 0x0000000100000000)
  eden space 5120K, 100% used [0x00000000eab00000,0x00000000eb000000,0x00000000eb000000)
  from space 2048K, 78% used [0x00000000eb200000,0x00000000eb390c60,0x00000000eb400000)
  to   space 2048K, 0% used [0x00000000eb000000,0x00000000eb000000,0x00000000eb200000)
 ParOldGen       total 336896K, used 336395K [0x00000000c0000000, 0x00000000d4900000, 0x00000000eab00000)
  object space 336896K, 99% used [0x00000000c0000000,0x00000000d4882f80,0x00000000d4900000)
 Metaspace       used 72149K, committed 73728K, reserved 1114112K
  class space    used 8661K, committed 9344K, reserved 1048576K
}
Event: 38.137 GC heap after
{Heap after GC invocations=498 (full 3):
 PSYoungGen      total 7168K, used 2002K [0x00000000eab00000, 0x00000000eb600000, 0x0000000100000000)
  eden space 5120K, 0% used [0x00000000eab00000,0x00000000eab00000,0x00000000eb000000)
  from space 2048K, 97% used [0x00000000eb000000,0x00000000eb1f4820,0x00000000eb200000)
  to   space 2560K, 0% used [0x00000000eb380000,0x00000000eb380000,0x00000000eb600000)
 ParOldGen       total 338432K, used 337921K [0x00000000c0000000, 0x00000000d4a80000, 0x00000000eab00000)
  object space 338432K, 99% used [0x00000000c0000000,0x00000000d4a00430,0x00000000d4a80000)
 Metaspace       used 72149K, committed 73728K, reserved 1114112K
  class space    used 8661K, committed 9344K, reserved 1048576K
}
Event: 38.142 GC heap before
{Heap before GC invocations=499 (full 3):
 PSYoungGen      total 7168K, used 7122K [0x00000000eab00000, 0x00000000eb600000, 0x0000000100000000)
  eden space 5120K, 100% used [0x00000000eab00000,0x00000000eb000000,0x00000000eb000000)
  from space 2048K, 97% used [0x00000000eb000000,0x00000000eb1f4820,0x00000000eb200000)
  to   space 2560K, 0% used [0x00000000eb380000,0x00000000eb380000,0x00000000eb600000)
 ParOldGen       total 338432K, used 337921K [0x00000000c0000000, 0x00000000d4a80000, 0x00000000eab00000)
  object space 338432K, 99% used [0x00000000c0000000,0x00000000d4a00430,0x00000000d4a80000)
 Metaspace       used 72149K, committed 73728K, reserved 1114112K
  class space    used 8661K, committed 9344K, reserved 1048576K
}
Event: 38.144 GC heap after
{Heap after GC invocations=499 (full 3):
 PSYoungGen      total 8192K, used 1694K [0x00000000eab00000, 0x00000000eb580000, 0x0000000100000000)
  eden space 6144K, 0% used [0x00000000eab00000,0x00000000eab00000,0x00000000eb100000)
  from space 2048K, 82% used [0x00000000eb380000,0x00000000eb527808,0x00000000eb580000)
  to   space 2048K, 0% used [0x00000000eb180000,0x00000000eb180000,0x00000000eb380000)
 ParOldGen       total 339968K, used 339814K [0x00000000c0000000, 0x00000000d4c00000, 0x00000000eab00000)
  object space 339968K, 99% used [0x00000000c0000000,0x00000000d4bd9a58,0x00000000d4c00000)
 Metaspace       used 72149K, committed 73728K, reserved 1114112K
  class space    used 8661K, committed 9344K, reserved 1048576K
}
Event: 38.151 GC heap before
{Heap before GC invocations=500 (full 3):
 PSYoungGen      total 8192K, used 7838K [0x00000000eab00000, 0x00000000eb580000, 0x0000000100000000)
  eden space 6144K, 100% used [0x00000000eab00000,0x00000000eb100000,0x00000000eb100000)
  from space 2048K, 82% used [0x00000000eb380000,0x00000000eb527808,0x00000000eb580000)
  to   space 2048K, 0% used [0x00000000eb180000,0x00000000eb180000,0x00000000eb380000)
 ParOldGen       total 339968K, used 339814K [0x00000000c0000000, 0x00000000d4c00000, 0x00000000eab00000)
  object space 339968K, 99% used [0x00000000c0000000,0x00000000d4bd9a58,0x00000000d4c00000)
 Metaspace       used 72149K, committed 73728K, reserved 1114112K
  class space    used 8661K, committed 9344K, reserved 1048576K
}
Event: 38.154 GC heap after
{Heap after GC invocations=500 (full 3):
 PSYoungGen      total 8704K, used 1879K [0x00000000eab00000, 0x00000000eb680000, 0x0000000100000000)
  eden space 6656K, 0% used [0x00000000eab00000,0x00000000eab00000,0x00000000eb180000)
  from space 2048K, 91% used [0x00000000eb180000,0x00000000eb355f78,0x00000000eb380000)
  to   space 2048K, 0% used [0x00000000eb480000,0x00000000eb480000,0x00000000eb680000)
 ParOldGen       total 341504K, used 341419K [0x00000000c0000000, 0x00000000d4d80000, 0x00000000eab00000)
  object space 341504K, 99% used [0x00000000c0000000,0x00000000d4d6af38,0x00000000d4d80000)
 Metaspace       used 72149K, committed 73728K, reserved 1114112K
  class space    used 8661K, committed 9344K, reserved 1048576K
}
Event: 38.161 GC heap before
{Heap before GC invocations=501 (full 3):
 PSYoungGen      total 8704K, used 8535K [0x00000000eab00000, 0x00000000eb680000, 0x0000000100000000)
  eden space 6656K, 100% used [0x00000000eab00000,0x00000000eb180000,0x00000000eb180000)
  from space 2048K, 91% used [0x00000000eb180000,0x00000000eb355f78,0x00000000eb380000)
  to   space 2048K, 0% used [0x00000000eb480000,0x00000000eb480000,0x00000000eb680000)
 ParOldGen       total 341504K, used 341419K [0x00000000c0000000, 0x00000000d4d80000, 0x00000000eab00000)
  object space 341504K, 99% used [0x00000000c0000000,0x00000000d4d6af38,0x00000000d4d80000)
 Metaspace       used 72149K, committed 73728K, reserved 1114112K
  class space    used 8661K, committed 9344K, reserved 1048576K
}
Event: 38.163 GC heap after
{Heap after GC invocations=501 (full 3):
 PSYoungGen      total 8704K, used 8535K [0x00000000eab00000, 0x00000000eb680000, 0x0000000100000000)
  eden space 6656K, 100% used [0x00000000eab00000,0x00000000eb180000,0x00000000eb180000)
  from space 2048K, 91% used [0x00000000eb180000,0x00000000eb355f78,0x00000000eb380000)
  to   space 2048K, 99% used [0x00000000eb480000,0x00000000eb67d858,0x00000000eb680000)
 ParOldGen       total 342528K, used 342523K [0x00000000c0000000, 0x00000000d4e80000, 0x00000000eab00000)
  object space 342528K, 99% used [0x00000000c0000000,0x00000000d4e7ee88,0x00000000d4e80000)
 Metaspace       used 72149K, committed 73728K, reserved 1114112K
  class space    used 8661K, committed 9344K, reserved 1048576K
}
Event: 38.163 GC heap before
{Heap before GC invocations=502 (full 4):
 PSYoungGen      total 8704K, used 8535K [0x00000000eab00000, 0x00000000eb680000, 0x0000000100000000)
  eden space 6656K, 100% used [0x00000000eab00000,0x00000000eb180000,0x00000000eb180000)
  from space 2048K, 91% used [0x00000000eb180000,0x00000000eb355f78,0x00000000eb380000)
  to   space 2048K, 99% used [0x00000000eb480000,0x00000000eb67d858,0x00000000eb680000)
 ParOldGen       total 342528K, used 342523K [0x00000000c0000000, 0x00000000d4e80000, 0x00000000eab00000)
  object space 342528K, 99% used [0x00000000c0000000,0x00000000d4e7ee88,0x00000000d4e80000)
 Metaspace       used 72149K, committed 73728K, reserved 1114112K
  class space    used 8661K, committed 9344K, reserved 1048576K
}

Dll operation events (14 events):
Event: 0.005 Loaded shared library c:\Users\student\.vscode\extensions\redhat.java-1.42.0-win32-x64\jre\21.0.7-win32-x86_64\bin\java.dll
Event: 0.024 Loaded shared library c:\Users\student\.vscode\extensions\redhat.java-1.42.0-win32-x64\jre\21.0.7-win32-x86_64\bin\zip.dll
Event: 0.061 Loaded shared library C:\Users\student\.vscode\extensions\redhat.java-1.42.0-win32-x64\jre\21.0.7-win32-x86_64\bin\instrument.dll
Event: 0.063 Loaded shared library C:\Users\student\.vscode\extensions\redhat.java-1.42.0-win32-x64\jre\21.0.7-win32-x86_64\bin\net.dll
Event: 0.065 Loaded shared library C:\Users\student\.vscode\extensions\redhat.java-1.42.0-win32-x64\jre\21.0.7-win32-x86_64\bin\nio.dll
Event: 0.067 Loaded shared library C:\Users\student\.vscode\extensions\redhat.java-1.42.0-win32-x64\jre\21.0.7-win32-x86_64\bin\zip.dll
Event: 0.077 Loaded shared library C:\Users\student\.vscode\extensions\redhat.java-1.42.0-win32-x64\jre\21.0.7-win32-x86_64\bin\jimage.dll
Event: 0.112 Loaded shared library c:\Users\student\.vscode\extensions\redhat.java-1.42.0-win32-x64\jre\21.0.7-win32-x86_64\bin\verify.dll
Event: 0.744 Loaded shared library C:\Users\student\AppData\Roaming\Code\User\globalStorage\redhat.java\1.42.0\config_win\org.eclipse.equinox.launcher\org.eclipse.equinox.launcher.win32.win32.x86_64_1.2.1300.v20250331-1702\eclipse_11911.dll
Event: 1.594 Loaded shared library C:\Users\student\AppData\Local\Temp\jna--1879145925\jna7332402796506539218.dll
Event: 32.416 Loaded shared library C:\Users\student\.vscode\extensions\redhat.java-1.42.0-win32-x64\jre\21.0.7-win32-x86_64\bin\management.dll
Event: 32.421 Loaded shared library C:\Users\student\.vscode\extensions\redhat.java-1.42.0-win32-x64\jre\21.0.7-win32-x86_64\bin\management_ext.dll
Event: 32.963 Loaded shared library C:\Users\student\.gradle\native\1def1411415f61bf3af743bc5b6707747c0891f09f0c88961ee8f79bc544acac\windows-amd64\native-platform.dll
Event: 37.406 Loaded shared library C:\Users\student\.vscode\extensions\redhat.java-1.42.0-win32-x64\jre\21.0.7-win32-x86_64\bin\extnet.dll

Deoptimization events (20 events):
Event: 38.009 Thread 0x00000239a3c84520 Uncommon trap: trap_request=0xffffffc6 fr.pc=0x000002394e165d44 relative=0x00000000000000a4
Event: 38.009 Thread 0x00000239a3c84520 Uncommon trap: reason=bimorphic_or_optimized_type_check action=maybe_recompile pc=0x000002394e165d44 method=java.util.Collections$UnmodifiableMap$UnmodifiableEntrySet$1.hasNext()Z @ 4 c2
Event: 38.009 Thread 0x00000239a3c84520 DEOPT PACKING pc=0x000002394e165d44 sp=0x00000071057feb60
Event: 38.009 Thread 0x00000239a3c84520 DEOPT UNPACKING pc=0x000002394d636da2 sp=0x00000071057feae8 mode 2
Event: 38.009 Thread 0x00000239a3c84520 Uncommon trap: trap_request=0xffffffc6 fr.pc=0x000002394e165d44 relative=0x00000000000000a4
Event: 38.009 Thread 0x00000239a3c84520 Uncommon trap: reason=bimorphic_or_optimized_type_check action=maybe_recompile pc=0x000002394e165d44 method=java.util.Collections$UnmodifiableMap$UnmodifiableEntrySet$1.hasNext()Z @ 4 c2
Event: 38.009 Thread 0x00000239a3c84520 DEOPT PACKING pc=0x000002394e165d44 sp=0x00000071057feb60
Event: 38.009 Thread 0x00000239a3c84520 DEOPT UNPACKING pc=0x000002394d636da2 sp=0x00000071057feae8 mode 2
Event: 38.025 Thread 0x00000239a3c84520 Uncommon trap: trap_request=0xffffffde fr.pc=0x000002394e174b08 relative=0x0000000000000708
Event: 38.025 Thread 0x00000239a3c84520 Uncommon trap: reason=class_check action=maybe_recompile pc=0x000002394e174b08 method=java.util.regex.Matcher.getTextLength()I @ 4 c2
Event: 38.025 Thread 0x00000239a3c84520 DEOPT PACKING pc=0x000002394e174b08 sp=0x00000071057feb50
Event: 38.025 Thread 0x00000239a3c84520 DEOPT UNPACKING pc=0x000002394d636da2 sp=0x00000071057fe9e0 mode 2
Event: 38.025 Thread 0x00000239a3c84520 Uncommon trap: trap_request=0xffffff45 fr.pc=0x000002394dd2a77c relative=0x00000000000001dc
Event: 38.025 Thread 0x00000239a3c84520 Uncommon trap: reason=unstable_if action=reinterpret pc=0x000002394dd2a77c method=java.lang.String.indexOf(Ljava/lang/String;)I @ 10 c2
Event: 38.025 Thread 0x00000239a3c84520 DEOPT PACKING pc=0x000002394dd2a77c sp=0x00000071057fea80
Event: 38.025 Thread 0x00000239a3c84520 DEOPT UNPACKING pc=0x000002394d636da2 sp=0x00000071057fea20 mode 2
Event: 38.025 Thread 0x00000239a3c84520 Uncommon trap: trap_request=0xffffff45 fr.pc=0x000002394dd23214 relative=0x00000000000005f4
Event: 38.025 Thread 0x00000239a3c84520 Uncommon trap: reason=unstable_if action=reinterpret pc=0x000002394dd23214 method=java.util.regex.Pattern$CharPropertyGreedy.match(Ljava/util/regex/Matcher;ILjava/lang/CharSequence;)Z @ 103 c2
Event: 38.025 Thread 0x00000239a3c84520 DEOPT PACKING pc=0x000002394dd23214 sp=0x00000071057fead0
Event: 38.025 Thread 0x00000239a3c84520 DEOPT UNPACKING pc=0x000002394d636da2 sp=0x00000071057fea50 mode 2

Classes loaded (20 events):
Event: 37.773 Loading class java/lang/ProcessImpl$2
Event: 37.773 Loading class java/lang/ProcessImpl$2 done
Event: 37.774 Loading class java/lang/Process$PipeInputStream
Event: 37.774 Loading class java/lang/Process$PipeInputStream done
Event: 37.776 Loading class jdk/internal/event/ProcessStartEvent
Event: 37.776 Loading class jdk/internal/event/ProcessStartEvent done
Event: 37.932 Loading class java/util/EnumMap$EntrySet
Event: 37.932 Loading class java/util/EnumMap$EntrySet done
Event: 37.932 Loading class java/util/EnumMap$EntryIterator
Event: 37.932 Loading class java/util/EnumMap$EnumMapIterator
Event: 37.932 Loading class java/util/EnumMap$EnumMapIterator done
Event: 37.932 Loading class java/util/EnumMap$EntryIterator done
Event: 37.932 Loading class java/util/EnumMap$EntryIterator$Entry
Event: 37.932 Loading class java/util/EnumMap$EntryIterator$Entry done
Event: 38.020 Loading class java/lang/ProcessBuilder$NullInputStream
Event: 38.020 Loading class java/lang/ProcessBuilder$NullInputStream done
Event: 38.021 Loading class java/util/Scanner
Event: 38.022 Loading class java/util/Scanner done
Event: 38.025 Loading class java/util/Scanner$PatternLRUCache
Event: 38.025 Loading class java/util/Scanner$PatternLRUCache done

Classes unloaded (7 events):
Event: 1.923 Thread 0x000002395723cdb0 Unloading class 0x00000239591a5000 'java/lang/invoke/LambdaForm$MH+0x00000239591a5000'
Event: 1.923 Thread 0x000002395723cdb0 Unloading class 0x00000239591a4c00 'java/lang/invoke/LambdaForm$MH+0x00000239591a4c00'
Event: 1.923 Thread 0x000002395723cdb0 Unloading class 0x00000239591a4800 'java/lang/invoke/LambdaForm$MH+0x00000239591a4800'
Event: 1.923 Thread 0x000002395723cdb0 Unloading class 0x00000239591a4400 'java/lang/invoke/LambdaForm$MH+0x00000239591a4400'
Event: 1.923 Thread 0x000002395723cdb0 Unloading class 0x00000239591a4000 'java/lang/invoke/LambdaForm$BMH+0x00000239591a4000'
Event: 1.923 Thread 0x000002395723cdb0 Unloading class 0x00000239591a3c00 'java/lang/invoke/LambdaForm$DMH+0x00000239591a3c00'
Event: 1.923 Thread 0x000002395723cdb0 Unloading class 0x00000239591a2c00 'java/lang/invoke/LambdaForm$DMH+0x00000239591a2c00'

Classes redefined (0 events):
No events

Internal exceptions (20 events):
Event: 37.501 Thread 0x00000239a3c893e0 Exception <a 'java/lang/NoSuchMethodError'{0x00000000eac843f8}: 'java.lang.Object java.lang.invoke.DirectMethodHandle$Holder.invokeStatic(java.lang.Object, java.lang.Object, java.lang.Object, java.lang.Object, java.lang.Object, java.lang.Object, java.lang.Object, java.lang.Object, java.lang.Object, java.lang.Object, java.lang.Object, java.lang.Object, java.lang.Object, java.lang.Object, java.lang.Object, java.lang.Object, java.lang.Object)'> (0x00000000eac843f8) 
thrown [s\src\hotspot\share\interpreter\lin
Event: 37.503 Thread 0x00000239a3c893e0 Exception <a 'java/lang/NoSuchMethodError'{0x00000000ead756e8}: 'java.lang.Object java.lang.invoke.DirectMethodHandle$Holder.invokeStatic(java.lang.Object, java.lang.Object, java.lang.Object, java.lang.Object, java.lang.Object, java.lang.Object, java.lang.Object, java.lang.Object, java.lang.Object, java.lang.Object, java.lang.Object, java.lang.Object, java.lang.Object, java.lang.Object, java.lang.Object, java.lang.Object, java.lang.Object, java.lang.Object)'> (0x00000000ead756e8) 
thrown [s\src\hotspot\sha
Event: 37.507 Thread 0x00000239a3c893e0 Exception <a 'java/lang/NoSuchMethodError'{0x00000000eab23de8}: 'java.lang.Object java.lang.invoke.DirectMethodHandle$Holder.invokeStatic(java.lang.Object, java.lang.Object, java.lang.Object, java.lang.Object, java.lang.Object, java.lang.Object, java.lang.Object, java.lang.Object, java.lang.Object, java.lang.Object, java.lang.Object, java.lang.Object, java.lang.Object, java.lang.Object, java.lang.Object, java.lang.Object, java.lang.Object, java.lang.Object, java.lang.Object)'> (0x00000000eab23de8) 
thrown 
Event: 37.508 Thread 0x00000239a3c893e0 Exception <a 'java/lang/NoSuchMethodError'{0x00000000eac11518}: 'java.lang.Object java.lang.invoke.DirectMethodHandle$Holder.invokeStatic(java.lang.Object, java.lang.Object, java.lang.Object, java.lang.Object, java.lang.Object, java.lang.Object, java.lang.Object, java.lang.Object, java.lang.Object, java.lang.Object, java.lang.Object, java.lang.Object, java.lang.Object, java.lang.Object, java.lang.Object, java.lang.Object, java.lang.Object, java.lang.Object, java.lang.Object, java.lang.Object)'> (0x00000000
Event: 37.510 Thread 0x00000239a3c893e0 Exception <a 'java/lang/NoSuchMethodError'{0x00000000ead0ae60}: 'java.lang.Object java.lang.invoke.DirectMethodHandle$Holder.invokeStatic(java.lang.Object, java.lang.Object, java.lang.Object, java.lang.Object, java.lang.Object, java.lang.Object, java.lang.Object, java.lang.Object, java.lang.Object, java.lang.Object, java.lang.Object, java.lang.Object, java.lang.Object, java.lang.Object, java.lang.Object, java.lang.Object, java.lang.Object, java.lang.Object, java.lang.Object, java.lang.Object, java.lang.Obj
Event: 37.513 Thread 0x00000239a3c893e0 Exception <a 'java/lang/NoSuchMethodError'{0x00000000eab0cdf0}: 'java.lang.Object java.lang.invoke.DirectMethodHandle$Holder.invokeStatic(java.lang.Object, java.lang.Object, java.lang.Object, java.lang.Object, java.lang.Object, java.lang.Object, java.lang.Object, java.lang.Object, java.lang.Object, java.lang.Object, java.lang.Object, java.lang.Object, java.lang.Object, java.lang.Object, java.lang.Object, java.lang.Object, java.lang.Object, java.lang.Object, java.lang.Object, java.lang.Object, java.lang.Obj
Event: 37.515 Thread 0x00000239a3c893e0 Exception <a 'java/lang/NoSuchMethodError'{0x00000000eabbfe68}: 'java.lang.Object java.lang.invoke.DirectMethodHandle$Holder.invokeStatic(java.lang.Object, java.lang.Object, java.lang.Object, java.lang.Object, java.lang.Object, java.lang.Object, java.lang.Object, java.lang.Object, java.lang.Object, java.lang.Object, java.lang.Object, java.lang.Object, java.lang.Object, java.lang.Object, java.lang.Object, java.lang.Object, java.lang.Object, java.lang.Object, java.lang.Object, java.lang.Object, java.lang.Obj
Event: 37.517 Thread 0x00000239a3c893e0 Exception <a 'java/lang/NoSuchMethodError'{0x00000000eac947e0}: 'java.lang.Object java.lang.invoke.DirectMethodHandle$Holder.invokeStatic(java.lang.Object, java.lang.Object, java.lang.Object, java.lang.Object, java.lang.Object, java.lang.Object, java.lang.Object, java.lang.Object, java.lang.Object, java.lang.Object, java.lang.Object, java.lang.Object, java.lang.Object, java.lang.Object, java.lang.Object, java.lang.Object, java.lang.Object, java.lang.Object, java.lang.Object, java.lang.Object, java.lang.Obj
Event: 37.519 Thread 0x00000239a3c893e0 Exception <a 'java/lang/NoSuchMethodError'{0x00000000ead6d7e0}: 'java.lang.Object java.lang.invoke.DirectMethodHandle$Holder.invokeStatic(java.lang.Object, java.lang.Object, java.lang.Object, java.lang.Object, java.lang.Object, java.lang.Object, java.lang.Object, java.lang.Object, java.lang.Object, java.lang.Object, java.lang.Object, java.lang.Object, java.lang.Object, java.lang.Object, java.lang.Object, java.lang.Object, java.lang.Object, java.lang.Object, java.lang.Object, java.lang.Object, java.lang.Obj
Event: 37.525 Thread 0x00000239a3c893e0 Exception <a 'java/lang/NoSuchMethodError'{0x00000000eabca6b8}: 'java.lang.Object java.lang.invoke.DirectMethodHandle$Holder.invokeSpecial(java.lang.Object, java.lang.Object, java.lang.Object, java.lang.Object, java.lang.Object, java.lang.Object, java.lang.Object, java.lang.Object, java.lang.Object, java.lang.Object, java.lang.Object, java.lang.Object, java.lang.Object, java.lang.Object, java.lang.Object, java.lang.Object, java.lang.Object, java.lang.Object, java.lang.Object, java.lang.Object, java.lang.Ob
Event: 37.526 Thread 0x00000239a3c893e0 Exception <a 'java/lang/NoSuchMethodError'{0x00000000eabf8a10}: 'java.lang.Object java.lang.invoke.DirectMethodHandle$Holder.newInvokeSpecial(java.lang.Object, java.lang.Object, java.lang.Object, java.lang.Object, java.lang.Object, java.lang.Object, java.lang.Object, java.lang.Object, java.lang.Object, java.lang.Object, java.lang.Object, java.lang.Object, java.lang.Object, java.lang.Object, java.lang.Object, java.lang.Object, java.lang.Object, java.lang.Object, java.lang.Object, java.lang.Object, java.lang
Event: 37.527 Thread 0x00000239a3c893e0 Exception <a 'java/lang/NoSuchMethodError'{0x00000000eac2e5e8}: 'java.lang.Object java.lang.invoke.Invokers$Holder.linkToTargetMethod(java.lang.Object, java.lang.Object, java.lang.Object, java.lang.Object, java.lang.Object, java.lang.Object, java.lang.Object, java.lang.Object, java.lang.Object, java.lang.Object, java.lang.Object, java.lang.Object, java.lang.Object, java.lang.Object, java.lang.Object, java.lang.Object, java.lang.Object, java.lang.Object, java.lang.Object, java.lang.Object, java.lang.Object,
Event: 37.527 Thread 0x00000239a3c893e0 Exception <a 'java/lang/NoSuchMethodError'{0x00000000eac4b950}: 'java.lang.Object java.lang.invoke.DirectMethodHandle$Holder.invokeVirtual(java.lang.Object, java.lang.Object, java.lang.Object, java.lang.Object, java.lang.Object, java.lang.Object, java.lang.Object, java.lang.Object, java.lang.Object, java.lang.Object)'> (0x00000000eac4b950) 
thrown [s\src\hotspot\share\interpreter\linkResolver.cpp, line 773]
Event: 37.560 Thread 0x00000239a3c893e0 Exception <a 'java/lang/NoSuchMethodError'{0x00000000eae41278}: 'java.lang.Object java.lang.invoke.DirectMethodHandle$Holder.invokeVirtual(java.lang.Object, java.lang.Object, java.lang.Object, java.lang.Object, java.lang.Object, java.lang.Object, java.lang.Object, java.lang.Object, java.lang.Object)'> (0x00000000eae41278) 
thrown [s\src\hotspot\share\interpreter\linkResolver.cpp, line 773]
Event: 37.594 Thread 0x00000239a3c893e0 Exception <a 'java/lang/NoSuchMethodError'{0x00000000eab0fae8}: 'java.lang.Object java.lang.invoke.DirectMethodHandle$Holder.invokeVirtual(java.lang.Object, java.lang.Object, java.lang.Object, java.lang.Object, java.lang.Object, java.lang.Object, java.lang.Object, java.lang.Object)'> (0x00000000eab0fae8) 
thrown [s\src\hotspot\share\interpreter\linkResolver.cpp, line 773]
Event: 37.613 Thread 0x00000239a3c893e0 Exception <a 'java/lang/NoSuchMethodError'{0x00000000eac74c98}: 'long java.lang.invoke.DirectMethodHandle$Holder.invokeVirtual(java.lang.Object, java.lang.Object)'> (0x00000000eac74c98) 
thrown [s\src\hotspot\share\interpreter\linkResolver.cpp, line 773]
Event: 37.613 Thread 0x00000239a3c893e0 Exception <a 'java/lang/NoSuchMethodError'{0x00000000eacb6308}: 'long java.lang.invoke.DelegatingMethodHandle$Holder.reinvoke_L(java.lang.Object, java.lang.Object)'> (0x00000000eacb6308) 
thrown [s\src\hotspot\share\interpreter\linkResolver.cpp, line 773]
Event: 37.773 Thread 0x00000239a3c88d50 Exception <a 'java/lang/NoSuchMethodError'{0x00000000ead2f978}: 'void java.lang.invoke.DirectMethodHandle$Holder.invokeStatic(java.lang.Object, long)'> (0x00000000ead2f978) 
thrown [s\src\hotspot\share\interpreter\linkResolver.cpp, line 773]
Event: 37.926 Thread 0x00000239a3c88d50 Exception <a 'java/lang/NoSuchMethodError'{0x00000000eacd1ca8}: 'void java.lang.invoke.DirectMethodHandle$Holder.invokeSpecial(java.lang.Object, java.lang.Object, int)'> (0x00000000eacd1ca8) 
thrown [s\src\hotspot\share\interpreter\linkResolver.cpp, line 773]
Event: 37.930 Thread 0x00000239a3c88d50 Exception <a 'java/lang/NoSuchMethodError'{0x00000000ead46010}: 'java.lang.Object java.lang.invoke.DirectMethodHandle$Holder.newInvokeSpecial(java.lang.Object, java.lang.Object, int)'> (0x00000000ead46010) 
thrown [s\src\hotspot\share\interpreter\linkResolver.cpp, line 773]

ZGC Phase Switch (0 events):
No events

VM Operations (20 events):
Event: 38.057 Executing VM operation: ParallelGCFailedAllocation (Allocation Failure) done
Event: 38.079 Executing VM operation: ParallelGCFailedAllocation (Allocation Failure)
Event: 38.081 Executing VM operation: ParallelGCFailedAllocation (Allocation Failure) done
Event: 38.092 Executing VM operation: ParallelGCFailedAllocation (Allocation Failure)
Event: 38.094 Executing VM operation: ParallelGCFailedAllocation (Allocation Failure) done
Event: 38.113 Executing VM operation: ParallelGCFailedAllocation (Allocation Failure)
Event: 38.115 Executing VM operation: ParallelGCFailedAllocation (Allocation Failure) done
Event: 38.120 Executing VM operation: ParallelGCFailedAllocation (Allocation Failure)
Event: 38.122 Executing VM operation: ParallelGCFailedAllocation (Allocation Failure) done
Event: 38.125 Executing VM operation: ParallelGCFailedAllocation (Allocation Failure)
Event: 38.127 Executing VM operation: ParallelGCFailedAllocation (Allocation Failure) done
Event: 38.130 Executing VM operation: ParallelGCFailedAllocation (Allocation Failure)
Event: 38.132 Executing VM operation: ParallelGCFailedAllocation (Allocation Failure) done
Event: 38.136 Executing VM operation: ParallelGCFailedAllocation (Allocation Failure)
Event: 38.137 Executing VM operation: ParallelGCFailedAllocation (Allocation Failure) done
Event: 38.142 Executing VM operation: ParallelGCFailedAllocation (Allocation Failure)
Event: 38.144 Executing VM operation: ParallelGCFailedAllocation (Allocation Failure) done
Event: 38.151 Executing VM operation: ParallelGCFailedAllocation (Allocation Failure)
Event: 38.154 Executing VM operation: ParallelGCFailedAllocation (Allocation Failure) done
Event: 38.161 Executing VM operation: ParallelGCFailedAllocation (Allocation Failure)

Memory protections (0 events):
No events

Nmethod flushes (20 events):
Event: 34.122 Thread 0x000002395723cdb0 flushing  nmethod 0x0000023946944890
Event: 34.122 Thread 0x000002395723cdb0 flushing  nmethod 0x000002394697f310
Event: 34.122 Thread 0x000002395723cdb0 flushing  nmethod 0x0000023946980290
Event: 34.122 Thread 0x000002395723cdb0 flushing  nmethod 0x0000023946983790
Event: 34.122 Thread 0x000002395723cdb0 flushing  nmethod 0x0000023946984e10
Event: 34.122 Thread 0x000002395723cdb0 flushing  nmethod 0x0000023946985190
Event: 34.122 Thread 0x000002395723cdb0 flushing  nmethod 0x0000023946985b90
Event: 34.122 Thread 0x000002395723cdb0 flushing  nmethod 0x0000023946986010
Event: 34.122 Thread 0x000002395723cdb0 flushing  nmethod 0x0000023946987a10
Event: 34.122 Thread 0x000002395723cdb0 flushing  nmethod 0x0000023946998a10
Event: 34.122 Thread 0x000002395723cdb0 flushing  nmethod 0x000002394699db10
Event: 34.122 Thread 0x000002395723cdb0 flushing  nmethod 0x00000239469b9090
Event: 34.122 Thread 0x000002395723cdb0 flushing  nmethod 0x00000239469dce10
Event: 34.122 Thread 0x000002395723cdb0 flushing  nmethod 0x0000023946a08310
Event: 34.122 Thread 0x000002395723cdb0 flushing  nmethod 0x0000023946a0b290
Event: 34.122 Thread 0x000002395723cdb0 flushing  nmethod 0x0000023946a0e890
Event: 34.122 Thread 0x000002395723cdb0 flushing  nmethod 0x0000023946a17b10
Event: 34.122 Thread 0x000002395723cdb0 flushing  nmethod 0x0000023946a27690
Event: 34.122 Thread 0x000002395723cdb0 flushing  nmethod 0x0000023946a29e10
Event: 34.122 Thread 0x000002395723cdb0 flushing  nmethod 0x0000023946a51f90

Events (20 events):
Event: 35.085 Thread 0x000002399f175500 Thread added: 0x00000239a35d2b80
Event: 35.088 Thread 0x000002399f175500 Thread added: 0x00000239a35d8760
Event: 35.109 Thread 0x00000239a35d8760 Thread exited: 0x00000239a35d8760
Event: 35.114 Thread 0x000002399f175500 Thread added: 0x00000239a35d8760
Event: 35.116 Thread 0x000002399f175500 Thread added: 0x00000239a35da1a0
Event: 35.131 Thread 0x00000239a35da1a0 Thread exited: 0x00000239a35da1a0
Event: 35.132 Thread 0x000002399f175500 Thread added: 0x00000239a35da1a0
Event: 35.167 Thread 0x000002399f175500 Thread added: 0x00000239a1713790
Event: 35.169 Thread 0x000002399f175500 Thread added: 0x00000239a3c82ae0
Event: 35.182 Thread 0x00000239a3c82ae0 Thread exited: 0x00000239a3c82ae0
Event: 35.183 Thread 0x000002399f175500 Thread added: 0x00000239a3c82ae0
Event: 35.188 Thread 0x000002399f175500 Thread added: 0x00000239a3c893e0
Event: 37.628 Thread 0x00000239a3c893e0 Thread added: 0x00000239a3c879a0
Event: 37.759 Thread 0x00000239a3c893e0 Thread added: 0x00000239a3c88d50
Event: 37.781 Thread 0x00000239a3c88d50 Thread added: 0x00000239a3c83800
Event: 37.781 Thread 0x00000239a3c88d50 Thread added: 0x00000239a3c858d0
Event: 38.007 Thread 0x00000239a3c893e0 Thread added: 0x00000239a3c84520
Event: 38.021 Thread 0x00000239a3c84520 Thread added: 0x00000239a3c82450
Event: 38.021 Thread 0x00000239a3c84520 Thread added: 0x00000239a3c89a70
Event: 38.021 Thread 0x00000239a3c82450 Thread exited: 0x00000239a3c82450


Dynamic libraries:
0x00007ff60d180000 - 0x00007ff60d18e000 	c:\Users\student\.vscode\extensions\redhat.java-1.42.0-win32-x64\jre\21.0.7-win32-x86_64\bin\java.exe
0x00007fff64830000 - 0x00007fff64a28000 	C:\Windows\SYSTEM32\ntdll.dll
0x00007fff63000000 - 0x00007fff630bf000 	C:\Windows\System32\KERNEL32.DLL
0x00007fff62130000 - 0x00007fff6240a000 	C:\Windows\System32\KERNELBASE.dll
0x00007fff61f40000 - 0x00007fff62040000 	C:\Windows\System32\ucrtbase.dll
0x00007fff3b710000 - 0x00007fff3b72e000 	c:\Users\student\.vscode\extensions\redhat.java-1.42.0-win32-x64\jre\21.0.7-win32-x86_64\bin\VCRUNTIME140.dll
0x00007fff39380000 - 0x00007fff39398000 	c:\Users\student\.vscode\extensions\redhat.java-1.42.0-win32-x64\jre\21.0.7-win32-x86_64\bin\jli.dll
0x00007fff63a90000 - 0x00007fff63c2d000 	C:\Windows\System32\USER32.dll
0x00007fff62560000 - 0x00007fff62582000 	C:\Windows\System32\win32u.dll
0x00007fff63c30000 - 0x00007fff63c5b000 	C:\Windows\System32\GDI32.dll
0x00007fff4d220000 - 0x00007fff4d4ba000 	C:\Windows\WinSxS\amd64_microsoft.windows.common-controls_6595b64144ccf1df_6.0.19041.1110_none_60b5254171f9507e\COMCTL32.dll
0x00007fff626f0000 - 0x00007fff62800000 	C:\Windows\System32\gdi32full.dll
0x00007fff631f0000 - 0x00007fff6328e000 	C:\Windows\System32\msvcrt.dll
0x00007fff62090000 - 0x00007fff6212d000 	C:\Windows\System32\msvcp_win.dll
0x00007fff63660000 - 0x00007fff63690000 	C:\Windows\System32\IMM32.DLL
0x00007fff3e960000 - 0x00007fff3e96c000 	c:\Users\student\.vscode\extensions\redhat.java-1.42.0-win32-x64\jre\21.0.7-win32-x86_64\bin\vcruntime140_1.dll
0x00007fff24cc0000 - 0x00007fff24d4d000 	c:\Users\student\.vscode\extensions\redhat.java-1.42.0-win32-x64\jre\21.0.7-win32-x86_64\bin\msvcp140.dll
0x00007ffecf990000 - 0x00007ffed0720000 	c:\Users\student\.vscode\extensions\redhat.java-1.42.0-win32-x64\jre\21.0.7-win32-x86_64\bin\server\jvm.dll
0x00007fff63d30000 - 0x00007fff63dde000 	C:\Windows\System32\ADVAPI32.dll
0x00007fff637b0000 - 0x00007fff6384c000 	C:\Windows\System32\sechost.dll
0x00007fff630c0000 - 0x00007fff631e6000 	C:\Windows\System32\RPCRT4.dll
0x00007fff63a00000 - 0x00007fff63a6b000 	C:\Windows\System32\WS2_32.dll
0x00007fff48150000 - 0x00007fff48177000 	C:\Windows\SYSTEM32\WINMM.dll
0x00007fff614c0000 - 0x00007fff6150b000 	C:\Windows\SYSTEM32\POWRPROF.dll
0x00007fff51980000 - 0x00007fff5198a000 	C:\Windows\SYSTEM32\VERSION.dll
0x00007fff61380000 - 0x00007fff61392000 	C:\Windows\SYSTEM32\UMPDC.dll
0x00007fff60790000 - 0x00007fff607a2000 	C:\Windows\SYSTEM32\kernel.appcore.dll
0x00007fff3e890000 - 0x00007fff3e89a000 	c:\Users\student\.vscode\extensions\redhat.java-1.42.0-win32-x64\jre\21.0.7-win32-x86_64\bin\jimage.dll
0x00007fff5fb80000 - 0x00007fff5fd64000 	C:\Windows\SYSTEM32\DBGHELP.DLL
0x00007fff44d00000 - 0x00007fff44d34000 	C:\Windows\SYSTEM32\dbgcore.DLL
0x00007fff62800000 - 0x00007fff62882000 	C:\Windows\System32\bcryptPrimitives.dll
0x00007fff3d660000 - 0x00007fff3d66f000 	c:\Users\student\.vscode\extensions\redhat.java-1.42.0-win32-x64\jre\21.0.7-win32-x86_64\bin\instrument.dll
0x00007fff2c150000 - 0x00007fff2c16f000 	c:\Users\student\.vscode\extensions\redhat.java-1.42.0-win32-x64\jre\21.0.7-win32-x86_64\bin\java.dll
0x00007fff63e90000 - 0x00007fff645d4000 	C:\Windows\System32\SHELL32.dll
0x00007fff5ffe0000 - 0x00007fff60773000 	C:\Windows\SYSTEM32\windows.storage.dll
0x00007fff63290000 - 0x00007fff635e4000 	C:\Windows\System32\combase.dll
0x00007fff619a0000 - 0x00007fff619ce000 	C:\Windows\SYSTEM32\Wldp.dll
0x00007fff64740000 - 0x00007fff647ed000 	C:\Windows\System32\SHCORE.dll
0x00007fff62ec0000 - 0x00007fff62f15000 	C:\Windows\System32\shlwapi.dll
0x00007fff61e80000 - 0x00007fff61e9f000 	C:\Windows\SYSTEM32\profapi.dll
0x00007fff24ca0000 - 0x00007fff24cb8000 	c:\Users\student\.vscode\extensions\redhat.java-1.42.0-win32-x64\jre\21.0.7-win32-x86_64\bin\zip.dll
0x00007fff3d8b0000 - 0x00007fff3d8c0000 	C:\Users\student\.vscode\extensions\redhat.java-1.42.0-win32-x64\jre\21.0.7-win32-x86_64\bin\net.dll
0x00007fff594a0000 - 0x00007fff595aa000 	C:\Windows\SYSTEM32\WINHTTP.dll
0x00007fff61700000 - 0x00007fff6176a000 	C:\Windows\system32\mswsock.dll
0x00007fff24c80000 - 0x00007fff24c96000 	C:\Users\student\.vscode\extensions\redhat.java-1.42.0-win32-x64\jre\21.0.7-win32-x86_64\bin\nio.dll
0x00007fff3d0d0000 - 0x00007fff3d0e0000 	c:\Users\student\.vscode\extensions\redhat.java-1.42.0-win32-x64\jre\21.0.7-win32-x86_64\bin\verify.dll
0x00007fff3d690000 - 0x00007fff3d6d5000 	C:\Users\student\AppData\Roaming\Code\User\globalStorage\redhat.java\1.42.0\config_win\org.eclipse.equinox.launcher\org.eclipse.equinox.launcher.win32.win32.x86_64_1.2.1300.v20250331-1702\eclipse_11911.dll
0x00007fff62d90000 - 0x00007fff62eba000 	C:\Windows\System32\ole32.dll
0x00007fff618f0000 - 0x00007fff61908000 	C:\Windows\SYSTEM32\CRYPTSP.dll
0x00007fff60fb0000 - 0x00007fff60fe4000 	C:\Windows\system32\rsaenh.dll
0x00007fff62530000 - 0x00007fff62557000 	C:\Windows\System32\bcrypt.dll
0x00007fff61e40000 - 0x00007fff61e6e000 	C:\Windows\SYSTEM32\USERENV.dll
0x00007fff61910000 - 0x00007fff6191c000 	C:\Windows\SYSTEM32\CRYPTBASE.dll
0x00007fff613a0000 - 0x00007fff613dc000 	C:\Windows\SYSTEM32\IPHLPAPI.DLL
0x00007fff635f0000 - 0x00007fff635f8000 	C:\Windows\System32\NSI.dll
0x00007fff3d1f0000 - 0x00007fff3d239000 	C:\Users\student\AppData\Local\Temp\jna--1879145925\jna7332402796506539218.dll
0x00007fff64730000 - 0x00007fff64738000 	C:\Windows\System32\PSAPI.DLL
0x00007fff51b30000 - 0x00007fff51b47000 	C:\Windows\SYSTEM32\dhcpcsvc6.DLL
0x00007fff56a60000 - 0x00007fff56a7d000 	C:\Windows\SYSTEM32\dhcpcsvc.DLL
0x00007fff3d1e0000 - 0x00007fff3d1ea000 	C:\Users\student\.vscode\extensions\redhat.java-1.42.0-win32-x64\jre\21.0.7-win32-x86_64\bin\management.dll
0x00007fff3d130000 - 0x00007fff3d13b000 	C:\Users\student\.vscode\extensions\redhat.java-1.42.0-win32-x64\jre\21.0.7-win32-x86_64\bin\management_ext.dll
0x00007fff245f0000 - 0x00007fff24617000 	C:\Users\student\.gradle\native\1def1411415f61bf3af743bc5b6707747c0891f09f0c88961ee8f79bc544acac\windows-amd64\native-platform.dll
0x00007fff39850000 - 0x00007fff39859000 	C:\Users\student\.vscode\extensions\redhat.java-1.42.0-win32-x64\jre\21.0.7-win32-x86_64\bin\extnet.dll

dbghelp: loaded successfully - version: 4.0.5 - missing functions: none
symbol engine: initialized successfully - sym options: 0x614 - pdb path: .;c:\Users\student\.vscode\extensions\redhat.java-1.42.0-win32-x64\jre\21.0.7-win32-x86_64\bin;C:\Windows\SYSTEM32;C:\Windows\WinSxS\amd64_microsoft.windows.common-controls_6595b64144ccf1df_6.0.19041.1110_none_60b5254171f9507e;c:\Users\student\.vscode\extensions\redhat.java-1.42.0-win32-x64\jre\21.0.7-win32-x86_64\bin\server;C:\Users\student\AppData\Roaming\Code\User\globalStorage\redhat.java\1.42.0\config_win\org.eclipse.equinox.launcher\org.eclipse.equinox.launcher.win32.win32.x86_64_1.2.1300.v20250331-1702;C:\Users\student\AppData\Local\Temp\jna--1879145925;C:\Users\student\.gradle\native\1def1411415f61bf3af743bc5b6707747c0891f09f0c88961ee8f79bc544acac\windows-amd64

VM Arguments:
jvm_args: --add-modules=ALL-SYSTEM --add-opens=java.base/java.util=ALL-UNNAMED --add-opens=java.base/java.lang=ALL-UNNAMED --add-opens=java.base/sun.nio.fs=ALL-UNNAMED -Declipse.application=org.eclipse.jdt.ls.core.id1 -Dosgi.bundles.defaultStartLevel=4 -Declipse.product=org.eclipse.jdt.ls.core.product -Djava.import.generatesMetadataFilesAtProjectRoot=false -DDetectVMInstallationsJob.disabled=true -Dfile.encoding=utf8 -XX:+UseParallelGC -XX:GCTimeRatio=4 -XX:AdaptiveSizePolicyWeight=90 -Dsun.zip.disableMemoryMapping=true -Xmx1G -Xms100m -Xlog:disable -javaagent:c:\Users\student\.vscode\extensions\redhat.java-1.42.0-win32-x64\lombok\lombok-1.18.36.jar -XX:+HeapDumpOnOutOfMemoryError -XX:HeapDumpPath=c:\Users\student\AppData\Roaming\Code\User\workspaceStorage\6fd2f73aaa6829d83ee43f0051310afc\redhat.java -Daether.dependencyCollector.impl=bf 
java_command: c:\Users\student\.vscode\extensions\redhat.java-1.42.0-win32-x64\server\plugins\org.eclipse.equinox.launcher_1.7.0.v20250424-1814.jar -configuration c:\Users\student\AppData\Roaming\Code\User\globalStorage\redhat.java\1.42.0\config_win -data c:\Users\student\AppData\Roaming\Code\User\workspaceStorage\6fd2f73aaa6829d83ee43f0051310afc\redhat.java\jdt_ws --pipe=\\.\pipe\lsp-1c2c33d99150ac2ae7d03e133f58067a-sock
java_class_path (initial): c:\Users\student\.vscode\extensions\redhat.java-1.42.0-win32-x64\server\plugins\org.eclipse.equinox.launcher_1.7.0.v20250424-1814.jar
Launcher Type: SUN_STANDARD

[Global flags]
    uintx AdaptiveSizePolicyWeight                 = 90                                        {product} {command line}
     intx CICompilerCount                          = 4                                         {product} {ergonomic}
    uintx GCTimeRatio                              = 4                                         {product} {command line}
     bool HeapDumpOnOutOfMemoryError               = true                                   {manageable} {command line}
    ccstr HeapDumpPath                             = c:\Users\student\AppData\Roaming\Code\User\workspaceStorage\6fd2f73aaa6829d83ee43f0051310afc\redhat.java         {manageable} {command line}
   size_t InitialHeapSize                          = 104857600                                 {product} {command line}
   size_t MaxHeapSize                              = 1073741824                                {product} {command line}
   size_t MaxNewSize                               = 357564416                                 {product} {ergonomic}
   size_t MinHeapDeltaBytes                        = 524288                                    {product} {ergonomic}
   size_t MinHeapSize                              = 104857600                                 {product} {command line}
   size_t NewSize                                  = 34603008                                  {product} {ergonomic}
    uintx NonNMethodCodeHeapSize                   = 5839372                                {pd product} {ergonomic}
    uintx NonProfiledCodeHeapSize                  = 122909434                              {pd product} {ergonomic}
   size_t OldSize                                  = 70254592                                  {product} {ergonomic}
    uintx ProfiledCodeHeapSize                     = 122909434                              {pd product} {ergonomic}
    uintx ReservedCodeCacheSize                    = 251658240                              {pd product} {ergonomic}
     bool SegmentedCodeCache                       = true                                      {product} {ergonomic}
   size_t SoftMaxHeapSize                          = 1073741824                             {manageable} {ergonomic}
     bool UseCompressedOops                        = true                           {product lp64_product} {ergonomic}
     bool UseLargePagesIndividualAllocation        = false                                  {pd product} {ergonomic}
     bool UseParallelGC                            = true                                      {product} {command line}

Logging:
Log output configuration:
 #0: stdout all=off uptime,level,tags foldmultilines=false
 #1: stderr all=off uptime,level,tags foldmultilines=false

Environment Variables:
JAVA_HOME=C:\Program Files\Java\jdk-21
PATH=C:\Windows\system32;C:\Windows;C:\Windows\System32\Wbem;C:\Windows\System32\WindowsPowerShell\v1.0\;C:\Windows\System32\OpenSSH\;C:\Program Files\dotnet\;C:\Program Files\nodejs\;C:\Program Files\Bandizip\;C:\Program Files\Git\cmd;C:\Program Files\MySQL\MySQL Server 8.0\bin;C:\Users\student\AppData\Local\Programs\Python\Python311\Scripts\;C:\Users\student\AppData\Local\Programs\Python\Python311\;C:\Users\student\AppData\Local\Microsoft\WindowsApps;;C:\Program Files\JetBrains\PyCharm Community Edition 2022.3.3\bin;;C:\Users\student\AppData\Roaming\npm;C:\Users\student\AppData\Local\Programs\Microsoft VS Code\bin
USERNAME=student
OS=Windows_NT
PROCESSOR_IDENTIFIER=Intel64 Family 6 Model 140 Stepping 1, GenuineIntel
TMP=C:\Users\student\AppData\Local\Temp
TEMP=C:\Users\student\AppData\Local\Temp




Periodic native trim disabled

---------------  S Y S T E M  ---------------

OS:
 Windows 10 , 64 bit Build 19041 (10.0.19041.2788)
OS uptime: 2 days 0:30 hours

CPU: total 8 (initial active 8) (4 cores per cpu, 2 threads per core) family 6 model 140 stepping 1 microcode 0x8a, cx8, cmov, fxsr, ht, mmx, 3dnowpref, sse, sse2, sse3, ssse3, sse4.1, sse4.2, popcnt, lzcnt, tsc, tscinvbit, avx, avx2, aes, erms, clmul, bmi1, bmi2, adx, avx512f, avx512dq, avx512cd, avx512bw, avx512vl, sha, fma, vzeroupper, avx512_vpopcntdq, avx512_vpclmulqdq, avx512_vaes, avx512_vnni, clflush, clflushopt, clwb, avx512_vbmi2, avx512_vbmi, rdtscp, rdpid, fsrm, gfni, avx512_bitalg, f16c, pku, cet_ibt, cet_ss, avx512_ifma
Processor Information for the first 8 processors :
  Max Mhz: 2419, Current Mhz: 2419, Mhz Limit: 2419

Memory: 4k page, system-wide physical 16107M (3308M free)
TotalPageFile size 16107M (AvailPageFile size 5M)
current process WorkingSet (physical memory assigned to process): 738M, peak: 738M
current process commit charge ("private bytes"): 664M, peak: 1013M

vm_info: OpenJDK 64-Bit Server VM (21.0.7+6-LTS) for windows-amd64 JRE (21.0.7+6-LTS), built on 2025-04-15T00:00:00Z by "admin" with MS VC++ 17.7 (VS2022)

END.
