#
# There is insufficient memory for the Java Runtime Environment to continue.
# Native memory allocation (malloc) failed to allocate 32744 bytes. Error detail: Chunk::new
# Possible reasons:
#   The system is out of physical RAM or swap space
#   This process is running with CompressedOops enabled, and the Java Heap may be blocking the growth of the native heap
# Possible solutions:
#   Reduce memory load on the system
#   Increase physical memory or swap space
#   Check if swap backing store is full
#   Decrease Java heap size (-Xmx/-Xms)
#   Decrease number of Java threads
#   Decrease Java thread stack sizes (-Xss)
#   Set larger code cache with -XX:ReservedCodeCacheSize=
#   JVM is running with Unscaled Compressed Oops mode in which the Java heap is
#     placed in the first 4GB address space. The Java Heap base address is the
#     maximum limit for the native heap growth. Please use -XX:HeapBaseMinAddress
#     to set the Java Heap base and to place the Java Heap above 4GB virtual address.
# This output file may be truncated or incomplete.
#
#  Out of Memory Error (arena.cpp:168), pid=10352, tid=14988
#
# JRE version: OpenJDK Runtime Environment Temurin-21.0.7+6 (21.0.7+6) (build 21.0.7+6-LTS)
# Java VM: OpenJDK 64-Bit Server VM Temurin-21.0.7+6 (21.0.7+6-LTS, mixed mode, sharing, tiered, compressed oops, compressed class ptrs, parallel gc, windows-amd64)
# No core dump will be written. Minidumps are not enabled by default on client versions of Windows
#

---------------  S U M M A R Y ------------

Command Line: --add-modules=ALL-SYSTEM --add-opens=java.base/java.util=ALL-UNNAMED --add-opens=java.base/java.lang=ALL-UNNAMED --add-opens=java.base/sun.nio.fs=ALL-UNNAMED -Declipse.application=org.eclipse.jdt.ls.core.id1 -Dosgi.bundles.defaultStartLevel=4 -Declipse.product=org.eclipse.jdt.ls.core.product -Djava.import.generatesMetadataFilesAtProjectRoot=false -DDetectVMInstallationsJob.disabled=true -Dfile.encoding=utf8 -XX:+UseParallelGC -XX:GCTimeRatio=4 -XX:AdaptiveSizePolicyWeight=90 -Dsun.zip.disableMemoryMapping=true -Xmx1G -Xms100m -Xlog:disable -javaagent:c:\Users\student\.vscode\extensions\redhat.java-1.42.0-win32-x64\lombok\lombok-1.18.36.jar c:\Users\student\.vscode\extensions\redhat.java-1.42.0-win32-x64\server\plugins\org.eclipse.equinox.launcher_1.7.0.v20250424-1814.jar -configuration c:\Users\student\AppData\Roaming\Code\User\globalStorage\redhat.java\1.42.0\config_ss_win -data c:\Users\student\AppData\Roaming\Code\User\workspaceStorage\6fd2f73aaa6829d83ee43f0051310afc\redhat.java\ss_ws --pipe=\\.\pipe\lsp-1d14dcb1e2f1029da765e34f5b7d27b4-sock

Host: 11th Gen Intel(R) Core(TM) i5-1135G7 @ 2.40GHz, 8 cores, 15G,  Windows 10 , 64 bit Build 19041 (10.0.19041.2788)
Time: Thu May 29 10:38:13 2025  Windows 10 , 64 bit Build 19041 (10.0.19041.2788) elapsed time: 16.985014 seconds (0d 0h 0m 16s)

---------------  T H R E A D  ---------------

Current thread (0x0000026cfd878370):  JavaThread "C1 CompilerThread0" daemon [_thread_in_vm, id=14988, stack(0x000000b5d9d00000,0x000000b5d9e00000) (1024K)]


Current CompileTask:
C1:16985 3523       1       sun.util.calendar.CalendarDate::isNormalized (5 bytes)

Stack: [0x000000b5d9d00000,0x000000b5d9e00000]
Native frames: (J=compiled Java code, j=interpreted, Vv=VM code, C=native code)
V  [jvm.dll+0x6ce119]
V  [jvm.dll+0x8a84a1]
V  [jvm.dll+0x8aa9ce]
V  [jvm.dll+0x8ab0b3]
V  [jvm.dll+0x27f8a6]
V  [jvm.dll+0xc507d]
V  [jvm.dll+0xc55b3]
V  [jvm.dll+0x1fa73b]
V  [jvm.dll+0x1e5df3]
V  [jvm.dll+0x2567f6]
V  [jvm.dll+0x254efa]
V  [jvm.dll+0x3f03f6]
V  [jvm.dll+0x851f6b]
V  [jvm.dll+0x6cc7dd]
C  [ucrtbase.dll+0x21bb2]
C  [KERNEL32.DLL+0x17604]
C  [ntdll.dll+0x526a1]


---------------  P R O C E S S  ---------------

Threads class SMR info:
_java_thread_list=0x0000026cd57ffee0, length=33, elements={
0x0000026cf61a3860, 0x0000026cfd86a7d0, 0x0000026cfd86be60, 0x0000026cfd8711b0,
0x0000026cfd871ef0, 0x0000026cfd874a40, 0x0000026cfd875580, 0x0000026cfd8764a0,
0x0000026cfd878370, 0x0000026cff2ddb00, 0x0000026cff549410, 0x0000026cd4062950,
0x0000026cd4293270, 0x0000026cd43e4010, 0x0000026cff99b4a0, 0x0000026cd41d1820,
0x0000026cd46005e0, 0x0000026cd46155a0, 0x0000026cd54845d0, 0x0000026cd54817e0,
0x0000026cd5481e70, 0x0000026cd5482500, 0x0000026cd5482b90, 0x0000026cd5484c60,
0x0000026cd54838b0, 0x0000026cd5483220, 0x0000026cd5483f40, 0x0000026cd4ed8c70,
0x0000026cd4ed85e0, 0x0000026cd4ed5160, 0x0000026cd4ed9990, 0x0000026cd4ed9300,
0x0000026cd4edad40
}

Java Threads: ( => current thread )
  0x0000026cf61a3860 JavaThread "main"                              [_thread_blocked, id=10960, stack(0x000000b5d9200000,0x000000b5d9300000) (1024K)]
  0x0000026cfd86a7d0 JavaThread "Reference Handler"          daemon [_thread_blocked, id=2040, stack(0x000000b5d9600000,0x000000b5d9700000) (1024K)]
  0x0000026cfd86be60 JavaThread "Finalizer"                  daemon [_thread_blocked, id=1692, stack(0x000000b5d9700000,0x000000b5d9800000) (1024K)]
  0x0000026cfd8711b0 JavaThread "Signal Dispatcher"          daemon [_thread_blocked, id=3580, stack(0x000000b5d9800000,0x000000b5d9900000) (1024K)]
  0x0000026cfd871ef0 JavaThread "Attach Listener"            daemon [_thread_blocked, id=7468, stack(0x000000b5d9900000,0x000000b5d9a00000) (1024K)]
  0x0000026cfd874a40 JavaThread "Service Thread"             daemon [_thread_blocked, id=5100, stack(0x000000b5d9a00000,0x000000b5d9b00000) (1024K)]
  0x0000026cfd875580 JavaThread "Monitor Deflation Thread"   daemon [_thread_blocked, id=9200, stack(0x000000b5d9b00000,0x000000b5d9c00000) (1024K)]
  0x0000026cfd8764a0 JavaThread "C2 CompilerThread0"         daemon [_thread_in_native, id=10356, stack(0x000000b5d9c00000,0x000000b5d9d00000) (1024K)]
=>0x0000026cfd878370 JavaThread "C1 CompilerThread0"         daemon [_thread_in_vm, id=14988, stack(0x000000b5d9d00000,0x000000b5d9e00000) (1024K)]
  0x0000026cff2ddb00 JavaThread "Common-Cleaner"             daemon [_thread_blocked, id=392, stack(0x000000b5d9e00000,0x000000b5d9f00000) (1024K)]
  0x0000026cff549410 JavaThread "Notification Thread"        daemon [_thread_blocked, id=14600, stack(0x000000b5da000000,0x000000b5da100000) (1024K)]
  0x0000026cd4062950 JavaThread "Active Thread: Equinox Container: 82b7a1c0-fa00-4d9b-bc1f-e312d0843c77"        [_thread_blocked, id=13324, stack(0x000000b5da800000,0x000000b5da900000) (1024K)]
  0x0000026cd4293270 JavaThread "Framework Event Dispatcher: Equinox Container: 82b7a1c0-fa00-4d9b-bc1f-e312d0843c77" daemon [_thread_blocked, id=3040, stack(0x000000b5da900000,0x000000b5daa00000) (1024K)]
  0x0000026cd43e4010 JavaThread "Start Level: Equinox Container: 82b7a1c0-fa00-4d9b-bc1f-e312d0843c77" daemon [_thread_blocked, id=11876, stack(0x000000b5daa00000,0x000000b5dab00000) (1024K)]
  0x0000026cff99b4a0 JavaThread "SCR Component Actor"        daemon [_thread_blocked, id=12048, stack(0x000000b5dac00000,0x000000b5dad00000) (1024K)]
  0x0000026cd41d1820 JavaThread "Worker-JM"                         [_thread_blocked, id=9852, stack(0x000000b5da100000,0x000000b5da200000) (1024K)]
  0x0000026cd46005e0 JavaThread "Worker-0"                          [_thread_blocked, id=15932, stack(0x000000b5dae00000,0x000000b5daf00000) (1024K)]
  0x0000026cd46155a0 JavaThread "Worker-1: Shutdown..."             [_thread_in_vm, id=3560, stack(0x000000b5daf00000,0x000000b5db000000) (1024K)]
  0x0000026cd54845d0 JavaThread "JNA Cleaner"                daemon [_thread_blocked, id=5940, stack(0x000000b5db100000,0x000000b5db200000) (1024K)]
  0x0000026cd54817e0 JavaThread "Thread-2"                   daemon [_thread_in_native, id=7956, stack(0x000000b5db400000,0x000000b5db500000) (1024K)]
  0x0000026cd5481e70 JavaThread "Thread-3"                   daemon [_thread_in_native, id=12616, stack(0x000000b5db500000,0x000000b5db600000) (1024K)]
  0x0000026cd5482500 JavaThread "Thread-4"                   daemon [_thread_in_native, id=7596, stack(0x000000b5db600000,0x000000b5db700000) (1024K)]
  0x0000026cd5482b90 JavaThread "Thread-5"                   daemon [_thread_in_native, id=13696, stack(0x000000b5db700000,0x000000b5db800000) (1024K)]
  0x0000026cd5484c60 JavaThread "Thread-6"                   daemon [_thread_in_native, id=9376, stack(0x000000b5db800000,0x000000b5db900000) (1024K)]
  0x0000026cd54838b0 JavaThread "Thread-7"                   daemon [_thread_in_native, id=11260, stack(0x000000b5db900000,0x000000b5dba00000) (1024K)]
  0x0000026cd5483220 JavaThread "Thread-8"                   daemon [_thread_in_native, id=11276, stack(0x000000b5dba00000,0x000000b5dbb00000) (1024K)]
  0x0000026cd5483f40 JavaThread "Thread-9"                   daemon [_thread_in_native, id=15656, stack(0x000000b5dbb00000,0x000000b5dbc00000) (1024K)]
  0x0000026cd4ed8c70 JavaThread "Thread-10"                  daemon [_thread_in_native, id=2176, stack(0x000000b5dbc00000,0x000000b5dbd00000) (1024K)]
  0x0000026cd4ed85e0 JavaThread "pool-2-thread-1"                   [_thread_blocked, id=4312, stack(0x000000b5dbd00000,0x000000b5dbe00000) (1024K)]
  0x0000026cd4ed5160 JavaThread "WorkspaceEventsHandler"            [_thread_blocked, id=10288, stack(0x000000b5dbe00000,0x000000b5dbf00000) (1024K)]
  0x0000026cd4ed9990 JavaThread "pool-1-thread-1"                   [_thread_blocked, id=5460, stack(0x000000b5dbf00000,0x000000b5dc000000) (1024K)]
  0x0000026cd4ed9300 JavaThread "ForkJoinPool.commonPool-worker-1" daemon [_thread_blocked, id=14476, stack(0x000000b5d9f00000,0x000000b5da000000) (1024K)]
  0x0000026cd4edad40 JavaThread "pool-3-thread-1"                   [_thread_blocked, id=6628, stack(0x000000b5db000000,0x000000b5db100000) (1024K)]
Total: 33

Other Threads:
  0x0000026cf858ea40 VMThread "VM Thread"                           [id=6044, stack(0x000000b5d9500000,0x000000b5d9600000) (1024K)]
  0x0000026cfd741920 WatcherThread "VM Periodic Task Thread"        [id=6384, stack(0x000000b5d9400000,0x000000b5d9500000) (1024K)]
  0x0000026cf84da850 WorkerThread "GC Thread#0"                     [id=16980, stack(0x000000b5d9300000,0x000000b5d9400000) (1024K)]
  0x0000026cff587980 WorkerThread "GC Thread#1"                     [id=17244, stack(0x000000b5da200000,0x000000b5da300000) (1024K)]
  0x0000026cff584610 WorkerThread "GC Thread#2"                     [id=10024, stack(0x000000b5da300000,0x000000b5da400000) (1024K)]
  0x0000026cff5849b0 WorkerThread "GC Thread#3"                     [id=14708, stack(0x000000b5da400000,0x000000b5da500000) (1024K)]
  0x0000026cff584d50 WorkerThread "GC Thread#4"                     [id=14160, stack(0x000000b5da500000,0x000000b5da600000) (1024K)]
  0x0000026cff5850f0 WorkerThread "GC Thread#5"                     [id=14608, stack(0x000000b5da600000,0x000000b5da700000) (1024K)]
  0x0000026cffb3c410 WorkerThread "GC Thread#6"                     [id=2792, stack(0x000000b5da700000,0x000000b5da800000) (1024K)]
  0x0000026cff99b100 WorkerThread "GC Thread#7"                     [id=5200, stack(0x000000b5dab00000,0x000000b5dac00000) (1024K)]
Total: 10

Threads with active compile tasks:
C2 CompilerThread0  17022 3519       4       org.eclipse.osgi.internal.loader.ModuleClassLoader::toString (80 bytes)
C1 CompilerThread0  17022 3523       1       sun.util.calendar.CalendarDate::isNormalized (5 bytes)
Total: 2

VM state: not at safepoint (normal execution)

VM Mutex/Monitor currently owned by a thread:  ([mutex/lock_event])
[0x00007ffebba3c308] Metaspace_lock - owner thread: 0x0000026cd46155a0

Heap address: 0x00000000c0000000, size: 1024 MB, Compressed Oops mode: 32-bit

CDS archive(s) mapped at: [0x0000026c8f000000-0x0000026c8fba0000-0x0000026c8fba0000), size 12189696, SharedBaseAddress: 0x0000026c8f000000, ArchiveRelocationMode: 1.
Compressed class space mapped at: 0x0000026c90000000-0x0000026cd0000000, reserved size: 1073741824
Narrow klass base: 0x0000026c8f000000, Narrow klass shift: 0, Narrow klass range: 0x100000000

GC Precious Log:
 CardTable entry size: 512
 CPUs: 8 total, 8 available
 Memory: 16107M
 Large Page Support: Disabled
 NUMA Support: Disabled
 Compressed Oops: Enabled (32-bit)
 Alignments: Space 512K, Generation 512K, Heap 2M
 Heap Min Capacity: 100M
 Heap Initial Capacity: 100M
 Heap Max Capacity: 1G
 Pre-touch: Disabled
 Parallel Workers: 8

Heap:
 PSYoungGen      total 27648K, used 8785K [0x00000000eab00000, 0x00000000eca80000, 0x0000000100000000)
  eden space 24064K, 21% used [0x00000000eab00000,0x00000000eb023c28,0x00000000ec280000)
  from space 3584K, 98% used [0x00000000ec680000,0x00000000ec9f0948,0x00000000eca00000)
  to   space 4096K, 0% used [0x00000000ec280000,0x00000000ec280000,0x00000000ec680000)
 ParOldGen       total 68608K, used 10130K [0x00000000c0000000, 0x00000000c4300000, 0x00000000eab00000)
  object space 68608K, 14% used [0x00000000c0000000,0x00000000c09e4b18,0x00000000c4300000)
 Metaspace       used 28938K, committed 29696K, reserved 1114112K
  class space    used 2850K, committed 3200K, reserved 1048576K

Card table byte_map: [0x0000026cf7e70000,0x0000026cf8080000] _byte_map_base: 0x0000026cf7870000

Marking Bits: (ParMarkBitMap*) 0x00007ffebba431f0
 Begin Bits: [0x0000026cfb6c0000, 0x0000026cfc6c0000)
 End Bits:   [0x0000026cfc6c0000, 0x0000026cfd6c0000)

Polling page: 0x0000026cf6430000

Metaspace:

Usage:
  Non-class:     25.48 MB used.
      Class:      2.78 MB used.
       Both:     28.26 MB used.

Virtual space:
  Non-class space:       64.00 MB reserved,      25.88 MB ( 40%) committed,  1 nodes.
      Class space:        1.00 GB reserved,       3.12 MB ( <1%) committed,  1 nodes.
             Both:        1.06 GB reserved,      29.00 MB (  3%) committed. 

Chunk freelists:
   Non-Class:  5.67 MB
       Class:  12.91 MB
        Both:  18.58 MB

MaxMetaspaceSize: unlimited
CompressedClassSpaceSize: 1.00 GB
Initial GC threshold: 21.00 MB
Current GC threshold: 35.00 MB
CDS: on
 - commit_granule_bytes: 65536.
 - commit_granule_words: 8192.
 - virtual_space_node_default_size: 8388608.
 - enlarge_chunks_in_place: 1.
 - use_allocation_guard: 0.


Internal statistics:

num_allocs_failed_limit: 3.
num_arena_births: 574.
num_arena_deaths: 14.
num_vsnodes_births: 2.
num_vsnodes_deaths: 0.
num_space_committed: 464.
num_space_uncommitted: 0.
num_chunks_returned_to_freelist: 17.
num_chunks_taken_from_freelist: 1643.
num_chunk_merges: 7.
num_chunk_splits: 1098.
num_chunks_enlarged: 707.
num_inconsistent_stats: 0.

CodeHeap 'non-profiled nmethods': size=120000Kb used=1681Kb max_used=1681Kb free=118318Kb
 bounds [0x0000026c87ad0000, 0x0000026c87d40000, 0x0000026c8f000000]
CodeHeap 'profiled nmethods': size=120000Kb used=6899Kb max_used=6899Kb free=113100Kb
 bounds [0x0000026c80000000, 0x0000026c806c0000, 0x0000026c87530000]
CodeHeap 'non-nmethods': size=5760Kb used=1357Kb max_used=1392Kb free=4402Kb
 bounds [0x0000026c87530000, 0x0000026c877a0000, 0x0000026c87ad0000]
 total_blobs=4159 nmethods=3521 adapters=544
 compilation: enabled
              stopped_count=0, restarted_count=0
 full_count=0

Compilation events (20 events):
Event: 4.071 Thread 0x0000026cfd878370 nmethod 3510 0x0000026c806bb010 code [0x0000026c806bb1a0, 0x0000026c806bb300]
Event: 4.072 Thread 0x0000026cff312b30 nmethod 3505 0x0000026c87c71190 code [0x0000026c87c71360, 0x0000026c87c716b0]
Event: 4.073 Thread 0x0000026cfd8764a0 nmethod 3507 0x0000026c87c71990 code [0x0000026c87c71b20, 0x0000026c87c71cd0]
Event: 4.076 Thread 0x0000026cd59185e0 nmethod 3504 0x0000026c87c71d90 code [0x0000026c87c71fc0, 0x0000026c87c72918]
Event: 16.950 Thread 0x0000026cfd878370 3512       3       java.util.Calendar::complete (40 bytes)
Event: 16.950 Thread 0x0000026cfd878370 nmethod 3512 0x0000026c806bb390 code [0x0000026c806bb560, 0x0000026c806bb818]
Event: 16.950 Thread 0x0000026cfd878370 3513       3       java.lang.StringUTF16::checkIndex (9 bytes)
Event: 16.950 Thread 0x0000026cfd878370 nmethod 3513 0x0000026c806bb910 code [0x0000026c806bbac0, 0x0000026c806bbcb8]
Event: 16.952 Thread 0x0000026cfd878370 3514       3       jdk.internal.misc.Unsafe::putReferenceOpaque (9 bytes)
Event: 16.953 Thread 0x0000026cfd878370 nmethod 3514 0x0000026c806bbe10 code [0x0000026c806bbfa0, 0x0000026c806bc0d0]
Event: 16.955 Thread 0x0000026cfd878370 3515       3       java.util.concurrent.locks.LockSupport::setBlocker (12 bytes)
Event: 16.955 Thread 0x0000026cfd878370 nmethod 3515 0x0000026c806bc190 code [0x0000026c806bc340, 0x0000026c806bc548]
Event: 16.963 Thread 0x0000026cfd878370 3516       1       sun.nio.fs.WindowsFileSystem::provider (5 bytes)
Event: 16.963 Thread 0x0000026cfd878370 nmethod 3516 0x0000026c87c73290 code [0x0000026c87c73420, 0x0000026c87c734e8]
Event: 16.965 Thread 0x0000026cfd878370 3517       1       java.lang.ThreadLocal::initialValue (2 bytes)
Event: 16.965 Thread 0x0000026cfd878370 nmethod 3517 0x0000026c87c73590 code [0x0000026c87c73720, 0x0000026c87c737f0]
Event: 16.967 Thread 0x0000026cfd8764a0 3519       4       org.eclipse.osgi.internal.loader.ModuleClassLoader::toString (80 bytes)
Event: 16.972 Thread 0x0000026cfd878370 3522       3       java.lang.AbstractStringBuilder::setLength (82 bytes)
Event: 16.972 Thread 0x0000026cfd878370 nmethod 3522 0x0000026c806bc610 code [0x0000026c806bc820, 0x0000026c806bcd80]
Event: 16.983 Thread 0x0000026cfd878370 3523       1       sun.util.calendar.CalendarDate::isNormalized (5 bytes)

GC Heap History (18 events):
Event: 1.063 GC heap before
{Heap before GC invocations=1 (full 0):
 PSYoungGen      total 29696K, used 25600K [0x00000000eab00000, 0x00000000ecc00000, 0x0000000100000000)
  eden space 25600K, 100% used [0x00000000eab00000,0x00000000ec400000,0x00000000ec400000)
  from space 4096K, 0% used [0x00000000ec800000,0x00000000ec800000,0x00000000ecc00000)
  to   space 4096K, 0% used [0x00000000ec400000,0x00000000ec400000,0x00000000ec800000)
 ParOldGen       total 68608K, used 0K [0x00000000c0000000, 0x00000000c4300000, 0x00000000eab00000)
  object space 68608K, 0% used [0x00000000c0000000,0x00000000c0000000,0x00000000c4300000)
 Metaspace       used 4371K, committed 4608K, reserved 1114112K
  class space    used 465K, committed 576K, reserved 1048576K
}
Event: 1.078 GC heap after
{Heap after GC invocations=1 (full 0):
 PSYoungGen      total 29696K, used 3439K [0x00000000eab00000, 0x00000000ecc00000, 0x0000000100000000)
  eden space 25600K, 0% used [0x00000000eab00000,0x00000000eab00000,0x00000000ec400000)
  from space 4096K, 83% used [0x00000000ec400000,0x00000000ec75be80,0x00000000ec800000)
  to   space 4096K, 0% used [0x00000000ec800000,0x00000000ec800000,0x00000000ecc00000)
 ParOldGen       total 68608K, used 0K [0x00000000c0000000, 0x00000000c4300000, 0x00000000eab00000)
  object space 68608K, 0% used [0x00000000c0000000,0x00000000c0000000,0x00000000c4300000)
 Metaspace       used 4371K, committed 4608K, reserved 1114112K
  class space    used 465K, committed 576K, reserved 1048576K
}
Event: 1.693 GC heap before
{Heap before GC invocations=2 (full 0):
 PSYoungGen      total 29696K, used 29039K [0x00000000eab00000, 0x00000000ecc00000, 0x0000000100000000)
  eden space 25600K, 100% used [0x00000000eab00000,0x00000000ec400000,0x00000000ec400000)
  from space 4096K, 83% used [0x00000000ec400000,0x00000000ec75be80,0x00000000ec800000)
  to   space 4096K, 0% used [0x00000000ec800000,0x00000000ec800000,0x00000000ecc00000)
 ParOldGen       total 68608K, used 0K [0x00000000c0000000, 0x00000000c4300000, 0x00000000eab00000)
  object space 68608K, 0% used [0x00000000c0000000,0x00000000c0000000,0x00000000c4300000)
 Metaspace       used 8313K, committed 8640K, reserved 1114112K
  class space    used 854K, committed 1024K, reserved 1048576K
}
Event: 1.697 GC heap after
{Heap after GC invocations=2 (full 0):
 PSYoungGen      total 29696K, used 4083K [0x00000000eab00000, 0x00000000ecc00000, 0x0000000100000000)
  eden space 25600K, 0% used [0x00000000eab00000,0x00000000eab00000,0x00000000ec400000)
  from space 4096K, 99% used [0x00000000ec800000,0x00000000ecbfcfd8,0x00000000ecc00000)
  to   space 4096K, 0% used [0x00000000ec400000,0x00000000ec400000,0x00000000ec800000)
 ParOldGen       total 68608K, used 1053K [0x00000000c0000000, 0x00000000c4300000, 0x00000000eab00000)
  object space 68608K, 1% used [0x00000000c0000000,0x00000000c01076a8,0x00000000c4300000)
 Metaspace       used 8313K, committed 8640K, reserved 1114112K
  class space    used 854K, committed 1024K, reserved 1048576K
}
Event: 2.110 GC heap before
{Heap before GC invocations=3 (full 0):
 PSYoungGen      total 29696K, used 29633K [0x00000000eab00000, 0x00000000ecc00000, 0x0000000100000000)
  eden space 25600K, 99% used [0x00000000eab00000,0x00000000ec3f34d0,0x00000000ec400000)
  from space 4096K, 99% used [0x00000000ec800000,0x00000000ecbfcfd8,0x00000000ecc00000)
  to   space 4096K, 0% used [0x00000000ec400000,0x00000000ec400000,0x00000000ec800000)
 ParOldGen       total 68608K, used 1053K [0x00000000c0000000, 0x00000000c4300000, 0x00000000eab00000)
  object space 68608K, 1% used [0x00000000c0000000,0x00000000c01076a8,0x00000000c4300000)
 Metaspace       used 13053K, committed 13632K, reserved 1114112K
  class space    used 1341K, committed 1600K, reserved 1048576K
}
Event: 2.114 GC heap after
{Heap after GC invocations=3 (full 0):
 PSYoungGen      total 29696K, used 4064K [0x00000000eab00000, 0x00000000ecc00000, 0x0000000100000000)
  eden space 25600K, 0% used [0x00000000eab00000,0x00000000eab00000,0x00000000ec400000)
  from space 4096K, 99% used [0x00000000ec400000,0x00000000ec7f81a0,0x00000000ec800000)
  to   space 4096K, 0% used [0x00000000ec800000,0x00000000ec800000,0x00000000ecc00000)
 ParOldGen       total 68608K, used 2960K [0x00000000c0000000, 0x00000000c4300000, 0x00000000eab00000)
  object space 68608K, 4% used [0x00000000c0000000,0x00000000c02e43b0,0x00000000c4300000)
 Metaspace       used 13053K, committed 13632K, reserved 1114112K
  class space    used 1341K, committed 1600K, reserved 1048576K
}
Event: 2.404 GC heap before
{Heap before GC invocations=4 (full 0):
 PSYoungGen      total 29696K, used 29664K [0x00000000eab00000, 0x00000000ecc00000, 0x0000000100000000)
  eden space 25600K, 100% used [0x00000000eab00000,0x00000000ec400000,0x00000000ec400000)
  from space 4096K, 99% used [0x00000000ec400000,0x00000000ec7f81a0,0x00000000ec800000)
  to   space 4096K, 0% used [0x00000000ec800000,0x00000000ec800000,0x00000000ecc00000)
 ParOldGen       total 68608K, used 2960K [0x00000000c0000000, 0x00000000c4300000, 0x00000000eab00000)
  object space 68608K, 4% used [0x00000000c0000000,0x00000000c02e43b0,0x00000000c4300000)
 Metaspace       used 15981K, committed 16640K, reserved 1114112K
  class space    used 1614K, committed 1920K, reserved 1048576K
}
Event: 2.409 GC heap after
{Heap after GC invocations=4 (full 0):
 PSYoungGen      total 29696K, used 4082K [0x00000000eab00000, 0x00000000ecc00000, 0x0000000100000000)
  eden space 25600K, 0% used [0x00000000eab00000,0x00000000eab00000,0x00000000ec400000)
  from space 4096K, 99% used [0x00000000ec800000,0x00000000ecbfc9c0,0x00000000ecc00000)
  to   space 4096K, 0% used [0x00000000ec400000,0x00000000ec400000,0x00000000ec800000)
 ParOldGen       total 68608K, used 5540K [0x00000000c0000000, 0x00000000c4300000, 0x00000000eab00000)
  object space 68608K, 8% used [0x00000000c0000000,0x00000000c05691f0,0x00000000c4300000)
 Metaspace       used 15981K, committed 16640K, reserved 1114112K
  class space    used 1614K, committed 1920K, reserved 1048576K
}
Event: 2.593 GC heap before
{Heap before GC invocations=5 (full 0):
 PSYoungGen      total 29696K, used 29682K [0x00000000eab00000, 0x00000000ecc00000, 0x0000000100000000)
  eden space 25600K, 100% used [0x00000000eab00000,0x00000000ec400000,0x00000000ec400000)
  from space 4096K, 99% used [0x00000000ec800000,0x00000000ecbfc9c0,0x00000000ecc00000)
  to   space 4096K, 0% used [0x00000000ec400000,0x00000000ec400000,0x00000000ec800000)
 ParOldGen       total 68608K, used 5540K [0x00000000c0000000, 0x00000000c4300000, 0x00000000eab00000)
  object space 68608K, 8% used [0x00000000c0000000,0x00000000c05691f0,0x00000000c4300000)
 Metaspace       used 20196K, committed 20800K, reserved 1114112K
  class space    used 1917K, committed 2176K, reserved 1048576K
}
Event: 2.596 GC heap after
{Heap after GC invocations=5 (full 0):
 PSYoungGen      total 29184K, used 4084K [0x00000000eab00000, 0x00000000ece80000, 0x0000000100000000)
  eden space 25088K, 0% used [0x00000000eab00000,0x00000000eab00000,0x00000000ec380000)
  from space 4096K, 99% used [0x00000000ec400000,0x00000000ec7fd1c8,0x00000000ec800000)
  to   space 5632K, 0% used [0x00000000ec900000,0x00000000ec900000,0x00000000ece80000)
 ParOldGen       total 68608K, used 6114K [0x00000000c0000000, 0x00000000c4300000, 0x00000000eab00000)
  object space 68608K, 8% used [0x00000000c0000000,0x00000000c05f89d0,0x00000000c4300000)
 Metaspace       used 20196K, committed 20800K, reserved 1114112K
  class space    used 1917K, committed 2176K, reserved 1048576K
}
Event: 2.888 GC heap before
{Heap before GC invocations=6 (full 0):
 PSYoungGen      total 29184K, used 22818K [0x00000000eab00000, 0x00000000ece80000, 0x0000000100000000)
  eden space 25088K, 74% used [0x00000000eab00000,0x00000000ebd4b870,0x00000000ec380000)
  from space 4096K, 99% used [0x00000000ec400000,0x00000000ec7fd1c8,0x00000000ec800000)
  to   space 5632K, 0% used [0x00000000ec900000,0x00000000ec900000,0x00000000ece80000)
 ParOldGen       total 68608K, used 6114K [0x00000000c0000000, 0x00000000c4300000, 0x00000000eab00000)
  object space 68608K, 8% used [0x00000000c0000000,0x00000000c05f89d0,0x00000000c4300000)
 Metaspace       used 20891K, committed 21504K, reserved 1114112K
  class space    used 1945K, committed 2240K, reserved 1048576K
}
Event: 2.893 GC heap after
{Heap after GC invocations=6 (full 0):
 PSYoungGen      total 30720K, used 5324K [0x00000000eab00000, 0x00000000ece80000, 0x0000000100000000)
  eden space 25088K, 0% used [0x00000000eab00000,0x00000000eab00000,0x00000000ec380000)
  from space 5632K, 94% used [0x00000000ec900000,0x00000000ece331d8,0x00000000ece80000)
  to   space 5632K, 0% used [0x00000000ec380000,0x00000000ec380000,0x00000000ec900000)
 ParOldGen       total 68608K, used 6903K [0x00000000c0000000, 0x00000000c4300000, 0x00000000eab00000)
  object space 68608K, 10% used [0x00000000c0000000,0x00000000c06bdee0,0x00000000c4300000)
 Metaspace       used 20891K, committed 21504K, reserved 1114112K
  class space    used 1945K, committed 2240K, reserved 1048576K
}
Event: 2.893 GC heap before
{Heap before GC invocations=7 (full 1):
 PSYoungGen      total 30720K, used 5324K [0x00000000eab00000, 0x00000000ece80000, 0x0000000100000000)
  eden space 25088K, 0% used [0x00000000eab00000,0x00000000eab00000,0x00000000ec380000)
  from space 5632K, 94% used [0x00000000ec900000,0x00000000ece331d8,0x00000000ece80000)
  to   space 5632K, 0% used [0x00000000ec380000,0x00000000ec380000,0x00000000ec900000)
 ParOldGen       total 68608K, used 6903K [0x00000000c0000000, 0x00000000c4300000, 0x00000000eab00000)
  object space 68608K, 10% used [0x00000000c0000000,0x00000000c06bdee0,0x00000000c4300000)
 Metaspace       used 20891K, committed 21504K, reserved 1114112K
  class space    used 1945K, committed 2240K, reserved 1048576K
}
Event: 2.912 GC heap after
{Heap after GC invocations=7 (full 1):
 PSYoungGen      total 30720K, used 0K [0x00000000eab00000, 0x00000000ece80000, 0x0000000100000000)
  eden space 25088K, 0% used [0x00000000eab00000,0x00000000eab00000,0x00000000ec380000)
  from space 5632K, 0% used [0x00000000ec900000,0x00000000ec900000,0x00000000ece80000)
  to   space 5632K, 0% used [0x00000000ec380000,0x00000000ec380000,0x00000000ec900000)
 ParOldGen       total 68608K, used 10114K [0x00000000c0000000, 0x00000000c4300000, 0x00000000eab00000)
  object space 68608K, 14% used [0x00000000c0000000,0x00000000c09e0b18,0x00000000c4300000)
 Metaspace       used 20878K, committed 21504K, reserved 1114112K
  class space    used 1942K, committed 2240K, reserved 1048576K
}
Event: 3.613 GC heap before
{Heap before GC invocations=8 (full 1):
 PSYoungGen      total 30720K, used 25088K [0x00000000eab00000, 0x00000000ece80000, 0x0000000100000000)
  eden space 25088K, 100% used [0x00000000eab00000,0x00000000ec380000,0x00000000ec380000)
  from space 5632K, 0% used [0x00000000ec900000,0x00000000ec900000,0x00000000ece80000)
  to   space 5632K, 0% used [0x00000000ec380000,0x00000000ec380000,0x00000000ec900000)
 ParOldGen       total 68608K, used 10114K [0x00000000c0000000, 0x00000000c4300000, 0x00000000eab00000)
  object space 68608K, 14% used [0x00000000c0000000,0x00000000c09e0b18,0x00000000c4300000)
 Metaspace       used 25327K, committed 25984K, reserved 1114112K
  class space    used 2405K, committed 2688K, reserved 1048576K
}
Event: 3.615 GC heap after
{Heap after GC invocations=8 (full 1):
 PSYoungGen      total 27136K, used 2290K [0x00000000eab00000, 0x00000000eca00000, 0x0000000100000000)
  eden space 24576K, 0% used [0x00000000eab00000,0x00000000eab00000,0x00000000ec300000)
  from space 2560K, 89% used [0x00000000ec380000,0x00000000ec5bcab0,0x00000000ec600000)
  to   space 3584K, 0% used [0x00000000ec680000,0x00000000ec680000,0x00000000eca00000)
 ParOldGen       total 68608K, used 10122K [0x00000000c0000000, 0x00000000c4300000, 0x00000000eab00000)
  object space 68608K, 14% used [0x00000000c0000000,0x00000000c09e2b18,0x00000000c4300000)
 Metaspace       used 25327K, committed 25984K, reserved 1114112K
  class space    used 2405K, committed 2688K, reserved 1048576K
}
Event: 3.986 GC heap before
{Heap before GC invocations=9 (full 1):
 PSYoungGen      total 27136K, used 26866K [0x00000000eab00000, 0x00000000eca00000, 0x0000000100000000)
  eden space 24576K, 100% used [0x00000000eab00000,0x00000000ec300000,0x00000000ec300000)
  from space 2560K, 89% used [0x00000000ec380000,0x00000000ec5bcab0,0x00000000ec600000)
  to   space 3584K, 0% used [0x00000000ec680000,0x00000000ec680000,0x00000000eca00000)
 ParOldGen       total 68608K, used 10122K [0x00000000c0000000, 0x00000000c4300000, 0x00000000eab00000)
  object space 68608K, 14% used [0x00000000c0000000,0x00000000c09e2b18,0x00000000c4300000)
 Metaspace       used 28288K, committed 29120K, reserved 1114112K
  class space    used 2764K, committed 3136K, reserved 1048576K
}
Event: 3.988 GC heap after
{Heap after GC invocations=9 (full 1):
 PSYoungGen      total 27648K, used 3522K [0x00000000eab00000, 0x00000000eca80000, 0x0000000100000000)
  eden space 24064K, 0% used [0x00000000eab00000,0x00000000eab00000,0x00000000ec280000)
  from space 3584K, 98% used [0x00000000ec680000,0x00000000ec9f0948,0x00000000eca00000)
  to   space 4096K, 0% used [0x00000000ec280000,0x00000000ec280000,0x00000000ec680000)
 ParOldGen       total 68608K, used 10130K [0x00000000c0000000, 0x00000000c4300000, 0x00000000eab00000)
  object space 68608K, 14% used [0x00000000c0000000,0x00000000c09e4b18,0x00000000c4300000)
 Metaspace       used 28288K, committed 29120K, reserved 1114112K
  class space    used 2764K, committed 3136K, reserved 1048576K
}

Dll operation events (10 events):
Event: 0.022 Loaded shared library c:\Users\student\.vscode\extensions\redhat.java-1.42.0-win32-x64\jre\21.0.7-win32-x86_64\bin\java.dll
Event: 0.055 Loaded shared library c:\Users\student\.vscode\extensions\redhat.java-1.42.0-win32-x64\jre\21.0.7-win32-x86_64\bin\zip.dll
Event: 0.143 Loaded shared library C:\Users\student\.vscode\extensions\redhat.java-1.42.0-win32-x64\jre\21.0.7-win32-x86_64\bin\instrument.dll
Event: 0.150 Loaded shared library C:\Users\student\.vscode\extensions\redhat.java-1.42.0-win32-x64\jre\21.0.7-win32-x86_64\bin\net.dll
Event: 0.153 Loaded shared library C:\Users\student\.vscode\extensions\redhat.java-1.42.0-win32-x64\jre\21.0.7-win32-x86_64\bin\nio.dll
Event: 0.161 Loaded shared library C:\Users\student\.vscode\extensions\redhat.java-1.42.0-win32-x64\jre\21.0.7-win32-x86_64\bin\zip.dll
Event: 0.194 Loaded shared library C:\Users\student\.vscode\extensions\redhat.java-1.42.0-win32-x64\jre\21.0.7-win32-x86_64\bin\jimage.dll
Event: 0.310 Loaded shared library c:\Users\student\.vscode\extensions\redhat.java-1.42.0-win32-x64\jre\21.0.7-win32-x86_64\bin\verify.dll
Event: 1.668 Loaded shared library C:\Users\student\AppData\Roaming\Code\User\globalStorage\redhat.java\1.42.0\config_ss_win\org.eclipse.equinox.launcher\org.eclipse.equinox.launcher.win32.win32.x86_64_1.2.1300.v20250331-1702\eclipse_11911.dll
Event: 3.450 Loaded shared library C:\Users\student\AppData\Local\Temp\jna--1879145925\jna3216914059761731608.dll

Deoptimization events (20 events):
Event: 3.825 Thread 0x0000026cf61a3860 DEOPT PACKING pc=0x0000026c87b04244 sp=0x000000b5d92fe690
Event: 3.825 Thread 0x0000026cf61a3860 DEOPT UNPACKING pc=0x0000026c87586da2 sp=0x000000b5d92fe628 mode 2
Event: 3.932 Thread 0x0000026cd4ed9990 Uncommon trap: trap_request=0xffffffde fr.pc=0x0000026c87bd8c70 relative=0x0000000000000050
Event: 3.932 Thread 0x0000026cd4ed9990 Uncommon trap: reason=class_check action=maybe_recompile pc=0x0000026c87bd8c70 method=java.lang.invoke.DirectMethodHandle.internalMemberName(Ljava/lang/Object;)Ljava/lang/Object; @ 1 c2
Event: 3.932 Thread 0x0000026cd4ed9990 DEOPT PACKING pc=0x0000026c87bd8c70 sp=0x000000b5dbffe8b0
Event: 3.932 Thread 0x0000026cd4ed9990 DEOPT UNPACKING pc=0x0000026c87586da2 sp=0x000000b5dbffe840 mode 2
Event: 3.953 Thread 0x0000026cd4ed9990 Uncommon trap: trap_request=0xffffff45 fr.pc=0x0000026c87c1dc00 relative=0x0000000000001320
Event: 3.953 Thread 0x0000026cd4ed9990 Uncommon trap: reason=unstable_if action=reinterpret pc=0x0000026c87c1dc00 method=java.util.zip.ZipCoder$UTF8ZipCoder.hasTrailingSlash([BI)Z @ 11 c2
Event: 3.953 Thread 0x0000026cd4ed9990 DEOPT PACKING pc=0x0000026c87c1dc00 sp=0x000000b5dbffc7e0
Event: 3.953 Thread 0x0000026cd4ed9990 DEOPT UNPACKING pc=0x0000026c87586da2 sp=0x000000b5dbffc748 mode 2
Event: 4.036 Thread 0x0000026cd4ed9990 Uncommon trap: trap_request=0xffffff45 fr.pc=0x0000026c87b141ec relative=0x00000000000004ec
Event: 4.036 Thread 0x0000026cd4ed9990 Uncommon trap: reason=unstable_if action=reinterpret pc=0x0000026c87b141ec method=java.util.HashMap$HashIterator.<init>(Ljava/util/HashMap;)V @ 45 c2
Event: 4.036 Thread 0x0000026cd4ed9990 DEOPT PACKING pc=0x0000026c87b141ec sp=0x000000b5dbffe650
Event: 4.036 Thread 0x0000026cd4ed9990 DEOPT UNPACKING pc=0x0000026c87586da2 sp=0x000000b5dbffe4c0 mode 2
Event: 4.037 Thread 0x0000026cd4ed9990 DEOPT PACKING pc=0x0000026c805da3d8 sp=0x000000b5dbffd650
Event: 4.037 Thread 0x0000026cd4ed9990 DEOPT UNPACKING pc=0x0000026c875878e2 sp=0x000000b5dbffcb38 mode 0
Event: 16.982 Thread 0x0000026cd46155a0 Uncommon trap: trap_request=0xffffffde fr.pc=0x0000026c87b7d3b4 relative=0x00000000000006f4
Event: 16.982 Thread 0x0000026cd46155a0 Uncommon trap: reason=class_check action=maybe_recompile pc=0x0000026c87b7d3b4 method=java.util.HashMap.computeIfAbsent(Ljava/lang/Object;Ljava/util/function/Function;)Ljava/lang/Object; @ 188 c2
Event: 16.982 Thread 0x0000026cd46155a0 DEOPT PACKING pc=0x0000026c87b7d3b4 sp=0x000000b5daffecc0
Event: 16.982 Thread 0x0000026cd46155a0 DEOPT UNPACKING pc=0x0000026c87586da2 sp=0x000000b5daffec68 mode 2

Classes loaded (20 events):
Event: 16.955 Loading class java/io/DataOutputStream
Event: 16.955 Loading class java/io/DataOutputStream done
Event: 16.960 Loading class java/util/concurrent/ConcurrentHashMap$EntrySpliterator
Event: 16.960 Loading class java/util/concurrent/ConcurrentHashMap$EntrySpliterator done
Event: 16.966 Loading class java/util/concurrent/ForkJoinTask$AdaptedCallable
Event: 16.966 Loading class java/util/concurrent/ForkJoinTask$AdaptedCallable done
Event: 16.969 Loading class java/util/stream/Nodes$CollectorTask$OfRef
Event: 16.969 Loading class java/util/stream/Nodes$CollectorTask
Event: 16.969 Loading class java/util/concurrent/Executors$DelegatedScheduledExecutorService
Event: 16.969 Loading class java/util/concurrent/Executors$DelegatedExecutorService
Event: 16.969 Loading class java/util/stream/Nodes$CollectorTask done
Event: 16.969 Loading class java/util/concurrent/Executors$DelegatedExecutorService done
Event: 16.970 Loading class java/util/concurrent/Executors$DelegatedScheduledExecutorService done
Event: 16.970 Loading class java/util/stream/Nodes$CollectorTask$OfRef done
Event: 16.970 Loading class java/util/function/LongFunction
Event: 16.970 Loading class java/util/function/LongFunction done
Event: 16.970 Loading class java/util/stream/Nodes$ConcNode
Event: 16.970 Loading class java/util/stream/Nodes$AbstractConcNode
Event: 16.970 Loading class java/util/stream/Nodes$AbstractConcNode done
Event: 16.970 Loading class java/util/stream/Nodes$ConcNode done

Classes unloaded (7 events):
Event: 2.896 Thread 0x0000026cf858ea40 Unloading class 0x0000026c90189000 'java/lang/invoke/LambdaForm$MH+0x0000026c90189000'
Event: 2.896 Thread 0x0000026cf858ea40 Unloading class 0x0000026c90188c00 'java/lang/invoke/LambdaForm$MH+0x0000026c90188c00'
Event: 2.896 Thread 0x0000026cf858ea40 Unloading class 0x0000026c90188800 'java/lang/invoke/LambdaForm$MH+0x0000026c90188800'
Event: 2.896 Thread 0x0000026cf858ea40 Unloading class 0x0000026c90188400 'java/lang/invoke/LambdaForm$MH+0x0000026c90188400'
Event: 2.896 Thread 0x0000026cf858ea40 Unloading class 0x0000026c90188000 'java/lang/invoke/LambdaForm$BMH+0x0000026c90188000'
Event: 2.896 Thread 0x0000026cf858ea40 Unloading class 0x0000026c90187c00 'java/lang/invoke/LambdaForm$DMH+0x0000026c90187c00'
Event: 2.896 Thread 0x0000026cf858ea40 Unloading class 0x0000026c90186c00 'java/lang/invoke/LambdaForm$DMH+0x0000026c90186c00'

Classes redefined (0 events):
No events

Internal exceptions (20 events):
Event: 3.595 Thread 0x0000026cf61a3860 Exception <a 'java/lang/NoSuchMethodError'{0x00000000ec137cf8}: 'java.lang.Object java.lang.invoke.DirectMethodHandle$Holder.invokeStaticInit(java.lang.Object, long, java.lang.Object)'> (0x00000000ec137cf8) 
thrown [s\src\hotspot\share\interpreter\linkResolver.cpp, line 773]
Event: 3.595 Thread 0x0000026cf61a3860 Exception <a 'java/lang/NoSuchMethodError'{0x00000000ec16a9c8}: 'java.lang.Object java.lang.invoke.DirectMethodHandle$Holder.newInvokeSpecial(java.lang.Object, long)'> (0x00000000ec16a9c8) 
thrown [s\src\hotspot\share\interpreter\linkResolver.cpp, line 773]
Event: 3.626 Thread 0x0000026cd46155a0 Exception <a 'java/io/FileNotFoundException'{0x00000000eac297c0}> (0x00000000eac297c0) 
thrown [s\src\hotspot\share\prims\jni.cpp, line 520]
Event: 3.626 Thread 0x0000026cd46155a0 Exception <a 'java/io/FileNotFoundException'{0x00000000eac2ade0}> (0x00000000eac2ade0) 
thrown [s\src\hotspot\share\prims\jni.cpp, line 520]
Event: 3.628 Thread 0x0000026cd46155a0 Exception <a 'java/lang/NoSuchMethodError'{0x00000000eac38d18}: 'java.lang.Object java.lang.invoke.DirectMethodHandle$Holder.newInvokeSpecial(java.lang.Object, java.lang.Object, java.lang.Object, int)'> (0x00000000eac38d18) 
thrown [s\src\hotspot\share\interpreter\linkResolver.cpp, line 773]
Event: 3.628 Thread 0x0000026cd46155a0 Exception <a 'java/lang/NoSuchMethodError'{0x00000000eac3cb90}: 'java.lang.Object java.lang.invoke.DirectMethodHandle$Holder.invokeSpecial(java.lang.Object, java.lang.Object, java.lang.Object, java.lang.Object, int)'> (0x00000000eac3cb90) 
thrown [s\src\hotspot\share\interpreter\linkResolver.cpp, line 773]
Event: 3.629 Thread 0x0000026cd46155a0 Exception <a 'java/lang/NoSuchMethodError'{0x00000000eac40028}: 'java.lang.Object java.lang.invoke.Invokers$Holder.linkToTargetMethod(java.lang.Object, java.lang.Object, int, java.lang.Object)'> (0x00000000eac40028) 
thrown [s\src\hotspot\share\interpreter\linkResolver.cpp, line 773]
Event: 3.630 Thread 0x0000026cd46155a0 Exception <a 'java/lang/NoSuchMethodError'{0x00000000eac4b818}: 'void java.lang.invoke.DirectMethodHandle$Holder.invokeStaticInit(java.lang.Object, java.lang.Object, java.lang.Object)'> (0x00000000eac4b818) 
thrown [s\src\hotspot\share\interpreter\linkResolver.cpp, line 773]
Event: 3.634 Thread 0x0000026cd46155a0 Exception <a 'java/io/FileNotFoundException'{0x00000000eacb2270}> (0x00000000eacb2270) 
thrown [s\src\hotspot\share\prims\jni.cpp, line 520]
Event: 3.635 Thread 0x0000026cd46155a0 Exception <a 'java/io/FileNotFoundException'{0x00000000eacb3250}> (0x00000000eacb3250) 
thrown [s\src\hotspot\share\prims\jni.cpp, line 520]
Event: 3.770 Thread 0x0000026cf61a3860 Exception <a 'java/lang/NoSuchMethodError'{0x00000000eb6bf2e0}: 'void java.lang.invoke.DirectMethodHandle$Holder.invokeSpecial(java.lang.Object, java.lang.Object, java.lang.Object, java.lang.Object, java.lang.Object, java.lang.Object)'> (0x00000000eb6bf2e0) 
thrown [s\src\hotspot\share\interpreter\linkResolver.cpp, line 773]
Event: 3.772 Thread 0x0000026cf61a3860 Exception <a 'java/lang/IncompatibleClassChangeError'{0x00000000eb6c7460}: Found class java.lang.Object, but interface was expected> (0x00000000eb6c7460) 
thrown [s\src\hotspot\share\interpreter\linkResolver.cpp, line 840]
Event: 3.772 Thread 0x0000026cf61a3860 Exception <a 'java/lang/IncompatibleClassChangeError'{0x00000000eb6c9250}: Found class java.lang.Object, but interface was expected> (0x00000000eb6c9250) 
thrown [s\src\hotspot\share\interpreter\linkResolver.cpp, line 840]
Event: 3.931 Thread 0x0000026cd4ed9990 Exception <a 'java/lang/NoSuchMethodError'{0x00000000ebc6a9c0}: 'java.lang.Object java.lang.invoke.DirectMethodHandle$Holder.invokeInterface(java.lang.Object, java.lang.Object, java.lang.Object)'> (0x00000000ebc6a9c0) 
thrown [s\src\hotspot\share\interpreter\linkResolver.cpp, line 773]
Event: 3.947 Thread 0x0000026cd4ed9990 Exception <a 'java/io/FileNotFoundException'{0x00000000ebcf5ca8}> (0x00000000ebcf5ca8) 
thrown [s\src\hotspot\share\prims\jni.cpp, line 520]
Event: 3.980 Thread 0x0000026cd4ed9990 Exception <a 'sun/nio/fs/WindowsException'{0x00000000ec2c0a88}> (0x00000000ec2c0a88) 
thrown [s\src\hotspot\share\prims\jni.cpp, line 520]
Event: 4.035 Thread 0x0000026cd4ed9990 Exception <a 'java/lang/IncompatibleClassChangeError'{0x00000000ead71488}: Found class java.lang.Object, but interface was expected> (0x00000000ead71488) 
thrown [s\src\hotspot\share\interpreter\linkResolver.cpp, line 840]
Event: 16.963 Thread 0x0000026cd46155a0 Exception <a 'sun/nio/fs/WindowsException'{0x00000000eaf4c180}> (0x00000000eaf4c180) 
thrown [s\src\hotspot\share\prims\jni.cpp, line 520]
Event: 16.964 Thread 0x0000026cd46155a0 Exception <a 'sun/nio/fs/WindowsException'{0x00000000eaf52608}> (0x00000000eaf52608) 
thrown [s\src\hotspot\share\prims\jni.cpp, line 520]
Event: 16.967 Thread 0x0000026cd4ed9990 Exception <a 'java/lang/NoSuchMethodError'{0x00000000eaee4920}: 'void java.lang.invoke.DirectMethodHandle$Holder.invokeInterface(java.lang.Object, java.lang.Object)'> (0x00000000eaee4920) 
thrown [s\src\hotspot\share\interpreter\linkResolver.cpp, line 773]

ZGC Phase Switch (0 events):
No events

VM Operations (20 events):
Event: 2.960 Executing VM operation: HandshakeAllThreads (Deoptimize)
Event: 2.960 Executing VM operation: HandshakeAllThreads (Deoptimize) done
Event: 3.088 Executing VM operation: HandshakeAllThreads (Deoptimize)
Event: 3.089 Executing VM operation: HandshakeAllThreads (Deoptimize) done
Event: 3.095 Executing VM operation: HandshakeAllThreads (Deoptimize)
Event: 3.095 Executing VM operation: HandshakeAllThreads (Deoptimize) done
Event: 3.298 Executing VM operation: HandshakeAllThreads (Deoptimize)
Event: 3.298 Executing VM operation: HandshakeAllThreads (Deoptimize) done
Event: 3.381 Executing VM operation: HandshakeAllThreads (Deoptimize)
Event: 3.381 Executing VM operation: HandshakeAllThreads (Deoptimize) done
Event: 3.465 Executing VM operation: HandshakeAllThreads (Deoptimize)
Event: 3.468 Executing VM operation: HandshakeAllThreads (Deoptimize) done
Event: 3.613 Executing VM operation: ParallelGCFailedAllocation (Allocation Failure)
Event: 3.615 Executing VM operation: ParallelGCFailedAllocation (Allocation Failure) done
Event: 3.937 Executing VM operation: HandshakeAllThreads (Deoptimize)
Event: 3.937 Executing VM operation: HandshakeAllThreads (Deoptimize) done
Event: 3.986 Executing VM operation: ParallelGCFailedAllocation (Allocation Failure)
Event: 3.988 Executing VM operation: ParallelGCFailedAllocation (Allocation Failure) done
Event: 4.989 Executing VM operation: Cleanup
Event: 4.989 Executing VM operation: Cleanup done

Memory protections (0 events):
No events

Nmethod flushes (0 events):
No events

Events (20 events):
Event: 3.479 Thread 0x0000026cd43e4010 Thread added: 0x0000026cd54845d0
Event: 3.602 Thread 0x0000026cf61a3860 Thread added: 0x0000026cd54817e0
Event: 3.602 Thread 0x0000026cf61a3860 Thread added: 0x0000026cd5481e70
Event: 3.602 Thread 0x0000026cf61a3860 Thread added: 0x0000026cd5482500
Event: 3.602 Thread 0x0000026cf61a3860 Thread added: 0x0000026cd5482b90
Event: 3.602 Thread 0x0000026cf61a3860 Thread added: 0x0000026cd5484c60
Event: 3.603 Thread 0x0000026cf61a3860 Thread added: 0x0000026cd54838b0
Event: 3.603 Thread 0x0000026cf61a3860 Thread added: 0x0000026cd5483220
Event: 3.603 Thread 0x0000026cf61a3860 Thread added: 0x0000026cd5483f40
Event: 3.603 Thread 0x0000026cf61a3860 Thread added: 0x0000026cd4ed8c70
Event: 3.631 Thread 0x0000026cf61a3860 Thread added: 0x0000026cd4ed85e0
Event: 3.811 Thread 0x0000026cf61a3860 Thread added: 0x0000026cd4ed5160
Event: 3.812 Thread 0x0000026cf61a3860 Thread added: 0x0000026cd4ed9990
Event: 7.302 Thread 0x0000026cd43b2e90 Thread exited: 0x0000026cd43b2e90
Event: 9.077 Thread 0x0000026cd59185e0 Thread exited: 0x0000026cd59185e0
Event: 14.073 Thread 0x0000026cff312b30 Thread exited: 0x0000026cff312b30
Event: 16.952 Thread 0x0000026cd4ed9990 Thread added: 0x0000026cd4ed9300
Event: 16.967 Thread 0x0000026cd46155a0 Thread added: 0x0000026cd4ed5e80
Event: 16.970 Thread 0x0000026cd4ed9990 Thread added: 0x0000026cd4edad40
Event: 16.971 Thread 0x0000026cd4ed5e80 Thread exited: 0x0000026cd4ed5e80


Dynamic libraries:
0x00007ff60d180000 - 0x00007ff60d18e000 	c:\Users\student\.vscode\extensions\redhat.java-1.42.0-win32-x64\jre\21.0.7-win32-x86_64\bin\java.exe
0x00007fff64830000 - 0x00007fff64a28000 	C:\Windows\SYSTEM32\ntdll.dll
0x00007fff63000000 - 0x00007fff630bf000 	C:\Windows\System32\KERNEL32.DLL
0x00007fff62130000 - 0x00007fff6240a000 	C:\Windows\System32\KERNELBASE.dll
0x00007fff61f40000 - 0x00007fff62040000 	C:\Windows\System32\ucrtbase.dll
0x00007fff39380000 - 0x00007fff39398000 	c:\Users\student\.vscode\extensions\redhat.java-1.42.0-win32-x64\jre\21.0.7-win32-x86_64\bin\jli.dll
0x00007fff63a90000 - 0x00007fff63c2d000 	C:\Windows\System32\USER32.dll
0x00007fff62560000 - 0x00007fff62582000 	C:\Windows\System32\win32u.dll
0x00007fff63c30000 - 0x00007fff63c5b000 	C:\Windows\System32\GDI32.dll
0x00007fff626f0000 - 0x00007fff62800000 	C:\Windows\System32\gdi32full.dll
0x00007fff62090000 - 0x00007fff6212d000 	C:\Windows\System32\msvcp_win.dll
0x00007fff3b710000 - 0x00007fff3b72e000 	c:\Users\student\.vscode\extensions\redhat.java-1.42.0-win32-x64\jre\21.0.7-win32-x86_64\bin\VCRUNTIME140.dll
0x00007fff4d220000 - 0x00007fff4d4ba000 	C:\Windows\WinSxS\amd64_microsoft.windows.common-controls_6595b64144ccf1df_6.0.19041.1110_none_60b5254171f9507e\COMCTL32.dll
0x00007fff631f0000 - 0x00007fff6328e000 	C:\Windows\System32\msvcrt.dll
0x00007fff63660000 - 0x00007fff63690000 	C:\Windows\System32\IMM32.DLL
0x00007fff4b7d0000 - 0x00007fff4b7dc000 	c:\Users\student\.vscode\extensions\redhat.java-1.42.0-win32-x64\jre\21.0.7-win32-x86_64\bin\vcruntime140_1.dll
0x00007ffefdf00000 - 0x00007ffefdf8d000 	c:\Users\student\.vscode\extensions\redhat.java-1.42.0-win32-x64\jre\21.0.7-win32-x86_64\bin\msvcp140.dll
0x00007ffebad90000 - 0x00007ffebbb20000 	c:\Users\student\.vscode\extensions\redhat.java-1.42.0-win32-x64\jre\21.0.7-win32-x86_64\bin\server\jvm.dll
0x00007fff63d30000 - 0x00007fff63dde000 	C:\Windows\System32\ADVAPI32.dll
0x00007fff637b0000 - 0x00007fff6384c000 	C:\Windows\System32\sechost.dll
0x00007fff630c0000 - 0x00007fff631e6000 	C:\Windows\System32\RPCRT4.dll
0x00007fff63a00000 - 0x00007fff63a6b000 	C:\Windows\System32\WS2_32.dll
0x00007fff614c0000 - 0x00007fff6150b000 	C:\Windows\SYSTEM32\POWRPROF.dll
0x00007fff48150000 - 0x00007fff48177000 	C:\Windows\SYSTEM32\WINMM.dll
0x00007fff51980000 - 0x00007fff5198a000 	C:\Windows\SYSTEM32\VERSION.dll
0x00007fff61380000 - 0x00007fff61392000 	C:\Windows\SYSTEM32\UMPDC.dll
0x00007fff60790000 - 0x00007fff607a2000 	C:\Windows\SYSTEM32\kernel.appcore.dll
0x00007fff44ed0000 - 0x00007fff44eda000 	c:\Users\student\.vscode\extensions\redhat.java-1.42.0-win32-x64\jre\21.0.7-win32-x86_64\bin\jimage.dll
0x00007fff5fb80000 - 0x00007fff5fd64000 	C:\Windows\SYSTEM32\DBGHELP.DLL
0x00007fff44d00000 - 0x00007fff44d34000 	C:\Windows\SYSTEM32\dbgcore.DLL
0x00007fff62800000 - 0x00007fff62882000 	C:\Windows\System32\bcryptPrimitives.dll
0x00007fff44ec0000 - 0x00007fff44ecf000 	c:\Users\student\.vscode\extensions\redhat.java-1.42.0-win32-x64\jre\21.0.7-win32-x86_64\bin\instrument.dll
0x00007fff2c150000 - 0x00007fff2c16f000 	c:\Users\student\.vscode\extensions\redhat.java-1.42.0-win32-x64\jre\21.0.7-win32-x86_64\bin\java.dll
0x00007fff63e90000 - 0x00007fff645d4000 	C:\Windows\System32\SHELL32.dll
0x00007fff5ffe0000 - 0x00007fff60773000 	C:\Windows\SYSTEM32\windows.storage.dll
0x00007fff63290000 - 0x00007fff635e4000 	C:\Windows\System32\combase.dll
0x00007fff619a0000 - 0x00007fff619ce000 	C:\Windows\SYSTEM32\Wldp.dll
0x00007fff64740000 - 0x00007fff647ed000 	C:\Windows\System32\SHCORE.dll
0x00007fff62ec0000 - 0x00007fff62f15000 	C:\Windows\System32\shlwapi.dll
0x00007fff61e80000 - 0x00007fff61e9f000 	C:\Windows\SYSTEM32\profapi.dll
0x00007fff250e0000 - 0x00007fff250f8000 	c:\Users\student\.vscode\extensions\redhat.java-1.42.0-win32-x64\jre\21.0.7-win32-x86_64\bin\zip.dll
0x00007fff422d0000 - 0x00007fff422e0000 	C:\Users\student\.vscode\extensions\redhat.java-1.42.0-win32-x64\jre\21.0.7-win32-x86_64\bin\net.dll
0x00007fff594a0000 - 0x00007fff595aa000 	C:\Windows\SYSTEM32\WINHTTP.dll
0x00007fff61700000 - 0x00007fff6176a000 	C:\Windows\system32\mswsock.dll
0x00007fff2ba80000 - 0x00007fff2ba96000 	C:\Users\student\.vscode\extensions\redhat.java-1.42.0-win32-x64\jre\21.0.7-win32-x86_64\bin\nio.dll
0x00007fff42140000 - 0x00007fff42150000 	c:\Users\student\.vscode\extensions\redhat.java-1.42.0-win32-x64\jre\21.0.7-win32-x86_64\bin\verify.dll
0x00007fff2a490000 - 0x00007fff2a4d5000 	C:\Users\student\AppData\Roaming\Code\User\globalStorage\redhat.java\1.42.0\config_ss_win\org.eclipse.equinox.launcher\org.eclipse.equinox.launcher.win32.win32.x86_64_1.2.1300.v20250331-1702\eclipse_11911.dll
0x00007fff62d90000 - 0x00007fff62eba000 	C:\Windows\System32\ole32.dll
0x00007fff618f0000 - 0x00007fff61908000 	C:\Windows\SYSTEM32\CRYPTSP.dll
0x00007fff60fb0000 - 0x00007fff60fe4000 	C:\Windows\system32\rsaenh.dll
0x00007fff62530000 - 0x00007fff62557000 	C:\Windows\System32\bcrypt.dll
0x00007fff61e40000 - 0x00007fff61e6e000 	C:\Windows\SYSTEM32\USERENV.dll
0x00007fff61910000 - 0x00007fff6191c000 	C:\Windows\SYSTEM32\CRYPTBASE.dll
0x00007fff613a0000 - 0x00007fff613dc000 	C:\Windows\SYSTEM32\IPHLPAPI.DLL
0x00007fff635f0000 - 0x00007fff635f8000 	C:\Windows\System32\NSI.dll
0x00007fff25220000 - 0x00007fff25269000 	C:\Users\student\AppData\Local\Temp\jna--1879145925\jna3216914059761731608.dll
0x00007fff64730000 - 0x00007fff64738000 	C:\Windows\System32\PSAPI.DLL
0x00007fff51b30000 - 0x00007fff51b47000 	C:\Windows\SYSTEM32\dhcpcsvc6.DLL
0x00007fff56a60000 - 0x00007fff56a7d000 	C:\Windows\SYSTEM32\dhcpcsvc.DLL

dbghelp: loaded successfully - version: 4.0.5 - missing functions: none
symbol engine: initialized successfully - sym options: 0x614 - pdb path: .;c:\Users\student\.vscode\extensions\redhat.java-1.42.0-win32-x64\jre\21.0.7-win32-x86_64\bin;C:\Windows\SYSTEM32;C:\Windows\WinSxS\amd64_microsoft.windows.common-controls_6595b64144ccf1df_6.0.19041.1110_none_60b5254171f9507e;c:\Users\student\.vscode\extensions\redhat.java-1.42.0-win32-x64\jre\21.0.7-win32-x86_64\bin\server;C:\Users\student\AppData\Roaming\Code\User\globalStorage\redhat.java\1.42.0\config_ss_win\org.eclipse.equinox.launcher\org.eclipse.equinox.launcher.win32.win32.x86_64_1.2.1300.v20250331-1702;C:\Users\student\AppData\Local\Temp\jna--1879145925

VM Arguments:
jvm_args: --add-modules=ALL-SYSTEM --add-opens=java.base/java.util=ALL-UNNAMED --add-opens=java.base/java.lang=ALL-UNNAMED --add-opens=java.base/sun.nio.fs=ALL-UNNAMED -Declipse.application=org.eclipse.jdt.ls.core.id1 -Dosgi.bundles.defaultStartLevel=4 -Declipse.product=org.eclipse.jdt.ls.core.product -Djava.import.generatesMetadataFilesAtProjectRoot=false -DDetectVMInstallationsJob.disabled=true -Dfile.encoding=utf8 -XX:+UseParallelGC -XX:GCTimeRatio=4 -XX:AdaptiveSizePolicyWeight=90 -Dsun.zip.disableMemoryMapping=true -Xmx1G -Xms100m -Xlog:disable -javaagent:c:\Users\student\.vscode\extensions\redhat.java-1.42.0-win32-x64\lombok\lombok-1.18.36.jar 
java_command: c:\Users\student\.vscode\extensions\redhat.java-1.42.0-win32-x64\server\plugins\org.eclipse.equinox.launcher_1.7.0.v20250424-1814.jar -configuration c:\Users\student\AppData\Roaming\Code\User\globalStorage\redhat.java\1.42.0\config_ss_win -data c:\Users\student\AppData\Roaming\Code\User\workspaceStorage\6fd2f73aaa6829d83ee43f0051310afc\redhat.java\ss_ws --pipe=\\.\pipe\lsp-1d14dcb1e2f1029da765e34f5b7d27b4-sock
java_class_path (initial): c:\Users\student\.vscode\extensions\redhat.java-1.42.0-win32-x64\server\plugins\org.eclipse.equinox.launcher_1.7.0.v20250424-1814.jar
Launcher Type: SUN_STANDARD

[Global flags]
    uintx AdaptiveSizePolicyWeight                 = 90                                        {product} {command line}
     intx CICompilerCount                          = 4                                         {product} {ergonomic}
    uintx GCTimeRatio                              = 4                                         {product} {command line}
   size_t InitialHeapSize                          = 104857600                                 {product} {command line}
   size_t MaxHeapSize                              = 1073741824                                {product} {command line}
   size_t MaxNewSize                               = 357564416                                 {product} {ergonomic}
   size_t MinHeapDeltaBytes                        = 524288                                    {product} {ergonomic}
   size_t MinHeapSize                              = 104857600                                 {product} {command line}
   size_t NewSize                                  = 34603008                                  {product} {ergonomic}
    uintx NonNMethodCodeHeapSize                   = 5839372                                {pd product} {ergonomic}
    uintx NonProfiledCodeHeapSize                  = 122909434                              {pd product} {ergonomic}
   size_t OldSize                                  = 70254592                                  {product} {ergonomic}
    uintx ProfiledCodeHeapSize                     = 122909434                              {pd product} {ergonomic}
    uintx ReservedCodeCacheSize                    = 251658240                              {pd product} {ergonomic}
     bool SegmentedCodeCache                       = true                                      {product} {ergonomic}
   size_t SoftMaxHeapSize                          = 1073741824                             {manageable} {ergonomic}
     bool UseCompressedOops                        = true                           {product lp64_product} {ergonomic}
     bool UseLargePagesIndividualAllocation        = false                                  {pd product} {ergonomic}
     bool UseParallelGC                            = true                                      {product} {command line}

Logging:
Log output configuration:
 #0: stdout all=off uptime,level,tags foldmultilines=false
 #1: stderr all=off uptime,level,tags foldmultilines=false

Environment Variables:
JAVA_HOME=C:\Program Files\Java\jdk-21
PATH=C:\Windows\system32;C:\Windows;C:\Windows\System32\Wbem;C:\Windows\System32\WindowsPowerShell\v1.0\;C:\Windows\System32\OpenSSH\;C:\Program Files\dotnet\;C:\Program Files\nodejs\;C:\Program Files\Bandizip\;C:\Program Files\Git\cmd;C:\Program Files\MySQL\MySQL Server 8.0\bin;C:\Users\student\AppData\Local\Programs\Python\Python311\Scripts\;C:\Users\student\AppData\Local\Programs\Python\Python311\;C:\Users\student\AppData\Local\Microsoft\WindowsApps;;C:\Program Files\JetBrains\PyCharm Community Edition 2022.3.3\bin;;C:\Users\student\AppData\Roaming\npm;C:\Users\student\AppData\Local\Programs\Microsoft VS Code\bin
USERNAME=student
OS=Windows_NT
PROCESSOR_IDENTIFIER=Intel64 Family 6 Model 140 Stepping 1, GenuineIntel
TMP=C:\Users\student\AppData\Local\Temp
TEMP=C:\Users\student\AppData\Local\Temp




Periodic native trim disabled

---------------  S Y S T E M  ---------------

OS:
 Windows 10 , 64 bit Build 19041 (10.0.19041.2788)
OS uptime: 2 days 1:27 hours

CPU: total 8 (initial active 8) (4 cores per cpu, 2 threads per core) family 6 model 140 stepping 1 microcode 0x8a, cx8, cmov, fxsr, ht, mmx, 3dnowpref, sse, sse2, sse3, ssse3, sse4.1, sse4.2, popcnt, lzcnt, tsc, tscinvbit, avx, avx2, aes, erms, clmul, bmi1, bmi2, adx, avx512f, avx512dq, avx512cd, avx512bw, avx512vl, sha, fma, vzeroupper, avx512_vpopcntdq, avx512_vpclmulqdq, avx512_vaes, avx512_vnni, clflush, clflushopt, clwb, avx512_vbmi2, avx512_vbmi, rdtscp, rdpid, fsrm, gfni, avx512_bitalg, f16c, pku, cet_ibt, cet_ss, avx512_ifma
Processor Information for the first 8 processors :
  Max Mhz: 2419, Current Mhz: 2419, Mhz Limit: 2419

Memory: 4k page, system-wide physical 16107M (5491M free)
TotalPageFile size 16107M (AvailPageFile size 30M)
current process WorkingSet (physical memory assigned to process): 142M, peak: 177M
current process commit charge ("private bytes"): 243M, peak: 278M

vm_info: OpenJDK 64-Bit Server VM (21.0.7+6-LTS) for windows-amd64 JRE (21.0.7+6-LTS), built on 2025-04-15T00:00:00Z by "admin" with MS VC++ 17.7 (VS2022)

END.
