#
# There is insufficient memory for the Java Runtime Environment to continue.
# Native memory allocation (malloc) failed to allocate 32744 bytes. Error detail: Chunk::new
# Possible reasons:
#   The system is out of physical RAM or swap space
#   This process is running with CompressedOops enabled, and the Java Heap may be blocking the growth of the native heap
# Possible solutions:
#   Reduce memory load on the system
#   Increase physical memory or swap space
#   Check if swap backing store is full
#   Decrease Java heap size (-Xmx/-Xms)
#   Decrease number of Java threads
#   Decrease Java thread stack sizes (-Xss)
#   Set larger code cache with -XX:ReservedCodeCacheSize=
#   JVM is running with Unscaled Compressed Oops mode in which the Java heap is
#     placed in the first 4GB address space. The Java Heap base address is the
#     maximum limit for the native heap growth. Please use -XX:HeapBaseMinAddress
#     to set the Java Heap base and to place the Java Heap above 4GB virtual address.
# This output file may be truncated or incomplete.
#
#  Out of Memory Error (arena.cpp:168), pid=2792, tid=6948
#
# JRE version: OpenJDK Runtime Environment Temurin-21.0.7+6 (21.0.7+6) (build 21.0.7+6-LTS)
# Java VM: OpenJDK 64-Bit Server VM Temurin-21.0.7+6 (21.0.7+6-LTS, mixed mode, sharing, tiered, compressed oops, compressed class ptrs, parallel gc, windows-amd64)
# No core dump will be written. Minidumps are not enabled by default on client versions of Windows
#

---------------  S U M M A R Y ------------

Command Line: --add-modules=ALL-SYSTEM --add-opens=java.base/java.util=ALL-UNNAMED --add-opens=java.base/java.lang=ALL-UNNAMED --add-opens=java.base/sun.nio.fs=ALL-UNNAMED -Declipse.application=org.eclipse.jdt.ls.core.id1 -Dosgi.bundles.defaultStartLevel=4 -Declipse.product=org.eclipse.jdt.ls.core.product -Djava.import.generatesMetadataFilesAtProjectRoot=false -DDetectVMInstallationsJob.disabled=true -Dfile.encoding=utf8 -XX:+UseParallelGC -XX:GCTimeRatio=4 -XX:AdaptiveSizePolicyWeight=90 -Dsun.zip.disableMemoryMapping=true -Xmx1G -Xms100m -Xlog:disable -javaagent:c:\Users\student\.vscode\extensions\redhat.java-1.42.0-win32-x64\lombok\lombok-1.18.36.jar -XX:+HeapDumpOnOutOfMemoryError -XX:HeapDumpPath=c:\Users\student\AppData\Roaming\Code\User\workspaceStorage\6fd2f73aaa6829d83ee43f0051310afc\redhat.java -Daether.dependencyCollector.impl=bf c:\Users\student\.vscode\extensions\redhat.java-1.42.0-win32-x64\server\plugins\org.eclipse.equinox.launcher_1.7.0.v20250424-1814.jar -configuration c:\Users\student\AppData\Roaming\Code\User\globalStorage\redhat.java\1.42.0\config_win -data c:\Users\student\AppData\Roaming\Code\User\workspaceStorage\6fd2f73aaa6829d83ee43f0051310afc\redhat.java\jdt_ws --pipe=\\.\pipe\lsp-5e8972d01aa2b263aed9cbf03b5e3d21-sock

Host: 11th Gen Intel(R) Core(TM) i5-1135G7 @ 2.40GHz, 8 cores, 15G,  Windows 10 , 64 bit Build 19041 (10.0.19041.2788)
Time: Thu May 29 10:41:02 2025  Windows 10 , 64 bit Build 19041 (10.0.19041.2788) elapsed time: 11.631090 seconds (0d 0h 0m 11s)

---------------  T H R E A D  ---------------

Current thread (0x0000025e05e0b940):  JavaThread "C2 CompilerThread2" daemon [_thread_in_native, id=6948, stack(0x000000c926900000,0x000000c926a00000) (1024K)]


Current CompileTask:
C2:11631 8839       4       java.lang.invoke.MethodType::makeImpl (109 bytes)

Stack: [0x000000c926900000,0x000000c926a00000]
Native frames: (J=compiled Java code, j=interpreted, Vv=VM code, C=native code)
V  [jvm.dll+0x6ce119]
V  [jvm.dll+0x8a84a1]
V  [jvm.dll+0x8aa9ce]
V  [jvm.dll+0x8ab0b3]
V  [jvm.dll+0x27f8a6]
V  [jvm.dll+0xc507d]
V  [jvm.dll+0xc55b3]
V  [jvm.dll+0x3bbb35]
V  [jvm.dll+0x5d7434]
V  [jvm.dll+0x382ad4]
V  [jvm.dll+0x381f0a]
V  [jvm.dll+0x247af0]
V  [jvm.dll+0x2470cf]
V  [jvm.dll+0x1c760e]
V  [jvm.dll+0x25695a]
V  [jvm.dll+0x254efa]
V  [jvm.dll+0x3f03f6]
V  [jvm.dll+0x851f6b]
V  [jvm.dll+0x6cc7dd]
C  [ucrtbase.dll+0x21bb2]
C  [KERNEL32.DLL+0x17604]
C  [ntdll.dll+0x526a1]


---------------  P R O C E S S  ---------------

Threads class SMR info:
_java_thread_list=0x0000025e05e66190, length=64, elements={
0x0000025e286f7d40, 0x0000025e3caaa680, 0x0000025e3caabfd0, 0x0000025e3caaebb0,
0x0000025e3caafbb0, 0x0000025e3cab0bb0, 0x0000025e3cab4710, 0x0000025e3cab5580,
0x0000025e7f562f90, 0x0000025e7f5d05a0, 0x0000025e7f826b60, 0x0000025e7f875d40,
0x0000025e048c9b70, 0x0000025e04bfcb00, 0x0000025e046baa90, 0x0000025e047fda90,
0x0000025e04dc1970, 0x0000025e04f56920, 0x0000025e04c42650, 0x0000025e04c412a0,
0x0000025e04c3f860, 0x0000025e04c40580, 0x0000025e04c41930, 0x0000025e04c40c10,
0x0000025e04c41fc0, 0x0000025e06a5d840, 0x0000025e06a582f0, 0x0000025e06a5d1b0,
0x0000025e06a5b0e0, 0x0000025e06a59d30, 0x0000025e06a57c60, 0x0000025e06a5b770,
0x0000025e06a58980, 0x0000025e06a5ded0, 0x0000025e06a5aa50, 0x0000025e06a5be00,
0x0000025e05e0b940, 0x0000025e06a59010, 0x0000025e06a5cb20, 0x0000025e06a5a3c0,
0x0000025e06a56f40, 0x0000025e070f9130, 0x0000025e070f5620, 0x0000025e070f2830,
0x0000025e070f5cb0, 0x0000025e070f69d0, 0x0000025e070f8aa0, 0x0000025e070f7060,
0x0000025e070f4f90, 0x0000025e070f76f0, 0x0000025e070f6340, 0x0000025e070f3550,
0x0000025e070f4270, 0x0000025e070f8410, 0x0000025e070f7d80, 0x0000025e070f4900,
0x0000025e070f9e50, 0x0000025e070f2ec0, 0x0000025e070f3be0, 0x0000025e04c3fef0,
0x0000025e1242e570, 0x0000025e12430cd0, 0x0000025e1242dee0, 0x0000025e12430640
}

Java Threads: ( => current thread )
  0x0000025e286f7d40 JavaThread "main"                              [_thread_blocked, id=15908, stack(0x000000c923800000,0x000000c923900000) (1024K)]
  0x0000025e3caaa680 JavaThread "Reference Handler"          daemon [_thread_blocked, id=7004, stack(0x000000c923c00000,0x000000c923d00000) (1024K)]
  0x0000025e3caabfd0 JavaThread "Finalizer"                  daemon [_thread_blocked, id=14704, stack(0x000000c923d00000,0x000000c923e00000) (1024K)]
  0x0000025e3caaebb0 JavaThread "Signal Dispatcher"          daemon [_thread_blocked, id=14404, stack(0x000000c923e00000,0x000000c923f00000) (1024K)]
  0x0000025e3caafbb0 JavaThread "Attach Listener"            daemon [_thread_blocked, id=4252, stack(0x000000c923f00000,0x000000c924000000) (1024K)]
  0x0000025e3cab0bb0 JavaThread "Service Thread"             daemon [_thread_blocked, id=3436, stack(0x000000c924000000,0x000000c924100000) (1024K)]
  0x0000025e3cab4710 JavaThread "Monitor Deflation Thread"   daemon [_thread_blocked, id=10428, stack(0x000000c924100000,0x000000c924200000) (1024K)]
  0x0000025e3cab5580 JavaThread "C2 CompilerThread0"         daemon [_thread_in_native, id=6848, stack(0x000000c924200000,0x000000c924300000) (1024K)]
  0x0000025e7f562f90 JavaThread "C1 CompilerThread0"         daemon [_thread_blocked, id=9160, stack(0x000000c924300000,0x000000c924400000) (1024K)]
  0x0000025e7f5d05a0 JavaThread "Common-Cleaner"             daemon [_thread_blocked, id=2340, stack(0x000000c924400000,0x000000c924500000) (1024K)]
  0x0000025e7f826b60 JavaThread "Notification Thread"        daemon [_thread_blocked, id=12528, stack(0x000000c924500000,0x000000c924600000) (1024K)]
  0x0000025e7f875d40 JavaThread "C2 CompilerThread1"         daemon [_thread_in_native, id=2432, stack(0x000000c924600000,0x000000c924700000) (1024K)]
  0x0000025e048c9b70 JavaThread "Active Thread: Equinox Container: da760521-9804-4aff-ac26-135231a21d9f"        [_thread_blocked, id=4576, stack(0x000000c924e00000,0x000000c924f00000) (1024K)]
  0x0000025e04bfcb00 JavaThread "Refresh Thread: Equinox Container: da760521-9804-4aff-ac26-135231a21d9f" daemon [_thread_blocked, id=13292, stack(0x000000c924f00000,0x000000c925000000) (1024K)]
  0x0000025e046baa90 JavaThread "Framework Event Dispatcher: Equinox Container: da760521-9804-4aff-ac26-135231a21d9f" daemon [_thread_blocked, id=14160, stack(0x000000c925100000,0x000000c925200000) (1024K)]
  0x0000025e047fda90 JavaThread "Start Level: Equinox Container: da760521-9804-4aff-ac26-135231a21d9f" daemon [_thread_blocked, id=3900, stack(0x000000c925200000,0x000000c925300000) (1024K)]
  0x0000025e04dc1970 JavaThread "Bundle File Closer"         daemon [_thread_blocked, id=14956, stack(0x000000c925300000,0x000000c925400000) (1024K)]
  0x0000025e04f56920 JavaThread "SCR Component Actor"        daemon [_thread_blocked, id=15088, stack(0x000000c925400000,0x000000c925500000) (1024K)]
  0x0000025e04c42650 JavaThread "Worker-JM"                         [_thread_blocked, id=1260, stack(0x000000c925600000,0x000000c925700000) (1024K)]
  0x0000025e04c412a0 JavaThread "JNA Cleaner"                daemon [_thread_blocked, id=9276, stack(0x000000c925700000,0x000000c925800000) (1024K)]
  0x0000025e04c3f860 JavaThread "Worker-0"                          [_thread_blocked, id=2964, stack(0x000000c925800000,0x000000c925900000) (1024K)]
  0x0000025e04c40580 JavaThread "Worker-1"                          [_thread_blocked, id=12900, stack(0x000000c925900000,0x000000c925a00000) (1024K)]
  0x0000025e04c41930 JavaThread "Java indexing"              daemon [_thread_blocked, id=13796, stack(0x000000c924700000,0x000000c924800000) (1024K)]
  0x0000025e04c40c10 JavaThread "Worker-2: Initialize Workspace"        [_thread_blocked, id=2784, stack(0x000000c925c00000,0x000000c925d00000) (1024K)]
  0x0000025e04c41fc0 JavaThread "Worker-3"                          [_thread_blocked, id=14960, stack(0x000000c925d00000,0x000000c925e00000) (1024K)]
  0x0000025e06a5d840 JavaThread "Worker-4: Java indexing... "        [_thread_blocked, id=4564, stack(0x000000c925e00000,0x000000c925f00000) (1024K)]
  0x0000025e06a582f0 JavaThread "Worker-5"                          [_thread_blocked, id=14464, stack(0x000000c925f00000,0x000000c926000000) (1024K)]
  0x0000025e06a5d1b0 JavaThread "Thread-2"                   daemon [_thread_in_native, id=14060, stack(0x000000c926000000,0x000000c926100000) (1024K)]
  0x0000025e06a5b0e0 JavaThread "Thread-3"                   daemon [_thread_in_native, id=13340, stack(0x000000c926100000,0x000000c926200000) (1024K)]
  0x0000025e06a59d30 JavaThread "Thread-4"                   daemon [_thread_in_native, id=12096, stack(0x000000c926200000,0x000000c926300000) (1024K)]
  0x0000025e06a57c60 JavaThread "Thread-5"                   daemon [_thread_in_native, id=9208, stack(0x000000c926300000,0x000000c926400000) (1024K)]
  0x0000025e06a5b770 JavaThread "Thread-6"                   daemon [_thread_in_native, id=608, stack(0x000000c926400000,0x000000c926500000) (1024K)]
  0x0000025e06a58980 JavaThread "Thread-7"                   daemon [_thread_in_native, id=4352, stack(0x000000c926500000,0x000000c926600000) (1024K)]
  0x0000025e06a5ded0 JavaThread "Thread-8"                   daemon [_thread_in_native, id=4312, stack(0x000000c926600000,0x000000c926700000) (1024K)]
  0x0000025e06a5aa50 JavaThread "Thread-9"                   daemon [_thread_in_native, id=9196, stack(0x000000c926700000,0x000000c926800000) (1024K)]
  0x0000025e06a5be00 JavaThread "Thread-10"                  daemon [_thread_in_native, id=3588, stack(0x000000c926800000,0x000000c926900000) (1024K)]
=>0x0000025e05e0b940 JavaThread "C2 CompilerThread2"         daemon [_thread_in_native, id=6948, stack(0x000000c926900000,0x000000c926a00000) (1024K)]
  0x0000025e06a59010 JavaThread "pool-2-thread-1"                   [_thread_blocked, id=8748, stack(0x000000c926a00000,0x000000c926b00000) (1024K)]
  0x0000025e06a5cb20 JavaThread "Worker-6"                          [_thread_blocked, id=14696, stack(0x000000c926b00000,0x000000c926c00000) (1024K)]
  0x0000025e06a5a3c0 JavaThread "WorkspaceEventsHandler"            [_thread_blocked, id=2020, stack(0x000000c926c00000,0x000000c926d00000) (1024K)]
  0x0000025e06a56f40 JavaThread "pool-1-thread-1"                   [_thread_blocked, id=13960, stack(0x000000c926d00000,0x000000c926e00000) (1024K)]
  0x0000025e070f9130 JavaThread "LocalFile Deleter"          daemon [_thread_blocked, id=7304, stack(0x000000c926e00000,0x000000c926f00000) (1024K)]
  0x0000025e070f5620 JavaThread "LocalFile Deleter"          daemon [_thread_blocked, id=14824, stack(0x000000c926f00000,0x000000c927000000) (1024K)]
  0x0000025e070f2830 JavaThread "LocalFile Deleter"          daemon [_thread_blocked, id=6636, stack(0x000000c927000000,0x000000c927100000) (1024K)]
  0x0000025e070f5cb0 JavaThread "LocalFile Deleter"          daemon [_thread_blocked, id=1524, stack(0x000000c927100000,0x000000c927200000) (1024K)]
  0x0000025e070f69d0 JavaThread "LocalFile Deleter"          daemon [_thread_blocked, id=14872, stack(0x000000c927200000,0x000000c927300000) (1024K)]
  0x0000025e070f8aa0 JavaThread "LocalFile Deleter"          daemon [_thread_blocked, id=13384, stack(0x000000c927300000,0x000000c927400000) (1024K)]
  0x0000025e070f7060 JavaThread "LocalFile Deleter"          daemon [_thread_blocked, id=11356, stack(0x000000c927400000,0x000000c927500000) (1024K)]
  0x0000025e070f4f90 JavaThread "LocalFile Deleter"          daemon [_thread_blocked, id=12636, stack(0x000000c927500000,0x000000c927600000) (1024K)]
  0x0000025e070f76f0 JavaThread "Compiler Source File Reader" daemon [_thread_blocked, id=1540, stack(0x000000c927600000,0x000000c927700000) (1024K)]
  0x0000025e070f6340 JavaThread "Compiler Source File Reader" daemon [_thread_blocked, id=17084, stack(0x000000c927700000,0x000000c927800000) (1024K)]
  0x0000025e070f3550 JavaThread "Compiler Source File Reader" daemon [_thread_blocked, id=8772, stack(0x000000c927800000,0x000000c927900000) (1024K)]
  0x0000025e070f4270 JavaThread "Compiler Source File Reader" daemon [_thread_blocked, id=2648, stack(0x000000c927900000,0x000000c927a00000) (1024K)]
  0x0000025e070f8410 JavaThread "Compiler Source File Reader" daemon [_thread_blocked, id=17100, stack(0x000000c927a00000,0x000000c927b00000) (1024K)]
  0x0000025e070f7d80 JavaThread "Compiler Source File Reader" daemon [_thread_blocked, id=12244, stack(0x000000c927b00000,0x000000c927c00000) (1024K)]
  0x0000025e070f4900 JavaThread "Compiler Processing Task"   daemon [_thread_blocked, id=16676, stack(0x000000c925500000,0x000000c925600000) (1024K)]
  0x0000025e070f9e50 JavaThread "Compiler Class File Writer" daemon [_thread_blocked, id=8380, stack(0x000000c927c00000,0x000000c927d00000) (1024K)]
  0x0000025e070f2ec0 JavaThread "Compiler Class File Writer" daemon [_thread_blocked, id=11784, stack(0x000000c927d00000,0x000000c927e00000) (1024K)]
  0x0000025e070f3be0 JavaThread "Compiler Class File Writer" daemon [_thread_blocked, id=7244, stack(0x000000c927e00000,0x000000c927f00000) (1024K)]
  0x0000025e04c3fef0 JavaThread "Compiler Class File Writer" daemon [_thread_blocked, id=14320, stack(0x000000c927f00000,0x000000c928000000) (1024K)]
  0x0000025e1242e570 JavaThread "Compiler Class File Writer" daemon [_thread_blocked, id=15516, stack(0x000000c928000000,0x000000c928100000) (1024K)]
  0x0000025e12430cd0 JavaThread "Compiler Class File Writer" daemon [_thread_blocked, id=13532, stack(0x000000c928100000,0x000000c928200000) (1024K)]
  0x0000025e1242dee0 JavaThread "Timer-0"                           [_thread_blocked, id=4996, stack(0x000000c928200000,0x000000c928300000) (1024K)]
  0x0000025e12430640 JavaThread "Connection worker"                 [_thread_blocked, id=17144, stack(0x000000c928300000,0x000000c928400000) (1024K)]
Total: 64

Other Threads:
  0x0000025e3ca8c310 VMThread "VM Thread"                           [id=12972, stack(0x000000c923b00000,0x000000c923c00000) (1024K)]
  0x0000025e287c2860 WatcherThread "VM Periodic Task Thread"        [id=5088, stack(0x000000c923a00000,0x000000c923b00000) (1024K)]
  0x0000025e28716170 WorkerThread "GC Thread#0"                     [id=2000, stack(0x000000c923900000,0x000000c923a00000) (1024K)]
  0x0000025e045d7540 WorkerThread "GC Thread#1"                     [id=5076, stack(0x000000c924800000,0x000000c924900000) (1024K)]
  0x0000025e04689ed0 WorkerThread "GC Thread#2"                     [id=532, stack(0x000000c924900000,0x000000c924a00000) (1024K)]
  0x0000025e0401f090 WorkerThread "GC Thread#3"                     [id=7568, stack(0x000000c924a00000,0x000000c924b00000) (1024K)]
  0x0000025e0401f430 WorkerThread "GC Thread#4"                     [id=4044, stack(0x000000c924b00000,0x000000c924c00000) (1024K)]
  0x0000025e0401f7d0 WorkerThread "GC Thread#5"                     [id=13896, stack(0x000000c924c00000,0x000000c924d00000) (1024K)]
  0x0000025e0401fb70 WorkerThread "GC Thread#6"                     [id=10540, stack(0x000000c924d00000,0x000000c924e00000) (1024K)]
  0x0000025e04605f70 WorkerThread "GC Thread#7"                     [id=4076, stack(0x000000c925000000,0x000000c925100000) (1024K)]
Total: 10

Threads with active compile tasks:
C2 CompilerThread0  11659 8843   !   4       org.eclipse.jdt.internal.core.search.indexing.BinaryIndexer::indexDocument (1168 bytes)
C2 CompilerThread1  11659 8815   !   4       org.eclipse.osgi.internal.loader.classpath.ClasspathManager::defineClass (636 bytes)
C2 CompilerThread2  11659 8839       4       java.lang.invoke.MethodType::makeImpl (109 bytes)
Total: 3

VM state: at safepoint (normal execution)

VM Mutex/Monitor currently owned by a thread:  ([mutex/lock_event])
[0x00007ffebba3e308] Threads_lock - owner thread: 0x0000025e3ca8c310
[0x00007ffebba3e408] Heap_lock - owner thread: 0x0000025e12430640

Heap address: 0x00000000c0000000, size: 1024 MB, Compressed Oops mode: 32-bit

CDS archive(s) mapped at: [0x0000025e3d000000-0x0000025e3dba0000-0x0000025e3dba0000), size 12189696, SharedBaseAddress: 0x0000025e3d000000, ArchiveRelocationMode: 1.
Compressed class space mapped at: 0x0000025e3e000000-0x0000025e7e000000, reserved size: 1073741824
Narrow klass base: 0x0000025e3d000000, Narrow klass shift: 0, Narrow klass range: 0x100000000

GC Precious Log:
 CardTable entry size: 512
 CPUs: 8 total, 8 available
 Memory: 16107M
 Large Page Support: Disabled
 NUMA Support: Disabled
 Compressed Oops: Enabled (32-bit)
 Alignments: Space 512K, Generation 512K, Heap 2M
 Heap Min Capacity: 100M
 Heap Initial Capacity: 100M
 Heap Max Capacity: 1G
 Pre-touch: Disabled
 Parallel Workers: 8

Heap:
 PSYoungGen      total 4096K, used 3793K [0x00000000eab00000, 0x00000000eb000000, 0x0000000100000000)
  eden space 3072K, 100% used [0x00000000eab00000,0x00000000eae00000,0x00000000eae00000)
  from space 1024K, 70% used [0x00000000eaf00000,0x00000000eafb4740,0x00000000eb000000)
  to   space 1024K, 70% used [0x00000000eae00000,0x00000000eaeb4530,0x00000000eaf00000)
 ParOldGen       total 151552K, used 151459K [0x00000000c0000000, 0x00000000c9400000, 0x00000000eab00000)
  object space 151552K, 99% used [0x00000000c0000000,0x00000000c93e8f50,0x00000000c9400000)
 Metaspace       used 61325K, committed 62656K, reserved 1114112K
  class space    used 6623K, committed 7168K, reserved 1048576K

Card table byte_map: [0x0000025e280e0000,0x0000025e282f0000] _byte_map_base: 0x0000025e27ae0000

Marking Bits: (ParMarkBitMap*) 0x00007ffebba431f0
 Begin Bits: [0x0000025e3a900000, 0x0000025e3b900000)
 End Bits:   [0x0000025e3b900000, 0x0000025e3c900000)

Polling page: 0x0000025e27ed0000

Metaspace:

Usage:
  Non-class:     53.42 MB used.
      Class:      6.47 MB used.
       Both:     59.89 MB used.

Virtual space:
  Non-class space:       64.00 MB reserved,      54.19 MB ( 85%) committed,  1 nodes.
      Class space:        1.00 GB reserved,       7.00 MB ( <1%) committed,  1 nodes.
             Both:        1.06 GB reserved,      61.19 MB (  6%) committed. 

Chunk freelists:
   Non-Class:  9.61 MB
       Class:  8.89 MB
        Both:  18.50 MB

MaxMetaspaceSize: unlimited
CompressedClassSpaceSize: 1.00 GB
Initial GC threshold: 21.00 MB
Current GC threshold: 97.31 MB
CDS: on
 - commit_granule_bytes: 65536.
 - commit_granule_words: 8192.
 - virtual_space_node_default_size: 8388608.
 - enlarge_chunks_in_place: 1.
 - use_allocation_guard: 0.


Internal statistics:

num_allocs_failed_limit: 9.
num_arena_births: 978.
num_arena_deaths: 14.
num_vsnodes_births: 2.
num_vsnodes_deaths: 0.
num_space_committed: 979.
num_space_uncommitted: 0.
num_chunks_returned_to_freelist: 23.
num_chunks_taken_from_freelist: 3608.
num_chunk_merges: 13.
num_chunk_splits: 2355.
num_chunks_enlarged: 1514.
num_inconsistent_stats: 0.

CodeHeap 'non-profiled nmethods': size=120000Kb used=5823Kb max_used=5823Kb free=114176Kb
 bounds [0x0000025e333d0000, 0x0000025e33980000, 0x0000025e3a900000]
CodeHeap 'profiled nmethods': size=120000Kb used=17581Kb max_used=17904Kb free=102418Kb
 bounds [0x0000025e2b900000, 0x0000025e2ca80000, 0x0000025e32e30000]
CodeHeap 'non-nmethods': size=5760Kb used=1430Kb max_used=1499Kb free=4329Kb
 bounds [0x0000025e32e30000, 0x0000025e330a0000, 0x0000025e333d0000]
 total_blobs=8858 nmethods=8125 adapters=639
 compilation: enabled
              stopped_count=0, restarted_count=0
 full_count=0

Compilation events (20 events):
Event: 11.566 Thread 0x0000025e7f562f90 8876       3       java.util.jar.Attributes::getValue (12 bytes)
Event: 11.567 Thread 0x0000025e7f562f90 nmethod 8876 0x0000025e2c07eb10 code [0x0000025e2c07ed20, 0x0000025e2c07f408]
Event: 11.567 Thread 0x0000025e7f562f90 8877       3       java.net.URI$Parser::parse (243 bytes)
Event: 11.569 Thread 0x0000025e7f562f90 nmethod 8877 0x0000025e2c0f4b10 code [0x0000025e2c0f5000, 0x0000025e2c0f7230]
Event: 11.573 Thread 0x0000025e7f562f90 8878       1       org.gradle.internal.classpath.DefaultClassPath$ImmutableUniqueList::size (5 bytes)
Event: 11.573 Thread 0x0000025e7f562f90 nmethod 8878 0x0000025e3397fc90 code [0x0000025e3397fe20, 0x0000025e3397fee8]
Event: 11.576 Thread 0x0000025e7f562f90 8879   !   3       java.lang.String::<init> (890 bytes)
Event: 11.581 Thread 0x0000025e7f562f90 nmethod 8879 0x0000025e2bd95d10 code [0x0000025e2bd965a0, 0x0000025e2bd9b6f0]
Event: 11.581 Thread 0x0000025e7f562f90 8880       3       org.gradle.internal.Cast::uncheckedNonnullCast (2 bytes)
Event: 11.582 Thread 0x0000025e7f562f90 nmethod 8880 0x0000025e2c090990 code [0x0000025e2c090b20, 0x0000025e2c090c10]
Event: 11.583 Thread 0x0000025e7f562f90 8882       3       org.gradle.internal.classpath.DefaultClassPath$ImmutableUniqueList$Builder::add (57 bytes)
Event: 11.583 Thread 0x0000025e7f562f90 nmethod 8882 0x0000025e2b9ede90 code [0x0000025e2b9ee080, 0x0000025e2b9ee538]
Event: 11.585 Thread 0x0000025e7f562f90 8883       3       org.gradle.internal.classpath.DefaultClassPath$ImmutableUniqueList::get (57 bytes)
Event: 11.587 Thread 0x0000025e7f562f90 nmethod 8883 0x0000025e2c0f3d10 code [0x0000025e2c0f3f80, 0x0000025e2c0f4760]
Event: 11.596 Thread 0x0000025e7f562f90 8884       3       sun.nio.cs.StreamDecoder::lockedRead (189 bytes)
Event: 11.597 Thread 0x0000025e7f562f90 nmethod 8884 0x0000025e2bc7bd10 code [0x0000025e2bc7bf80, 0x0000025e2bc7c9d8]
Event: 11.609 Thread 0x0000025e7f562f90 8886       2       java.util.regex.Matcher::getTextLength (10 bytes)
Event: 11.612 Thread 0x0000025e7f562f90 nmethod 8886 0x0000025e2c186b90 code [0x0000025e2c186d40, 0x0000025e2c186e78]
Event: 11.612 Thread 0x0000025e7f562f90 8885       3       java.util.regex.Pattern::newCharProperty (39 bytes)
Event: 11.613 Thread 0x0000025e7f562f90 nmethod 8885 0x0000025e2bc46290 code [0x0000025e2bc464a0, 0x0000025e2bc46c48]

GC Heap History (20 events):
Event: 11.494 GC heap before
{Heap before GC invocations=132 (full 3):
 PSYoungGen      total 3584K, used 3141K [0x00000000eab00000, 0x00000000eaf80000, 0x0000000100000000)
  eden space 2560K, 100% used [0x00000000eab00000,0x00000000ead80000,0x00000000ead80000)
  from space 1024K, 56% used [0x00000000eae80000,0x00000000eaf11450,0x00000000eaf80000)
  to   space 1024K, 0% used [0x00000000ead80000,0x00000000ead80000,0x00000000eae80000)
 ParOldGen       total 145920K, used 145865K [0x00000000c0000000, 0x00000000c8e80000, 0x00000000eab00000)
  object space 145920K, 99% used [0x00000000c0000000,0x00000000c8e72650,0x00000000c8e80000)
 Metaspace       used 60765K, committed 62144K, reserved 1114112K
  class space    used 6534K, committed 7104K, reserved 1048576K
}
Event: 11.495 GC heap after
{Heap after GC invocations=132 (full 3):
 PSYoungGen      total 3584K, used 480K [0x00000000eab00000, 0x00000000eaf80000, 0x0000000100000000)
  eden space 2560K, 0% used [0x00000000eab00000,0x00000000eab00000,0x00000000ead80000)
  from space 1024K, 46% used [0x00000000ead80000,0x00000000eadf8000,0x00000000eae80000)
  to   space 1024K, 0% used [0x00000000eae80000,0x00000000eae80000,0x00000000eaf80000)
 ParOldGen       total 146432K, used 146352K [0x00000000c0000000, 0x00000000c8f00000, 0x00000000eab00000)
  object space 146432K, 99% used [0x00000000c0000000,0x00000000c8eec0c0,0x00000000c8f00000)
 Metaspace       used 60765K, committed 62144K, reserved 1114112K
  class space    used 6534K, committed 7104K, reserved 1048576K
}
Event: 11.509 GC heap before
{Heap before GC invocations=133 (full 3):
 PSYoungGen      total 3584K, used 3040K [0x00000000eab00000, 0x00000000eaf80000, 0x0000000100000000)
  eden space 2560K, 100% used [0x00000000eab00000,0x00000000ead80000,0x00000000ead80000)
  from space 1024K, 46% used [0x00000000ead80000,0x00000000eadf8000,0x00000000eae80000)
  to   space 1024K, 0% used [0x00000000eae80000,0x00000000eae80000,0x00000000eaf80000)
 ParOldGen       total 146432K, used 146352K [0x00000000c0000000, 0x00000000c8f00000, 0x00000000eab00000)
  object space 146432K, 99% used [0x00000000c0000000,0x00000000c8eec0c0,0x00000000c8f00000)
 Metaspace       used 60854K, committed 62208K, reserved 1114112K
  class space    used 6551K, committed 7104K, reserved 1048576K
}
Event: 11.512 GC heap after
{Heap after GC invocations=133 (full 3):
 PSYoungGen      total 3072K, used 480K [0x00000000eab00000, 0x00000000eaf00000, 0x0000000100000000)
  eden space 2560K, 0% used [0x00000000eab00000,0x00000000eab00000,0x00000000ead80000)
  from space 512K, 93% used [0x00000000eae80000,0x00000000eaef8000,0x00000000eaf00000)
  to   space 512K, 0% used [0x00000000eae00000,0x00000000eae00000,0x00000000eae80000)
 ParOldGen       total 146944K, used 146668K [0x00000000c0000000, 0x00000000c8f80000, 0x00000000eab00000)
  object space 146944K, 99% used [0x00000000c0000000,0x00000000c8f3b2b0,0x00000000c8f80000)
 Metaspace       used 60854K, committed 62208K, reserved 1114112K
  class space    used 6551K, committed 7104K, reserved 1048576K
}
Event: 11.520 GC heap before
{Heap before GC invocations=134 (full 3):
 PSYoungGen      total 3072K, used 3040K [0x00000000eab00000, 0x00000000eaf00000, 0x0000000100000000)
  eden space 2560K, 100% used [0x00000000eab00000,0x00000000ead80000,0x00000000ead80000)
  from space 512K, 93% used [0x00000000eae80000,0x00000000eaef8000,0x00000000eaf00000)
  to   space 512K, 0% used [0x00000000eae00000,0x00000000eae00000,0x00000000eae80000)
 ParOldGen       total 146944K, used 146668K [0x00000000c0000000, 0x00000000c8f80000, 0x00000000eab00000)
  object space 146944K, 99% used [0x00000000c0000000,0x00000000c8f3b2b0,0x00000000c8f80000)
 Metaspace       used 60902K, committed 62208K, reserved 1114112K
  class space    used 6558K, committed 7104K, reserved 1048576K
}
Event: 11.526 GC heap after
{Heap after GC invocations=134 (full 3):
 PSYoungGen      total 3584K, used 482K [0x00000000eab00000, 0x00000000eb100000, 0x0000000100000000)
  eden space 3072K, 0% used [0x00000000eab00000,0x00000000eab00000,0x00000000eae00000)
  from space 512K, 94% used [0x00000000eae00000,0x00000000eae78bc0,0x00000000eae80000)
  to   space 1536K, 0% used [0x00000000eaf80000,0x00000000eaf80000,0x00000000eb100000)
 ParOldGen       total 147456K, used 147172K [0x00000000c0000000, 0x00000000c9000000, 0x00000000eab00000)
  object space 147456K, 99% used [0x00000000c0000000,0x00000000c8fb91e0,0x00000000c9000000)
 Metaspace       used 60902K, committed 62208K, reserved 1114112K
  class space    used 6558K, committed 7104K, reserved 1048576K
}
Event: 11.549 GC heap before
{Heap before GC invocations=135 (full 3):
 PSYoungGen      total 3584K, used 3554K [0x00000000eab00000, 0x00000000eb100000, 0x0000000100000000)
  eden space 3072K, 100% used [0x00000000eab00000,0x00000000eae00000,0x00000000eae00000)
  from space 512K, 94% used [0x00000000eae00000,0x00000000eae78bc0,0x00000000eae80000)
  to   space 1536K, 0% used [0x00000000eaf80000,0x00000000eaf80000,0x00000000eb100000)
 ParOldGen       total 147456K, used 147172K [0x00000000c0000000, 0x00000000c9000000, 0x00000000eab00000)
  object space 147456K, 99% used [0x00000000c0000000,0x00000000c8fb91e0,0x00000000c9000000)
 Metaspace       used 61008K, committed 62272K, reserved 1114112K
  class space    used 6579K, committed 7104K, reserved 1048576K
}
Event: 11.551 GC heap after
{Heap after GC invocations=135 (full 3):
 PSYoungGen      total 4096K, used 551K [0x00000000eab00000, 0x00000000eb080000, 0x0000000100000000)
  eden space 3072K, 0% used [0x00000000eab00000,0x00000000eab00000,0x00000000eae00000)
  from space 1024K, 53% used [0x00000000eaf80000,0x00000000eb009fa8,0x00000000eb080000)
  to   space 1024K, 0% used [0x00000000eae80000,0x00000000eae80000,0x00000000eaf80000)
 ParOldGen       total 147968K, used 147620K [0x00000000c0000000, 0x00000000c9080000, 0x00000000eab00000)
  object space 147968K, 99% used [0x00000000c0000000,0x00000000c9029110,0x00000000c9080000)
 Metaspace       used 61008K, committed 62272K, reserved 1114112K
  class space    used 6579K, committed 7104K, reserved 1048576K
}
Event: 11.559 GC heap before
{Heap before GC invocations=136 (full 3):
 PSYoungGen      total 4096K, used 3623K [0x00000000eab00000, 0x00000000eb080000, 0x0000000100000000)
  eden space 3072K, 100% used [0x00000000eab00000,0x00000000eae00000,0x00000000eae00000)
  from space 1024K, 53% used [0x00000000eaf80000,0x00000000eb009fa8,0x00000000eb080000)
  to   space 1024K, 0% used [0x00000000eae80000,0x00000000eae80000,0x00000000eaf80000)
 ParOldGen       total 147968K, used 147620K [0x00000000c0000000, 0x00000000c9080000, 0x00000000eab00000)
  object space 147968K, 99% used [0x00000000c0000000,0x00000000c9029110,0x00000000c9080000)
 Metaspace       used 61008K, committed 62272K, reserved 1114112K
  class space    used 6579K, committed 7104K, reserved 1048576K
}
Event: 11.561 GC heap after
{Heap after GC invocations=136 (full 3):
 PSYoungGen      total 4096K, used 700K [0x00000000eab00000, 0x00000000eb000000, 0x0000000100000000)
  eden space 3072K, 0% used [0x00000000eab00000,0x00000000eab00000,0x00000000eae00000)
  from space 1024K, 68% used [0x00000000eae80000,0x00000000eaf2f250,0x00000000eaf80000)
  to   space 512K, 0% used [0x00000000eaf80000,0x00000000eaf80000,0x00000000eb000000)
 ParOldGen       total 148480K, used 148052K [0x00000000c0000000, 0x00000000c9100000, 0x00000000eab00000)
  object space 148480K, 99% used [0x00000000c0000000,0x00000000c90950b8,0x00000000c9100000)
 Metaspace       used 61008K, committed 62272K, reserved 1114112K
  class space    used 6579K, committed 7104K, reserved 1048576K
}
Event: 11.571 GC heap before
{Heap before GC invocations=137 (full 3):
 PSYoungGen      total 4096K, used 3772K [0x00000000eab00000, 0x00000000eb000000, 0x0000000100000000)
  eden space 3072K, 99% used [0x00000000eab00000,0x00000000eadffdb8,0x00000000eae00000)
  from space 1024K, 68% used [0x00000000eae80000,0x00000000eaf2f250,0x00000000eaf80000)
  to   space 512K, 0% used [0x00000000eaf80000,0x00000000eaf80000,0x00000000eb000000)
 ParOldGen       total 148480K, used 148052K [0x00000000c0000000, 0x00000000c9100000, 0x00000000eab00000)
  object space 148480K, 99% used [0x00000000c0000000,0x00000000c90950b8,0x00000000c9100000)
 Metaspace       used 61008K, committed 62272K, reserved 1114112K
  class space    used 6579K, committed 7104K, reserved 1048576K
}
Event: 11.572 GC heap after
{Heap after GC invocations=137 (full 3):
 PSYoungGen      total 3584K, used 498K [0x00000000eab00000, 0x00000000eb100000, 0x0000000100000000)
  eden space 3072K, 0% used [0x00000000eab00000,0x00000000eab00000,0x00000000eae00000)
  from space 512K, 97% used [0x00000000eaf80000,0x00000000eaffca48,0x00000000eb000000)
  to   space 1536K, 0% used [0x00000000eae00000,0x00000000eae00000,0x00000000eaf80000)
 ParOldGen       total 148992K, used 148675K [0x00000000c0000000, 0x00000000c9180000, 0x00000000eab00000)
  object space 148992K, 99% used [0x00000000c0000000,0x00000000c9130d30,0x00000000c9180000)
 Metaspace       used 61008K, committed 62272K, reserved 1114112K
  class space    used 6579K, committed 7104K, reserved 1048576K
}
Event: 11.583 GC heap before
{Heap before GC invocations=138 (full 3):
 PSYoungGen      total 3584K, used 3570K [0x00000000eab00000, 0x00000000eb100000, 0x0000000100000000)
  eden space 3072K, 100% used [0x00000000eab00000,0x00000000eae00000,0x00000000eae00000)
  from space 512K, 97% used [0x00000000eaf80000,0x00000000eaffca48,0x00000000eb000000)
  to   space 1536K, 0% used [0x00000000eae00000,0x00000000eae00000,0x00000000eaf80000)
 ParOldGen       total 148992K, used 148675K [0x00000000c0000000, 0x00000000c9180000, 0x00000000eab00000)
  object space 148992K, 99% used [0x00000000c0000000,0x00000000c9130d30,0x00000000c9180000)
 Metaspace       used 61009K, committed 62272K, reserved 1114112K
  class space    used 6579K, committed 7104K, reserved 1048576K
}
Event: 11.585 GC heap after
{Heap after GC invocations=138 (full 3):
 PSYoungGen      total 4096K, used 610K [0x00000000eab00000, 0x00000000eb000000, 0x0000000100000000)
  eden space 3072K, 0% used [0x00000000eab00000,0x00000000eab00000,0x00000000eae00000)
  from space 1024K, 59% used [0x00000000eae00000,0x00000000eae98a60,0x00000000eaf00000)
  to   space 1024K, 0% used [0x00000000eaf00000,0x00000000eaf00000,0x00000000eb000000)
 ParOldGen       total 149504K, used 149136K [0x00000000c0000000, 0x00000000c9200000, 0x00000000eab00000)
  object space 149504K, 99% used [0x00000000c0000000,0x00000000c91a4128,0x00000000c9200000)
 Metaspace       used 61009K, committed 62272K, reserved 1114112K
  class space    used 6579K, committed 7104K, reserved 1048576K
}
Event: 11.598 GC heap before
{Heap before GC invocations=139 (full 3):
 PSYoungGen      total 4096K, used 3682K [0x00000000eab00000, 0x00000000eb000000, 0x0000000100000000)
  eden space 3072K, 100% used [0x00000000eab00000,0x00000000eae00000,0x00000000eae00000)
  from space 1024K, 59% used [0x00000000eae00000,0x00000000eae98a60,0x00000000eaf00000)
  to   space 1024K, 0% used [0x00000000eaf00000,0x00000000eaf00000,0x00000000eb000000)
 ParOldGen       total 149504K, used 149136K [0x00000000c0000000, 0x00000000c9200000, 0x00000000eab00000)
  object space 149504K, 99% used [0x00000000c0000000,0x00000000c91a4128,0x00000000c9200000)
 Metaspace       used 61060K, committed 62336K, reserved 1114112K
  class space    used 6584K, committed 7104K, reserved 1048576K
}
Event: 11.599 GC heap after
{Heap after GC invocations=139 (full 3):
 PSYoungGen      total 4096K, used 788K [0x00000000eab00000, 0x00000000eb000000, 0x0000000100000000)
  eden space 3072K, 0% used [0x00000000eab00000,0x00000000eab00000,0x00000000eae00000)
  from space 1024K, 77% used [0x00000000eaf00000,0x00000000eafc52e8,0x00000000eb000000)
  to   space 1024K, 0% used [0x00000000eae00000,0x00000000eae00000,0x00000000eaf00000)
 ParOldGen       total 150016K, used 149632K [0x00000000c0000000, 0x00000000c9280000, 0x00000000eab00000)
  object space 150016K, 99% used [0x00000000c0000000,0x00000000c9220108,0x00000000c9280000)
 Metaspace       used 61060K, committed 62336K, reserved 1114112K
  class space    used 6584K, committed 7104K, reserved 1048576K
}
Event: 11.609 GC heap before
{Heap before GC invocations=140 (full 3):
 PSYoungGen      total 4096K, used 3860K [0x00000000eab00000, 0x00000000eb000000, 0x0000000100000000)
  eden space 3072K, 100% used [0x00000000eab00000,0x00000000eae00000,0x00000000eae00000)
  from space 1024K, 77% used [0x00000000eaf00000,0x00000000eafc52e8,0x00000000eb000000)
  to   space 1024K, 0% used [0x00000000eae00000,0x00000000eae00000,0x00000000eaf00000)
 ParOldGen       total 150016K, used 149632K [0x00000000c0000000, 0x00000000c9280000, 0x00000000eab00000)
  object space 150016K, 99% used [0x00000000c0000000,0x00000000c9220108,0x00000000c9280000)
 Metaspace       used 61130K, committed 62464K, reserved 1114112K
  class space    used 6595K, committed 7168K, reserved 1048576K
}
Event: 11.612 GC heap after
{Heap after GC invocations=140 (full 3):
 PSYoungGen      total 4096K, used 693K [0x00000000eab00000, 0x00000000eb000000, 0x0000000100000000)
  eden space 3072K, 0% used [0x00000000eab00000,0x00000000eab00000,0x00000000eae00000)
  from space 1024K, 67% used [0x00000000eae00000,0x00000000eaead558,0x00000000eaf00000)
  to   space 1024K, 0% used [0x00000000eaf00000,0x00000000eaf00000,0x00000000eb000000)
 ParOldGen       total 150528K, used 150306K [0x00000000c0000000, 0x00000000c9300000, 0x00000000eab00000)
  object space 150528K, 99% used [0x00000000c0000000,0x00000000c92c8818,0x00000000c9300000)
 Metaspace       used 61130K, committed 62464K, reserved 1114112K
  class space    used 6595K, committed 7168K, reserved 1048576K
}
Event: 11.623 GC heap before
{Heap before GC invocations=141 (full 3):
 PSYoungGen      total 4096K, used 3765K [0x00000000eab00000, 0x00000000eb000000, 0x0000000100000000)
  eden space 3072K, 100% used [0x00000000eab00000,0x00000000eae00000,0x00000000eae00000)
  from space 1024K, 67% used [0x00000000eae00000,0x00000000eaead558,0x00000000eaf00000)
  to   space 1024K, 0% used [0x00000000eaf00000,0x00000000eaf00000,0x00000000eb000000)
 ParOldGen       total 150528K, used 150306K [0x00000000c0000000, 0x00000000c9300000, 0x00000000eab00000)
  object space 150528K, 99% used [0x00000000c0000000,0x00000000c92c8818,0x00000000c9300000)
 Metaspace       used 61229K, committed 62528K, reserved 1114112K
  class space    used 6610K, committed 7168K, reserved 1048576K
}
Event: 11.627 GC heap after
{Heap after GC invocations=141 (full 3):
 PSYoungGen      total 4096K, used 721K [0x00000000eab00000, 0x00000000eb000000, 0x0000000100000000)
  eden space 3072K, 0% used [0x00000000eab00000,0x00000000eab00000,0x00000000eae00000)
  from space 1024K, 70% used [0x00000000eaf00000,0x00000000eafb4740,0x00000000eb000000)
  to   space 1024K, 0% used [0x00000000eae00000,0x00000000eae00000,0x00000000eaf00000)
 ParOldGen       total 151040K, used 150897K [0x00000000c0000000, 0x00000000c9380000, 0x00000000eab00000)
  object space 151040K, 99% used [0x00000000c0000000,0x00000000c935c520,0x00000000c9380000)
 Metaspace       used 61229K, committed 62528K, reserved 1114112K
  class space    used 6610K, committed 7168K, reserved 1048576K
}

Dll operation events (11 events):
Event: 0.070 Loaded shared library c:\Users\student\.vscode\extensions\redhat.java-1.42.0-win32-x64\jre\21.0.7-win32-x86_64\bin\java.dll
Event: 0.117 Loaded shared library c:\Users\student\.vscode\extensions\redhat.java-1.42.0-win32-x64\jre\21.0.7-win32-x86_64\bin\zip.dll
Event: 0.259 Loaded shared library C:\Users\student\.vscode\extensions\redhat.java-1.42.0-win32-x64\jre\21.0.7-win32-x86_64\bin\instrument.dll
Event: 0.264 Loaded shared library C:\Users\student\.vscode\extensions\redhat.java-1.42.0-win32-x64\jre\21.0.7-win32-x86_64\bin\net.dll
Event: 0.267 Loaded shared library C:\Users\student\.vscode\extensions\redhat.java-1.42.0-win32-x64\jre\21.0.7-win32-x86_64\bin\nio.dll
Event: 0.278 Loaded shared library C:\Users\student\.vscode\extensions\redhat.java-1.42.0-win32-x64\jre\21.0.7-win32-x86_64\bin\zip.dll
Event: 0.297 Loaded shared library C:\Users\student\.vscode\extensions\redhat.java-1.42.0-win32-x64\jre\21.0.7-win32-x86_64\bin\jimage.dll
Event: 0.452 Loaded shared library c:\Users\student\.vscode\extensions\redhat.java-1.42.0-win32-x64\jre\21.0.7-win32-x86_64\bin\verify.dll
Event: 1.764 Loaded shared library C:\Users\student\AppData\Roaming\Code\User\globalStorage\redhat.java\1.42.0\config_win\org.eclipse.equinox.launcher\org.eclipse.equinox.launcher.win32.win32.x86_64_1.2.1300.v20250331-1702\eclipse_11911.dll
Event: 2.989 Loaded shared library C:\Users\student\AppData\Local\Temp\jna--1879145925\jna17343606784591548449.dll
Event: 11.388 Loaded shared library C:\Users\student\.gradle\native\1def1411415f61bf3af743bc5b6707747c0891f09f0c88961ee8f79bc544acac\windows-amd64\native-platform.dll

Deoptimization events (20 events):
Event: 11.398 Thread 0x0000025e12430640 Uncommon trap: trap_request=0xffffff45 fr.pc=0x0000025e3363f1e8 relative=0x00000000000000c8
Event: 11.398 Thread 0x0000025e12430640 Uncommon trap: reason=unstable_if action=reinterpret pc=0x0000025e3363f1e8 method=java.util.RegularEnumSet.contains(Ljava/lang/Object;)Z @ 16 c2
Event: 11.398 Thread 0x0000025e12430640 DEOPT PACKING pc=0x0000025e3363f1e8 sp=0x000000c9283fe690
Event: 11.398 Thread 0x0000025e12430640 DEOPT UNPACKING pc=0x0000025e32e86da2 sp=0x000000c9283fe630 mode 2
Event: 11.465 Thread 0x0000025e04c41930 Uncommon trap: trap_request=0xffffff5c fr.pc=0x0000025e33970078 relative=0x00000000000080d8
Event: 11.465 Thread 0x0000025e04c41930 Uncommon trap: reason=speculate_null_check action=make_not_entrant pc=0x0000025e33970078 method=org.eclipse.jdt.internal.core.search.indexing.BinaryIndexer.indexDocument()V @ 542 c2
Event: 11.465 Thread 0x0000025e04c41930 DEOPT PACKING pc=0x0000025e33970078 sp=0x000000c9247fee50
Event: 11.465 Thread 0x0000025e04c41930 DEOPT UNPACKING pc=0x0000025e32e86da2 sp=0x000000c9247fedc0 mode 2
Event: 11.501 Thread 0x0000025e04c41930 Uncommon trap: trap_request=0xffffff45 fr.pc=0x0000025e338528dc relative=0x00000000000076bc
Event: 11.501 Thread 0x0000025e04c41930 Uncommon trap: reason=unstable_if action=reinterpret pc=0x0000025e338528dc method=org.eclipse.jdt.internal.core.search.indexing.BinaryContainer.isValidPackageNameForClassOrisModule(Ljava/lang/String;)Z @ 27 c2
Event: 11.501 Thread 0x0000025e04c41930 DEOPT PACKING pc=0x0000025e338528dc sp=0x000000c9247ff090
Event: 11.501 Thread 0x0000025e04c41930 DEOPT UNPACKING pc=0x0000025e32e86da2 sp=0x000000c9247feee8 mode 2
Event: 11.556 Thread 0x0000025e12430640 Uncommon trap: trap_request=0xffffff45 fr.pc=0x0000025e335580c4 relative=0x0000000000001f24
Event: 11.556 Thread 0x0000025e12430640 Uncommon trap: reason=unstable_if action=reinterpret pc=0x0000025e335580c4 method=java.net.URI$Parser.parse(Z)V @ 36 c2
Event: 11.556 Thread 0x0000025e12430640 DEOPT PACKING pc=0x0000025e335580c4 sp=0x000000c9283fd4d0
Event: 11.556 Thread 0x0000025e12430640 DEOPT UNPACKING pc=0x0000025e32e86da2 sp=0x000000c9283fd4c8 mode 2
Event: 11.575 Thread 0x0000025e12430640 Uncommon trap: trap_request=0xffffff45 fr.pc=0x0000025e334d96ec relative=0x00000000000015cc
Event: 11.575 Thread 0x0000025e12430640 Uncommon trap: reason=unstable_if action=reinterpret pc=0x0000025e334d96ec method=java.lang.String.<init>(Ljava/nio/charset/Charset;[BII)V @ 113 c2
Event: 11.575 Thread 0x0000025e12430640 DEOPT PACKING pc=0x0000025e334d96ec sp=0x000000c9283fd010
Event: 11.575 Thread 0x0000025e12430640 DEOPT UNPACKING pc=0x0000025e32e86da2 sp=0x000000c9283fcfe0 mode 2

Classes loaded (20 events):
Event: 10.396 Loading class java/nio/file/PathMatcher done
Event: 10.396 Loading class sun/nio/fs/WindowsFileSystem$2 done
Event: 10.729 Loading class java/nio/file/FileChannelLinesSpliterator
Event: 10.729 Loading class java/nio/file/FileChannelLinesSpliterator done
Event: 10.730 Loading class java/util/stream/Streams$1
Event: 10.730 Loading class java/util/stream/Streams$1 done
Event: 10.730 Loading class java/nio/file/FileChannelLinesSpliterator$1
Event: 10.731 Loading class java/nio/file/FileChannelLinesSpliterator$1 done
Event: 10.815 Loading class java/util/concurrent/CopyOnWriteArraySet
Event: 10.815 Loading class java/util/concurrent/CopyOnWriteArraySet done
Event: 11.095 Loading class java/net/HttpURLConnection
Event: 11.095 Loading class java/net/HttpURLConnection done
Event: 11.100 Loading class java/io/FileFilter
Event: 11.100 Loading class java/io/FileFilter done
Event: 11.123 Loading class java/util/concurrent/ConcurrentHashMap$ValueSpliterator
Event: 11.124 Loading class java/util/concurrent/ConcurrentHashMap$ValueSpliterator done
Event: 11.125 Loading class jdk/internal/loader/BootLoader$PackageHelper
Event: 11.125 Loading class jdk/internal/loader/BootLoader$PackageHelper done
Event: 11.457 Loading class java/lang/Class$EnclosingMethodInfo
Event: 11.458 Loading class java/lang/Class$EnclosingMethodInfo done

Classes unloaded (7 events):
Event: 3.746 Thread 0x0000025e3ca8c310 Unloading class 0x0000025e3e1ac800 'java/lang/invoke/LambdaForm$MH+0x0000025e3e1ac800'
Event: 3.746 Thread 0x0000025e3ca8c310 Unloading class 0x0000025e3e1ac400 'java/lang/invoke/LambdaForm$MH+0x0000025e3e1ac400'
Event: 3.746 Thread 0x0000025e3ca8c310 Unloading class 0x0000025e3e1ac000 'java/lang/invoke/LambdaForm$MH+0x0000025e3e1ac000'
Event: 3.746 Thread 0x0000025e3ca8c310 Unloading class 0x0000025e3e1abc00 'java/lang/invoke/LambdaForm$MH+0x0000025e3e1abc00'
Event: 3.746 Thread 0x0000025e3ca8c310 Unloading class 0x0000025e3e1ab800 'java/lang/invoke/LambdaForm$BMH+0x0000025e3e1ab800'
Event: 3.746 Thread 0x0000025e3ca8c310 Unloading class 0x0000025e3e1ab400 'java/lang/invoke/LambdaForm$DMH+0x0000025e3e1ab400'
Event: 3.746 Thread 0x0000025e3ca8c310 Unloading class 0x0000025e3e1aa400 'java/lang/invoke/LambdaForm$DMH+0x0000025e3e1aa400'

Classes redefined (0 events):
No events

Internal exceptions (20 events):
Event: 10.690 Thread 0x0000025e04c40c10 Exception <a 'sun/nio/fs/WindowsException'{0x00000000eafd1758}> (0x00000000eafd1758) 
thrown [s\src\hotspot\share\prims\jni.cpp, line 520]
Event: 10.691 Thread 0x0000025e04c40c10 Exception <a 'sun/nio/fs/WindowsException'{0x00000000eafe91b8}> (0x00000000eafe91b8) 
thrown [s\src\hotspot\share\prims\jni.cpp, line 520]
Event: 10.691 Thread 0x0000025e04c40c10 Exception <a 'sun/nio/fs/WindowsException'{0x00000000eafe9790}> (0x00000000eafe9790) 
thrown [s\src\hotspot\share\prims\jni.cpp, line 520]
Event: 10.691 Thread 0x0000025e04c40c10 Exception <a 'sun/nio/fs/WindowsException'{0x00000000eafe9d78}> (0x00000000eafe9d78) 
thrown [s\src\hotspot\share\prims\jni.cpp, line 520]
Event: 10.691 Thread 0x0000025e04c40c10 Exception <a 'sun/nio/fs/WindowsException'{0x00000000eafea370}> (0x00000000eafea370) 
thrown [s\src\hotspot\share\prims\jni.cpp, line 520]
Event: 10.693 Thread 0x0000025e04c40c10 Exception <a 'sun/nio/fs/WindowsException'{0x00000000eab03a08}> (0x00000000eab03a08) 
thrown [s\src\hotspot\share\prims\jni.cpp, line 520]
Event: 10.693 Thread 0x0000025e04c40c10 Exception <a 'sun/nio/fs/WindowsException'{0x00000000eab04240}> (0x00000000eab04240) 
thrown [s\src\hotspot\share\prims\jni.cpp, line 520]
Event: 10.693 Thread 0x0000025e04c40c10 Exception <a 'sun/nio/fs/WindowsException'{0x00000000eab04830}> (0x00000000eab04830) 
thrown [s\src\hotspot\share\prims\jni.cpp, line 520]
Event: 10.693 Thread 0x0000025e04c40c10 Exception <a 'sun/nio/fs/WindowsException'{0x00000000eab04e38}> (0x00000000eab04e38) 
thrown [s\src\hotspot\share\prims\jni.cpp, line 520]
Event: 10.693 Thread 0x0000025e04c40c10 Exception <a 'sun/nio/fs/WindowsException'{0x00000000eab0a320}> (0x00000000eab0a320) 
thrown [s\src\hotspot\share\prims\jni.cpp, line 520]
Event: 10.693 Thread 0x0000025e04c40c10 Exception <a 'sun/nio/fs/WindowsException'{0x00000000eab0a918}> (0x00000000eab0a918) 
thrown [s\src\hotspot\share\prims\jni.cpp, line 520]
Event: 10.693 Thread 0x0000025e04c40c10 Exception <a 'sun/nio/fs/WindowsException'{0x00000000eab0af18}> (0x00000000eab0af18) 
thrown [s\src\hotspot\share\prims\jni.cpp, line 520]
Event: 10.693 Thread 0x0000025e04c40c10 Exception <a 'sun/nio/fs/WindowsException'{0x00000000eab0b528}> (0x00000000eab0b528) 
thrown [s\src\hotspot\share\prims\jni.cpp, line 520]
Event: 10.694 Thread 0x0000025e04c40c10 Exception <a 'sun/nio/fs/WindowsException'{0x00000000eab0ef40}> (0x00000000eab0ef40) 
thrown [s\src\hotspot\share\prims\jni.cpp, line 520]
Event: 10.694 Thread 0x0000025e04c40c10 Exception <a 'sun/nio/fs/WindowsException'{0x00000000eab0f530}> (0x00000000eab0f530) 
thrown [s\src\hotspot\share\prims\jni.cpp, line 520]
Event: 10.694 Thread 0x0000025e04c40c10 Exception <a 'sun/nio/fs/WindowsException'{0x00000000eab0fb20}> (0x00000000eab0fb20) 
thrown [s\src\hotspot\share\prims\jni.cpp, line 520]
Event: 10.694 Thread 0x0000025e04c40c10 Exception <a 'sun/nio/fs/WindowsException'{0x00000000eab10388}> (0x00000000eab10388) 
thrown [s\src\hotspot\share\prims\jni.cpp, line 520]
Event: 10.823 Thread 0x0000025e04c40c10 Exception <a 'java/lang/NoSuchMethodError'{0x00000000eab20358}: 'java.lang.Object java.lang.invoke.DirectMethodHandle$Holder.invokeVirtual(java.lang.Object, java.lang.Object, java.lang.Object, java.lang.Object)'> (0x00000000eab20358) 
thrown [s\src\hotspot\share\interpreter\linkResolver.cpp, line 773]
Event: 10.825 Thread 0x0000025e04c40c10 Exception <a 'java/lang/NoSuchMethodError'{0x00000000eab42df8}: 'java.lang.Object java.lang.invoke.DirectMethodHandle$Holder.invokeVirtual(java.lang.Object, java.lang.Object, java.lang.Object, java.lang.Object, java.lang.Object)'> (0x00000000eab42df8) 
thrown [s\src\hotspot\share\interpreter\linkResolver.cpp, line 773]
Event: 11.465 Thread 0x0000025e04c41930 Implicit null exception at 0x0000025e3396a42f to 0x0000025e33970058

ZGC Phase Switch (0 events):
No events

VM Operations (20 events):
Event: 11.493 Executing VM operation: ParallelGCFailedAllocation (Allocation Failure)
Event: 11.495 Executing VM operation: ParallelGCFailedAllocation (Allocation Failure) done
Event: 11.509 Executing VM operation: ParallelGCFailedAllocation (Allocation Failure)
Event: 11.512 Executing VM operation: ParallelGCFailedAllocation (Allocation Failure) done
Event: 11.520 Executing VM operation: ParallelGCFailedAllocation (Allocation Failure)
Event: 11.526 Executing VM operation: ParallelGCFailedAllocation (Allocation Failure) done
Event: 11.549 Executing VM operation: ParallelGCFailedAllocation (Allocation Failure)
Event: 11.551 Executing VM operation: ParallelGCFailedAllocation (Allocation Failure) done
Event: 11.559 Executing VM operation: ParallelGCFailedAllocation (Allocation Failure)
Event: 11.561 Executing VM operation: ParallelGCFailedAllocation (Allocation Failure) done
Event: 11.570 Executing VM operation: ParallelGCFailedAllocation (Allocation Failure)
Event: 11.572 Executing VM operation: ParallelGCFailedAllocation (Allocation Failure) done
Event: 11.583 Executing VM operation: ParallelGCFailedAllocation (Allocation Failure)
Event: 11.585 Executing VM operation: ParallelGCFailedAllocation (Allocation Failure) done
Event: 11.598 Executing VM operation: ParallelGCFailedAllocation (Allocation Failure)
Event: 11.599 Executing VM operation: ParallelGCFailedAllocation (Allocation Failure) done
Event: 11.609 Executing VM operation: ParallelGCFailedAllocation (Allocation Failure)
Event: 11.612 Executing VM operation: ParallelGCFailedAllocation (Allocation Failure) done
Event: 11.623 Executing VM operation: ParallelGCFailedAllocation (Allocation Failure)
Event: 11.628 Executing VM operation: ParallelGCFailedAllocation (Allocation Failure) done

Memory protections (0 events):
No events

Nmethod flushes (20 events):
Event: 10.941 Thread 0x0000025e3ca8c310 flushing  nmethod 0x0000025e2c17cf10
Event: 10.941 Thread 0x0000025e3ca8c310 flushing  nmethod 0x0000025e2c17e990
Event: 10.941 Thread 0x0000025e3ca8c310 flushing  nmethod 0x0000025e2c180210
Event: 10.941 Thread 0x0000025e3ca8c310 flushing  nmethod 0x0000025e2c180a90
Event: 10.941 Thread 0x0000025e3ca8c310 flushing  nmethod 0x0000025e2c184590
Event: 10.941 Thread 0x0000025e3ca8c310 flushing  nmethod 0x0000025e2c184c90
Event: 10.941 Thread 0x0000025e3ca8c310 flushing  nmethod 0x0000025e2c186b90
Event: 10.941 Thread 0x0000025e3ca8c310 flushing  nmethod 0x0000025e2c19cc10
Event: 10.941 Thread 0x0000025e3ca8c310 flushing  nmethod 0x0000025e2c19d610
Event: 10.941 Thread 0x0000025e3ca8c310 flushing  nmethod 0x0000025e2c19fd90
Event: 10.941 Thread 0x0000025e3ca8c310 flushing  nmethod 0x0000025e2c1a0210
Event: 10.941 Thread 0x0000025e3ca8c310 flushing  nmethod 0x0000025e2c1d2a90
Event: 10.941 Thread 0x0000025e3ca8c310 flushing osr nmethod 0x0000025e2c1f5190
Event: 10.941 Thread 0x0000025e3ca8c310 flushing  nmethod 0x0000025e2c20c790
Event: 10.941 Thread 0x0000025e3ca8c310 flushing  nmethod 0x0000025e2c215b90
Event: 10.941 Thread 0x0000025e3ca8c310 flushing  nmethod 0x0000025e2c217410
Event: 10.941 Thread 0x0000025e3ca8c310 flushing  nmethod 0x0000025e2c217b90
Event: 10.941 Thread 0x0000025e3ca8c310 flushing  nmethod 0x0000025e2c217f10
Event: 10.941 Thread 0x0000025e3ca8c310 flushing  nmethod 0x0000025e2c218290
Event: 10.941 Thread 0x0000025e3ca8c310 flushing  nmethod 0x0000025e2c21ad90

Events (20 events):
Event: 8.511 Thread 0x0000025e070f2830 Thread added: 0x0000025e070f69d0
Event: 8.512 Thread 0x0000025e070f5620 Thread added: 0x0000025e070f8aa0
Event: 8.512 Thread 0x0000025e070f69d0 Thread added: 0x0000025e070f7060
Event: 8.512 Thread 0x0000025e070f2830 Thread added: 0x0000025e070f4f90
Event: 8.549 Thread 0x0000025e06a5cb20 Thread added: 0x0000025e070f76f0
Event: 8.550 Thread 0x0000025e06a5cb20 Thread added: 0x0000025e070f6340
Event: 8.550 Thread 0x0000025e06a5cb20 Thread added: 0x0000025e070f3550
Event: 8.550 Thread 0x0000025e06a5cb20 Thread added: 0x0000025e070f4270
Event: 8.550 Thread 0x0000025e070f3550 Thread added: 0x0000025e070f8410
Event: 8.550 Thread 0x0000025e070f6340 Thread added: 0x0000025e070f7d80
Event: 8.733 Thread 0x0000025e04c3fef0 Thread exited: 0x0000025e04c3fef0
Event: 9.859 Thread 0x0000025e06a5cb20 Thread added: 0x0000025e070f4900
Event: 9.974 Thread 0x0000025e06a5cb20 Thread added: 0x0000025e070f9e50
Event: 10.009 Thread 0x0000025e06a5cb20 Thread added: 0x0000025e070f2ec0
Event: 10.009 Thread 0x0000025e06a5cb20 Thread added: 0x0000025e070f3be0
Event: 10.109 Thread 0x0000025e06a5cb20 Thread added: 0x0000025e04c3fef0
Event: 10.151 Thread 0x0000025e06a5cb20 Thread added: 0x0000025e1242e570
Event: 10.180 Thread 0x0000025e06a5cb20 Thread added: 0x0000025e12430cd0
Event: 10.775 Thread 0x0000025e04c40c10 Thread added: 0x0000025e1242dee0
Event: 11.063 Thread 0x0000025e04c40c10 Thread added: 0x0000025e12430640


Dynamic libraries:
0x00007ff60d180000 - 0x00007ff60d18e000 	c:\Users\student\.vscode\extensions\redhat.java-1.42.0-win32-x64\jre\21.0.7-win32-x86_64\bin\java.exe
0x00007fff64830000 - 0x00007fff64a28000 	C:\Windows\SYSTEM32\ntdll.dll
0x00007fff63000000 - 0x00007fff630bf000 	C:\Windows\System32\KERNEL32.DLL
0x00007fff62130000 - 0x00007fff6240a000 	C:\Windows\System32\KERNELBASE.dll
0x00007fff61f40000 - 0x00007fff62040000 	C:\Windows\System32\ucrtbase.dll
0x00007fff39380000 - 0x00007fff39398000 	c:\Users\student\.vscode\extensions\redhat.java-1.42.0-win32-x64\jre\21.0.7-win32-x86_64\bin\jli.dll
0x00007fff63a90000 - 0x00007fff63c2d000 	C:\Windows\System32\USER32.dll
0x00007fff62560000 - 0x00007fff62582000 	C:\Windows\System32\win32u.dll
0x00007fff63c30000 - 0x00007fff63c5b000 	C:\Windows\System32\GDI32.dll
0x00007fff626f0000 - 0x00007fff62800000 	C:\Windows\System32\gdi32full.dll
0x00007fff62090000 - 0x00007fff6212d000 	C:\Windows\System32\msvcp_win.dll
0x00007fff3b710000 - 0x00007fff3b72e000 	c:\Users\student\.vscode\extensions\redhat.java-1.42.0-win32-x64\jre\21.0.7-win32-x86_64\bin\VCRUNTIME140.dll
0x00007fff4d220000 - 0x00007fff4d4ba000 	C:\Windows\WinSxS\amd64_microsoft.windows.common-controls_6595b64144ccf1df_6.0.19041.1110_none_60b5254171f9507e\COMCTL32.dll
0x00007fff631f0000 - 0x00007fff6328e000 	C:\Windows\System32\msvcrt.dll
0x00007fff63660000 - 0x00007fff63690000 	C:\Windows\System32\IMM32.DLL
0x00007fff4b7d0000 - 0x00007fff4b7dc000 	c:\Users\student\.vscode\extensions\redhat.java-1.42.0-win32-x64\jre\21.0.7-win32-x86_64\bin\vcruntime140_1.dll
0x00007ffefdf00000 - 0x00007ffefdf8d000 	c:\Users\student\.vscode\extensions\redhat.java-1.42.0-win32-x64\jre\21.0.7-win32-x86_64\bin\msvcp140.dll
0x00007ffebad90000 - 0x00007ffebbb20000 	c:\Users\student\.vscode\extensions\redhat.java-1.42.0-win32-x64\jre\21.0.7-win32-x86_64\bin\server\jvm.dll
0x00007fff63d30000 - 0x00007fff63dde000 	C:\Windows\System32\ADVAPI32.dll
0x00007fff637b0000 - 0x00007fff6384c000 	C:\Windows\System32\sechost.dll
0x00007fff630c0000 - 0x00007fff631e6000 	C:\Windows\System32\RPCRT4.dll
0x00007fff63a00000 - 0x00007fff63a6b000 	C:\Windows\System32\WS2_32.dll
0x00007fff614c0000 - 0x00007fff6150b000 	C:\Windows\SYSTEM32\POWRPROF.dll
0x00007fff51980000 - 0x00007fff5198a000 	C:\Windows\SYSTEM32\VERSION.dll
0x00007fff48150000 - 0x00007fff48177000 	C:\Windows\SYSTEM32\WINMM.dll
0x00007fff61380000 - 0x00007fff61392000 	C:\Windows\SYSTEM32\UMPDC.dll
0x00007fff60790000 - 0x00007fff607a2000 	C:\Windows\SYSTEM32\kernel.appcore.dll
0x00007fff44ed0000 - 0x00007fff44eda000 	c:\Users\student\.vscode\extensions\redhat.java-1.42.0-win32-x64\jre\21.0.7-win32-x86_64\bin\jimage.dll
0x00007fff5fb80000 - 0x00007fff5fd64000 	C:\Windows\SYSTEM32\DBGHELP.DLL
0x00007fff44d00000 - 0x00007fff44d34000 	C:\Windows\SYSTEM32\dbgcore.DLL
0x00007fff62800000 - 0x00007fff62882000 	C:\Windows\System32\bcryptPrimitives.dll
0x00007fff58730000 - 0x00007fff5873f000 	c:\Users\student\.vscode\extensions\redhat.java-1.42.0-win32-x64\jre\21.0.7-win32-x86_64\bin\instrument.dll
0x00007fff2c150000 - 0x00007fff2c16f000 	c:\Users\student\.vscode\extensions\redhat.java-1.42.0-win32-x64\jre\21.0.7-win32-x86_64\bin\java.dll
0x00007fff63e90000 - 0x00007fff645d4000 	C:\Windows\System32\SHELL32.dll
0x00007fff5ffe0000 - 0x00007fff60773000 	C:\Windows\SYSTEM32\windows.storage.dll
0x00007fff63290000 - 0x00007fff635e4000 	C:\Windows\System32\combase.dll
0x00007fff619a0000 - 0x00007fff619ce000 	C:\Windows\SYSTEM32\Wldp.dll
0x00007fff64740000 - 0x00007fff647ed000 	C:\Windows\System32\SHCORE.dll
0x00007fff62ec0000 - 0x00007fff62f15000 	C:\Windows\System32\shlwapi.dll
0x00007fff61e80000 - 0x00007fff61e9f000 	C:\Windows\SYSTEM32\profapi.dll
0x00007fff250e0000 - 0x00007fff250f8000 	c:\Users\student\.vscode\extensions\redhat.java-1.42.0-win32-x64\jre\21.0.7-win32-x86_64\bin\zip.dll
0x00007fff422d0000 - 0x00007fff422e0000 	C:\Users\student\.vscode\extensions\redhat.java-1.42.0-win32-x64\jre\21.0.7-win32-x86_64\bin\net.dll
0x00007fff594a0000 - 0x00007fff595aa000 	C:\Windows\SYSTEM32\WINHTTP.dll
0x00007fff61700000 - 0x00007fff6176a000 	C:\Windows\system32\mswsock.dll
0x00007fff2ba80000 - 0x00007fff2ba96000 	C:\Users\student\.vscode\extensions\redhat.java-1.42.0-win32-x64\jre\21.0.7-win32-x86_64\bin\nio.dll
0x00007fff56f40000 - 0x00007fff56f50000 	c:\Users\student\.vscode\extensions\redhat.java-1.42.0-win32-x64\jre\21.0.7-win32-x86_64\bin\verify.dll
0x00007fff3b490000 - 0x00007fff3b4d5000 	C:\Users\student\AppData\Roaming\Code\User\globalStorage\redhat.java\1.42.0\config_win\org.eclipse.equinox.launcher\org.eclipse.equinox.launcher.win32.win32.x86_64_1.2.1300.v20250331-1702\eclipse_11911.dll
0x00007fff62d90000 - 0x00007fff62eba000 	C:\Windows\System32\ole32.dll
0x00007fff618f0000 - 0x00007fff61908000 	C:\Windows\SYSTEM32\CRYPTSP.dll
0x00007fff60fb0000 - 0x00007fff60fe4000 	C:\Windows\system32\rsaenh.dll
0x00007fff62530000 - 0x00007fff62557000 	C:\Windows\System32\bcrypt.dll
0x00007fff61e40000 - 0x00007fff61e6e000 	C:\Windows\SYSTEM32\USERENV.dll
0x00007fff61910000 - 0x00007fff6191c000 	C:\Windows\SYSTEM32\CRYPTBASE.dll
0x00007fff613a0000 - 0x00007fff613dc000 	C:\Windows\SYSTEM32\IPHLPAPI.DLL
0x00007fff635f0000 - 0x00007fff635f8000 	C:\Windows\System32\NSI.dll
0x00007fff2a580000 - 0x00007fff2a5c9000 	C:\Users\student\AppData\Local\Temp\jna--1879145925\jna17343606784591548449.dll
0x00007fff64730000 - 0x00007fff64738000 	C:\Windows\System32\PSAPI.DLL
0x00007fff51b30000 - 0x00007fff51b47000 	C:\Windows\SYSTEM32\dhcpcsvc6.DLL
0x00007fff56a60000 - 0x00007fff56a7d000 	C:\Windows\SYSTEM32\dhcpcsvc.DLL
0x00007fff245f0000 - 0x00007fff24617000 	C:\Users\student\.gradle\native\1def1411415f61bf3af743bc5b6707747c0891f09f0c88961ee8f79bc544acac\windows-amd64\native-platform.dll

dbghelp: loaded successfully - version: 4.0.5 - missing functions: none
symbol engine: initialized successfully - sym options: 0x614 - pdb path: .;c:\Users\student\.vscode\extensions\redhat.java-1.42.0-win32-x64\jre\21.0.7-win32-x86_64\bin;C:\Windows\SYSTEM32;C:\Windows\WinSxS\amd64_microsoft.windows.common-controls_6595b64144ccf1df_6.0.19041.1110_none_60b5254171f9507e;c:\Users\student\.vscode\extensions\redhat.java-1.42.0-win32-x64\jre\21.0.7-win32-x86_64\bin\server;C:\Users\student\AppData\Roaming\Code\User\globalStorage\redhat.java\1.42.0\config_win\org.eclipse.equinox.launcher\org.eclipse.equinox.launcher.win32.win32.x86_64_1.2.1300.v20250331-1702;C:\Users\student\AppData\Local\Temp\jna--1879145925;C:\Users\student\.gradle\native\1def1411415f61bf3af743bc5b6707747c0891f09f0c88961ee8f79bc544acac\windows-amd64

VM Arguments:
jvm_args: --add-modules=ALL-SYSTEM --add-opens=java.base/java.util=ALL-UNNAMED --add-opens=java.base/java.lang=ALL-UNNAMED --add-opens=java.base/sun.nio.fs=ALL-UNNAMED -Declipse.application=org.eclipse.jdt.ls.core.id1 -Dosgi.bundles.defaultStartLevel=4 -Declipse.product=org.eclipse.jdt.ls.core.product -Djava.import.generatesMetadataFilesAtProjectRoot=false -DDetectVMInstallationsJob.disabled=true -Dfile.encoding=utf8 -XX:+UseParallelGC -XX:GCTimeRatio=4 -XX:AdaptiveSizePolicyWeight=90 -Dsun.zip.disableMemoryMapping=true -Xmx1G -Xms100m -Xlog:disable -javaagent:c:\Users\student\.vscode\extensions\redhat.java-1.42.0-win32-x64\lombok\lombok-1.18.36.jar -XX:+HeapDumpOnOutOfMemoryError -XX:HeapDumpPath=c:\Users\student\AppData\Roaming\Code\User\workspaceStorage\6fd2f73aaa6829d83ee43f0051310afc\redhat.java -Daether.dependencyCollector.impl=bf 
java_command: c:\Users\student\.vscode\extensions\redhat.java-1.42.0-win32-x64\server\plugins\org.eclipse.equinox.launcher_1.7.0.v20250424-1814.jar -configuration c:\Users\student\AppData\Roaming\Code\User\globalStorage\redhat.java\1.42.0\config_win -data c:\Users\student\AppData\Roaming\Code\User\workspaceStorage\6fd2f73aaa6829d83ee43f0051310afc\redhat.java\jdt_ws --pipe=\\.\pipe\lsp-5e8972d01aa2b263aed9cbf03b5e3d21-sock
java_class_path (initial): c:\Users\student\.vscode\extensions\redhat.java-1.42.0-win32-x64\server\plugins\org.eclipse.equinox.launcher_1.7.0.v20250424-1814.jar
Launcher Type: SUN_STANDARD

[Global flags]
    uintx AdaptiveSizePolicyWeight                 = 90                                        {product} {command line}
     intx CICompilerCount                          = 4                                         {product} {ergonomic}
    uintx GCTimeRatio                              = 4                                         {product} {command line}
     bool HeapDumpOnOutOfMemoryError               = true                                   {manageable} {command line}
    ccstr HeapDumpPath                             = c:\Users\student\AppData\Roaming\Code\User\workspaceStorage\6fd2f73aaa6829d83ee43f0051310afc\redhat.java         {manageable} {command line}
   size_t InitialHeapSize                          = 104857600                                 {product} {command line}
   size_t MaxHeapSize                              = 1073741824                                {product} {command line}
   size_t MaxNewSize                               = 357564416                                 {product} {ergonomic}
   size_t MinHeapDeltaBytes                        = 524288                                    {product} {ergonomic}
   size_t MinHeapSize                              = 104857600                                 {product} {command line}
   size_t NewSize                                  = 34603008                                  {product} {ergonomic}
    uintx NonNMethodCodeHeapSize                   = 5839372                                {pd product} {ergonomic}
    uintx NonProfiledCodeHeapSize                  = 122909434                              {pd product} {ergonomic}
   size_t OldSize                                  = 70254592                                  {product} {ergonomic}
    uintx ProfiledCodeHeapSize                     = 122909434                              {pd product} {ergonomic}
    uintx ReservedCodeCacheSize                    = 251658240                              {pd product} {ergonomic}
     bool SegmentedCodeCache                       = true                                      {product} {ergonomic}
   size_t SoftMaxHeapSize                          = 1073741824                             {manageable} {ergonomic}
     bool UseCompressedOops                        = true                           {product lp64_product} {ergonomic}
     bool UseLargePagesIndividualAllocation        = false                                  {pd product} {ergonomic}
     bool UseParallelGC                            = true                                      {product} {command line}

Logging:
Log output configuration:
 #0: stdout all=off uptime,level,tags foldmultilines=false
 #1: stderr all=off uptime,level,tags foldmultilines=false

Environment Variables:
JAVA_HOME=C:\Program Files\Java\jdk-21
PATH=C:\Windows\system32;C:\Windows;C:\Windows\System32\Wbem;C:\Windows\System32\WindowsPowerShell\v1.0\;C:\Windows\System32\OpenSSH\;C:\Program Files\dotnet\;C:\Program Files\nodejs\;C:\Program Files\Bandizip\;C:\Program Files\Git\cmd;C:\Program Files\MySQL\MySQL Server 8.0\bin;C:\Users\student\AppData\Local\Programs\Python\Python311\Scripts\;C:\Users\student\AppData\Local\Programs\Python\Python311\;C:\Users\student\AppData\Local\Microsoft\WindowsApps;;C:\Program Files\JetBrains\PyCharm Community Edition 2022.3.3\bin;;C:\Users\student\AppData\Roaming\npm;C:\Users\student\AppData\Local\Programs\Microsoft VS Code\bin
USERNAME=student
OS=Windows_NT
PROCESSOR_IDENTIFIER=Intel64 Family 6 Model 140 Stepping 1, GenuineIntel
TMP=C:\Users\student\AppData\Local\Temp
TEMP=C:\Users\student\AppData\Local\Temp




Periodic native trim disabled

---------------  S Y S T E M  ---------------

OS:
 Windows 10 , 64 bit Build 19041 (10.0.19041.2788)
OS uptime: 2 days 1:30 hours

CPU: total 8 (initial active 8) (4 cores per cpu, 2 threads per core) family 6 model 140 stepping 1 microcode 0x8a, cx8, cmov, fxsr, ht, mmx, 3dnowpref, sse, sse2, sse3, ssse3, sse4.1, sse4.2, popcnt, lzcnt, tsc, tscinvbit, avx, avx2, aes, erms, clmul, bmi1, bmi2, adx, avx512f, avx512dq, avx512cd, avx512bw, avx512vl, sha, fma, vzeroupper, avx512_vpopcntdq, avx512_vpclmulqdq, avx512_vaes, avx512_vnni, clflush, clflushopt, clwb, avx512_vbmi2, avx512_vbmi, rdtscp, rdpid, fsrm, gfni, avx512_bitalg, f16c, pku, cet_ibt, cet_ss, avx512_ifma
Processor Information for the first 8 processors :
  Max Mhz: 2419, Current Mhz: 2419, Mhz Limit: 2419

Memory: 4k page, system-wide physical 16107M (5752M free)
TotalPageFile size 16107M (AvailPageFile size 5M)
current process WorkingSet (physical memory assigned to process): 437M, peak: 437M
current process commit charge ("private bytes"): 431M, peak: 966M

vm_info: OpenJDK 64-Bit Server VM (21.0.7+6-LTS) for windows-amd64 JRE (21.0.7+6-LTS), built on 2025-04-15T00:00:00Z by "admin" with MS VC++ 17.7 (VS2022)

END.
