#
# There is insufficient memory for the Java Runtime Environment to continue.
# Native memory allocation (malloc) failed to allocate 1059856 bytes for Chunk::new
# Possible reasons:
#   The system is out of physical RAM or swap space
#   The process is running with CompressedOops enabled, and the Java Heap may be blocking the growth of the native heap
# Possible solutions:
#   Reduce memory load on the system
#   Increase physical memory or swap space
#   Check if swap backing store is full
#   Decrease Java heap size (-Xmx/-Xms)
#   Decrease number of Java threads
#   Decrease Java thread stack sizes (-Xss)
#   Set larger code cache with -XX:ReservedCodeCacheSize=
#   JVM is running with Unscaled Compressed Oops mode in which the Java heap is
#     placed in the first 4GB address space. The Java Heap base address is the
#     maximum limit for the native heap growth. Please use -XX:HeapBaseMinAddress
#     to set the Java Heap base and to place the Java Heap above 4GB virtual address.
# This output file may be truncated or incomplete.
#
#  Out of Memory Error (arena.cpp:168), pid=15592, tid=4036
#
# JRE version: Java(TM) SE Runtime Environment (21.0.6+8) (build 21.0.6+8-LTS-188)
# Java VM: Java HotSpot(TM) 64-Bit Server VM (21.0.6+8-LTS-188, mixed mode, sharing, tiered, compressed oops, compressed class ptrs, g1 gc, windows-amd64)
# No core dump will be written. Minidumps are not enabled by default on client versions of Windows
#

---------------  S U M M A R Y ------------

Command Line: --add-opens=java.base/java.lang=ALL-UNNAMED --add-opens=java.base/java.lang.invoke=ALL-UNNAMED --add-opens=java.base/java.util=ALL-UNNAMED --add-opens=java.prefs/java.util.prefs=ALL-UNNAMED --add-exports=jdk.compiler/com.sun.tools.javac.api=ALL-UNNAMED --add-exports=jdk.compiler/com.sun.tools.javac.util=ALL-UNNAMED --add-opens=java.base/java.util=ALL-UNNAMED --add-opens=java.prefs/java.util.prefs=ALL-UNNAMED --add-opens=java.base/java.nio.charset=ALL-UNNAMED --add-opens=java.base/java.net=ALL-UNNAMED --add-opens=java.base/java.util.concurrent.atomic=ALL-UNNAMED --add-opens=java.xml/javax.xml.namespace=ALL-UNNAMED -XX:MaxMetaspaceSize=384m -XX:+HeapDumpOnOutOfMemoryError -Xms256m -Xmx512m -Dfile.encoding=UTF-8 -Duser.country=KR -Duser.language=ko -Duser.variant -javaagent:C:\Users\student\.gradle\wrapper\dists\gradle-8.13-bin\5xuhj0ry160q40clulazy9h7d\gradle-8.13\lib\agents\gradle-instrumentation-agent-8.13.jar org.gradle.launcher.daemon.bootstrap.GradleDaemon 8.13

Host: 11th Gen Intel(R) Core(TM) i5-1135G7 @ 2.40GHz, 8 cores, 15G,  Windows 10 , 64 bit Build 19041 (10.0.19041.2788)
Time: Thu May 29 09:34:34 2025  Windows 10 , 64 bit Build 19041 (10.0.19041.2788) elapsed time: 18.170780 seconds (0d 0h 0m 18s)

---------------  T H R E A D  ---------------

Current thread (0x0000024aa9c0ee20):  JavaThread "C2 CompilerThread0" daemon [_thread_in_native, id=4036, stack(0x000000508e500000,0x000000508e600000) (1024K)]


Current CompileTask:
C2:  18170 12171       4       org.objectweb.asm.ClassReader::readCode (5117 bytes)

Stack: [0x000000508e500000,0x000000508e600000]
Native frames: (J=compiled Java code, j=interpreted, Vv=VM code, C=native code)
V  [jvm.dll+0x6ca6d9]
V  [jvm.dll+0x854f51]
V  [jvm.dll+0x85747e]
V  [jvm.dll+0x857b53]
V  [jvm.dll+0x27dcc6]
V  [jvm.dll+0xc4c2d]
V  [jvm.dll+0xc5163]
V  [jvm.dll+0x3b5122]
V  [jvm.dll+0x1df4aa]
V  [jvm.dll+0x246a72]
V  [jvm.dll+0x245eff]
V  [jvm.dll+0x1c6d2e]
V  [jvm.dll+0x2554f9]
V  [jvm.dll+0x253a8a]
V  [jvm.dll+0x3ee576]
V  [jvm.dll+0x7ff2fb]
V  [jvm.dll+0x6c8dbd]
C  [ucrtbase.dll+0x21bb2]
C  [KERNEL32.DLL+0x17604]
C  [ntdll.dll+0x526a1]


---------------  P R O C E S S  ---------------

Threads class SMR info:
_java_thread_list=0x0000024ac69ffcf0, length=79, elements={
0x0000024a8efd8fa0, 0x0000024aa9bf84f0, 0x0000024aa9bf9610, 0x0000024aa9bfcbe0,
0x0000024aa9c00650, 0x0000024aa9c03850, 0x0000024aa9c09fa0, 0x0000024aa9c0ee20,
0x0000024aa9c10050, 0x0000024aa9c0c700, 0x0000024aa9c0b350, 0x0000024aa9c0cd90,
0x0000024aa9c0d420, 0x0000024aa9c0b9e0, 0x0000024aa9c0a630, 0x0000024aa9c0acc0,
0x0000024ac4f03f30, 0x0000024ac4f03210, 0x0000024ac4f06000, 0x0000024ac4f052e0,
0x0000024ac4f038a0, 0x0000024ac4f06690, 0x0000024ac4f045c0, 0x0000024ac4f04c50,
0x0000024ac4f05970, 0x0000024ac86cc950, 0x0000024ac86ccfe0, 0x0000024ac86ca880,
0x0000024ac86c8e40, 0x0000024ac86c94d0, 0x0000024ac86ca1f0, 0x0000024ac86cb5a0,
0x0000024ac86cbc30, 0x0000024ac86c6d70, 0x0000024ac86cd670, 0x0000024ac86c66e0,
0x0000024ac86c7400, 0x0000024ac86cdd00, 0x0000024ac86c8120, 0x0000024ac86c87b0,
0x0000024ac3342560, 0x0000024ac33411b0, 0x0000024ac333ea50, 0x0000024ac3342bf0,
0x0000024ac333f0e0, 0x0000024ac333d010, 0x0000024ac333f770, 0x0000024ac3340490,
0x0000024ac3341ed0, 0x0000024ac3340b20, 0x0000024ac3341840, 0x0000024ac333bc60,
0x0000024ac3343280, 0x0000024ac333c2f0, 0x0000024ac6f1f980, 0x0000024ac6f1df40,
0x0000024ac6f1b7e0, 0x0000024ac6f1aac0, 0x0000024ac6f1e5d0, 0x0000024ac6f1ec60,
0x0000024ac6f1be70, 0x0000024ac6f1c500, 0x0000024ac6f1cb90, 0x0000024ac6f1b150,
0x0000024ac6f1d8b0, 0x0000024ac6f1f2f0, 0x0000024ac79917e0, 0x0000024ac6f1d220,
0x0000024ac6f20010, 0x0000024ac6f19080, 0x0000024ac6f206a0, 0x0000024ac7990370,
0x0000024ac6f19710, 0x0000024ac6f19da0, 0x0000024ac6f1a430, 0x0000024ac9ccc2e0,
0x0000024ac9cd11a0, 0x0000024ac9cce3b0, 0x0000024ac9ccd690
}

Java Threads: ( => current thread )
  0x0000024a8efd8fa0 JavaThread "main"                              [_thread_blocked, id=3836, stack(0x000000508d700000,0x000000508d800000) (1024K)]
  0x0000024aa9bf84f0 JavaThread "Reference Handler"          daemon [_thread_blocked, id=10940, stack(0x000000508df00000,0x000000508e000000) (1024K)]
  0x0000024aa9bf9610 JavaThread "Finalizer"                  daemon [_thread_blocked, id=13400, stack(0x000000508e000000,0x000000508e100000) (1024K)]
  0x0000024aa9bfcbe0 JavaThread "Signal Dispatcher"          daemon [_thread_blocked, id=17036, stack(0x000000508e100000,0x000000508e200000) (1024K)]
  0x0000024aa9c00650 JavaThread "Attach Listener"            daemon [_thread_blocked, id=13320, stack(0x000000508e200000,0x000000508e300000) (1024K)]
  0x0000024aa9c03850 JavaThread "Service Thread"             daemon [_thread_blocked, id=12508, stack(0x000000508e300000,0x000000508e400000) (1024K)]
  0x0000024aa9c09fa0 JavaThread "Monitor Deflation Thread"   daemon [_thread_blocked, id=4764, stack(0x000000508e400000,0x000000508e500000) (1024K)]
=>0x0000024aa9c0ee20 JavaThread "C2 CompilerThread0"         daemon [_thread_in_native, id=4036, stack(0x000000508e500000,0x000000508e600000) (1024K)]
  0x0000024aa9c10050 JavaThread "C1 CompilerThread0"         daemon [_thread_blocked, id=2680, stack(0x000000508e600000,0x000000508e700000) (1024K)]
  0x0000024aa9c0c700 JavaThread "Common-Cleaner"             daemon [_thread_blocked, id=15492, stack(0x000000508e700000,0x000000508e800000) (1024K)]
  0x0000024aa9c0b350 JavaThread "Notification Thread"        daemon [_thread_blocked, id=14456, stack(0x000000508e800000,0x000000508e900000) (1024K)]
  0x0000024aa9c0cd90 JavaThread "Daemon health stats"               [_thread_blocked, id=15620, stack(0x000000508f000000,0x000000508f100000) (1024K)]
  0x0000024aa9c0d420 JavaThread "Incoming local TCP Connector on port 53576"        [_thread_in_native, id=17180, stack(0x000000508f300000,0x000000508f400000) (1024K)]
  0x0000024aa9c0b9e0 JavaThread "Daemon periodic checks"            [_thread_blocked, id=12500, stack(0x000000508f400000,0x000000508f500000) (1024K)]
  0x0000024aa9c0a630 JavaThread "Daemon"                            [_thread_blocked, id=11840, stack(0x000000508f500000,0x000000508f600000) (1024K)]
  0x0000024aa9c0acc0 JavaThread "Handler for socket connection from /127.0.0.1:53576 to /127.0.0.1:53577"        [_thread_in_native, id=12748, stack(0x000000508f600000,0x000000508f700000) (1024K)]
  0x0000024ac4f03f30 JavaThread "Cancel handler"                    [_thread_blocked, id=15980, stack(0x000000508f700000,0x000000508f800000) (1024K)]
  0x0000024ac4f03210 JavaThread "Daemon worker"                     [_thread_in_native, id=16160, stack(0x000000508f800000,0x000000508f900000) (1024K)]
  0x0000024ac4f06000 JavaThread "Asynchronous log dispatcher for DefaultDaemonConnection: socket connection from /127.0.0.1:53576 to /127.0.0.1:53577"        [_thread_blocked, id=10992, stack(0x000000508f900000,0x000000508fa00000) (1024K)]
  0x0000024ac4f052e0 JavaThread "Stdin handler"                     [_thread_blocked, id=16556, stack(0x000000508fa00000,0x000000508fb00000) (1024K)]
  0x0000024ac4f038a0 JavaThread "Daemon client event forwarder"        [_thread_blocked, id=15856, stack(0x000000508fb00000,0x000000508fc00000) (1024K)]
  0x0000024ac4f06690 JavaThread "Cache worker for journal cache (C:\Users\student\.gradle\caches\journal-1)"        [_thread_blocked, id=5064, stack(0x000000508fc00000,0x000000508fd00000) (1024K)]
  0x0000024ac4f045c0 JavaThread "File lock request listener"        [_thread_in_native, id=17008, stack(0x000000508fd00000,0x000000508fe00000) (1024K)]
  0x0000024ac4f04c50 JavaThread "Cache worker for file hash cache (C:\Users\student\.gradle\caches\8.13\fileHashes)"        [_thread_blocked, id=11072, stack(0x000000508fe00000,0x000000508ff00000) (1024K)]
  0x0000024ac4f05970 JavaThread "Cache worker for file hash cache (C:\Users\student\Desktop\ProjectOne\backend\.gradle\8.13\fileHashes)"        [_thread_blocked, id=6520, stack(0x0000005090000000,0x0000005090100000) (1024K)]
  0x0000024ac86cc950 JavaThread "Cache worker for Build Output Cleanup Cache (C:\Users\student\Desktop\ProjectOne\backend\.gradle\buildOutputCleanup)"        [_thread_blocked, id=13260, stack(0x0000005090100000,0x0000005090200000) (1024K)]
  0x0000024ac86ccfe0 JavaThread "File watcher server"        daemon [_thread_in_native, id=5940, stack(0x0000005090200000,0x0000005090300000) (1024K)]
  0x0000024ac86ca880 JavaThread "File watcher consumer"      daemon [_thread_blocked, id=9164, stack(0x0000005090300000,0x0000005090400000) (1024K)]
  0x0000024ac86c8e40 JavaThread "jar transforms"                    [_thread_blocked, id=12784, stack(0x0000005090400000,0x0000005090500000) (1024K)]
  0x0000024ac86c94d0 JavaThread "jar transforms Thread 2"           [_thread_blocked, id=5444, stack(0x0000005090500000,0x0000005090600000) (1024K)]
  0x0000024ac86ca1f0 JavaThread "jar transforms Thread 3"           [_thread_blocked, id=2792, stack(0x0000005090600000,0x0000005090700000) (1024K)]
  0x0000024ac86cb5a0 JavaThread "jar transforms Thread 4"           [_thread_blocked, id=7848, stack(0x0000005090700000,0x0000005090800000) (1024K)]
  0x0000024ac86cbc30 JavaThread "jar transforms Thread 5"           [_thread_blocked, id=10924, stack(0x000000508ea00000,0x000000508eb00000) (1024K)]
  0x0000024ac86c6d70 JavaThread "Cache worker for checksums cache (C:\Users\student\Desktop\ProjectOne\backend\.gradle\8.13\checksums)"        [_thread_blocked, id=4188, stack(0x0000005090800000,0x0000005090900000) (1024K)]
  0x0000024ac86cd670 JavaThread "Cache worker for file content cache (C:\Users\student\.gradle\caches\8.13\fileContent)"        [_thread_blocked, id=16348, stack(0x0000005090900000,0x0000005090a00000) (1024K)]
  0x0000024ac86c66e0 JavaThread "jar transforms Thread 6"           [_thread_blocked, id=16112, stack(0x0000005090b00000,0x0000005090c00000) (1024K)]
  0x0000024ac86c7400 JavaThread "jar transforms Thread 7"           [_thread_blocked, id=9192, stack(0x0000005090c00000,0x0000005090d00000) (1024K)]
  0x0000024ac86cdd00 JavaThread "jar transforms Thread 8"           [_thread_blocked, id=10960, stack(0x0000005090d00000,0x0000005090e00000) (1024K)]
  0x0000024ac86c8120 JavaThread "Cache worker for cache directory md-supplier (C:\Users\student\.gradle\caches\8.13\md-supplier)"        [_thread_blocked, id=7824, stack(0x0000005090e00000,0x0000005090f00000) (1024K)]
  0x0000024ac86c87b0 JavaThread "Cache worker for cache directory md-rule (C:\Users\student\.gradle\caches\8.13\md-rule)"        [_thread_blocked, id=9984, stack(0x0000005090f00000,0x0000005091000000) (1024K)]
  0x0000024ac3342560 JavaThread "Unconstrained build operations"        [_thread_blocked, id=10364, stack(0x000000508e900000,0x000000508ea00000) (1024K)]
  0x0000024ac33411b0 JavaThread "Unconstrained build operations Thread 2"        [_thread_blocked, id=16712, stack(0x0000005090a00000,0x0000005090b00000) (1024K)]
  0x0000024ac333ea50 JavaThread "Unconstrained build operations Thread 3"        [_thread_blocked, id=6452, stack(0x0000005091100000,0x0000005091200000) (1024K)]
  0x0000024ac3342bf0 JavaThread "Unconstrained build operations Thread 4"        [_thread_blocked, id=15864, stack(0x0000005091200000,0x0000005091300000) (1024K)]
  0x0000024ac333f0e0 JavaThread "Unconstrained build operations Thread 5"        [_thread_blocked, id=4996, stack(0x0000005091500000,0x0000005091600000) (1024K)]
  0x0000024ac333d010 JavaThread "Unconstrained build operations Thread 6"        [_thread_blocked, id=15576, stack(0x0000005091600000,0x0000005091700000) (1024K)]
  0x0000024ac333f770 JavaThread "Unconstrained build operations Thread 7"        [_thread_blocked, id=13052, stack(0x0000005091700000,0x0000005091800000) (1024K)]
  0x0000024ac3340490 JavaThread "Unconstrained build operations Thread 8"        [_thread_blocked, id=11888, stack(0x0000005091800000,0x0000005091900000) (1024K)]
  0x0000024ac3341ed0 JavaThread "Unconstrained build operations Thread 9"        [_thread_blocked, id=12600, stack(0x0000005091900000,0x0000005091a00000) (1024K)]
  0x0000024ac3340b20 JavaThread "Unconstrained build operations Thread 10"        [_thread_blocked, id=1552, stack(0x0000005091a00000,0x0000005091b00000) (1024K)]
  0x0000024ac3341840 JavaThread "Unconstrained build operations Thread 11"        [_thread_blocked, id=16140, stack(0x0000005091b00000,0x0000005091c00000) (1024K)]
  0x0000024ac333bc60 JavaThread "Unconstrained build operations Thread 12"        [_thread_blocked, id=16132, stack(0x0000005091c00000,0x0000005091d00000) (1024K)]
  0x0000024ac3343280 JavaThread "Unconstrained build operations Thread 13"        [_thread_blocked, id=14964, stack(0x0000005091d00000,0x0000005091e00000) (1024K)]
  0x0000024ac333c2f0 JavaThread "Unconstrained build operations Thread 14"        [_thread_blocked, id=16676, stack(0x0000005091e00000,0x0000005091f00000) (1024K)]
  0x0000024ac6f1f980 JavaThread "Unconstrained build operations Thread 15"        [_thread_blocked, id=14572, stack(0x0000005091f00000,0x0000005092000000) (1024K)]
  0x0000024ac6f1df40 JavaThread "Unconstrained build operations Thread 16"        [_thread_blocked, id=1964, stack(0x0000005092000000,0x0000005092100000) (1024K)]
  0x0000024ac6f1b7e0 JavaThread "Unconstrained build operations Thread 17"        [_thread_blocked, id=7536, stack(0x0000005092100000,0x0000005092200000) (1024K)]
  0x0000024ac6f1aac0 JavaThread "Unconstrained build operations Thread 18"        [_thread_blocked, id=4020, stack(0x0000005092200000,0x0000005092300000) (1024K)]
  0x0000024ac6f1e5d0 JavaThread "Unconstrained build operations Thread 19"        [_thread_blocked, id=13380, stack(0x0000005092300000,0x0000005092400000) (1024K)]
  0x0000024ac6f1ec60 JavaThread "Unconstrained build operations Thread 20"        [_thread_blocked, id=5556, stack(0x0000005092400000,0x0000005092500000) (1024K)]
  0x0000024ac6f1be70 JavaThread "Unconstrained build operations Thread 21"        [_thread_blocked, id=16796, stack(0x0000005092500000,0x0000005092600000) (1024K)]
  0x0000024ac6f1c500 JavaThread "Unconstrained build operations Thread 22"        [_thread_blocked, id=5936, stack(0x0000005092600000,0x0000005092700000) (1024K)]
  0x0000024ac6f1cb90 JavaThread "Unconstrained build operations Thread 23"        [_thread_blocked, id=16544, stack(0x0000005092700000,0x0000005092800000) (1024K)]
  0x0000024ac6f1b150 JavaThread "Unconstrained build operations Thread 24"        [_thread_blocked, id=6624, stack(0x0000005091300000,0x0000005091400000) (1024K)]
  0x0000024ac6f1d8b0 JavaThread "Unconstrained build operations Thread 25"        [_thread_blocked, id=9268, stack(0x0000005091400000,0x0000005091500000) (1024K)]
  0x0000024ac6f1f2f0 JavaThread "Unconstrained build operations Thread 26"        [_thread_blocked, id=14944, stack(0x0000005092800000,0x0000005092900000) (1024K)]
  0x0000024ac79917e0 JavaThread "C2 CompilerThread1"         daemon [_thread_in_native, id=8348, stack(0x0000005092900000,0x0000005092a00000) (1024K)]
  0x0000024ac6f1d220 JavaThread "Unconstrained build operations Thread 27"        [_thread_blocked, id=3988, stack(0x0000005092b00000,0x0000005092c00000) (1024K)]
  0x0000024ac6f20010 JavaThread "Unconstrained build operations Thread 28"        [_thread_blocked, id=14388, stack(0x0000005092a00000,0x0000005092b00000) (1024K)]
  0x0000024ac6f19080 JavaThread "Unconstrained build operations Thread 29"        [_thread_blocked, id=16248, stack(0x0000005092c00000,0x0000005092d00000) (1024K)]
  0x0000024ac6f206a0 JavaThread "Unconstrained build operations Thread 30"        [_thread_blocked, id=17388, stack(0x0000005092d00000,0x0000005092e00000) (1024K)]
  0x0000024ac7990370 JavaThread "C2 CompilerThread2"         daemon [_thread_in_native, id=3612, stack(0x0000005092e00000,0x0000005092f00000) (1024K)]
  0x0000024ac6f19710 JavaThread "Unconstrained build operations Thread 31"        [_thread_blocked, id=9136, stack(0x0000005092f00000,0x0000005093000000) (1024K)]
  0x0000024ac6f19da0 JavaThread "Unconstrained build operations Thread 32"        [_thread_blocked, id=14996, stack(0x0000005093000000,0x0000005093100000) (1024K)]
  0x0000024ac6f1a430 JavaThread "Unconstrained build operations Thread 33"        [_thread_blocked, id=9472, stack(0x0000005093100000,0x0000005093200000) (1024K)]
  0x0000024ac9ccc2e0 JavaThread "Unconstrained build operations Thread 34"        [_thread_blocked, id=13000, stack(0x0000005093200000,0x0000005093300000) (1024K)]
  0x0000024ac9cd11a0 JavaThread "Unconstrained build operations Thread 35"        [_thread_blocked, id=14220, stack(0x0000005093300000,0x0000005093400000) (1024K)]
  0x0000024ac9cce3b0 JavaThread "Unconstrained build operations Thread 36"        [_thread_blocked, id=3784, stack(0x0000005093400000,0x0000005093500000) (1024K)]
  0x0000024ac9ccd690 JavaThread "Unconstrained build operations Thread 37"        [_thread_in_native, id=13420, stack(0x0000005093500000,0x0000005093600000) (1024K)]
Total: 79

Other Threads:
  0x0000024aa9bdc9e0 VMThread "VM Thread"                           [id=1208, stack(0x000000508de00000,0x000000508df00000) (1024K)]
  0x0000024aa9bcc270 WatcherThread "VM Periodic Task Thread"        [id=6888, stack(0x000000508dd00000,0x000000508de00000) (1024K)]
  0x0000024a8f003150 WorkerThread "GC Thread#0"                     [id=17132, stack(0x000000508d800000,0x000000508d900000) (1024K)]
  0x0000024ac34879c0 WorkerThread "GC Thread#1"                     [id=12240, stack(0x000000508eb00000,0x000000508ec00000) (1024K)]
  0x0000024ac333b2c0 WorkerThread "GC Thread#2"                     [id=9108, stack(0x000000508ec00000,0x000000508ed00000) (1024K)]
  0x0000024ac333b660 WorkerThread "GC Thread#3"                     [id=5728, stack(0x000000508ed00000,0x000000508ee00000) (1024K)]
  0x0000024ac3692980 WorkerThread "GC Thread#4"                     [id=14976, stack(0x000000508ee00000,0x000000508ef00000) (1024K)]
  0x0000024ac3692d20 WorkerThread "GC Thread#5"                     [id=3272, stack(0x000000508ef00000,0x000000508f000000) (1024K)]
  0x0000024ac4eab9e0 WorkerThread "GC Thread#6"                     [id=13056, stack(0x000000508f100000,0x000000508f200000) (1024K)]
  0x0000024ac4eabd80 WorkerThread "GC Thread#7"                     [id=15852, stack(0x000000508f200000,0x000000508f300000) (1024K)]
  0x0000024a8f0080c0 ConcurrentGCThread "G1 Main Marker"            [id=15772, stack(0x000000508d900000,0x000000508da00000) (1024K)]
  0x0000024a8f00a430 WorkerThread "G1 Conc#0"                       [id=12364, stack(0x000000508da00000,0x000000508db00000) (1024K)]
  0x0000024ac616f220 WorkerThread "G1 Conc#1"                       [id=13456, stack(0x000000508ff00000,0x0000005090000000) (1024K)]
  0x0000024a8f0ae460 ConcurrentGCThread "G1 Refine#0"               [id=17284, stack(0x000000508db00000,0x000000508dc00000) (1024K)]
  0x0000024aa9a9f5a0 ConcurrentGCThread "G1 Service"                [id=7344, stack(0x000000508dc00000,0x000000508dd00000) (1024K)]
Total: 15

Threads with active compile tasks:
C2 CompilerThread0    18201 12171       4       org.objectweb.asm.ClassReader::readCode (5117 bytes)
C2 CompilerThread1    18201 12261       4       org.gradle.internal.classpath.transforms.BaseClasspathElementTransform$$Lambda/0x0000024aab55a000::visit (13 bytes)
C2 CompilerThread2    18202 12260   !   4       org.gradle.internal.classpath.transforms.BaseClasspathElementTransform::visitEntry (95 bytes)
Total: 3

VM state: not at safepoint (normal execution)

VM Mutex/Monitor currently owned by a thread: None

Heap address: 0x00000000e0000000, size: 512 MB, Compressed Oops mode: 32-bit

CDS archive(s) mapped at: [0x0000024aaa000000-0x0000024aaac90000-0x0000024aaac90000), size 13172736, SharedBaseAddress: 0x0000024aaa000000, ArchiveRelocationMode: 1.
Compressed class space mapped at: 0x0000024aab000000-0x0000024abf000000, reserved size: 335544320
Narrow klass base: 0x0000024aaa000000, Narrow klass shift: 0, Narrow klass range: 0x100000000

GC Precious Log:
 CardTable entry size: 512
 Card Set container configuration: InlinePtr #cards 5 size 8 Array Of Cards #cards 12 size 40 Howl #buckets 4 coarsen threshold 1843 Howl Bitmap #cards 512 size 80 coarsen threshold 460 Card regions per heap region 1 cards per card region 2048
 CPUs: 8 total, 8 available
 Memory: 16107M
 Large Page Support: Disabled
 NUMA Support: Disabled
 Compressed Oops: Enabled (32-bit)
 Heap Region Size: 1M
 Heap Min Capacity: 256M
 Heap Initial Capacity: 256M
 Heap Max Capacity: 512M
 Pre-touch: Disabled
 Parallel Workers: 8
 Concurrent Workers: 2
 Concurrent Refinement Workers: 8
 Periodic GC: Disabled

Heap:
 garbage-first heap   total 262144K, used 174124K [0x00000000e0000000, 0x0000000100000000)
  region size 1024K, 112 young (114688K), 8 survivors (8192K)
 Metaspace       used 70016K, committed 71936K, reserved 393216K
  class space    used 9379K, committed 10304K, reserved 327680K

Heap Regions: E=young(eden), S=young(survivor), O=old, HS=humongous(starts), HC=humongous(continues), CS=collection set, F=free, TAMS=top-at-mark-start, PB=parsable bottom
|   0|0x00000000e0000000, 0x00000000e0100000, 0x00000000e0100000|100%|HS|  |TAMS 0x00000000e0000000| PB 0x00000000e0000000| Complete 
|   1|0x00000000e0100000, 0x00000000e0200000, 0x00000000e0200000|100%|HC|  |TAMS 0x00000000e0100000| PB 0x00000000e0100000| Complete 
|   2|0x00000000e0200000, 0x00000000e0300000, 0x00000000e0300000|100%|HC|  |TAMS 0x00000000e0200000| PB 0x00000000e0200000| Complete 
|   3|0x00000000e0300000, 0x00000000e0400000, 0x00000000e0400000|100%| O|  |TAMS 0x00000000e0300000| PB 0x00000000e0300000| Untracked 
|   4|0x00000000e0400000, 0x00000000e0500000, 0x00000000e0500000|100%| O|  |TAMS 0x00000000e0400000| PB 0x00000000e0400000| Untracked 
|   5|0x00000000e0500000, 0x00000000e0600000, 0x00000000e0600000|100%| O|  |TAMS 0x00000000e0500000| PB 0x00000000e0500000| Untracked 
|   6|0x00000000e0600000, 0x00000000e0700000, 0x00000000e0700000|100%|HS|  |TAMS 0x00000000e0600000| PB 0x00000000e0600000| Complete 
|   7|0x00000000e0700000, 0x00000000e0800000, 0x00000000e0800000|100%| O|  |TAMS 0x00000000e0700000| PB 0x00000000e0700000| Untracked 
|   8|0x00000000e0800000, 0x00000000e0900000, 0x00000000e0900000|100%| O|  |TAMS 0x00000000e0800000| PB 0x00000000e0800000| Untracked 
|   9|0x00000000e0900000, 0x00000000e0a00000, 0x00000000e0a00000|100%| O|  |TAMS 0x00000000e0900000| PB 0x00000000e0900000| Untracked 
|  10|0x00000000e0a00000, 0x00000000e0b00000, 0x00000000e0b00000|100%| O|  |TAMS 0x00000000e0a00000| PB 0x00000000e0a00000| Untracked 
|  11|0x00000000e0b00000, 0x00000000e0c00000, 0x00000000e0c00000|100%| O|  |TAMS 0x00000000e0b00000| PB 0x00000000e0b00000| Untracked 
|  12|0x00000000e0c00000, 0x00000000e0d00000, 0x00000000e0d00000|100%| O|  |TAMS 0x00000000e0c00000| PB 0x00000000e0c00000| Untracked 
|  13|0x00000000e0d00000, 0x00000000e0e00000, 0x00000000e0e00000|100%| O|  |TAMS 0x00000000e0d00000| PB 0x00000000e0d00000| Untracked 
|  14|0x00000000e0e00000, 0x00000000e0f00000, 0x00000000e0f00000|100%| O|  |TAMS 0x00000000e0e00000| PB 0x00000000e0e00000| Untracked 
|  15|0x00000000e0f00000, 0x00000000e1000000, 0x00000000e1000000|100%| O|  |TAMS 0x00000000e0f00000| PB 0x00000000e0f00000| Untracked 
|  16|0x00000000e1000000, 0x00000000e1100000, 0x00000000e1100000|100%| O|  |TAMS 0x00000000e1000000| PB 0x00000000e1000000| Untracked 
|  17|0x00000000e1100000, 0x00000000e1200000, 0x00000000e1200000|100%| O|  |TAMS 0x00000000e1100000| PB 0x00000000e1100000| Untracked 
|  18|0x00000000e1200000, 0x00000000e1300000, 0x00000000e1300000|100%| O|  |TAMS 0x00000000e1200000| PB 0x00000000e1200000| Untracked 
|  19|0x00000000e1300000, 0x00000000e1400000, 0x00000000e1400000|100%| O|  |TAMS 0x00000000e1300000| PB 0x00000000e1300000| Untracked 
|  20|0x00000000e1400000, 0x00000000e1500000, 0x00000000e1500000|100%| O|  |TAMS 0x00000000e1400000| PB 0x00000000e1400000| Untracked 
|  21|0x00000000e1500000, 0x00000000e1600000, 0x00000000e1600000|100%| O|  |TAMS 0x00000000e1500000| PB 0x00000000e1500000| Untracked 
|  22|0x00000000e1600000, 0x00000000e1700000, 0x00000000e1700000|100%| O|  |TAMS 0x00000000e1600000| PB 0x00000000e1600000| Untracked 
|  23|0x00000000e1700000, 0x00000000e1800000, 0x00000000e1800000|100%| O|  |TAMS 0x00000000e1700000| PB 0x00000000e1700000| Untracked 
|  24|0x00000000e1800000, 0x00000000e1900000, 0x00000000e1900000|100%| O|  |TAMS 0x00000000e1800000| PB 0x00000000e1800000| Untracked 
|  25|0x00000000e1900000, 0x00000000e1a00000, 0x00000000e1a00000|100%| O|  |TAMS 0x00000000e1900000| PB 0x00000000e1900000| Untracked 
|  26|0x00000000e1a00000, 0x00000000e1b00000, 0x00000000e1b00000|100%| O|  |TAMS 0x00000000e1a00000| PB 0x00000000e1a00000| Untracked 
|  27|0x00000000e1b00000, 0x00000000e1c00000, 0x00000000e1c00000|100%| O|  |TAMS 0x00000000e1b00000| PB 0x00000000e1b00000| Untracked 
|  28|0x00000000e1c00000, 0x00000000e1d00000, 0x00000000e1d00000|100%| O|  |TAMS 0x00000000e1c00000| PB 0x00000000e1c00000| Untracked 
|  29|0x00000000e1d00000, 0x00000000e1e00000, 0x00000000e1e00000|100%| O|  |TAMS 0x00000000e1d00000| PB 0x00000000e1d00000| Untracked 
|  30|0x00000000e1e00000, 0x00000000e1f00000, 0x00000000e1f00000|100%| O|  |TAMS 0x00000000e1e00000| PB 0x00000000e1e00000| Untracked 
|  31|0x00000000e1f00000, 0x00000000e2000000, 0x00000000e2000000|100%| O|  |TAMS 0x00000000e1f00000| PB 0x00000000e1f00000| Untracked 
|  32|0x00000000e2000000, 0x00000000e2100000, 0x00000000e2100000|100%| O|  |TAMS 0x00000000e2000000| PB 0x00000000e2000000| Untracked 
|  33|0x00000000e2100000, 0x00000000e2200000, 0x00000000e2200000|100%| O|  |TAMS 0x00000000e2100000| PB 0x00000000e2100000| Untracked 
|  34|0x00000000e2200000, 0x00000000e2300000, 0x00000000e2300000|100%| O|  |TAMS 0x00000000e2200000| PB 0x00000000e2200000| Untracked 
|  35|0x00000000e2300000, 0x00000000e2400000, 0x00000000e2400000|100%| O|  |TAMS 0x00000000e2300000| PB 0x00000000e2300000| Untracked 
|  36|0x00000000e2400000, 0x00000000e2500000, 0x00000000e2500000|100%| O|  |TAMS 0x00000000e2400000| PB 0x00000000e2400000| Untracked 
|  37|0x00000000e2500000, 0x00000000e2600000, 0x00000000e2600000|100%| O|  |TAMS 0x00000000e2500000| PB 0x00000000e2500000| Untracked 
|  38|0x00000000e2600000, 0x00000000e2700000, 0x00000000e2700000|100%| O|  |TAMS 0x00000000e2600000| PB 0x00000000e2600000| Untracked 
|  39|0x00000000e2700000, 0x00000000e2800000, 0x00000000e2800000|100%| O|  |TAMS 0x00000000e2700000| PB 0x00000000e2700000| Untracked 
|  40|0x00000000e2800000, 0x00000000e2900000, 0x00000000e2900000|100%| O|  |TAMS 0x00000000e2800000| PB 0x00000000e2800000| Untracked 
|  41|0x00000000e2900000, 0x00000000e2a00000, 0x00000000e2a00000|100%| O|  |TAMS 0x00000000e2900000| PB 0x00000000e2900000| Untracked 
|  42|0x00000000e2a00000, 0x00000000e2b00000, 0x00000000e2b00000|100%| O|  |TAMS 0x00000000e2a00000| PB 0x00000000e2a00000| Untracked 
|  43|0x00000000e2b00000, 0x00000000e2c00000, 0x00000000e2c00000|100%| O|  |TAMS 0x00000000e2b00000| PB 0x00000000e2b00000| Untracked 
|  44|0x00000000e2c00000, 0x00000000e2d00000, 0x00000000e2d00000|100%| O|  |TAMS 0x00000000e2c00000| PB 0x00000000e2c00000| Untracked 
|  45|0x00000000e2d00000, 0x00000000e2e00000, 0x00000000e2e00000|100%| O|  |TAMS 0x00000000e2d00000| PB 0x00000000e2d00000| Untracked 
|  46|0x00000000e2e00000, 0x00000000e2f00000, 0x00000000e2f00000|100%| O|  |TAMS 0x00000000e2e00000| PB 0x00000000e2e00000| Untracked 
|  47|0x00000000e2f00000, 0x00000000e3000000, 0x00000000e3000000|100%| O|  |TAMS 0x00000000e2f00000| PB 0x00000000e2f00000| Untracked 
|  48|0x00000000e3000000, 0x00000000e3100000, 0x00000000e3100000|100%| O|  |TAMS 0x00000000e3000000| PB 0x00000000e3000000| Untracked 
|  49|0x00000000e3100000, 0x00000000e3200000, 0x00000000e3200000|100%| O|  |TAMS 0x00000000e3100000| PB 0x00000000e3100000| Untracked 
|  50|0x00000000e3200000, 0x00000000e3300000, 0x00000000e3300000|100%| O|  |TAMS 0x00000000e3200000| PB 0x00000000e3200000| Untracked 
|  51|0x00000000e3300000, 0x00000000e3400000, 0x00000000e3400000|100%| O|  |TAMS 0x00000000e3300000| PB 0x00000000e3300000| Untracked 
|  52|0x00000000e3400000, 0x00000000e3500000, 0x00000000e3500000|100%| O|  |TAMS 0x00000000e3400000| PB 0x00000000e3400000| Untracked 
|  53|0x00000000e3500000, 0x00000000e3600000, 0x00000000e3600000|100%| O|  |TAMS 0x00000000e3500000| PB 0x00000000e3500000| Untracked 
|  54|0x00000000e3600000, 0x00000000e3700000, 0x00000000e3700000|100%| O|  |TAMS 0x00000000e3600000| PB 0x00000000e3600000| Untracked 
|  55|0x00000000e3700000, 0x00000000e3800000, 0x00000000e3800000|100%| O|  |TAMS 0x00000000e3700000| PB 0x00000000e3700000| Untracked 
|  56|0x00000000e3800000, 0x00000000e3900000, 0x00000000e3900000|100%| O|  |TAMS 0x00000000e3800000| PB 0x00000000e3800000| Untracked 
|  57|0x00000000e3900000, 0x00000000e3a00000, 0x00000000e3a00000|100%| O|  |TAMS 0x00000000e3900000| PB 0x00000000e3900000| Untracked 
|  58|0x00000000e3a00000, 0x00000000e3b00000, 0x00000000e3b00000|100%| O|  |TAMS 0x00000000e3a00000| PB 0x00000000e3a00000| Untracked 
|  59|0x00000000e3b00000, 0x00000000e3c00000, 0x00000000e3c00000|100%| O|  |TAMS 0x00000000e3b00000| PB 0x00000000e3b00000| Untracked 
|  60|0x00000000e3c00000, 0x00000000e3c6df68, 0x00000000e3d00000| 42%| O|  |TAMS 0x00000000e3c00000| PB 0x00000000e3c00000| Untracked 
|  61|0x00000000e3d00000, 0x00000000e3d00000, 0x00000000e3e00000|  0%| F|  |TAMS 0x00000000e3d00000| PB 0x00000000e3d00000| Untracked 
|  62|0x00000000e3e00000, 0x00000000e3e00000, 0x00000000e3f00000|  0%| F|  |TAMS 0x00000000e3e00000| PB 0x00000000e3e00000| Untracked 
|  63|0x00000000e3f00000, 0x00000000e3f00000, 0x00000000e4000000|  0%| F|  |TAMS 0x00000000e3f00000| PB 0x00000000e3f00000| Untracked 
|  64|0x00000000e4000000, 0x00000000e4000000, 0x00000000e4100000|  0%| F|  |TAMS 0x00000000e4000000| PB 0x00000000e4000000| Untracked 
|  65|0x00000000e4100000, 0x00000000e4100000, 0x00000000e4200000|  0%| F|  |TAMS 0x00000000e4100000| PB 0x00000000e4100000| Untracked 
|  66|0x00000000e4200000, 0x00000000e4200000, 0x00000000e4300000|  0%| F|  |TAMS 0x00000000e4200000| PB 0x00000000e4200000| Untracked 
|  67|0x00000000e4300000, 0x00000000e4300000, 0x00000000e4400000|  0%| F|  |TAMS 0x00000000e4300000| PB 0x00000000e4300000| Untracked 
|  68|0x00000000e4400000, 0x00000000e4400000, 0x00000000e4500000|  0%| F|  |TAMS 0x00000000e4400000| PB 0x00000000e4400000| Untracked 
|  69|0x00000000e4500000, 0x00000000e4500000, 0x00000000e4600000|  0%| F|  |TAMS 0x00000000e4500000| PB 0x00000000e4500000| Untracked 
|  70|0x00000000e4600000, 0x00000000e4600000, 0x00000000e4700000|  0%| F|  |TAMS 0x00000000e4600000| PB 0x00000000e4600000| Untracked 
|  71|0x00000000e4700000, 0x00000000e4700000, 0x00000000e4800000|  0%| F|  |TAMS 0x00000000e4700000| PB 0x00000000e4700000| Untracked 
|  72|0x00000000e4800000, 0x00000000e4800000, 0x00000000e4900000|  0%| F|  |TAMS 0x00000000e4800000| PB 0x00000000e4800000| Untracked 
|  73|0x00000000e4900000, 0x00000000e4900000, 0x00000000e4a00000|  0%| F|  |TAMS 0x00000000e4900000| PB 0x00000000e4900000| Untracked 
|  74|0x00000000e4a00000, 0x00000000e4a00000, 0x00000000e4b00000|  0%| F|  |TAMS 0x00000000e4a00000| PB 0x00000000e4a00000| Untracked 
|  75|0x00000000e4b00000, 0x00000000e4b00000, 0x00000000e4c00000|  0%| F|  |TAMS 0x00000000e4b00000| PB 0x00000000e4b00000| Untracked 
|  76|0x00000000e4c00000, 0x00000000e4c00000, 0x00000000e4d00000|  0%| F|  |TAMS 0x00000000e4c00000| PB 0x00000000e4c00000| Untracked 
|  77|0x00000000e4d00000, 0x00000000e4d00000, 0x00000000e4e00000|  0%| F|  |TAMS 0x00000000e4d00000| PB 0x00000000e4d00000| Untracked 
|  78|0x00000000e4e00000, 0x00000000e4e00000, 0x00000000e4f00000|  0%| F|  |TAMS 0x00000000e4e00000| PB 0x00000000e4e00000| Untracked 
|  79|0x00000000e4f00000, 0x00000000e4f00000, 0x00000000e5000000|  0%| F|  |TAMS 0x00000000e4f00000| PB 0x00000000e4f00000| Untracked 
|  80|0x00000000e5000000, 0x00000000e5000000, 0x00000000e5100000|  0%| F|  |TAMS 0x00000000e5000000| PB 0x00000000e5000000| Untracked 
|  81|0x00000000e5100000, 0x00000000e5100000, 0x00000000e5200000|  0%| F|  |TAMS 0x00000000e5100000| PB 0x00000000e5100000| Untracked 
|  82|0x00000000e5200000, 0x00000000e5200000, 0x00000000e5300000|  0%| F|  |TAMS 0x00000000e5200000| PB 0x00000000e5200000| Untracked 
|  83|0x00000000e5300000, 0x00000000e5300000, 0x00000000e5400000|  0%| F|  |TAMS 0x00000000e5300000| PB 0x00000000e5300000| Untracked 
|  84|0x00000000e5400000, 0x00000000e5400000, 0x00000000e5500000|  0%| F|  |TAMS 0x00000000e5400000| PB 0x00000000e5400000| Untracked 
|  85|0x00000000e5500000, 0x00000000e5500000, 0x00000000e5600000|  0%| F|  |TAMS 0x00000000e5500000| PB 0x00000000e5500000| Untracked 
|  86|0x00000000e5600000, 0x00000000e5600000, 0x00000000e5700000|  0%| F|  |TAMS 0x00000000e5600000| PB 0x00000000e5600000| Untracked 
|  87|0x00000000e5700000, 0x00000000e5700000, 0x00000000e5800000|  0%| F|  |TAMS 0x00000000e5700000| PB 0x00000000e5700000| Untracked 
|  88|0x00000000e5800000, 0x00000000e5800000, 0x00000000e5900000|  0%| F|  |TAMS 0x00000000e5800000| PB 0x00000000e5800000| Untracked 
|  89|0x00000000e5900000, 0x00000000e5900000, 0x00000000e5a00000|  0%| F|  |TAMS 0x00000000e5900000| PB 0x00000000e5900000| Untracked 
|  90|0x00000000e5a00000, 0x00000000e5a00000, 0x00000000e5b00000|  0%| F|  |TAMS 0x00000000e5a00000| PB 0x00000000e5a00000| Untracked 
|  91|0x00000000e5b00000, 0x00000000e5b00000, 0x00000000e5c00000|  0%| F|  |TAMS 0x00000000e5b00000| PB 0x00000000e5b00000| Untracked 
|  92|0x00000000e5c00000, 0x00000000e5c00000, 0x00000000e5d00000|  0%| F|  |TAMS 0x00000000e5c00000| PB 0x00000000e5c00000| Untracked 
|  93|0x00000000e5d00000, 0x00000000e5d00000, 0x00000000e5e00000|  0%| F|  |TAMS 0x00000000e5d00000| PB 0x00000000e5d00000| Untracked 
|  94|0x00000000e5e00000, 0x00000000e5e00000, 0x00000000e5f00000|  0%| F|  |TAMS 0x00000000e5e00000| PB 0x00000000e5e00000| Untracked 
|  95|0x00000000e5f00000, 0x00000000e5f00000, 0x00000000e6000000|  0%| F|  |TAMS 0x00000000e5f00000| PB 0x00000000e5f00000| Untracked 
|  96|0x00000000e6000000, 0x00000000e6000000, 0x00000000e6100000|  0%| F|  |TAMS 0x00000000e6000000| PB 0x00000000e6000000| Untracked 
|  97|0x00000000e6100000, 0x00000000e6100000, 0x00000000e6200000|  0%| F|  |TAMS 0x00000000e6100000| PB 0x00000000e6100000| Untracked 
|  98|0x00000000e6200000, 0x00000000e6200000, 0x00000000e6300000|  0%| F|  |TAMS 0x00000000e6200000| PB 0x00000000e6200000| Untracked 
|  99|0x00000000e6300000, 0x00000000e6300000, 0x00000000e6400000|  0%| F|  |TAMS 0x00000000e6300000| PB 0x00000000e6300000| Untracked 
| 100|0x00000000e6400000, 0x00000000e6400000, 0x00000000e6500000|  0%| F|  |TAMS 0x00000000e6400000| PB 0x00000000e6400000| Untracked 
| 101|0x00000000e6500000, 0x00000000e6500000, 0x00000000e6600000|  0%| F|  |TAMS 0x00000000e6500000| PB 0x00000000e6500000| Untracked 
| 102|0x00000000e6600000, 0x00000000e6600000, 0x00000000e6700000|  0%| F|  |TAMS 0x00000000e6600000| PB 0x00000000e6600000| Untracked 
| 103|0x00000000e6700000, 0x00000000e679d3c8, 0x00000000e6800000| 61%| S|CS|TAMS 0x00000000e6700000| PB 0x00000000e6700000| Complete 
| 104|0x00000000e6800000, 0x00000000e6900000, 0x00000000e6900000|100%| S|CS|TAMS 0x00000000e6800000| PB 0x00000000e6800000| Complete 
| 105|0x00000000e6900000, 0x00000000e6a00000, 0x00000000e6a00000|100%| S|CS|TAMS 0x00000000e6900000| PB 0x00000000e6900000| Complete 
| 106|0x00000000e6a00000, 0x00000000e6b00000, 0x00000000e6b00000|100%| S|CS|TAMS 0x00000000e6a00000| PB 0x00000000e6a00000| Complete 
| 107|0x00000000e6b00000, 0x00000000e6c00000, 0x00000000e6c00000|100%| S|CS|TAMS 0x00000000e6b00000| PB 0x00000000e6b00000| Complete 
| 108|0x00000000e6c00000, 0x00000000e6d00000, 0x00000000e6d00000|100%| S|CS|TAMS 0x00000000e6c00000| PB 0x00000000e6c00000| Complete 
| 109|0x00000000e6d00000, 0x00000000e6e00000, 0x00000000e6e00000|100%| S|CS|TAMS 0x00000000e6d00000| PB 0x00000000e6d00000| Complete 
| 110|0x00000000e6e00000, 0x00000000e6f00000, 0x00000000e6f00000|100%| S|CS|TAMS 0x00000000e6e00000| PB 0x00000000e6e00000| Complete 
| 111|0x00000000e6f00000, 0x00000000e6f00000, 0x00000000e7000000|  0%| F|  |TAMS 0x00000000e6f00000| PB 0x00000000e6f00000| Untracked 
| 112|0x00000000e7000000, 0x00000000e7000000, 0x00000000e7100000|  0%| F|  |TAMS 0x00000000e7000000| PB 0x00000000e7000000| Untracked 
| 113|0x00000000e7100000, 0x00000000e7100000, 0x00000000e7200000|  0%| F|  |TAMS 0x00000000e7100000| PB 0x00000000e7100000| Untracked 
| 114|0x00000000e7200000, 0x00000000e7200000, 0x00000000e7300000|  0%| F|  |TAMS 0x00000000e7200000| PB 0x00000000e7200000| Untracked 
| 115|0x00000000e7300000, 0x00000000e7300000, 0x00000000e7400000|  0%| F|  |TAMS 0x00000000e7300000| PB 0x00000000e7300000| Untracked 
| 116|0x00000000e7400000, 0x00000000e7400000, 0x00000000e7500000|  0%| F|  |TAMS 0x00000000e7400000| PB 0x00000000e7400000| Untracked 
| 117|0x00000000e7500000, 0x00000000e7500000, 0x00000000e7600000|  0%| F|  |TAMS 0x00000000e7500000| PB 0x00000000e7500000| Untracked 
| 118|0x00000000e7600000, 0x00000000e7600000, 0x00000000e7700000|  0%| F|  |TAMS 0x00000000e7600000| PB 0x00000000e7600000| Untracked 
| 119|0x00000000e7700000, 0x00000000e7700000, 0x00000000e7800000|  0%| F|  |TAMS 0x00000000e7700000| PB 0x00000000e7700000| Untracked 
| 120|0x00000000e7800000, 0x00000000e7800000, 0x00000000e7900000|  0%| F|  |TAMS 0x00000000e7800000| PB 0x00000000e7800000| Untracked 
| 121|0x00000000e7900000, 0x00000000e7900000, 0x00000000e7a00000|  0%| F|  |TAMS 0x00000000e7900000| PB 0x00000000e7900000| Untracked 
| 122|0x00000000e7a00000, 0x00000000e7a00000, 0x00000000e7b00000|  0%| F|  |TAMS 0x00000000e7a00000| PB 0x00000000e7a00000| Untracked 
| 123|0x00000000e7b00000, 0x00000000e7b00000, 0x00000000e7c00000|  0%| F|  |TAMS 0x00000000e7b00000| PB 0x00000000e7b00000| Untracked 
| 124|0x00000000e7c00000, 0x00000000e7c00000, 0x00000000e7d00000|  0%| F|  |TAMS 0x00000000e7c00000| PB 0x00000000e7c00000| Untracked 
| 125|0x00000000e7d00000, 0x00000000e7d00000, 0x00000000e7e00000|  0%| F|  |TAMS 0x00000000e7d00000| PB 0x00000000e7d00000| Untracked 
| 126|0x00000000e7e00000, 0x00000000e7e00000, 0x00000000e7f00000|  0%| F|  |TAMS 0x00000000e7e00000| PB 0x00000000e7e00000| Untracked 
| 127|0x00000000e7f00000, 0x00000000e7f00000, 0x00000000e8000000|  0%| F|  |TAMS 0x00000000e7f00000| PB 0x00000000e7f00000| Untracked 
| 128|0x00000000e8000000, 0x00000000e8000000, 0x00000000e8100000|  0%| F|  |TAMS 0x00000000e8000000| PB 0x00000000e8000000| Untracked 
| 129|0x00000000e8100000, 0x00000000e8100000, 0x00000000e8200000|  0%| F|  |TAMS 0x00000000e8100000| PB 0x00000000e8100000| Untracked 
| 130|0x00000000e8200000, 0x00000000e8200000, 0x00000000e8300000|  0%| F|  |TAMS 0x00000000e8200000| PB 0x00000000e8200000| Untracked 
| 131|0x00000000e8300000, 0x00000000e8300000, 0x00000000e8400000|  0%| F|  |TAMS 0x00000000e8300000| PB 0x00000000e8300000| Untracked 
| 132|0x00000000e8400000, 0x00000000e8400000, 0x00000000e8500000|  0%| F|  |TAMS 0x00000000e8400000| PB 0x00000000e8400000| Untracked 
| 133|0x00000000e8500000, 0x00000000e8500000, 0x00000000e8600000|  0%| F|  |TAMS 0x00000000e8500000| PB 0x00000000e8500000| Untracked 
| 134|0x00000000e8600000, 0x00000000e8600000, 0x00000000e8700000|  0%| F|  |TAMS 0x00000000e8600000| PB 0x00000000e8600000| Untracked 
| 135|0x00000000e8700000, 0x00000000e8700000, 0x00000000e8800000|  0%| F|  |TAMS 0x00000000e8700000| PB 0x00000000e8700000| Untracked 
| 136|0x00000000e8800000, 0x00000000e8800000, 0x00000000e8900000|  0%| F|  |TAMS 0x00000000e8800000| PB 0x00000000e8800000| Untracked 
| 137|0x00000000e8900000, 0x00000000e8900000, 0x00000000e8a00000|  0%| F|  |TAMS 0x00000000e8900000| PB 0x00000000e8900000| Untracked 
| 138|0x00000000e8a00000, 0x00000000e8a00000, 0x00000000e8b00000|  0%| F|  |TAMS 0x00000000e8a00000| PB 0x00000000e8a00000| Untracked 
| 139|0x00000000e8b00000, 0x00000000e8b00000, 0x00000000e8c00000|  0%| F|  |TAMS 0x00000000e8b00000| PB 0x00000000e8b00000| Untracked 
| 140|0x00000000e8c00000, 0x00000000e8c00000, 0x00000000e8d00000|  0%| F|  |TAMS 0x00000000e8c00000| PB 0x00000000e8c00000| Untracked 
| 141|0x00000000e8d00000, 0x00000000e8d00000, 0x00000000e8e00000|  0%| F|  |TAMS 0x00000000e8d00000| PB 0x00000000e8d00000| Untracked 
| 142|0x00000000e8e00000, 0x00000000e8e00000, 0x00000000e8f00000|  0%| F|  |TAMS 0x00000000e8e00000| PB 0x00000000e8e00000| Untracked 
| 143|0x00000000e8f00000, 0x00000000e8f00000, 0x00000000e9000000|  0%| F|  |TAMS 0x00000000e8f00000| PB 0x00000000e8f00000| Untracked 
| 144|0x00000000e9000000, 0x00000000e9000000, 0x00000000e9100000|  0%| F|  |TAMS 0x00000000e9000000| PB 0x00000000e9000000| Untracked 
| 145|0x00000000e9100000, 0x00000000e9100000, 0x00000000e9200000|  0%| F|  |TAMS 0x00000000e9100000| PB 0x00000000e9100000| Untracked 
| 146|0x00000000e9200000, 0x00000000e9200000, 0x00000000e9300000|  0%| F|  |TAMS 0x00000000e9200000| PB 0x00000000e9200000| Untracked 
| 147|0x00000000e9300000, 0x00000000e9300000, 0x00000000e9400000|  0%| F|  |TAMS 0x00000000e9300000| PB 0x00000000e9300000| Untracked 
| 148|0x00000000e9400000, 0x00000000e9400000, 0x00000000e9500000|  0%| F|  |TAMS 0x00000000e9400000| PB 0x00000000e9400000| Untracked 
| 149|0x00000000e9500000, 0x00000000e9500000, 0x00000000e9600000|  0%| F|  |TAMS 0x00000000e9500000| PB 0x00000000e9500000| Untracked 
| 150|0x00000000e9600000, 0x00000000e9600000, 0x00000000e9700000|  0%| F|  |TAMS 0x00000000e9600000| PB 0x00000000e9600000| Untracked 
| 151|0x00000000e9700000, 0x00000000e9700000, 0x00000000e9800000|  0%| F|  |TAMS 0x00000000e9700000| PB 0x00000000e9700000| Untracked 
| 152|0x00000000e9800000, 0x00000000e98bc4f0, 0x00000000e9900000| 73%| E|  |TAMS 0x00000000e9800000| PB 0x00000000e9800000| Complete 
| 153|0x00000000e9900000, 0x00000000e9a00000, 0x00000000e9a00000|100%| E|CS|TAMS 0x00000000e9900000| PB 0x00000000e9900000| Complete 
| 154|0x00000000e9a00000, 0x00000000e9b00000, 0x00000000e9b00000|100%| E|CS|TAMS 0x00000000e9a00000| PB 0x00000000e9a00000| Complete 
| 155|0x00000000e9b00000, 0x00000000e9c00000, 0x00000000e9c00000|100%| E|CS|TAMS 0x00000000e9b00000| PB 0x00000000e9b00000| Complete 
| 156|0x00000000e9c00000, 0x00000000e9d00000, 0x00000000e9d00000|100%| E|CS|TAMS 0x00000000e9c00000| PB 0x00000000e9c00000| Complete 
| 157|0x00000000e9d00000, 0x00000000e9e00000, 0x00000000e9e00000|100%| E|CS|TAMS 0x00000000e9d00000| PB 0x00000000e9d00000| Complete 
| 158|0x00000000e9e00000, 0x00000000e9f00000, 0x00000000e9f00000|100%| E|CS|TAMS 0x00000000e9e00000| PB 0x00000000e9e00000| Complete 
| 159|0x00000000e9f00000, 0x00000000ea000000, 0x00000000ea000000|100%| E|CS|TAMS 0x00000000e9f00000| PB 0x00000000e9f00000| Complete 
| 160|0x00000000ea000000, 0x00000000ea100000, 0x00000000ea100000|100%| E|CS|TAMS 0x00000000ea000000| PB 0x00000000ea000000| Complete 
| 161|0x00000000ea100000, 0x00000000ea200000, 0x00000000ea200000|100%| E|CS|TAMS 0x00000000ea100000| PB 0x00000000ea100000| Complete 
| 162|0x00000000ea200000, 0x00000000ea300000, 0x00000000ea300000|100%| E|CS|TAMS 0x00000000ea200000| PB 0x00000000ea200000| Complete 
| 163|0x00000000ea300000, 0x00000000ea400000, 0x00000000ea400000|100%| E|  |TAMS 0x00000000ea300000| PB 0x00000000ea300000| Complete 
| 164|0x00000000ea400000, 0x00000000ea500000, 0x00000000ea500000|100%| E|CS|TAMS 0x00000000ea400000| PB 0x00000000ea400000| Complete 
| 165|0x00000000ea500000, 0x00000000ea600000, 0x00000000ea600000|100%| E|CS|TAMS 0x00000000ea500000| PB 0x00000000ea500000| Complete 
| 166|0x00000000ea600000, 0x00000000ea700000, 0x00000000ea700000|100%| E|CS|TAMS 0x00000000ea600000| PB 0x00000000ea600000| Complete 
| 167|0x00000000ea700000, 0x00000000ea800000, 0x00000000ea800000|100%| E|CS|TAMS 0x00000000ea700000| PB 0x00000000ea700000| Complete 
| 168|0x00000000ea800000, 0x00000000ea900000, 0x00000000ea900000|100%| E|CS|TAMS 0x00000000ea800000| PB 0x00000000ea800000| Complete 
| 169|0x00000000ea900000, 0x00000000eaa00000, 0x00000000eaa00000|100%| E|CS|TAMS 0x00000000ea900000| PB 0x00000000ea900000| Complete 
| 170|0x00000000eaa00000, 0x00000000eab00000, 0x00000000eab00000|100%| E|CS|TAMS 0x00000000eaa00000| PB 0x00000000eaa00000| Complete 
| 171|0x00000000eab00000, 0x00000000eac00000, 0x00000000eac00000|100%| E|CS|TAMS 0x00000000eab00000| PB 0x00000000eab00000| Complete 
| 172|0x00000000eac00000, 0x00000000ead00000, 0x00000000ead00000|100%| E|CS|TAMS 0x00000000eac00000| PB 0x00000000eac00000| Complete 
| 173|0x00000000ead00000, 0x00000000eae00000, 0x00000000eae00000|100%| E|CS|TAMS 0x00000000ead00000| PB 0x00000000ead00000| Complete 
| 174|0x00000000eae00000, 0x00000000eaf00000, 0x00000000eaf00000|100%| E|CS|TAMS 0x00000000eae00000| PB 0x00000000eae00000| Complete 
| 175|0x00000000eaf00000, 0x00000000eb000000, 0x00000000eb000000|100%| E|CS|TAMS 0x00000000eaf00000| PB 0x00000000eaf00000| Complete 
| 176|0x00000000eb000000, 0x00000000eb100000, 0x00000000eb100000|100%| E|CS|TAMS 0x00000000eb000000| PB 0x00000000eb000000| Complete 
| 177|0x00000000eb100000, 0x00000000eb200000, 0x00000000eb200000|100%| E|CS|TAMS 0x00000000eb100000| PB 0x00000000eb100000| Complete 
| 178|0x00000000eb200000, 0x00000000eb300000, 0x00000000eb300000|100%| E|CS|TAMS 0x00000000eb200000| PB 0x00000000eb200000| Complete 
| 179|0x00000000eb300000, 0x00000000eb400000, 0x00000000eb400000|100%| E|CS|TAMS 0x00000000eb300000| PB 0x00000000eb300000| Complete 
| 180|0x00000000eb400000, 0x00000000eb500000, 0x00000000eb500000|100%| E|CS|TAMS 0x00000000eb400000| PB 0x00000000eb400000| Complete 
| 181|0x00000000eb500000, 0x00000000eb600000, 0x00000000eb600000|100%| E|CS|TAMS 0x00000000eb500000| PB 0x00000000eb500000| Complete 
| 182|0x00000000eb600000, 0x00000000eb700000, 0x00000000eb700000|100%| E|CS|TAMS 0x00000000eb600000| PB 0x00000000eb600000| Complete 
| 183|0x00000000eb700000, 0x00000000eb800000, 0x00000000eb800000|100%| E|CS|TAMS 0x00000000eb700000| PB 0x00000000eb700000| Complete 
| 184|0x00000000eb800000, 0x00000000eb900000, 0x00000000eb900000|100%| E|CS|TAMS 0x00000000eb800000| PB 0x00000000eb800000| Complete 
| 185|0x00000000eb900000, 0x00000000eba00000, 0x00000000eba00000|100%| E|CS|TAMS 0x00000000eb900000| PB 0x00000000eb900000| Complete 
| 186|0x00000000eba00000, 0x00000000ebb00000, 0x00000000ebb00000|100%| E|CS|TAMS 0x00000000eba00000| PB 0x00000000eba00000| Complete 
| 187|0x00000000ebb00000, 0x00000000ebc00000, 0x00000000ebc00000|100%| E|CS|TAMS 0x00000000ebb00000| PB 0x00000000ebb00000| Complete 
| 188|0x00000000ebc00000, 0x00000000ebd00000, 0x00000000ebd00000|100%| E|CS|TAMS 0x00000000ebc00000| PB 0x00000000ebc00000| Complete 
| 189|0x00000000ebd00000, 0x00000000ebe00000, 0x00000000ebe00000|100%| E|CS|TAMS 0x00000000ebd00000| PB 0x00000000ebd00000| Complete 
| 190|0x00000000ebe00000, 0x00000000ebf00000, 0x00000000ebf00000|100%| E|CS|TAMS 0x00000000ebe00000| PB 0x00000000ebe00000| Complete 
| 191|0x00000000ebf00000, 0x00000000ec000000, 0x00000000ec000000|100%| E|CS|TAMS 0x00000000ebf00000| PB 0x00000000ebf00000| Complete 
| 192|0x00000000ec000000, 0x00000000ec100000, 0x00000000ec100000|100%| E|CS|TAMS 0x00000000ec000000| PB 0x00000000ec000000| Complete 
| 193|0x00000000ec100000, 0x00000000ec200000, 0x00000000ec200000|100%| E|CS|TAMS 0x00000000ec100000| PB 0x00000000ec100000| Complete 
| 194|0x00000000ec200000, 0x00000000ec300000, 0x00000000ec300000|100%| E|CS|TAMS 0x00000000ec200000| PB 0x00000000ec200000| Complete 
| 195|0x00000000ec300000, 0x00000000ec400000, 0x00000000ec400000|100%| E|CS|TAMS 0x00000000ec300000| PB 0x00000000ec300000| Complete 
| 196|0x00000000ec400000, 0x00000000ec500000, 0x00000000ec500000|100%| E|CS|TAMS 0x00000000ec400000| PB 0x00000000ec400000| Complete 
| 197|0x00000000ec500000, 0x00000000ec600000, 0x00000000ec600000|100%| E|CS|TAMS 0x00000000ec500000| PB 0x00000000ec500000| Complete 
| 198|0x00000000ec600000, 0x00000000ec700000, 0x00000000ec700000|100%| E|CS|TAMS 0x00000000ec600000| PB 0x00000000ec600000| Complete 
| 199|0x00000000ec700000, 0x00000000ec800000, 0x00000000ec800000|100%| E|CS|TAMS 0x00000000ec700000| PB 0x00000000ec700000| Complete 
| 200|0x00000000ec800000, 0x00000000ec900000, 0x00000000ec900000|100%| E|CS|TAMS 0x00000000ec800000| PB 0x00000000ec800000| Complete 
| 201|0x00000000ec900000, 0x00000000eca00000, 0x00000000eca00000|100%| E|CS|TAMS 0x00000000ec900000| PB 0x00000000ec900000| Complete 
| 202|0x00000000eca00000, 0x00000000ecb00000, 0x00000000ecb00000|100%| E|CS|TAMS 0x00000000eca00000| PB 0x00000000eca00000| Complete 
| 203|0x00000000ecb00000, 0x00000000ecc00000, 0x00000000ecc00000|100%| E|CS|TAMS 0x00000000ecb00000| PB 0x00000000ecb00000| Complete 
| 204|0x00000000ecc00000, 0x00000000ecd00000, 0x00000000ecd00000|100%| E|CS|TAMS 0x00000000ecc00000| PB 0x00000000ecc00000| Complete 
| 205|0x00000000ecd00000, 0x00000000ece00000, 0x00000000ece00000|100%| E|CS|TAMS 0x00000000ecd00000| PB 0x00000000ecd00000| Complete 
| 206|0x00000000ece00000, 0x00000000ecf00000, 0x00000000ecf00000|100%| E|CS|TAMS 0x00000000ece00000| PB 0x00000000ece00000| Complete 
| 207|0x00000000ecf00000, 0x00000000ed000000, 0x00000000ed000000|100%| E|CS|TAMS 0x00000000ecf00000| PB 0x00000000ecf00000| Complete 
| 208|0x00000000ed000000, 0x00000000ed100000, 0x00000000ed100000|100%| E|CS|TAMS 0x00000000ed000000| PB 0x00000000ed000000| Complete 
| 209|0x00000000ed100000, 0x00000000ed200000, 0x00000000ed200000|100%| E|CS|TAMS 0x00000000ed100000| PB 0x00000000ed100000| Complete 
| 210|0x00000000ed200000, 0x00000000ed300000, 0x00000000ed300000|100%| E|CS|TAMS 0x00000000ed200000| PB 0x00000000ed200000| Complete 
| 211|0x00000000ed300000, 0x00000000ed400000, 0x00000000ed400000|100%| E|CS|TAMS 0x00000000ed300000| PB 0x00000000ed300000| Complete 
| 212|0x00000000ed400000, 0x00000000ed500000, 0x00000000ed500000|100%| E|CS|TAMS 0x00000000ed400000| PB 0x00000000ed400000| Complete 
| 213|0x00000000ed500000, 0x00000000ed600000, 0x00000000ed600000|100%| E|CS|TAMS 0x00000000ed500000| PB 0x00000000ed500000| Complete 
| 214|0x00000000ed600000, 0x00000000ed700000, 0x00000000ed700000|100%| E|CS|TAMS 0x00000000ed600000| PB 0x00000000ed600000| Complete 
| 215|0x00000000ed700000, 0x00000000ed800000, 0x00000000ed800000|100%| E|CS|TAMS 0x00000000ed700000| PB 0x00000000ed700000| Complete 
| 216|0x00000000ed800000, 0x00000000ed900000, 0x00000000ed900000|100%| E|CS|TAMS 0x00000000ed800000| PB 0x00000000ed800000| Complete 
| 217|0x00000000ed900000, 0x00000000eda00000, 0x00000000eda00000|100%| E|CS|TAMS 0x00000000ed900000| PB 0x00000000ed900000| Complete 
| 218|0x00000000eda00000, 0x00000000edb00000, 0x00000000edb00000|100%| E|CS|TAMS 0x00000000eda00000| PB 0x00000000eda00000| Complete 
| 219|0x00000000edb00000, 0x00000000edc00000, 0x00000000edc00000|100%| E|CS|TAMS 0x00000000edb00000| PB 0x00000000edb00000| Complete 
| 220|0x00000000edc00000, 0x00000000edd00000, 0x00000000edd00000|100%| E|CS|TAMS 0x00000000edc00000| PB 0x00000000edc00000| Complete 
| 221|0x00000000edd00000, 0x00000000ede00000, 0x00000000ede00000|100%| E|CS|TAMS 0x00000000edd00000| PB 0x00000000edd00000| Complete 
| 222|0x00000000ede00000, 0x00000000edf00000, 0x00000000edf00000|100%| E|CS|TAMS 0x00000000ede00000| PB 0x00000000ede00000| Complete 
| 223|0x00000000edf00000, 0x00000000ee000000, 0x00000000ee000000|100%| E|CS|TAMS 0x00000000edf00000| PB 0x00000000edf00000| Complete 
| 224|0x00000000ee000000, 0x00000000ee100000, 0x00000000ee100000|100%| E|CS|TAMS 0x00000000ee000000| PB 0x00000000ee000000| Complete 
| 225|0x00000000ee100000, 0x00000000ee200000, 0x00000000ee200000|100%| E|CS|TAMS 0x00000000ee100000| PB 0x00000000ee100000| Complete 
| 226|0x00000000ee200000, 0x00000000ee300000, 0x00000000ee300000|100%| E|CS|TAMS 0x00000000ee200000| PB 0x00000000ee200000| Complete 
| 227|0x00000000ee300000, 0x00000000ee400000, 0x00000000ee400000|100%| E|CS|TAMS 0x00000000ee300000| PB 0x00000000ee300000| Complete 
| 228|0x00000000ee400000, 0x00000000ee500000, 0x00000000ee500000|100%| E|CS|TAMS 0x00000000ee400000| PB 0x00000000ee400000| Complete 
| 229|0x00000000ee500000, 0x00000000ee600000, 0x00000000ee600000|100%| E|CS|TAMS 0x00000000ee500000| PB 0x00000000ee500000| Complete 
| 230|0x00000000ee600000, 0x00000000ee700000, 0x00000000ee700000|100%| E|CS|TAMS 0x00000000ee600000| PB 0x00000000ee600000| Complete 
| 231|0x00000000ee700000, 0x00000000ee800000, 0x00000000ee800000|100%| E|CS|TAMS 0x00000000ee700000| PB 0x00000000ee700000| Complete 
| 232|0x00000000ee800000, 0x00000000ee900000, 0x00000000ee900000|100%| E|CS|TAMS 0x00000000ee800000| PB 0x00000000ee800000| Complete 
| 233|0x00000000ee900000, 0x00000000eea00000, 0x00000000eea00000|100%| E|CS|TAMS 0x00000000ee900000| PB 0x00000000ee900000| Complete 
| 234|0x00000000eea00000, 0x00000000eeb00000, 0x00000000eeb00000|100%| E|CS|TAMS 0x00000000eea00000| PB 0x00000000eea00000| Complete 
| 235|0x00000000eeb00000, 0x00000000eec00000, 0x00000000eec00000|100%| E|CS|TAMS 0x00000000eeb00000| PB 0x00000000eeb00000| Complete 
| 236|0x00000000eec00000, 0x00000000eed00000, 0x00000000eed00000|100%| E|CS|TAMS 0x00000000eec00000| PB 0x00000000eec00000| Complete 
| 237|0x00000000eed00000, 0x00000000eee00000, 0x00000000eee00000|100%| E|CS|TAMS 0x00000000eed00000| PB 0x00000000eed00000| Complete 
| 238|0x00000000eee00000, 0x00000000eef00000, 0x00000000eef00000|100%| E|CS|TAMS 0x00000000eee00000| PB 0x00000000eee00000| Complete 
| 239|0x00000000eef00000, 0x00000000ef000000, 0x00000000ef000000|100%| E|CS|TAMS 0x00000000eef00000| PB 0x00000000eef00000| Complete 
| 240|0x00000000ef000000, 0x00000000ef100000, 0x00000000ef100000|100%| E|CS|TAMS 0x00000000ef000000| PB 0x00000000ef000000| Complete 
| 241|0x00000000ef100000, 0x00000000ef200000, 0x00000000ef200000|100%| E|CS|TAMS 0x00000000ef100000| PB 0x00000000ef100000| Complete 
| 242|0x00000000ef200000, 0x00000000ef300000, 0x00000000ef300000|100%| E|CS|TAMS 0x00000000ef200000| PB 0x00000000ef200000| Complete 
| 243|0x00000000ef300000, 0x00000000ef400000, 0x00000000ef400000|100%| E|CS|TAMS 0x00000000ef300000| PB 0x00000000ef300000| Complete 
| 244|0x00000000ef400000, 0x00000000ef500000, 0x00000000ef500000|100%| E|CS|TAMS 0x00000000ef400000| PB 0x00000000ef400000| Complete 
| 245|0x00000000ef500000, 0x00000000ef600000, 0x00000000ef600000|100%| E|CS|TAMS 0x00000000ef500000| PB 0x00000000ef500000| Complete 
| 246|0x00000000ef600000, 0x00000000ef700000, 0x00000000ef700000|100%| E|CS|TAMS 0x00000000ef600000| PB 0x00000000ef600000| Complete 
| 247|0x00000000ef700000, 0x00000000ef800000, 0x00000000ef800000|100%| E|CS|TAMS 0x00000000ef700000| PB 0x00000000ef700000| Complete 
| 248|0x00000000ef800000, 0x00000000ef900000, 0x00000000ef900000|100%| E|CS|TAMS 0x00000000ef800000| PB 0x00000000ef800000| Complete 
| 249|0x00000000ef900000, 0x00000000efa00000, 0x00000000efa00000|100%| E|CS|TAMS 0x00000000ef900000| PB 0x00000000ef900000| Complete 
| 250|0x00000000efa00000, 0x00000000efb00000, 0x00000000efb00000|100%| E|CS|TAMS 0x00000000efa00000| PB 0x00000000efa00000| Complete 
| 251|0x00000000efb00000, 0x00000000efc00000, 0x00000000efc00000|100%| E|CS|TAMS 0x00000000efb00000| PB 0x00000000efb00000| Complete 
| 252|0x00000000efc00000, 0x00000000efd00000, 0x00000000efd00000|100%| E|CS|TAMS 0x00000000efc00000| PB 0x00000000efc00000| Complete 
| 253|0x00000000efd00000, 0x00000000efe00000, 0x00000000efe00000|100%| E|CS|TAMS 0x00000000efd00000| PB 0x00000000efd00000| Complete 
| 254|0x00000000efe00000, 0x00000000eff00000, 0x00000000eff00000|100%| E|CS|TAMS 0x00000000efe00000| PB 0x00000000efe00000| Complete 
| 255|0x00000000eff00000, 0x00000000f0000000, 0x00000000f0000000|100%| E|CS|TAMS 0x00000000eff00000| PB 0x00000000eff00000| Complete 

Card table byte_map: [0x0000024aa68a0000,0x0000024aa69a0000] _byte_map_base: 0x0000024aa61a0000

Marking Bits: (CMBitMap*) 0x0000024a8f003760
 Bits: [0x0000024aa69a0000, 0x0000024aa71a0000)

Polling page: 0x0000024a8e7b0000

Metaspace:

Usage:
  Non-class:     59.22 MB used.
      Class:      9.16 MB used.
       Both:     68.38 MB used.

Virtual space:
  Non-class space:       64.00 MB reserved,      60.19 MB ( 94%) committed,  1 nodes.
      Class space:      320.00 MB reserved,      10.06 MB (  3%) committed,  1 nodes.
             Both:      384.00 MB reserved,      70.25 MB ( 18%) committed. 

Chunk freelists:
   Non-Class:  3.55 MB
       Class:  5.97 MB
        Both:  9.52 MB

MaxMetaspaceSize: 384.00 MB
CompressedClassSpaceSize: 320.00 MB
Initial GC threshold: 21.00 MB
Current GC threshold: 98.56 MB
CDS: on
 - commit_granule_bytes: 65536.
 - commit_granule_words: 8192.
 - virtual_space_node_default_size: 8388608.
 - enlarge_chunks_in_place: 1.
 - use_allocation_guard: 0.


Internal statistics:

num_allocs_failed_limit: 12.
num_arena_births: 3190.
num_arena_deaths: 0.
num_vsnodes_births: 2.
num_vsnodes_deaths: 0.
num_space_committed: 1124.
num_space_uncommitted: 0.
num_chunks_returned_to_freelist: 12.
num_chunks_taken_from_freelist: 6187.
num_chunk_merges: 9.
num_chunk_splits: 3967.
num_chunks_enlarged: 2426.
num_inconsistent_stats: 0.

CodeHeap 'non-profiled nmethods': size=120000Kb used=9332Kb max_used=9332Kb free=110667Kb
 bounds [0x0000024a9ef40000, 0x0000024a9f860000, 0x0000024aa6470000]
CodeHeap 'profiled nmethods': size=120000Kb used=23583Kb max_used=23583Kb free=96416Kb
 bounds [0x0000024a97470000, 0x0000024a98b80000, 0x0000024a9e9a0000]
CodeHeap 'non-nmethods': size=5760Kb used=3133Kb max_used=3213Kb free=2627Kb
 bounds [0x0000024a9e9a0000, 0x0000024a9ecd0000, 0x0000024a9ef40000]
 total_blobs=12436 nmethods=11478 adapters=862
 compilation: enabled
              stopped_count=0, restarted_count=0
 full_count=0

Compilation events (20 events):
Event: 18.077 Thread 0x0000024ac7990370 12255       4       org.gradle.api.file.RelativePath::parse (16 bytes)
Event: 18.080 Thread 0x0000024ac79917e0 12256       4       org.apache.commons.compress.archivers.zip.ZipArchiveEntry::setExtraTimeFields (84 bytes)
Event: 18.084 Thread 0x0000024ac79917e0 nmethod 12256 0x0000024a9f857d10 code [0x0000024a9f857ec0, 0x0000024a9f8580d0]
Event: 18.084 Thread 0x0000024ac79917e0 12257       4       java.util.zip.ZipEntry::setTime (77 bytes)
Event: 18.088 Thread 0x0000024ac7990370 nmethod 12255 0x0000024a9f858390 code [0x0000024a9f858580, 0x0000024a9f858e40]
Event: 18.088 Thread 0x0000024ac7990370 12258       4       java.util.zip.ZipUtils::javaToExtendedDosTime (33 bytes)
Event: 18.105 Thread 0x0000024ac79917e0 nmethod 12257 0x0000024a9f859190 code [0x0000024a9f8593e0, 0x0000024a9f85a118]
Event: 18.105 Thread 0x0000024ac79917e0 12259       4       org.objectweb.asm.ClassReader::createDebugLabel (23 bytes)
Event: 18.105 Thread 0x0000024ac7990370 nmethod 12258 0x0000024a9f85ae90 code [0x0000024a9f85b0c0, 0x0000024a9f85bcb8]
Event: 18.105 Thread 0x0000024ac7990370 12260   !   4       org.gradle.internal.classpath.transforms.BaseClasspathElementTransform::visitEntry (95 bytes)
Event: 18.109 Thread 0x0000024ac79917e0 nmethod 12259 0x0000024a9f85c990 code [0x0000024a9f85cb20, 0x0000024a9f85cd78]
Event: 18.109 Thread 0x0000024ac79917e0 12261       4       org.gradle.internal.classpath.transforms.BaseClasspathElementTransform$$Lambda/0x0000024aab55a000::visit (13 bytes)
Event: 18.144 Thread 0x0000024aa9c10050 12262       3       java.io.Writer::<init> (22 bytes)
Event: 18.144 Thread 0x0000024aa9c10050 nmethod 12262 0x0000024a98b6f290 code [0x0000024a98b6f460, 0x0000024a98b6f720]
Event: 18.146 Thread 0x0000024aa9c10050 12263       3       org.gradle.internal.snapshot.AbstractIncompleteFileSystemNode::rootSnapshots (30 bytes)
Event: 18.147 Thread 0x0000024aa9c10050 nmethod 12263 0x0000024a98b6f810 code [0x0000024a98b6fa20, 0x0000024a98b70110]
Event: 18.147 Thread 0x0000024aa9c10050 12264       3       org.gradle.internal.snapshot.AbstractInvalidateChildHandler::handleExactMatchWithChild (6 bytes)
Event: 18.147 Thread 0x0000024aa9c10050 nmethod 12264 0x0000024a98b70310 code [0x0000024a98b70500, 0x0000024a98b70a70]
Event: 18.147 Thread 0x0000024aa9c10050 12265       3       org.gradle.internal.snapshot.AbstractInvalidateChildHandler::handleExactMatchWithChild (15 bytes)
Event: 18.148 Thread 0x0000024aa9c10050 nmethod 12265 0x0000024a98b70c90 code [0x0000024a98b70f20, 0x0000024a98b71ba8]

GC Heap History (20 events):
Event: 1.418 GC heap before
{Heap before GC invocations=2 (full 0):
 garbage-first heap   total 262144K, used 67344K [0x00000000e0000000, 0x0000000100000000)
  region size 1024K, 58 young (59392K), 5 survivors (5120K)
 Metaspace       used 7939K, committed 8192K, reserved 393216K
  class space    used 1037K, committed 1152K, reserved 327680K
}
Event: 1.423 GC heap after
{Heap after GC invocations=3 (full 0):
 garbage-first heap   total 262144K, used 17863K [0x00000000e0000000, 0x0000000100000000)
  region size 1024K, 8 young (8192K), 8 survivors (8192K)
 Metaspace       used 7939K, committed 8192K, reserved 393216K
  class space    used 1037K, committed 1152K, reserved 327680K
}
Event: 2.406 GC heap before
{Heap before GC invocations=3 (full 0):
 garbage-first heap   total 262144K, used 93639K [0x00000000e0000000, 0x0000000100000000)
  region size 1024K, 83 young (84992K), 8 survivors (8192K)
 Metaspace       used 20806K, committed 21504K, reserved 393216K
  class space    used 2970K, committed 3328K, reserved 327680K
}
Event: 2.413 GC heap after
{Heap after GC invocations=4 (full 0):
 garbage-first heap   total 262144K, used 24007K [0x00000000e0000000, 0x0000000100000000)
  region size 1024K, 14 young (14336K), 14 survivors (14336K)
 Metaspace       used 20806K, committed 21504K, reserved 393216K
  class space    used 2970K, committed 3328K, reserved 327680K
}
Event: 3.788 GC heap before
{Heap before GC invocations=5 (full 0):
 garbage-first heap   total 262144K, used 158151K [0x00000000e0000000, 0x0000000100000000)
  region size 1024K, 147 young (150528K), 14 survivors (14336K)
 Metaspace       used 34959K, committed 35968K, reserved 393216K
  class space    used 4985K, committed 5440K, reserved 327680K
}
Event: 3.800 GC heap after
{Heap after GC invocations=6 (full 0):
 garbage-first heap   total 262144K, used 33718K [0x00000000e0000000, 0x0000000100000000)
  region size 1024K, 20 young (20480K), 20 survivors (20480K)
 Metaspace       used 34959K, committed 35968K, reserved 393216K
  class space    used 4985K, committed 5440K, reserved 327680K
}
Event: 4.835 GC heap before
{Heap before GC invocations=7 (full 0):
 garbage-first heap   total 262144K, used 174006K [0x00000000e0000000, 0x0000000100000000)
  region size 1024K, 153 young (156672K), 20 survivors (20480K)
 Metaspace       used 44069K, committed 45248K, reserved 393216K
  class space    used 6033K, committed 6592K, reserved 327680K
}
Event: 4.862 GC heap after
{Heap after GC invocations=8 (full 0):
 garbage-first heap   total 262144K, used 43505K [0x00000000e0000000, 0x0000000100000000)
  region size 1024K, 20 young (20480K), 20 survivors (20480K)
 Metaspace       used 44069K, committed 45248K, reserved 393216K
  class space    used 6033K, committed 6592K, reserved 327680K
}
Event: 6.029 GC heap before
{Heap before GC invocations=8 (full 0):
 garbage-first heap   total 262144K, used 179697K [0x00000000e0000000, 0x0000000100000000)
  region size 1024K, 153 young (156672K), 20 survivors (20480K)
 Metaspace       used 48353K, committed 49792K, reserved 393216K
  class space    used 6652K, committed 7360K, reserved 327680K
}
Event: 6.040 GC heap after
{Heap after GC invocations=9 (full 0):
 garbage-first heap   total 262144K, used 49888K [0x00000000e0000000, 0x0000000100000000)
  region size 1024K, 17 young (17408K), 17 survivors (17408K)
 Metaspace       used 48353K, committed 49792K, reserved 393216K
  class space    used 6652K, committed 7360K, reserved 327680K
}
Event: 6.976 GC heap before
{Heap before GC invocations=9 (full 0):
 garbage-first heap   total 262144K, used 147168K [0x00000000e0000000, 0x0000000100000000)
  region size 1024K, 112 young (114688K), 17 survivors (17408K)
 Metaspace       used 58412K, committed 60096K, reserved 393216K
  class space    used 8033K, committed 8896K, reserved 327680K
}
Event: 6.988 GC heap after
{Heap after GC invocations=10 (full 0):
 garbage-first heap   total 262144K, used 56246K [0x00000000e0000000, 0x0000000100000000)
  region size 1024K, 14 young (14336K), 14 survivors (14336K)
 Metaspace       used 58412K, committed 60096K, reserved 393216K
  class space    used 8033K, committed 8896K, reserved 327680K
}
Event: 13.270 GC heap before
{Heap before GC invocations=11 (full 0):
 garbage-first heap   total 262144K, used 197558K [0x00000000e0000000, 0x0000000100000000)
  region size 1024K, 153 young (156672K), 14 survivors (14336K)
 Metaspace       used 68301K, committed 70144K, reserved 393216K
  class space    used 9247K, committed 10176K, reserved 327680K
}
Event: 13.285 GC heap after
{Heap after GC invocations=12 (full 0):
 garbage-first heap   total 262144K, used 62789K [0x00000000e0000000, 0x0000000100000000)
  region size 1024K, 13 young (13312K), 13 survivors (13312K)
 Metaspace       used 68301K, committed 70144K, reserved 393216K
  class space    used 9247K, committed 10176K, reserved 327680K
}
Event: 15.281 GC heap before
{Heap before GC invocations=12 (full 0):
 garbage-first heap   total 262144K, used 205125K [0x00000000e0000000, 0x0000000100000000)
  region size 1024K, 153 young (156672K), 13 survivors (13312K)
 Metaspace       used 69621K, committed 71488K, reserved 393216K
  class space    used 9377K, committed 10304K, reserved 327680K
}
Event: 15.303 GC heap after
{Heap after GC invocations=13 (full 0):
 garbage-first heap   total 262144K, used 69118K [0x00000000e0000000, 0x0000000100000000)
  region size 1024K, 14 young (14336K), 14 survivors (14336K)
 Metaspace       used 69621K, committed 71488K, reserved 393216K
  class space    used 9377K, committed 10304K, reserved 327680K
}
Event: 15.956 GC heap before
{Heap before GC invocations=13 (full 0):
 garbage-first heap   total 262144K, used 211454K [0x00000000e0000000, 0x0000000100000000)
  region size 1024K, 155 young (158720K), 14 survivors (14336K)
 Metaspace       used 69824K, committed 71680K, reserved 393216K
  class space    used 9378K, committed 10304K, reserved 327680K
}
Event: 15.964 GC heap after
{Heap after GC invocations=14 (full 0):
 garbage-first heap   total 262144K, used 70660K [0x00000000e0000000, 0x0000000100000000)
  region size 1024K, 9 young (9216K), 9 survivors (9216K)
 Metaspace       used 69824K, committed 71680K, reserved 393216K
  class space    used 9378K, committed 10304K, reserved 327680K
}
Event: 16.759 GC heap before
{Heap before GC invocations=14 (full 0):
 garbage-first heap   total 262144K, used 217092K [0x00000000e0000000, 0x0000000100000000)
  region size 1024K, 154 young (157696K), 9 survivors (9216K)
 Metaspace       used 69877K, committed 71744K, reserved 393216K
  class space    used 9378K, committed 10304K, reserved 327680K
}
Event: 16.763 GC heap after
{Heap after GC invocations=15 (full 0):
 garbage-first heap   total 262144K, used 69676K [0x00000000e0000000, 0x0000000100000000)
  region size 1024K, 8 young (8192K), 8 survivors (8192K)
 Metaspace       used 69877K, committed 71744K, reserved 393216K
  class space    used 9378K, committed 10304K, reserved 327680K
}

Dll operation events (15 events):
Event: 0.027 Loaded shared library C:\Program Files\Java\jdk-21\bin\java.dll
Event: 0.064 Loaded shared library C:\Program Files\Java\jdk-21\bin\jsvml.dll
Event: 0.109 Loaded shared library C:\Program Files\Java\jdk-21\bin\zip.dll
Event: 0.113 Loaded shared library C:\Program Files\Java\jdk-21\bin\instrument.dll
Event: 0.117 Loaded shared library C:\Program Files\Java\jdk-21\bin\net.dll
Event: 0.120 Loaded shared library C:\Program Files\Java\jdk-21\bin\nio.dll
Event: 0.122 Loaded shared library C:\Program Files\Java\jdk-21\bin\zip.dll
Event: 0.298 Loaded shared library C:\Program Files\Java\jdk-21\bin\jimage.dll
Event: 0.408 Loaded shared library C:\Program Files\Java\jdk-21\bin\verify.dll
Event: 0.489 Loaded shared library C:\Users\student\.gradle\native\1def1411415f61bf3af743bc5b6707747c0891f09f0c88961ee8f79bc544acac\windows-amd64\native-platform.dll
Event: 0.542 Loaded shared library C:\Users\student\.gradle\native\0.2.7\x86_64-windows-gnu\gradle-fileevents.dll
Event: 1.286 Loaded shared library C:\Program Files\Java\jdk-21\bin\management.dll
Event: 1.287 Loaded shared library C:\Program Files\Java\jdk-21\bin\management_ext.dll
Event: 1.398 Loaded shared library C:\Program Files\Java\jdk-21\bin\extnet.dll
Event: 1.578 Loaded shared library C:\Program Files\Java\jdk-21\bin\sunmscapi.dll

Deoptimization events (20 events):
Event: 18.012 Thread 0x0000024ac9ccd690 DEOPT PACKING pc=0x0000024a97d36c82 sp=0x00000050935fa1a0
Event: 18.012 Thread 0x0000024ac9ccd690 DEOPT UNPACKING pc=0x0000024a9e9f88e2 sp=0x00000050935f98b0 mode 0
Event: 18.015 Thread 0x0000024ac9ccd690 DEOPT PACKING pc=0x0000024a97d37198 sp=0x00000050935fa1a0
Event: 18.015 Thread 0x0000024ac9ccd690 DEOPT UNPACKING pc=0x0000024a9e9f88e2 sp=0x00000050935f98b0 mode 0
Event: 18.052 Thread 0x0000024ac9ccd690 DEOPT PACKING pc=0x0000024a97d36c82 sp=0x00000050935fa1a0
Event: 18.052 Thread 0x0000024ac9ccd690 DEOPT UNPACKING pc=0x0000024a9e9f88e2 sp=0x00000050935f98b0 mode 0
Event: 18.069 Thread 0x0000024ac9ccd690 DEOPT PACKING pc=0x0000024a97d37198 sp=0x00000050935f96f0
Event: 18.069 Thread 0x0000024ac9ccd690 DEOPT UNPACKING pc=0x0000024a9e9f88e2 sp=0x00000050935f8e00 mode 0
Event: 18.077 Thread 0x0000024ac9ccd690 DEOPT PACKING pc=0x0000024a97d36c82 sp=0x00000050935fa1a0
Event: 18.077 Thread 0x0000024ac9ccd690 DEOPT UNPACKING pc=0x0000024a9e9f88e2 sp=0x00000050935f98b0 mode 0
Event: 18.080 Thread 0x0000024ac9ccd690 DEOPT PACKING pc=0x0000024a97d37e11 sp=0x00000050935fa1a0
Event: 18.080 Thread 0x0000024ac9ccd690 DEOPT UNPACKING pc=0x0000024a9e9f88e2 sp=0x00000050935f98b0 mode 0
Event: 18.088 Thread 0x0000024ac9ccd690 DEOPT PACKING pc=0x0000024a97d36c82 sp=0x00000050935fa1a0
Event: 18.089 Thread 0x0000024ac9ccd690 DEOPT UNPACKING pc=0x0000024a9e9f88e2 sp=0x00000050935f98b0 mode 0
Event: 18.093 Thread 0x0000024ac9ccd690 DEOPT PACKING pc=0x0000024a97d36c82 sp=0x00000050935fa1a0
Event: 18.093 Thread 0x0000024ac9ccd690 DEOPT UNPACKING pc=0x0000024a9e9f88e2 sp=0x00000050935f98b0 mode 0
Event: 18.119 Thread 0x0000024ac9ccd690 DEOPT PACKING pc=0x0000024a97d37e11 sp=0x00000050935fa1a0
Event: 18.119 Thread 0x0000024ac9ccd690 DEOPT UNPACKING pc=0x0000024a9e9f88e2 sp=0x00000050935f98b0 mode 0
Event: 18.127 Thread 0x0000024ac9ccd690 DEOPT PACKING pc=0x0000024a97d36c82 sp=0x00000050935fa1a0
Event: 18.127 Thread 0x0000024ac9ccd690 DEOPT UNPACKING pc=0x0000024a9e9f88e2 sp=0x00000050935f98b0 mode 0

Classes loaded (20 events):
Event: 12.723 Loading class sun/reflect/ReflectionFactory
Event: 12.723 Loading class sun/reflect/ReflectionFactory done
Event: 12.723 Loading class sun/reflect/ReflectionFactory$1
Event: 12.723 Loading class sun/reflect/ReflectionFactory$1 done
Event: 12.822 Loading class java/util/zip/ZipFile$ZipEntryIterator
Event: 12.822 Loading class java/util/zip/ZipFile$ZipEntryIterator done
Event: 12.824 Loading class java/util/zip/ZipInputStream
Event: 12.825 Loading class java/util/zip/ZipInputStream done
Event: 13.287 Loading class sun/security/ssl/Alert
Event: 13.288 Loading class sun/security/ssl/Alert done
Event: 13.288 Loading class sun/security/ssl/Alert$AlertConsumer
Event: 13.288 Loading class sun/security/ssl/Alert$AlertConsumer done
Event: 13.288 Loading class sun/security/ssl/Alert$Level
Event: 13.288 Loading class sun/security/ssl/Alert$Level done
Event: 14.871 Loading class java/util/Collections$UnmodifiableSortedMap
Event: 14.871 Loading class java/util/Collections$UnmodifiableSortedMap done
Event: 14.874 Loading class java/util/zip/Deflater
Event: 14.875 Loading class java/util/zip/Deflater done
Event: 14.876 Loading class java/util/zip/Deflater$DeflaterZStreamRef
Event: 14.876 Loading class java/util/zip/Deflater$DeflaterZStreamRef done

Classes unloaded (0 events):
No events

Classes redefined (0 events):
No events

Internal exceptions (20 events):
Event: 14.838 Thread 0x0000024ac4f03210 Exception <a 'sun/nio/fs/WindowsException'{0x00000000e9dd6830}> (0x00000000e9dd6830) 
thrown [s\open\src\hotspot\share\prims\jni.cpp, line 520]
Event: 14.919 Thread 0x0000024ac6f19710 Exception <a 'sun/nio/fs/WindowsException'{0x00000000e9beba88}> (0x00000000e9beba88) 
thrown [s\open\src\hotspot\share\prims\jni.cpp, line 520]
Event: 14.927 Thread 0x0000024ac9ccc2e0 Exception <a 'sun/nio/fs/WindowsException'{0x00000000e9ce3e90}> (0x00000000e9ce3e90) 
thrown [s\open\src\hotspot\share\prims\jni.cpp, line 520]
Event: 14.959 Thread 0x0000024ac9ccd690 Exception <a 'sun/nio/fs/WindowsException'{0x00000000e9b23400}> (0x00000000e9b23400) 
thrown [s\open\src\hotspot\share\prims\jni.cpp, line 520]
Event: 15.102 Thread 0x0000024ac9cce3b0 Exception <a 'sun/nio/fs/WindowsException'{0x00000000e9c1dc78}> (0x00000000e9c1dc78) 
thrown [s\open\src\hotspot\share\prims\jni.cpp, line 520]
Event: 15.153 Thread 0x0000024ac9cd11a0 Exception <a 'sun/nio/fs/WindowsException'{0x00000000e8276290}> (0x00000000e8276290) 
thrown [s\open\src\hotspot\share\prims\jni.cpp, line 520]
Event: 15.176 Thread 0x0000024ac6f19da0 Exception <a 'sun/nio/fs/WindowsException'{0x00000000e9bd0228}> (0x00000000e9bd0228) 
thrown [s\open\src\hotspot\share\prims\jni.cpp, line 520]
Event: 15.334 Thread 0x0000024ac6f1a430 Exception <a 'sun/nio/fs/WindowsException'{0x00000000efaa9690}> (0x00000000efaa9690) 
thrown [s\open\src\hotspot\share\prims\jni.cpp, line 520]
Event: 15.814 Thread 0x0000024ac4f03210 Exception <a 'sun/nio/fs/WindowsException'{0x00000000ec498698}> (0x00000000ec498698) 
thrown [s\open\src\hotspot\share\prims\jni.cpp, line 520]
Event: 16.074 Thread 0x0000024ac9ccc2e0 Exception <a 'sun/nio/fs/WindowsException'{0x00000000efe8aa10}> (0x00000000efe8aa10) 
thrown [s\open\src\hotspot\share\prims\jni.cpp, line 520]
Event: 16.379 Thread 0x0000024ac9cce3b0 Exception <a 'sun/nio/fs/WindowsException'{0x00000000ec3a5cf0}> (0x00000000ec3a5cf0) 
thrown [s\open\src\hotspot\share\prims\jni.cpp, line 520]
Event: 16.501 Thread 0x0000024ac4f03210 Exception <a 'sun/nio/fs/WindowsException'{0x00000000eec73848}> (0x00000000eec73848) 
thrown [s\open\src\hotspot\share\prims\jni.cpp, line 520]
Event: 16.687 Thread 0x0000024ac9ccd690 Exception <a 'sun/nio/fs/WindowsException'{0x00000000e8ff8ae8}> (0x00000000e8ff8ae8) 
thrown [s\open\src\hotspot\share\prims\jni.cpp, line 520]
Event: 17.005 Thread 0x0000024ac6f19710 Exception <a 'sun/nio/fs/WindowsException'{0x00000000efb9bcd8}> (0x00000000efb9bcd8) 
thrown [s\open\src\hotspot\share\prims\jni.cpp, line 520]
Event: 17.328 Thread 0x0000024ac6f19da0 Exception <a 'sun/nio/fs/WindowsException'{0x00000000ed754678}> (0x00000000ed754678) 
thrown [s\open\src\hotspot\share\prims\jni.cpp, line 520]
Event: 17.458 Thread 0x0000024ac6f19710 Exception <a 'sun/nio/fs/WindowsException'{0x00000000ed4da5b0}> (0x00000000ed4da5b0) 
thrown [s\open\src\hotspot\share\prims\jni.cpp, line 520]
Event: 17.547 Thread 0x0000024ac9ccc2e0 Exception <a 'sun/nio/fs/WindowsException'{0x00000000ecec6818}> (0x00000000ecec6818) 
thrown [s\open\src\hotspot\share\prims\jni.cpp, line 520]
Event: 17.577 Thread 0x0000024ac4f03210 Exception <a 'sun/nio/fs/WindowsException'{0x00000000ed85f1b8}> (0x00000000ed85f1b8) 
thrown [s\open\src\hotspot\share\prims\jni.cpp, line 520]
Event: 17.662 Thread 0x0000024ac6f1a430 Exception <a 'sun/nio/fs/WindowsException'{0x00000000ec40ef28}> (0x00000000ec40ef28) 
thrown [s\open\src\hotspot\share\prims\jni.cpp, line 520]
Event: 18.006 Thread 0x0000024ac9ccd690 Exception <a 'sun/nio/fs/WindowsException'{0x00000000ea3598e8}> (0x00000000ea3598e8) 
thrown [s\open\src\hotspot\share\prims\jni.cpp, line 520]

ZGC Phase Switch (0 events):
No events

VM Operations (20 events):
Event: 14.963 Executing VM operation: HandshakeAllThreads (Deoptimize)
Event: 14.963 Executing VM operation: HandshakeAllThreads (Deoptimize) done
Event: 15.123 Executing VM operation: ICBufferFull
Event: 15.155 Executing VM operation: ICBufferFull done
Event: 15.156 Executing VM operation: ICBufferFull
Event: 15.157 Executing VM operation: ICBufferFull done
Event: 15.162 Executing VM operation: HandshakeAllThreads (Deoptimize)
Event: 15.162 Executing VM operation: HandshakeAllThreads (Deoptimize) done
Event: 15.245 Executing VM operation: G1CollectForAllocation (G1 Evacuation Pause)
Event: 15.305 Executing VM operation: G1CollectForAllocation (G1 Evacuation Pause) done
Event: 15.935 Executing VM operation: G1CollectForAllocation (G1 Evacuation Pause)
Event: 15.935 Executing VM operation: G1CollectForAllocation (G1 Evacuation Pause) done
Event: 15.956 Executing VM operation: G1CollectForAllocation (GCLocker Initiated GC)
Event: 15.964 Executing VM operation: G1CollectForAllocation (GCLocker Initiated GC) done
Event: 16.741 Executing VM operation: G1CollectForAllocation (G1 Evacuation Pause)
Event: 16.752 Executing VM operation: G1CollectForAllocation (G1 Evacuation Pause) done
Event: 16.758 Executing VM operation: G1CollectForAllocation (GCLocker Initiated GC)
Event: 16.763 Executing VM operation: G1CollectForAllocation (GCLocker Initiated GC) done
Event: 17.767 Executing VM operation: Cleanup
Event: 17.767 Executing VM operation: Cleanup done

Events (20 events):
Event: 12.001 Thread 0x0000024ac7991eb0 Thread exited: 0x0000024ac7991eb0
Event: 12.133 Thread 0x0000024ac79917e0 Thread exited: 0x0000024ac79917e0
Event: 12.797 Thread 0x0000024ac6f1b150 Thread added: 0x0000024ac6f1b150
Event: 12.854 Thread 0x0000024ac6f1d8b0 Thread added: 0x0000024ac6f1d8b0
Event: 12.947 Thread 0x0000024ac6f1f2f0 Thread added: 0x0000024ac6f1f2f0
Event: 12.981 Thread 0x0000024ac79917e0 Thread added: 0x0000024ac79917e0
Event: 12.990 Thread 0x0000024ac7993320 Thread added: 0x0000024ac7993320
Event: 12.993 Thread 0x0000024ac6f1d220 Thread added: 0x0000024ac6f1d220
Event: 13.187 Thread 0x0000024ac7993320 Thread exited: 0x0000024ac7993320
Event: 13.212 Thread 0x0000024ac6f20010 Thread added: 0x0000024ac6f20010
Event: 13.340 Thread 0x0000024ac6f19080 Thread added: 0x0000024ac6f19080
Event: 13.405 Thread 0x0000024ac6f206a0 Thread added: 0x0000024ac6f206a0
Event: 13.825 Thread 0x0000024ac7990370 Thread added: 0x0000024ac7990370
Event: 14.391 Thread 0x0000024ac6f19710 Thread added: 0x0000024ac6f19710
Event: 14.392 Thread 0x0000024ac6f19da0 Thread added: 0x0000024ac6f19da0
Event: 14.392 Thread 0x0000024ac6f1a430 Thread added: 0x0000024ac6f1a430
Event: 14.393 Thread 0x0000024ac9ccc2e0 Thread added: 0x0000024ac9ccc2e0
Event: 14.393 Thread 0x0000024ac9cd11a0 Thread added: 0x0000024ac9cd11a0
Event: 14.393 Thread 0x0000024ac9cce3b0 Thread added: 0x0000024ac9cce3b0
Event: 14.394 Thread 0x0000024ac9ccd690 Thread added: 0x0000024ac9ccd690


Dynamic libraries:
0x00007ff628be0000 - 0x00007ff628bf0000 	C:\Program Files\Java\jdk-21\bin\java.exe
0x00007fff64830000 - 0x00007fff64a28000 	C:\Windows\SYSTEM32\ntdll.dll
0x00007fff63000000 - 0x00007fff630bf000 	C:\Windows\System32\KERNEL32.DLL
0x00007fff62130000 - 0x00007fff6240a000 	C:\Windows\System32\KERNELBASE.dll
0x00007fff61f40000 - 0x00007fff62040000 	C:\Windows\System32\ucrtbase.dll
0x00007fff44ea0000 - 0x00007fff44ebb000 	C:\Program Files\Java\jdk-21\bin\VCRUNTIME140.dll
0x00007fff3d5f0000 - 0x00007fff3d609000 	C:\Program Files\Java\jdk-21\bin\jli.dll
0x00007fff63d30000 - 0x00007fff63dde000 	C:\Windows\System32\ADVAPI32.dll
0x00007fff631f0000 - 0x00007fff6328e000 	C:\Windows\System32\msvcrt.dll
0x00007fff637b0000 - 0x00007fff6384c000 	C:\Windows\System32\sechost.dll
0x00007fff630c0000 - 0x00007fff631e6000 	C:\Windows\System32\RPCRT4.dll
0x00007fff63a90000 - 0x00007fff63c2d000 	C:\Windows\System32\USER32.dll
0x00007fff62560000 - 0x00007fff62582000 	C:\Windows\System32\win32u.dll
0x00007fff63c30000 - 0x00007fff63c5b000 	C:\Windows\System32\GDI32.dll
0x00007fff626f0000 - 0x00007fff62800000 	C:\Windows\System32\gdi32full.dll
0x00007fff62090000 - 0x00007fff6212d000 	C:\Windows\System32\msvcp_win.dll
0x00007fff4d220000 - 0x00007fff4d4ba000 	C:\Windows\WinSxS\amd64_microsoft.windows.common-controls_6595b64144ccf1df_6.0.19041.1110_none_60b5254171f9507e\COMCTL32.dll
0x00007fff51980000 - 0x00007fff5198a000 	C:\Windows\SYSTEM32\VERSION.dll
0x00007fff63660000 - 0x00007fff63690000 	C:\Windows\System32\IMM32.DLL
0x00007fff4ae80000 - 0x00007fff4ae8c000 	C:\Program Files\Java\jdk-21\bin\vcruntime140_1.dll
0x00007fff281f0000 - 0x00007fff2827e000 	C:\Program Files\Java\jdk-21\bin\msvcp140.dll
0x00007ffed2790000 - 0x00007ffed34aa000 	C:\Program Files\Java\jdk-21\bin\server\jvm.dll
0x00007fff63a00000 - 0x00007fff63a6b000 	C:\Windows\System32\WS2_32.dll
0x00007fff614c0000 - 0x00007fff6150b000 	C:\Windows\SYSTEM32\POWRPROF.dll
0x00007fff48150000 - 0x00007fff48177000 	C:\Windows\SYSTEM32\WINMM.dll
0x00007fff61380000 - 0x00007fff61392000 	C:\Windows\SYSTEM32\UMPDC.dll
0x00007fff60790000 - 0x00007fff607a2000 	C:\Windows\SYSTEM32\kernel.appcore.dll
0x00007fff4a840000 - 0x00007fff4a84a000 	C:\Program Files\Java\jdk-21\bin\jimage.dll
0x00007fff5fb80000 - 0x00007fff5fd64000 	C:\Windows\SYSTEM32\DBGHELP.DLL
0x00007fff44d00000 - 0x00007fff44d34000 	C:\Windows\SYSTEM32\dbgcore.DLL
0x00007fff62800000 - 0x00007fff62882000 	C:\Windows\System32\bcryptPrimitives.dll
0x00007fff4a640000 - 0x00007fff4a64f000 	C:\Program Files\Java\jdk-21\bin\instrument.dll
0x00007fff3c1e0000 - 0x00007fff3c1ff000 	C:\Program Files\Java\jdk-21\bin\java.dll
0x00007fff63e90000 - 0x00007fff645d4000 	C:\Windows\System32\SHELL32.dll
0x00007fff5ffe0000 - 0x00007fff60773000 	C:\Windows\SYSTEM32\windows.storage.dll
0x00007fff63290000 - 0x00007fff635e4000 	C:\Windows\System32\combase.dll
0x00007fff619a0000 - 0x00007fff619ce000 	C:\Windows\SYSTEM32\Wldp.dll
0x00007fff64740000 - 0x00007fff647ed000 	C:\Windows\System32\SHCORE.dll
0x00007fff62ec0000 - 0x00007fff62f15000 	C:\Windows\System32\shlwapi.dll
0x00007fff61e80000 - 0x00007fff61e9f000 	C:\Windows\SYSTEM32\profapi.dll
0x00007fff26c50000 - 0x00007fff26d27000 	C:\Program Files\Java\jdk-21\bin\jsvml.dll
0x00007fff2a440000 - 0x00007fff2a458000 	C:\Program Files\Java\jdk-21\bin\zip.dll
0x00007fff45850000 - 0x00007fff45860000 	C:\Program Files\Java\jdk-21\bin\net.dll
0x00007fff594a0000 - 0x00007fff595aa000 	C:\Windows\SYSTEM32\WINHTTP.dll
0x00007fff61700000 - 0x00007fff6176a000 	C:\Windows\system32\mswsock.dll
0x00007fff2a420000 - 0x00007fff2a436000 	C:\Program Files\Java\jdk-21\bin\nio.dll
0x00007fff3d130000 - 0x00007fff3d140000 	C:\Program Files\Java\jdk-21\bin\verify.dll
0x00007fff458c0000 - 0x00007fff458e7000 	C:\Users\student\.gradle\native\1def1411415f61bf3af743bc5b6707747c0891f09f0c88961ee8f79bc544acac\windows-amd64\native-platform.dll
0x00007fff25610000 - 0x00007fff25688000 	C:\Users\student\.gradle\native\0.2.7\x86_64-windows-gnu\gradle-fileevents.dll
0x00007fff3b6c0000 - 0x00007fff3b6ca000 	C:\Program Files\Java\jdk-21\bin\management.dll
0x00007fff39850000 - 0x00007fff3985b000 	C:\Program Files\Java\jdk-21\bin\management_ext.dll
0x00007fff64730000 - 0x00007fff64738000 	C:\Windows\System32\PSAPI.DLL
0x00007fff613a0000 - 0x00007fff613dc000 	C:\Windows\SYSTEM32\IPHLPAPI.DLL
0x00007fff635f0000 - 0x00007fff635f8000 	C:\Windows\System32\NSI.dll
0x00007fff38dd0000 - 0x00007fff38dd9000 	C:\Program Files\Java\jdk-21\bin\extnet.dll
0x00007fff618f0000 - 0x00007fff61908000 	C:\Windows\SYSTEM32\CRYPTSP.dll
0x00007fff60fb0000 - 0x00007fff60fe4000 	C:\Windows\system32\rsaenh.dll
0x00007fff62530000 - 0x00007fff62557000 	C:\Windows\System32\bcrypt.dll
0x00007fff61e40000 - 0x00007fff61e6e000 	C:\Windows\SYSTEM32\USERENV.dll
0x00007fff61910000 - 0x00007fff6191c000 	C:\Windows\SYSTEM32\CRYPTBASE.dll
0x00007fff2baf0000 - 0x00007fff2bafe000 	C:\Program Files\Java\jdk-21\bin\sunmscapi.dll
0x00007fff62590000 - 0x00007fff626e6000 	C:\Windows\System32\CRYPT32.dll
0x00007fff61a10000 - 0x00007fff61a38000 	C:\Windows\SYSTEM32\ncrypt.dll
0x00007fff619d0000 - 0x00007fff61a0b000 	C:\Windows\SYSTEM32\NTASN1.dll
0x00007fff2c220000 - 0x00007fff2c227000 	C:\Windows\system32\wshunix.dll
0x00007fff610d0000 - 0x00007fff61103000 	C:\Windows\SYSTEM32\ntmarta.dll
0x00007fff613f0000 - 0x00007fff614bb000 	C:\Windows\SYSTEM32\DNSAPI.dll
0x00007fff576d0000 - 0x00007fff576da000 	C:\Windows\System32\rasadhlp.dll
0x00007fff53db0000 - 0x00007fff53e30000 	C:\Windows\System32\fwpuclnt.dll

dbghelp: loaded successfully - version: 4.0.5 - missing functions: none
symbol engine: initialized successfully - sym options: 0x614 - pdb path: .;C:\Program Files\Java\jdk-21\bin;C:\Windows\SYSTEM32;C:\Windows\WinSxS\amd64_microsoft.windows.common-controls_6595b64144ccf1df_6.0.19041.1110_none_60b5254171f9507e;C:\Program Files\Java\jdk-21\bin\server;C:\Users\student\.gradle\native\1def1411415f61bf3af743bc5b6707747c0891f09f0c88961ee8f79bc544acac\windows-amd64;C:\Users\student\.gradle\native\0.2.7\x86_64-windows-gnu

VM Arguments:
jvm_args: --add-opens=java.base/java.lang=ALL-UNNAMED --add-opens=java.base/java.lang.invoke=ALL-UNNAMED --add-opens=java.base/java.util=ALL-UNNAMED --add-opens=java.prefs/java.util.prefs=ALL-UNNAMED --add-exports=jdk.compiler/com.sun.tools.javac.api=ALL-UNNAMED --add-exports=jdk.compiler/com.sun.tools.javac.util=ALL-UNNAMED --add-opens=java.base/java.util=ALL-UNNAMED --add-opens=java.prefs/java.util.prefs=ALL-UNNAMED --add-opens=java.base/java.nio.charset=ALL-UNNAMED --add-opens=java.base/java.net=ALL-UNNAMED --add-opens=java.base/java.util.concurrent.atomic=ALL-UNNAMED --add-opens=java.xml/javax.xml.namespace=ALL-UNNAMED -XX:MaxMetaspaceSize=384m -XX:+HeapDumpOnOutOfMemoryError -Xms256m -Xmx512m -Dfile.encoding=UTF-8 -Duser.country=KR -Duser.language=ko -Duser.variant -javaagent:C:\Users\student\.gradle\wrapper\dists\gradle-8.13-bin\5xuhj0ry160q40clulazy9h7d\gradle-8.13\lib\agents\gradle-instrumentation-agent-8.13.jar 
java_command: org.gradle.launcher.daemon.bootstrap.GradleDaemon 8.13
java_class_path (initial): C:\Users\student\.gradle\wrapper\dists\gradle-8.13-bin\5xuhj0ry160q40clulazy9h7d\gradle-8.13\lib\gradle-daemon-main-8.13.jar
Launcher Type: SUN_STANDARD

[Global flags]
     intx CICompilerCount                          = 4                                         {product} {ergonomic}
   size_t CompressedClassSpaceSize                 = 335544320                                 {product} {ergonomic}
     uint ConcGCThreads                            = 2                                         {product} {ergonomic}
     uint G1ConcRefinementThreads                  = 8                                         {product} {ergonomic}
   size_t G1HeapRegionSize                         = 1048576                                   {product} {ergonomic}
    uintx GCDrainStackTargetSize                   = 64                                        {product} {ergonomic}
     bool HeapDumpOnOutOfMemoryError               = true                                   {manageable} {command line}
   size_t InitialHeapSize                          = 268435456                                 {product} {command line}
   size_t MarkStackSize                            = 4194304                                   {product} {ergonomic}
   size_t MaxHeapSize                              = 536870912                                 {product} {command line}
   size_t MaxMetaspaceSize                         = 402653184                                 {product} {command line}
   size_t MaxNewSize                               = 321912832                                 {product} {ergonomic}
   size_t MinHeapDeltaBytes                        = 1048576                                   {product} {ergonomic}
   size_t MinHeapSize                              = 268435456                                 {product} {command line}
    uintx NonNMethodCodeHeapSize                   = 5839372                                {pd product} {ergonomic}
    uintx NonProfiledCodeHeapSize                  = 122909434                              {pd product} {ergonomic}
    uintx ProfiledCodeHeapSize                     = 122909434                              {pd product} {ergonomic}
    uintx ReservedCodeCacheSize                    = 251658240                              {pd product} {ergonomic}
     bool SegmentedCodeCache                       = true                                      {product} {ergonomic}
   size_t SoftMaxHeapSize                          = 536870912                              {manageable} {ergonomic}
     bool UseCompressedOops                        = true                           {product lp64_product} {ergonomic}
     bool UseG1GC                                  = true                                      {product} {ergonomic}
     bool UseLargePagesIndividualAllocation        = false                                  {pd product} {ergonomic}

Logging:
Log output configuration:
 #0: stdout all=warning uptime,level,tags foldmultilines=false
 #1: stderr all=off uptime,level,tags foldmultilines=false

Environment Variables:
PATH=C:\Windows\system32;C:\Windows;C:\Windows\System32\Wbem;C:\Windows\System32\WindowsPowerShell\v1.0\;C:\Windows\System32\OpenSSH\;C:\Program Files\dotnet\;C:\Program Files\nodejs\;C:\Program Files\Bandizip\;C:\Program Files\Git\cmd;C:\Users\student\AppData\Local\Programs\Python\Python311\Scripts\;C:\Users\student\AppData\Local\Programs\Python\Python311\;C:\Users\student\AppData\Local\Microsoft\WindowsApps;;C:\Program Files\JetBrains\PyCharm Community Edition 2022.3.3\bin;;C:\Users\student\AppData\Roaming\npm;C:\Users\student\AppData\Local\Programs\Microsoft VS Code\bin
USERNAME=student
OS=Windows_NT
PROCESSOR_IDENTIFIER=Intel64 Family 6 Model 140 Stepping 1, GenuineIntel
TMP=C:\Users\student\AppData\Local\Temp
TEMP=C:\Users\student\AppData\Local\Temp




Periodic native trim disabled

---------------  S Y S T E M  ---------------

OS:
 Windows 10 , 64 bit Build 19041 (10.0.19041.2788)
OS uptime: 2 days 0:24 hours

CPU: total 8 (initial active 8) (4 cores per cpu, 2 threads per core) family 6 model 140 stepping 1 microcode 0x8a, cx8, cmov, fxsr, ht, mmx, 3dnowpref, sse, sse2, sse3, ssse3, sse4.1, sse4.2, popcnt, lzcnt, tsc, tscinvbit, avx, avx2, aes, erms, clmul, bmi1, bmi2, adx, avx512f, avx512dq, avx512cd, avx512bw, avx512vl, sha, fma, vzeroupper, avx512_vpopcntdq, avx512_vpclmulqdq, avx512_vaes, avx512_vnni, clflush, clflushopt, clwb, avx512_vbmi2, avx512_vbmi, rdtscp, rdpid, fsrm, gfni, avx512_bitalg, f16c, pku, cet_ibt, cet_ss, avx512_ifma
Processor Information for all 8 processors :
  Max Mhz: 2419, Current Mhz: 2419, Mhz Limit: 2419

Memory: 4k page, system-wide physical 16107M (3679M free)
TotalPageFile size 16107M (AvailPageFile size 5M)
current process WorkingSet (physical memory assigned to process): 500M, peak: 509M
current process commit charge ("private bytes"): 571M, peak: 578M

vm_info: Java HotSpot(TM) 64-Bit Server VM (21.0.6+8-LTS-188) for windows-amd64 JRE (21.0.6+8-LTS-188), built on 2024-12-03T10:50:54Z by "mach5one" with MS VC++ 17.6 (VS2022)

END.
