#
# There is insufficient memory for the Java Runtime Environment to continue.
# Native memory allocation (malloc) failed to allocate 445296 bytes for Chunk::new
# Possible reasons:
#   The system is out of physical RAM or swap space
#   The process is running with CompressedOops enabled, and the Java Heap may be blocking the growth of the native heap
# Possible solutions:
#   Reduce memory load on the system
#   Increase physical memory or swap space
#   Check if swap backing store is full
#   Decrease Java heap size (-Xmx/-Xms)
#   Decrease number of Java threads
#   Decrease Java thread stack sizes (-Xss)
#   Set larger code cache with -XX:ReservedCodeCacheSize=
#   JVM is running with Unscaled Compressed Oops mode in which the Java heap is
#     placed in the first 4GB address space. The Java Heap base address is the
#     maximum limit for the native heap growth. Please use -XX:HeapBaseMinAddress
#     to set the Java Heap base and to place the Java Heap above 4GB virtual address.
# This output file may be truncated or incomplete.
#
#  Out of Memory Error (arena.cpp:168), pid=1256, tid=17220
#
# JRE version: Java(TM) SE Runtime Environment (21.0.6+8) (build 21.0.6+8-LTS-188)
# Java VM: Java HotSpot(TM) 64-Bit Server VM (21.0.6+8-LTS-188, mixed mode, sharing, tiered, compressed oops, compressed class ptrs, g1 gc, windows-amd64)
# No core dump will be written. Minidumps are not enabled by default on client versions of Windows
#

---------------  S U M M A R Y ------------

Command Line: --add-opens=java.base/java.lang=ALL-UNNAMED --add-opens=java.base/java.lang.invoke=ALL-UNNAMED --add-opens=java.base/java.util=ALL-UNNAMED --add-opens=java.prefs/java.util.prefs=ALL-UNNAMED --add-exports=jdk.compiler/com.sun.tools.javac.api=ALL-UNNAMED --add-exports=jdk.compiler/com.sun.tools.javac.util=ALL-UNNAMED --add-opens=java.base/java.util=ALL-UNNAMED --add-opens=java.prefs/java.util.prefs=ALL-UNNAMED --add-opens=java.base/java.nio.charset=ALL-UNNAMED --add-opens=java.base/java.net=ALL-UNNAMED --add-opens=java.base/java.util.concurrent.atomic=ALL-UNNAMED --add-opens=java.xml/javax.xml.namespace=ALL-UNNAMED -XX:MaxMetaspaceSize=384m -XX:+HeapDumpOnOutOfMemoryError -Xms256m -Xmx512m -Dfile.encoding=UTF-8 -Duser.country=KR -Duser.language=ko -Duser.variant -javaagent:C:\Users\student\.gradle\wrapper\dists\gradle-8.13-bin\5xuhj0ry160q40clulazy9h7d\gradle-8.13\lib\agents\gradle-instrumentation-agent-8.13.jar org.gradle.launcher.daemon.bootstrap.GradleDaemon 8.13

Host: 11th Gen Intel(R) Core(TM) i5-1135G7 @ 2.40GHz, 8 cores, 15G,  Windows 10 , 64 bit Build 19041 (10.0.19041.2788)
Time: Thu May 29 09:40:25 2025  Windows 10 , 64 bit Build 19041 (10.0.19041.2788) elapsed time: 64.686407 seconds (0d 0h 1m 4s)

---------------  T H R E A D  ---------------

Current thread (0x000001b13a5bfc10):  JavaThread "C2 CompilerThread1" daemon [_thread_in_native, id=17220, stack(0x0000006ed2500000,0x0000006ed2600000) (1024K)]


Current CompileTask:
C2:  64686 15487       4       org.gradle.internal.service.DefaultServiceRegistry$ClassInspector$ClassDetails::hasAnnotation (44 bytes)

Stack: [0x0000006ed2500000,0x0000006ed2600000]
Native frames: (J=compiled Java code, j=interpreted, Vv=VM code, C=native code)
V  [jvm.dll+0x6ca6d9]
V  [jvm.dll+0x854f51]
V  [jvm.dll+0x85747e]
V  [jvm.dll+0x857b53]
V  [jvm.dll+0x27dcc6]
V  [jvm.dll+0xc4c2d]
V  [jvm.dll+0xc5163]
V  [jvm.dll+0x3b515c]
V  [jvm.dll+0x381855]
V  [jvm.dll+0x380cca]
V  [jvm.dll+0x246920]
V  [jvm.dll+0x245eff]
V  [jvm.dll+0x1c6d2e]
V  [jvm.dll+0x2554f9]
V  [jvm.dll+0x253a8a]
V  [jvm.dll+0x3ee576]
V  [jvm.dll+0x7ff2fb]
V  [jvm.dll+0x6c8dbd]
C  [ucrtbase.dll+0x21bb2]
C  [KERNEL32.DLL+0x17604]
C  [ntdll.dll+0x526a1]


---------------  P R O C E S S  ---------------

Threads class SMR info:
_java_thread_list=0x000001b138858bd0, length=52, elements={
0x000001b17d414b30, 0x000001b11a1e4f20, 0x000001b11a1e5e30, 0x000001b11a1e7c80,
0x000001b11a1eb970, 0x000001b11a1ecf70, 0x000001b11a1f1c30, 0x000001b11a1f5170,
0x000001b11a1f63a0, 0x000001b11a386760, 0x000001b11a4c5c40, 0x000001b134df92f0,
0x000001b13500c030, 0x000001b13518d190, 0x000001b134f75540, 0x000001b1352d6a60,
0x000001b1352ed180, 0x000001b1352ef8e0, 0x000001b1352ed810, 0x000001b1352ef250,
0x000001b1352edea0, 0x000001b1394afd90, 0x000001b1394b0ab0, 0x000001b1394af700,
0x000001b1394b1e60, 0x000001b1394b17d0, 0x000001b138899310, 0x000001b13889a6c0,
0x000001b13889c100, 0x000001b13889c790, 0x000001b135e20190, 0x000001b139f7b6e0,
0x000001b139f7d120, 0x000001b139f812c0, 0x000001b139f7e4d0, 0x000001b139f7d7b0,
0x000001b139f7eb60, 0x000001b139f82d00, 0x000001b139f7c400, 0x000001b13a25cbd0,
0x000001b13a256ff0, 0x000001b13a25df80, 0x000001b1354d1f80, 0x000001b1354d2ca0,
0x000001b1354d4d70, 0x000001b1354d5400, 0x000001b1354d46e0, 0x000001b1354cf190,
0x000001b13a5bfc10, 0x000001b1354d1260, 0x000001b1354d4050, 0x000001b13a5bbec0
}

Java Threads: ( => current thread )
  0x000001b17d414b30 JavaThread "main"                              [_thread_blocked, id=10124, stack(0x0000006ed0200000,0x0000006ed0300000) (1024K)]
  0x000001b11a1e4f20 JavaThread "Reference Handler"          daemon [_thread_blocked, id=10400, stack(0x0000006ed0a00000,0x0000006ed0b00000) (1024K)]
  0x000001b11a1e5e30 JavaThread "Finalizer"                  daemon [_thread_blocked, id=4412, stack(0x0000006ed0b00000,0x0000006ed0c00000) (1024K)]
  0x000001b11a1e7c80 JavaThread "Signal Dispatcher"          daemon [_thread_blocked, id=1564, stack(0x0000006ed0c00000,0x0000006ed0d00000) (1024K)]
  0x000001b11a1eb970 JavaThread "Attach Listener"            daemon [_thread_blocked, id=5004, stack(0x0000006ed0d00000,0x0000006ed0e00000) (1024K)]
  0x000001b11a1ecf70 JavaThread "Service Thread"             daemon [_thread_blocked, id=6348, stack(0x0000006ed0e00000,0x0000006ed0f00000) (1024K)]
  0x000001b11a1f1c30 JavaThread "Monitor Deflation Thread"   daemon [_thread_blocked, id=1392, stack(0x0000006ed0f00000,0x0000006ed1000000) (1024K)]
  0x000001b11a1f5170 JavaThread "C2 CompilerThread0"         daemon [_thread_in_native, id=4548, stack(0x0000006ed1000000,0x0000006ed1100000) (1024K)]
  0x000001b11a1f63a0 JavaThread "C1 CompilerThread0"         daemon [_thread_in_vm, id=14792, stack(0x0000006ed1100000,0x0000006ed1200000) (1024K)]
  0x000001b11a386760 JavaThread "Common-Cleaner"             daemon [_thread_blocked, id=3712, stack(0x0000006ed1200000,0x0000006ed1300000) (1024K)]
  0x000001b11a4c5c40 JavaThread "Notification Thread"        daemon [_thread_blocked, id=16316, stack(0x0000006ed1400000,0x0000006ed1500000) (1024K)]
  0x000001b134df92f0 JavaThread "Daemon health stats"               [_thread_blocked, id=15300, stack(0x0000006ed1b00000,0x0000006ed1c00000) (1024K)]
  0x000001b13500c030 JavaThread "Incoming local TCP Connector on port 53821"        [_thread_in_native, id=17248, stack(0x0000006ed1e00000,0x0000006ed1f00000) (1024K)]
  0x000001b13518d190 JavaThread "Daemon periodic checks"            [_thread_blocked, id=10420, stack(0x0000006ed1f00000,0x0000006ed2000000) (1024K)]
  0x000001b134f75540 JavaThread "Daemon"                            [_thread_blocked, id=1864, stack(0x0000006ed2000000,0x0000006ed2100000) (1024K)]
  0x000001b1352d6a60 JavaThread "Daemon worker"                     [_thread_in_vm, id=5112, stack(0x0000006ed2300000,0x0000006ed2400000) (1024K)]
  0x000001b1352ed180 JavaThread "Cache worker for journal cache (C:\Users\student\.gradle\caches\journal-1)"        [_thread_blocked, id=7640, stack(0x0000006ed2700000,0x0000006ed2800000) (1024K)]
  0x000001b1352ef8e0 JavaThread "File lock request listener"        [_thread_in_native, id=10076, stack(0x0000006ed2800000,0x0000006ed2900000) (1024K)]
  0x000001b1352ed810 JavaThread "Cache worker for file hash cache (C:\Users\student\.gradle\caches\8.13\fileHashes)"        [_thread_blocked, id=12116, stack(0x0000006ed2900000,0x0000006ed2a00000) (1024K)]
  0x000001b1352ef250 JavaThread "File watcher server"        daemon [_thread_in_native, id=8288, stack(0x0000006ed2d00000,0x0000006ed2e00000) (1024K)]
  0x000001b1352edea0 JavaThread "File watcher consumer"      daemon [_thread_blocked, id=2996, stack(0x0000006ed2e00000,0x0000006ed2f00000) (1024K)]
  0x000001b1394afd90 JavaThread "jar transforms"                    [_thread_blocked, id=16228, stack(0x0000006ed2f00000,0x0000006ed3000000) (1024K)]
  0x000001b1394b0ab0 JavaThread "jar transforms Thread 2"           [_thread_blocked, id=3788, stack(0x0000006ed3000000,0x0000006ed3100000) (1024K)]
  0x000001b1394af700 JavaThread "jar transforms Thread 3"           [_thread_blocked, id=2948, stack(0x0000006ed3100000,0x0000006ed3200000) (1024K)]
  0x000001b1394b1e60 JavaThread "jar transforms Thread 4"           [_thread_blocked, id=5988, stack(0x0000006ed3200000,0x0000006ed3300000) (1024K)]
  0x000001b1394b17d0 JavaThread "jar transforms Thread 5"           [_thread_blocked, id=16516, stack(0x0000006ed3300000,0x0000006ed3400000) (1024K)]
  0x000001b138899310 JavaThread "Cache worker for file content cache (C:\Users\student\.gradle\caches\8.13\fileContent)"        [_thread_blocked, id=6448, stack(0x0000006ed3500000,0x0000006ed3600000) (1024K)]
  0x000001b13889a6c0 JavaThread "jar transforms Thread 6"           [_thread_blocked, id=5524, stack(0x0000006ed3600000,0x0000006ed3700000) (1024K)]
  0x000001b13889c100 JavaThread "jar transforms Thread 7"           [_thread_blocked, id=17388, stack(0x0000006ed3700000,0x0000006ed3800000) (1024K)]
  0x000001b13889c790 JavaThread "jar transforms Thread 8"           [_thread_blocked, id=8504, stack(0x0000006ed3800000,0x0000006ed3900000) (1024K)]
  0x000001b135e20190 JavaThread "Memory manager"                    [_thread_blocked, id=7804, stack(0x0000006ed5000000,0x0000006ed5100000) (1024K)]
  0x000001b139f7b6e0 JavaThread "ForkJoinPool.commonPool-worker-1" daemon [_thread_blocked, id=3316, stack(0x0000006ed8c00000,0x0000006ed8d00000) (1024K)]
  0x000001b139f7d120 JavaThread "ForkJoinPool.commonPool-worker-2" daemon [_thread_blocked, id=4324, stack(0x0000006ed8d00000,0x0000006ed8e00000) (1024K)]
  0x000001b139f812c0 JavaThread "ForkJoinPool.commonPool-worker-3" daemon [_thread_blocked, id=5096, stack(0x0000006ed8e00000,0x0000006ed8f00000) (1024K)]
  0x000001b139f7e4d0 JavaThread "ForkJoinPool.commonPool-worker-4" daemon [_thread_blocked, id=13872, stack(0x0000006ed8f00000,0x0000006ed9000000) (1024K)]
  0x000001b139f7d7b0 JavaThread "ForkJoinPool.commonPool-worker-5" daemon [_thread_blocked, id=13600, stack(0x0000006ed9000000,0x0000006ed9100000) (1024K)]
  0x000001b139f7eb60 JavaThread "ForkJoinPool.commonPool-worker-6" daemon [_thread_blocked, id=3124, stack(0x0000006ed9100000,0x0000006ed9200000) (1024K)]
  0x000001b139f82d00 JavaThread "ForkJoinPool.commonPool-worker-7" daemon [_thread_blocked, id=13044, stack(0x0000006ed9200000,0x0000006ed9300000) (1024K)]
  0x000001b139f7c400 JavaThread "Exec process"               daemon [_thread_blocked, id=6468, stack(0x0000006ed9300000,0x0000006ed9400000) (1024K)]
  0x000001b13a25cbd0 JavaThread "Exec process Thread 2"      daemon [_thread_blocked, id=16156, stack(0x0000006ed9400000,0x0000006ed9500000) (1024K)]
  0x000001b13a256ff0 JavaThread "Exec process Thread 3"      daemon [_thread_blocked, id=8448, stack(0x0000006ed9500000,0x0000006ed9600000) (1024K)]
  0x000001b13a25df80 JavaThread "included builds"                   [_thread_blocked, id=1976, stack(0x0000006ed8b00000,0x0000006ed8c00000) (1024K)]
  0x000001b1354d1f80 JavaThread "VFS cleanup"                       [_thread_blocked, id=9136, stack(0x0000006ed1300000,0x0000006ed1400000) (1024K)]
  0x000001b1354d2ca0 JavaThread "Handler for socket connection from /127.0.0.1:53821 to /127.0.0.1:53886"        [_thread_in_native, id=392, stack(0x0000006ecff00000,0x0000006ed0000000) (1024K)]
  0x000001b1354d4d70 JavaThread "Cancel handler"                    [_thread_blocked, id=3128, stack(0x0000006ed0000000,0x0000006ed0100000) (1024K)]
  0x000001b1354d5400 JavaThread "Asynchronous log dispatcher for DefaultDaemonConnection: socket connection from /127.0.0.1:53821 to /127.0.0.1:53886"        [_thread_blocked, id=5460, stack(0x0000006ed2100000,0x0000006ed2200000) (1024K)]
  0x000001b1354d46e0 JavaThread "Stdin handler"                     [_thread_blocked, id=11528, stack(0x0000006ed2200000,0x0000006ed2300000) (1024K)]
  0x000001b1354cf190 JavaThread "Daemon client event forwarder"        [_thread_blocked, id=9916, stack(0x0000006ed2400000,0x0000006ed2500000) (1024K)]
=>0x000001b13a5bfc10 JavaThread "C2 CompilerThread1"         daemon [_thread_in_native, id=17220, stack(0x0000006ed2500000,0x0000006ed2600000) (1024K)]
  0x000001b1354d1260 JavaThread "Cache worker for file hash cache (C:\Users\student\Desktop\ProjectOne\backend\.gradle\8.13\fileHashes)"        [_thread_blocked, id=15676, stack(0x0000006ed2600000,0x0000006ed2700000) (1024K)]
  0x000001b1354d4050 JavaThread "Cache worker for Build Output Cleanup Cache (C:\Users\student\Desktop\ProjectOne\backend\.gradle\buildOutputCleanup)"        [_thread_blocked, id=11412, stack(0x0000006ed2b00000,0x0000006ed2c00000) (1024K)]
  0x000001b13a5bbec0 JavaThread "C2 CompilerThread2"         daemon [_thread_in_vm, id=9776, stack(0x0000006ed2c00000,0x0000006ed2d00000) (1024K)]
Total: 52

Other Threads:
  0x000001b11a1c8da0 VMThread "VM Thread"                           [id=7184, stack(0x0000006ed0900000,0x0000006ed0a00000) (1024K)]
  0x000001b11a1bdeb0 WatcherThread "VM Periodic Task Thread"        [id=10740, stack(0x0000006ed0800000,0x0000006ed0900000) (1024K)]
  0x000001b17f542830 WorkerThread "GC Thread#0"                     [id=11500, stack(0x0000006ed0300000,0x0000006ed0400000) (1024K)]
  0x000001b11a5d37f0 WorkerThread "GC Thread#1"                     [id=10892, stack(0x0000006ed1600000,0x0000006ed1700000) (1024K)]
  0x000001b11ad12a80 WorkerThread "GC Thread#2"                     [id=13140, stack(0x0000006ed1700000,0x0000006ed1800000) (1024K)]
  0x000001b11ad12e20 WorkerThread "GC Thread#3"                     [id=5384, stack(0x0000006ed1800000,0x0000006ed1900000) (1024K)]
  0x000001b11abb2360 WorkerThread "GC Thread#4"                     [id=5452, stack(0x0000006ed1900000,0x0000006ed1a00000) (1024K)]
  0x000001b11abb2700 WorkerThread "GC Thread#5"                     [id=15160, stack(0x0000006ed1a00000,0x0000006ed1b00000) (1024K)]
  0x000001b134e7f400 WorkerThread "GC Thread#6"                     [id=1628, stack(0x0000006ed1c00000,0x0000006ed1d00000) (1024K)]
  0x000001b134eec3d0 WorkerThread "GC Thread#7"                     [id=16572, stack(0x0000006ed1d00000,0x0000006ed1e00000) (1024K)]
  0x000001b17f547950 ConcurrentGCThread "G1 Main Marker"            [id=12060, stack(0x0000006ed0400000,0x0000006ed0500000) (1024K)]
  0x000001b17f548360 WorkerThread "G1 Conc#0"                       [id=16280, stack(0x0000006ed0500000,0x0000006ed0600000) (1024K)]
  0x000001b13500aef0 WorkerThread "G1 Conc#1"                       [id=7512, stack(0x0000006ed2a00000,0x0000006ed2b00000) (1024K)]
  0x000001b17f5eea50 ConcurrentGCThread "G1 Refine#0"               [id=16728, stack(0x0000006ed0600000,0x0000006ed0700000) (1024K)]
  0x000001b11a08d6f0 ConcurrentGCThread "G1 Service"                [id=9224, stack(0x0000006ed0700000,0x0000006ed0800000) (1024K)]
Total: 15

Threads with active compile tasks:
C2 CompilerThread0    64746 15478   !   4       java.io.ObjectOutputStream::writeOrdinaryObject (196 bytes)
C1 CompilerThread0    64746 15505 %     3       sun.security.util.ManifestDigester::<init> @ 241 (390 bytes)
C2 CompilerThread1    64746 15487       4       org.gradle.internal.service.DefaultServiceRegistry$ClassInspector$ClassDetails::hasAnnotation (44 bytes)
C2 CompilerThread2    64747 15502   !   4       java.util.jar.Attributes::read (494 bytes)
Total: 4

VM state: not at safepoint (normal execution)

VM Mutex/Monitor currently owned by a thread: None

Heap address: 0x00000000e0000000, size: 512 MB, Compressed Oops mode: 32-bit

CDS archive(s) mapped at: [0x000001b11b000000-0x000001b11bc90000-0x000001b11bc90000), size 13172736, SharedBaseAddress: 0x000001b11b000000, ArchiveRelocationMode: 1.
Compressed class space mapped at: 0x000001b11c000000-0x000001b130000000, reserved size: 335544320
Narrow klass base: 0x000001b11b000000, Narrow klass shift: 0, Narrow klass range: 0x100000000

GC Precious Log:
 CardTable entry size: 512
 Card Set container configuration: InlinePtr #cards 5 size 8 Array Of Cards #cards 12 size 40 Howl #buckets 4 coarsen threshold 1843 Howl Bitmap #cards 512 size 80 coarsen threshold 460 Card regions per heap region 1 cards per card region 2048
 CPUs: 8 total, 8 available
 Memory: 16107M
 Large Page Support: Disabled
 NUMA Support: Disabled
 Compressed Oops: Enabled (32-bit)
 Heap Region Size: 1M
 Heap Min Capacity: 256M
 Heap Initial Capacity: 256M
 Heap Max Capacity: 512M
 Pre-touch: Disabled
 Parallel Workers: 8
 Concurrent Workers: 2
 Concurrent Refinement Workers: 8
 Periodic GC: Disabled

Heap:
 garbage-first heap   total 262144K, used 77908K [0x00000000e0000000, 0x0000000100000000)
  region size 1024K, 22 young (22528K), 17 survivors (17408K)
 Metaspace       used 83564K, committed 85888K, reserved 458752K
  class space    used 11381K, committed 12544K, reserved 327680K

Heap Regions: E=young(eden), S=young(survivor), O=old, HS=humongous(starts), HC=humongous(continues), CS=collection set, F=free, TAMS=top-at-mark-start, PB=parsable bottom
|   0|0x00000000e0000000, 0x00000000e0100000, 0x00000000e0100000|100%|HS|  |TAMS 0x00000000e0000000| PB 0x00000000e0000000| Complete 
|   1|0x00000000e0100000, 0x00000000e0200000, 0x00000000e0200000|100%|HC|  |TAMS 0x00000000e0100000| PB 0x00000000e0100000| Complete 
|   2|0x00000000e0200000, 0x00000000e0300000, 0x00000000e0300000|100%|HC|  |TAMS 0x00000000e0200000| PB 0x00000000e0200000| Complete 
|   3|0x00000000e0300000, 0x00000000e0400000, 0x00000000e0400000|100%| O|  |TAMS 0x00000000e0300000| PB 0x00000000e0300000| Untracked 
|   4|0x00000000e0400000, 0x00000000e0500000, 0x00000000e0500000|100%| O|  |TAMS 0x00000000e0400000| PB 0x00000000e0400000| Untracked 
|   5|0x00000000e0500000, 0x00000000e0600000, 0x00000000e0600000|100%| O|  |TAMS 0x00000000e0500000| PB 0x00000000e0500000| Untracked 
|   6|0x00000000e0600000, 0x00000000e0700000, 0x00000000e0700000|100%|HS|  |TAMS 0x00000000e0600000| PB 0x00000000e0600000| Complete 
|   7|0x00000000e0700000, 0x00000000e0800000, 0x00000000e0800000|100%| O|  |TAMS 0x00000000e0700000| PB 0x00000000e0700000| Untracked 
|   8|0x00000000e0800000, 0x00000000e0900000, 0x00000000e0900000|100%| O|  |TAMS 0x00000000e0800000| PB 0x00000000e0800000| Untracked 
|   9|0x00000000e0900000, 0x00000000e0a00000, 0x00000000e0a00000|100%| O|  |TAMS 0x00000000e0900000| PB 0x00000000e0900000| Untracked 
|  10|0x00000000e0a00000, 0x00000000e0b00000, 0x00000000e0b00000|100%| O|  |TAMS 0x00000000e0a00000| PB 0x00000000e0a00000| Untracked 
|  11|0x00000000e0b00000, 0x00000000e0c00000, 0x00000000e0c00000|100%| O|  |TAMS 0x00000000e0b00000| PB 0x00000000e0b00000| Untracked 
|  12|0x00000000e0c00000, 0x00000000e0d00000, 0x00000000e0d00000|100%| O|  |TAMS 0x00000000e0c00000| PB 0x00000000e0c00000| Untracked 
|  13|0x00000000e0d00000, 0x00000000e0e00000, 0x00000000e0e00000|100%| O|  |TAMS 0x00000000e0d00000| PB 0x00000000e0d00000| Untracked 
|  14|0x00000000e0e00000, 0x00000000e0f00000, 0x00000000e0f00000|100%| O|  |TAMS 0x00000000e0e00000| PB 0x00000000e0e00000| Untracked 
|  15|0x00000000e0f00000, 0x00000000e1000000, 0x00000000e1000000|100%| O|  |TAMS 0x00000000e0f00000| PB 0x00000000e0f00000| Untracked 
|  16|0x00000000e1000000, 0x00000000e1100000, 0x00000000e1100000|100%| O|  |TAMS 0x00000000e1000000| PB 0x00000000e1000000| Untracked 
|  17|0x00000000e1100000, 0x00000000e1200000, 0x00000000e1200000|100%| O|  |TAMS 0x00000000e1100000| PB 0x00000000e1100000| Untracked 
|  18|0x00000000e1200000, 0x00000000e1300000, 0x00000000e1300000|100%| O|  |TAMS 0x00000000e1200000| PB 0x00000000e1200000| Untracked 
|  19|0x00000000e1300000, 0x00000000e1400000, 0x00000000e1400000|100%| O|  |TAMS 0x00000000e1300000| PB 0x00000000e1300000| Untracked 
|  20|0x00000000e1400000, 0x00000000e1500000, 0x00000000e1500000|100%| O|  |TAMS 0x00000000e1400000| PB 0x00000000e1400000| Untracked 
|  21|0x00000000e1500000, 0x00000000e1600000, 0x00000000e1600000|100%| O|  |TAMS 0x00000000e1500000| PB 0x00000000e1500000| Untracked 
|  22|0x00000000e1600000, 0x00000000e1700000, 0x00000000e1700000|100%| O|  |TAMS 0x00000000e1600000| PB 0x00000000e1600000| Untracked 
|  23|0x00000000e1700000, 0x00000000e1800000, 0x00000000e1800000|100%| O|  |TAMS 0x00000000e1700000| PB 0x00000000e1700000| Untracked 
|  24|0x00000000e1800000, 0x00000000e1900000, 0x00000000e1900000|100%| O|  |TAMS 0x00000000e1800000| PB 0x00000000e1800000| Untracked 
|  25|0x00000000e1900000, 0x00000000e1a00000, 0x00000000e1a00000|100%| O|  |TAMS 0x00000000e1900000| PB 0x00000000e1900000| Untracked 
|  26|0x00000000e1a00000, 0x00000000e1b00000, 0x00000000e1b00000|100%| O|  |TAMS 0x00000000e1a00000| PB 0x00000000e1a00000| Untracked 
|  27|0x00000000e1b00000, 0x00000000e1c00000, 0x00000000e1c00000|100%| O|  |TAMS 0x00000000e1b00000| PB 0x00000000e1b00000| Untracked 
|  28|0x00000000e1c00000, 0x00000000e1d00000, 0x00000000e1d00000|100%| O|  |TAMS 0x00000000e1c00000| PB 0x00000000e1c00000| Untracked 
|  29|0x00000000e1d00000, 0x00000000e1e00000, 0x00000000e1e00000|100%| O|  |TAMS 0x00000000e1d00000| PB 0x00000000e1d00000| Untracked 
|  30|0x00000000e1e00000, 0x00000000e1e00000, 0x00000000e1f00000|  0%| F|  |TAMS 0x00000000e1e00000| PB 0x00000000e1e00000| Untracked 
|  31|0x00000000e1f00000, 0x00000000e2000000, 0x00000000e2000000|100%| O|  |TAMS 0x00000000e1f00000| PB 0x00000000e1f00000| Untracked 
|  32|0x00000000e2000000, 0x00000000e2100000, 0x00000000e2100000|100%| O|  |TAMS 0x00000000e2000000| PB 0x00000000e2000000| Untracked 
|  33|0x00000000e2100000, 0x00000000e2200000, 0x00000000e2200000|100%| O|  |TAMS 0x00000000e2100000| PB 0x00000000e2100000| Untracked 
|  34|0x00000000e2200000, 0x00000000e2300000, 0x00000000e2300000|100%| O|  |TAMS 0x00000000e2200000| PB 0x00000000e2200000| Untracked 
|  35|0x00000000e2300000, 0x00000000e2400000, 0x00000000e2400000|100%| O|  |TAMS 0x00000000e2300000| PB 0x00000000e2300000| Untracked 
|  36|0x00000000e2400000, 0x00000000e2500000, 0x00000000e2500000|100%| O|  |TAMS 0x00000000e2400000| PB 0x00000000e2400000| Untracked 
|  37|0x00000000e2500000, 0x00000000e2600000, 0x00000000e2600000|100%| O|  |TAMS 0x00000000e2500000| PB 0x00000000e2500000| Untracked 
|  38|0x00000000e2600000, 0x00000000e2700000, 0x00000000e2700000|100%| O|  |TAMS 0x00000000e2600000| PB 0x00000000e2600000| Untracked 
|  39|0x00000000e2700000, 0x00000000e2800000, 0x00000000e2800000|100%| O|  |TAMS 0x00000000e2700000| PB 0x00000000e2700000| Untracked 
|  40|0x00000000e2800000, 0x00000000e2900000, 0x00000000e2900000|100%| O|  |TAMS 0x00000000e2800000| PB 0x00000000e2800000| Untracked 
|  41|0x00000000e2900000, 0x00000000e2a00000, 0x00000000e2a00000|100%| O|  |TAMS 0x00000000e2900000| PB 0x00000000e2900000| Untracked 
|  42|0x00000000e2a00000, 0x00000000e2b00000, 0x00000000e2b00000|100%| O|  |TAMS 0x00000000e2a00000| PB 0x00000000e2a00000| Untracked 
|  43|0x00000000e2b00000, 0x00000000e2c00000, 0x00000000e2c00000|100%| O|  |TAMS 0x00000000e2b00000| PB 0x00000000e2b00000| Untracked 
|  44|0x00000000e2c00000, 0x00000000e2d00000, 0x00000000e2d00000|100%| O|  |TAMS 0x00000000e2c00000| PB 0x00000000e2c00000| Untracked 
|  45|0x00000000e2d00000, 0x00000000e2e00000, 0x00000000e2e00000|100%| O|  |TAMS 0x00000000e2d00000| PB 0x00000000e2d00000| Untracked 
|  46|0x00000000e2e00000, 0x00000000e2f00000, 0x00000000e2f00000|100%| O|  |TAMS 0x00000000e2e00000| PB 0x00000000e2e00000| Untracked 
|  47|0x00000000e2f00000, 0x00000000e3000000, 0x00000000e3000000|100%| O|  |TAMS 0x00000000e2f00000| PB 0x00000000e2f00000| Untracked 
|  48|0x00000000e3000000, 0x00000000e3100000, 0x00000000e3100000|100%| O|  |TAMS 0x00000000e3000000| PB 0x00000000e3000000| Untracked 
|  49|0x00000000e3100000, 0x00000000e3200000, 0x00000000e3200000|100%| O|  |TAMS 0x00000000e3100000| PB 0x00000000e3100000| Untracked 
|  50|0x00000000e3200000, 0x00000000e3300000, 0x00000000e3300000|100%| O|  |TAMS 0x00000000e3200000| PB 0x00000000e3200000| Untracked 
|  51|0x00000000e3300000, 0x00000000e3400000, 0x00000000e3400000|100%| O|  |TAMS 0x00000000e3300000| PB 0x00000000e3300000| Untracked 
|  52|0x00000000e3400000, 0x00000000e3500000, 0x00000000e3500000|100%| O|  |TAMS 0x00000000e3400000| PB 0x00000000e3400000| Untracked 
|  53|0x00000000e3500000, 0x00000000e3600000, 0x00000000e3600000|100%| O|  |TAMS 0x00000000e3500000| PB 0x00000000e3500000| Untracked 
|  54|0x00000000e3600000, 0x00000000e3700000, 0x00000000e3700000|100%| O|  |TAMS 0x00000000e3600000| PB 0x00000000e3600000| Untracked 
|  55|0x00000000e3700000, 0x00000000e3800000, 0x00000000e3800000|100%| O|  |TAMS 0x00000000e3700000| PB 0x00000000e3700000| Untracked 
|  56|0x00000000e3800000, 0x00000000e3868780, 0x00000000e3900000| 40%| O|  |TAMS 0x00000000e3800000| PB 0x00000000e3800000| Untracked 
|  57|0x00000000e3900000, 0x00000000e3900000, 0x00000000e3a00000|  0%| F|  |TAMS 0x00000000e3900000| PB 0x00000000e3900000| Untracked 
|  58|0x00000000e3a00000, 0x00000000e3a00000, 0x00000000e3b00000|  0%| F|  |TAMS 0x00000000e3a00000| PB 0x00000000e3a00000| Untracked 
|  59|0x00000000e3b00000, 0x00000000e3b00000, 0x00000000e3c00000|  0%| F|  |TAMS 0x00000000e3b00000| PB 0x00000000e3b00000| Untracked 
|  60|0x00000000e3c00000, 0x00000000e3c00000, 0x00000000e3d00000|  0%| F|  |TAMS 0x00000000e3c00000| PB 0x00000000e3c00000| Untracked 
|  61|0x00000000e3d00000, 0x00000000e3d00000, 0x00000000e3e00000|  0%| F|  |TAMS 0x00000000e3d00000| PB 0x00000000e3d00000| Untracked 
|  62|0x00000000e3e00000, 0x00000000e3e00000, 0x00000000e3f00000|  0%| F|  |TAMS 0x00000000e3e00000| PB 0x00000000e3e00000| Untracked 
|  63|0x00000000e3f00000, 0x00000000e3f00000, 0x00000000e4000000|  0%| F|  |TAMS 0x00000000e3f00000| PB 0x00000000e3f00000| Untracked 
|  64|0x00000000e4000000, 0x00000000e4000000, 0x00000000e4100000|  0%| F|  |TAMS 0x00000000e4000000| PB 0x00000000e4000000| Untracked 
|  65|0x00000000e4100000, 0x00000000e4100000, 0x00000000e4200000|  0%| F|  |TAMS 0x00000000e4100000| PB 0x00000000e4100000| Untracked 
|  66|0x00000000e4200000, 0x00000000e4200000, 0x00000000e4300000|  0%| F|  |TAMS 0x00000000e4200000| PB 0x00000000e4200000| Untracked 
|  67|0x00000000e4300000, 0x00000000e4300000, 0x00000000e4400000|  0%| F|  |TAMS 0x00000000e4300000| PB 0x00000000e4300000| Untracked 
|  68|0x00000000e4400000, 0x00000000e4400000, 0x00000000e4500000|  0%| F|  |TAMS 0x00000000e4400000| PB 0x00000000e4400000| Untracked 
|  69|0x00000000e4500000, 0x00000000e4500000, 0x00000000e4600000|  0%| F|  |TAMS 0x00000000e4500000| PB 0x00000000e4500000| Untracked 
|  70|0x00000000e4600000, 0x00000000e4600000, 0x00000000e4700000|  0%| F|  |TAMS 0x00000000e4600000| PB 0x00000000e4600000| Untracked 
|  71|0x00000000e4700000, 0x00000000e4700000, 0x00000000e4800000|  0%| F|  |TAMS 0x00000000e4700000| PB 0x00000000e4700000| Untracked 
|  72|0x00000000e4800000, 0x00000000e4800000, 0x00000000e4900000|  0%| F|  |TAMS 0x00000000e4800000| PB 0x00000000e4800000| Untracked 
|  73|0x00000000e4900000, 0x00000000e4900000, 0x00000000e4a00000|  0%| F|  |TAMS 0x00000000e4900000| PB 0x00000000e4900000| Untracked 
|  74|0x00000000e4a00000, 0x00000000e4a00000, 0x00000000e4b00000|  0%| F|  |TAMS 0x00000000e4a00000| PB 0x00000000e4a00000| Untracked 
|  75|0x00000000e4b00000, 0x00000000e4b00000, 0x00000000e4c00000|  0%| F|  |TAMS 0x00000000e4b00000| PB 0x00000000e4b00000| Untracked 
|  76|0x00000000e4c00000, 0x00000000e4c00000, 0x00000000e4d00000|  0%| F|  |TAMS 0x00000000e4c00000| PB 0x00000000e4c00000| Untracked 
|  77|0x00000000e4d00000, 0x00000000e4d00000, 0x00000000e4e00000|  0%| F|  |TAMS 0x00000000e4d00000| PB 0x00000000e4d00000| Untracked 
|  78|0x00000000e4e00000, 0x00000000e4e00000, 0x00000000e4f00000|  0%| F|  |TAMS 0x00000000e4e00000| PB 0x00000000e4e00000| Untracked 
|  79|0x00000000e4f00000, 0x00000000e4f00000, 0x00000000e5000000|  0%| F|  |TAMS 0x00000000e4f00000| PB 0x00000000e4f00000| Untracked 
|  80|0x00000000e5000000, 0x00000000e5000000, 0x00000000e5100000|  0%| F|  |TAMS 0x00000000e5000000| PB 0x00000000e5000000| Untracked 
|  81|0x00000000e5100000, 0x00000000e5100000, 0x00000000e5200000|  0%| F|  |TAMS 0x00000000e5100000| PB 0x00000000e5100000| Untracked 
|  82|0x00000000e5200000, 0x00000000e5200000, 0x00000000e5300000|  0%| F|  |TAMS 0x00000000e5200000| PB 0x00000000e5200000| Untracked 
|  83|0x00000000e5300000, 0x00000000e5300000, 0x00000000e5400000|  0%| F|  |TAMS 0x00000000e5300000| PB 0x00000000e5300000| Untracked 
|  84|0x00000000e5400000, 0x00000000e5400000, 0x00000000e5500000|  0%| F|  |TAMS 0x00000000e5400000| PB 0x00000000e5400000| Untracked 
|  85|0x00000000e5500000, 0x00000000e5500000, 0x00000000e5600000|  0%| F|  |TAMS 0x00000000e5500000| PB 0x00000000e5500000| Untracked 
|  86|0x00000000e5600000, 0x00000000e56acad0, 0x00000000e5700000| 67%| S|CS|TAMS 0x00000000e5600000| PB 0x00000000e5600000| Complete 
|  87|0x00000000e5700000, 0x00000000e5800000, 0x00000000e5800000|100%| S|CS|TAMS 0x00000000e5700000| PB 0x00000000e5700000| Complete 
|  88|0x00000000e5800000, 0x00000000e5900000, 0x00000000e5900000|100%| S|CS|TAMS 0x00000000e5800000| PB 0x00000000e5800000| Complete 
|  89|0x00000000e5900000, 0x00000000e5a00000, 0x00000000e5a00000|100%| S|CS|TAMS 0x00000000e5900000| PB 0x00000000e5900000| Complete 
|  90|0x00000000e5a00000, 0x00000000e5b00000, 0x00000000e5b00000|100%| S|CS|TAMS 0x00000000e5a00000| PB 0x00000000e5a00000| Complete 
|  91|0x00000000e5b00000, 0x00000000e5c00000, 0x00000000e5c00000|100%| S|CS|TAMS 0x00000000e5b00000| PB 0x00000000e5b00000| Complete 
|  92|0x00000000e5c00000, 0x00000000e5c00000, 0x00000000e5d00000|  0%| F|  |TAMS 0x00000000e5c00000| PB 0x00000000e5c00000| Untracked 
|  93|0x00000000e5d00000, 0x00000000e5d00000, 0x00000000e5e00000|  0%| F|  |TAMS 0x00000000e5d00000| PB 0x00000000e5d00000| Untracked 
|  94|0x00000000e5e00000, 0x00000000e5e00000, 0x00000000e5f00000|  0%| F|  |TAMS 0x00000000e5e00000| PB 0x00000000e5e00000| Untracked 
|  95|0x00000000e5f00000, 0x00000000e6000000, 0x00000000e6000000|100%| S|CS|TAMS 0x00000000e5f00000| PB 0x00000000e5f00000| Complete 
|  96|0x00000000e6000000, 0x00000000e6100000, 0x00000000e6100000|100%| S|CS|TAMS 0x00000000e6000000| PB 0x00000000e6000000| Complete 
|  97|0x00000000e6100000, 0x00000000e6200000, 0x00000000e6200000|100%| S|CS|TAMS 0x00000000e6100000| PB 0x00000000e6100000| Complete 
|  98|0x00000000e6200000, 0x00000000e6300000, 0x00000000e6300000|100%| S|CS|TAMS 0x00000000e6200000| PB 0x00000000e6200000| Complete 
|  99|0x00000000e6300000, 0x00000000e6400000, 0x00000000e6400000|100%| S|CS|TAMS 0x00000000e6300000| PB 0x00000000e6300000| Complete 
| 100|0x00000000e6400000, 0x00000000e6500000, 0x00000000e6500000|100%| S|CS|TAMS 0x00000000e6400000| PB 0x00000000e6400000| Complete 
| 101|0x00000000e6500000, 0x00000000e6600000, 0x00000000e6600000|100%| S|CS|TAMS 0x00000000e6500000| PB 0x00000000e6500000| Complete 
| 102|0x00000000e6600000, 0x00000000e6700000, 0x00000000e6700000|100%| S|CS|TAMS 0x00000000e6600000| PB 0x00000000e6600000| Complete 
| 103|0x00000000e6700000, 0x00000000e6700000, 0x00000000e6800000|  0%| F|  |TAMS 0x00000000e6700000| PB 0x00000000e6700000| Untracked 
| 104|0x00000000e6800000, 0x00000000e6800000, 0x00000000e6900000|  0%| F|  |TAMS 0x00000000e6800000| PB 0x00000000e6800000| Untracked 
| 105|0x00000000e6900000, 0x00000000e6900000, 0x00000000e6a00000|  0%| F|  |TAMS 0x00000000e6900000| PB 0x00000000e6900000| Untracked 
| 106|0x00000000e6a00000, 0x00000000e6a00000, 0x00000000e6b00000|  0%| F|  |TAMS 0x00000000e6a00000| PB 0x00000000e6a00000| Untracked 
| 107|0x00000000e6b00000, 0x00000000e6b00000, 0x00000000e6c00000|  0%| F|  |TAMS 0x00000000e6b00000| PB 0x00000000e6b00000| Untracked 
| 108|0x00000000e6c00000, 0x00000000e6c00000, 0x00000000e6d00000|  0%| F|  |TAMS 0x00000000e6c00000| PB 0x00000000e6c00000| Untracked 
| 109|0x00000000e6d00000, 0x00000000e6d00000, 0x00000000e6e00000|  0%| F|  |TAMS 0x00000000e6d00000| PB 0x00000000e6d00000| Untracked 
| 110|0x00000000e6e00000, 0x00000000e6e00000, 0x00000000e6f00000|  0%| F|  |TAMS 0x00000000e6e00000| PB 0x00000000e6e00000| Untracked 
| 111|0x00000000e6f00000, 0x00000000e7000000, 0x00000000e7000000|100%| S|CS|TAMS 0x00000000e6f00000| PB 0x00000000e6f00000| Complete 
| 112|0x00000000e7000000, 0x00000000e7100000, 0x00000000e7100000|100%| S|CS|TAMS 0x00000000e7000000| PB 0x00000000e7000000| Complete 
| 113|0x00000000e7100000, 0x00000000e7200000, 0x00000000e7200000|100%| S|CS|TAMS 0x00000000e7100000| PB 0x00000000e7100000| Complete 
| 114|0x00000000e7200000, 0x00000000e7200000, 0x00000000e7300000|  0%| F|  |TAMS 0x00000000e7200000| PB 0x00000000e7200000| Untracked 
| 115|0x00000000e7300000, 0x00000000e7300000, 0x00000000e7400000|  0%| F|  |TAMS 0x00000000e7300000| PB 0x00000000e7300000| Untracked 
| 116|0x00000000e7400000, 0x00000000e7400000, 0x00000000e7500000|  0%| F|  |TAMS 0x00000000e7400000| PB 0x00000000e7400000| Untracked 
| 117|0x00000000e7500000, 0x00000000e7500000, 0x00000000e7600000|  0%| F|  |TAMS 0x00000000e7500000| PB 0x00000000e7500000| Untracked 
| 118|0x00000000e7600000, 0x00000000e7600000, 0x00000000e7700000|  0%| F|  |TAMS 0x00000000e7600000| PB 0x00000000e7600000| Untracked 
| 119|0x00000000e7700000, 0x00000000e7700000, 0x00000000e7800000|  0%| F|  |TAMS 0x00000000e7700000| PB 0x00000000e7700000| Untracked 
| 120|0x00000000e7800000, 0x00000000e7800000, 0x00000000e7900000|  0%| F|  |TAMS 0x00000000e7800000| PB 0x00000000e7800000| Untracked 
| 121|0x00000000e7900000, 0x00000000e7900000, 0x00000000e7a00000|  0%| F|  |TAMS 0x00000000e7900000| PB 0x00000000e7900000| Untracked 
| 122|0x00000000e7a00000, 0x00000000e7a00000, 0x00000000e7b00000|  0%| F|  |TAMS 0x00000000e7a00000| PB 0x00000000e7a00000| Untracked 
| 123|0x00000000e7b00000, 0x00000000e7b00000, 0x00000000e7c00000|  0%| F|  |TAMS 0x00000000e7b00000| PB 0x00000000e7b00000| Untracked 
| 124|0x00000000e7c00000, 0x00000000e7c00000, 0x00000000e7d00000|  0%| F|  |TAMS 0x00000000e7c00000| PB 0x00000000e7c00000| Untracked 
| 125|0x00000000e7d00000, 0x00000000e7d00000, 0x00000000e7e00000|  0%| F|  |TAMS 0x00000000e7d00000| PB 0x00000000e7d00000| Untracked 
| 126|0x00000000e7e00000, 0x00000000e7e00000, 0x00000000e7f00000|  0%| F|  |TAMS 0x00000000e7e00000| PB 0x00000000e7e00000| Untracked 
| 127|0x00000000e7f00000, 0x00000000e7f00000, 0x00000000e8000000|  0%| F|  |TAMS 0x00000000e7f00000| PB 0x00000000e7f00000| Untracked 
| 128|0x00000000e8000000, 0x00000000e8000000, 0x00000000e8100000|  0%| F|  |TAMS 0x00000000e8000000| PB 0x00000000e8000000| Untracked 
| 129|0x00000000e8100000, 0x00000000e8100000, 0x00000000e8200000|  0%| F|  |TAMS 0x00000000e8100000| PB 0x00000000e8100000| Untracked 
| 130|0x00000000e8200000, 0x00000000e8200000, 0x00000000e8300000|  0%| F|  |TAMS 0x00000000e8200000| PB 0x00000000e8200000| Untracked 
| 131|0x00000000e8300000, 0x00000000e8300000, 0x00000000e8400000|  0%| F|  |TAMS 0x00000000e8300000| PB 0x00000000e8300000| Untracked 
| 132|0x00000000e8400000, 0x00000000e8400000, 0x00000000e8500000|  0%| F|  |TAMS 0x00000000e8400000| PB 0x00000000e8400000| Untracked 
| 133|0x00000000e8500000, 0x00000000e8500000, 0x00000000e8600000|  0%| F|  |TAMS 0x00000000e8500000| PB 0x00000000e8500000| Untracked 
| 134|0x00000000e8600000, 0x00000000e8600000, 0x00000000e8700000|  0%| F|  |TAMS 0x00000000e8600000| PB 0x00000000e8600000| Untracked 
| 135|0x00000000e8700000, 0x00000000e8700000, 0x00000000e8800000|  0%| F|  |TAMS 0x00000000e8700000| PB 0x00000000e8700000| Untracked 
| 136|0x00000000e8800000, 0x00000000e8800000, 0x00000000e8900000|  0%| F|  |TAMS 0x00000000e8800000| PB 0x00000000e8800000| Untracked 
| 137|0x00000000e8900000, 0x00000000e8900000, 0x00000000e8a00000|  0%| F|  |TAMS 0x00000000e8900000| PB 0x00000000e8900000| Untracked 
| 138|0x00000000e8a00000, 0x00000000e8a00000, 0x00000000e8b00000|  0%| F|  |TAMS 0x00000000e8a00000| PB 0x00000000e8a00000| Untracked 
| 139|0x00000000e8b00000, 0x00000000e8b00000, 0x00000000e8c00000|  0%| F|  |TAMS 0x00000000e8b00000| PB 0x00000000e8b00000| Untracked 
| 140|0x00000000e8c00000, 0x00000000e8c00000, 0x00000000e8d00000|  0%| F|  |TAMS 0x00000000e8c00000| PB 0x00000000e8c00000| Untracked 
| 141|0x00000000e8d00000, 0x00000000e8d00000, 0x00000000e8e00000|  0%| F|  |TAMS 0x00000000e8d00000| PB 0x00000000e8d00000| Untracked 
| 142|0x00000000e8e00000, 0x00000000e8e00000, 0x00000000e8f00000|  0%| F|  |TAMS 0x00000000e8e00000| PB 0x00000000e8e00000| Untracked 
| 143|0x00000000e8f00000, 0x00000000e8f00000, 0x00000000e9000000|  0%| F|  |TAMS 0x00000000e8f00000| PB 0x00000000e8f00000| Untracked 
| 144|0x00000000e9000000, 0x00000000e9000000, 0x00000000e9100000|  0%| F|  |TAMS 0x00000000e9000000| PB 0x00000000e9000000| Untracked 
| 145|0x00000000e9100000, 0x00000000e9100000, 0x00000000e9200000|  0%| F|  |TAMS 0x00000000e9100000| PB 0x00000000e9100000| Untracked 
| 146|0x00000000e9200000, 0x00000000e9200000, 0x00000000e9300000|  0%| F|  |TAMS 0x00000000e9200000| PB 0x00000000e9200000| Untracked 
| 147|0x00000000e9300000, 0x00000000e9300000, 0x00000000e9400000|  0%| F|  |TAMS 0x00000000e9300000| PB 0x00000000e9300000| Untracked 
| 148|0x00000000e9400000, 0x00000000e9400000, 0x00000000e9500000|  0%| F|  |TAMS 0x00000000e9400000| PB 0x00000000e9400000| Untracked 
| 149|0x00000000e9500000, 0x00000000e9500000, 0x00000000e9600000|  0%| F|  |TAMS 0x00000000e9500000| PB 0x00000000e9500000| Untracked 
| 150|0x00000000e9600000, 0x00000000e9600000, 0x00000000e9700000|  0%| F|  |TAMS 0x00000000e9600000| PB 0x00000000e9600000| Untracked 
| 151|0x00000000e9700000, 0x00000000e9700000, 0x00000000e9800000|  0%| F|  |TAMS 0x00000000e9700000| PB 0x00000000e9700000| Untracked 
| 152|0x00000000e9800000, 0x00000000e9800000, 0x00000000e9900000|  0%| F|  |TAMS 0x00000000e9800000| PB 0x00000000e9800000| Untracked 
| 153|0x00000000e9900000, 0x00000000e9900000, 0x00000000e9a00000|  0%| F|  |TAMS 0x00000000e9900000| PB 0x00000000e9900000| Untracked 
| 154|0x00000000e9a00000, 0x00000000e9a00000, 0x00000000e9b00000|  0%| F|  |TAMS 0x00000000e9a00000| PB 0x00000000e9a00000| Untracked 
| 155|0x00000000e9b00000, 0x00000000e9b00000, 0x00000000e9c00000|  0%| F|  |TAMS 0x00000000e9b00000| PB 0x00000000e9b00000| Untracked 
| 156|0x00000000e9c00000, 0x00000000e9c00000, 0x00000000e9d00000|  0%| F|  |TAMS 0x00000000e9c00000| PB 0x00000000e9c00000| Untracked 
| 157|0x00000000e9d00000, 0x00000000e9d00000, 0x00000000e9e00000|  0%| F|  |TAMS 0x00000000e9d00000| PB 0x00000000e9d00000| Untracked 
| 158|0x00000000e9e00000, 0x00000000e9e00000, 0x00000000e9f00000|  0%| F|  |TAMS 0x00000000e9e00000| PB 0x00000000e9e00000| Untracked 
| 159|0x00000000e9f00000, 0x00000000e9f00000, 0x00000000ea000000|  0%| F|  |TAMS 0x00000000e9f00000| PB 0x00000000e9f00000| Untracked 
| 160|0x00000000ea000000, 0x00000000ea000000, 0x00000000ea100000|  0%| F|  |TAMS 0x00000000ea000000| PB 0x00000000ea000000| Untracked 
| 161|0x00000000ea100000, 0x00000000ea100000, 0x00000000ea200000|  0%| F|  |TAMS 0x00000000ea100000| PB 0x00000000ea100000| Untracked 
| 162|0x00000000ea200000, 0x00000000ea200000, 0x00000000ea300000|  0%| F|  |TAMS 0x00000000ea200000| PB 0x00000000ea200000| Untracked 
| 163|0x00000000ea300000, 0x00000000ea300000, 0x00000000ea400000|  0%| F|  |TAMS 0x00000000ea300000| PB 0x00000000ea300000| Untracked 
| 164|0x00000000ea400000, 0x00000000ea400000, 0x00000000ea500000|  0%| F|  |TAMS 0x00000000ea400000| PB 0x00000000ea400000| Untracked 
| 165|0x00000000ea500000, 0x00000000ea500000, 0x00000000ea600000|  0%| F|  |TAMS 0x00000000ea500000| PB 0x00000000ea500000| Untracked 
| 166|0x00000000ea600000, 0x00000000ea600000, 0x00000000ea700000|  0%| F|  |TAMS 0x00000000ea600000| PB 0x00000000ea600000| Untracked 
| 167|0x00000000ea700000, 0x00000000ea700000, 0x00000000ea800000|  0%| F|  |TAMS 0x00000000ea700000| PB 0x00000000ea700000| Untracked 
| 168|0x00000000ea800000, 0x00000000ea800000, 0x00000000ea900000|  0%| F|  |TAMS 0x00000000ea800000| PB 0x00000000ea800000| Untracked 
| 169|0x00000000ea900000, 0x00000000ea900000, 0x00000000eaa00000|  0%| F|  |TAMS 0x00000000ea900000| PB 0x00000000ea900000| Untracked 
| 170|0x00000000eaa00000, 0x00000000eaa00000, 0x00000000eab00000|  0%| F|  |TAMS 0x00000000eaa00000| PB 0x00000000eaa00000| Untracked 
| 171|0x00000000eab00000, 0x00000000eab00000, 0x00000000eac00000|  0%| F|  |TAMS 0x00000000eab00000| PB 0x00000000eab00000| Untracked 
| 172|0x00000000eac00000, 0x00000000eac00000, 0x00000000ead00000|  0%| F|  |TAMS 0x00000000eac00000| PB 0x00000000eac00000| Untracked 
| 173|0x00000000ead00000, 0x00000000ead00000, 0x00000000eae00000|  0%| F|  |TAMS 0x00000000ead00000| PB 0x00000000ead00000| Untracked 
| 174|0x00000000eae00000, 0x00000000eae00000, 0x00000000eaf00000|  0%| F|  |TAMS 0x00000000eae00000| PB 0x00000000eae00000| Untracked 
| 175|0x00000000eaf00000, 0x00000000eaf00000, 0x00000000eb000000|  0%| F|  |TAMS 0x00000000eaf00000| PB 0x00000000eaf00000| Untracked 
| 176|0x00000000eb000000, 0x00000000eb000000, 0x00000000eb100000|  0%| F|  |TAMS 0x00000000eb000000| PB 0x00000000eb000000| Untracked 
| 177|0x00000000eb100000, 0x00000000eb100000, 0x00000000eb200000|  0%| F|  |TAMS 0x00000000eb100000| PB 0x00000000eb100000| Untracked 
| 178|0x00000000eb200000, 0x00000000eb200000, 0x00000000eb300000|  0%| F|  |TAMS 0x00000000eb200000| PB 0x00000000eb200000| Untracked 
| 179|0x00000000eb300000, 0x00000000eb300000, 0x00000000eb400000|  0%| F|  |TAMS 0x00000000eb300000| PB 0x00000000eb300000| Untracked 
| 180|0x00000000eb400000, 0x00000000eb400000, 0x00000000eb500000|  0%| F|  |TAMS 0x00000000eb400000| PB 0x00000000eb400000| Untracked 
| 181|0x00000000eb500000, 0x00000000eb500000, 0x00000000eb600000|  0%| F|  |TAMS 0x00000000eb500000| PB 0x00000000eb500000| Untracked 
| 182|0x00000000eb600000, 0x00000000eb600000, 0x00000000eb700000|  0%| F|  |TAMS 0x00000000eb600000| PB 0x00000000eb600000| Untracked 
| 183|0x00000000eb700000, 0x00000000eb700000, 0x00000000eb800000|  0%| F|  |TAMS 0x00000000eb700000| PB 0x00000000eb700000| Untracked 
| 184|0x00000000eb800000, 0x00000000eb800000, 0x00000000eb900000|  0%| F|  |TAMS 0x00000000eb800000| PB 0x00000000eb800000| Untracked 
| 185|0x00000000eb900000, 0x00000000eb900000, 0x00000000eba00000|  0%| F|  |TAMS 0x00000000eb900000| PB 0x00000000eb900000| Untracked 
| 186|0x00000000eba00000, 0x00000000eba00000, 0x00000000ebb00000|  0%| F|  |TAMS 0x00000000eba00000| PB 0x00000000eba00000| Untracked 
| 187|0x00000000ebb00000, 0x00000000ebb00000, 0x00000000ebc00000|  0%| F|  |TAMS 0x00000000ebb00000| PB 0x00000000ebb00000| Untracked 
| 188|0x00000000ebc00000, 0x00000000ebc00000, 0x00000000ebd00000|  0%| F|  |TAMS 0x00000000ebc00000| PB 0x00000000ebc00000| Untracked 
| 189|0x00000000ebd00000, 0x00000000ebd00000, 0x00000000ebe00000|  0%| F|  |TAMS 0x00000000ebd00000| PB 0x00000000ebd00000| Untracked 
| 190|0x00000000ebe00000, 0x00000000ebe00000, 0x00000000ebf00000|  0%| F|  |TAMS 0x00000000ebe00000| PB 0x00000000ebe00000| Untracked 
| 191|0x00000000ebf00000, 0x00000000ebf00000, 0x00000000ec000000|  0%| F|  |TAMS 0x00000000ebf00000| PB 0x00000000ebf00000| Untracked 
| 192|0x00000000ec000000, 0x00000000ec000000, 0x00000000ec100000|  0%| F|  |TAMS 0x00000000ec000000| PB 0x00000000ec000000| Untracked 
| 193|0x00000000ec100000, 0x00000000ec100000, 0x00000000ec200000|  0%| F|  |TAMS 0x00000000ec100000| PB 0x00000000ec100000| Untracked 
| 194|0x00000000ec200000, 0x00000000ec200000, 0x00000000ec300000|  0%| F|  |TAMS 0x00000000ec200000| PB 0x00000000ec200000| Untracked 
| 195|0x00000000ec300000, 0x00000000ec300000, 0x00000000ec400000|  0%| F|  |TAMS 0x00000000ec300000| PB 0x00000000ec300000| Untracked 
| 196|0x00000000ec400000, 0x00000000ec400000, 0x00000000ec500000|  0%| F|  |TAMS 0x00000000ec400000| PB 0x00000000ec400000| Untracked 
| 197|0x00000000ec500000, 0x00000000ec500000, 0x00000000ec600000|  0%| F|  |TAMS 0x00000000ec500000| PB 0x00000000ec500000| Untracked 
| 198|0x00000000ec600000, 0x00000000ec600000, 0x00000000ec700000|  0%| F|  |TAMS 0x00000000ec600000| PB 0x00000000ec600000| Untracked 
| 199|0x00000000ec700000, 0x00000000ec700000, 0x00000000ec800000|  0%| F|  |TAMS 0x00000000ec700000| PB 0x00000000ec700000| Untracked 
| 200|0x00000000ec800000, 0x00000000ec800000, 0x00000000ec900000|  0%| F|  |TAMS 0x00000000ec800000| PB 0x00000000ec800000| Untracked 
| 201|0x00000000ec900000, 0x00000000ec900000, 0x00000000eca00000|  0%| F|  |TAMS 0x00000000ec900000| PB 0x00000000ec900000| Untracked 
| 202|0x00000000eca00000, 0x00000000eca00000, 0x00000000ecb00000|  0%| F|  |TAMS 0x00000000eca00000| PB 0x00000000eca00000| Untracked 
| 203|0x00000000ecb00000, 0x00000000ecb00000, 0x00000000ecc00000|  0%| F|  |TAMS 0x00000000ecb00000| PB 0x00000000ecb00000| Untracked 
| 204|0x00000000ecc00000, 0x00000000ecc00000, 0x00000000ecd00000|  0%| F|  |TAMS 0x00000000ecc00000| PB 0x00000000ecc00000| Untracked 
| 205|0x00000000ecd00000, 0x00000000ecd00000, 0x00000000ece00000|  0%| F|  |TAMS 0x00000000ecd00000| PB 0x00000000ecd00000| Untracked 
| 206|0x00000000ece00000, 0x00000000ece00000, 0x00000000ecf00000|  0%| F|  |TAMS 0x00000000ece00000| PB 0x00000000ece00000| Untracked 
| 207|0x00000000ecf00000, 0x00000000ecf00000, 0x00000000ed000000|  0%| F|  |TAMS 0x00000000ecf00000| PB 0x00000000ecf00000| Untracked 
| 208|0x00000000ed000000, 0x00000000ed000000, 0x00000000ed100000|  0%| F|  |TAMS 0x00000000ed000000| PB 0x00000000ed000000| Untracked 
| 209|0x00000000ed100000, 0x00000000ed100000, 0x00000000ed200000|  0%| F|  |TAMS 0x00000000ed100000| PB 0x00000000ed100000| Untracked 
| 210|0x00000000ed200000, 0x00000000ed200000, 0x00000000ed300000|  0%| F|  |TAMS 0x00000000ed200000| PB 0x00000000ed200000| Untracked 
| 211|0x00000000ed300000, 0x00000000ed300000, 0x00000000ed400000|  0%| F|  |TAMS 0x00000000ed300000| PB 0x00000000ed300000| Untracked 
| 212|0x00000000ed400000, 0x00000000ed400000, 0x00000000ed500000|  0%| F|  |TAMS 0x00000000ed400000| PB 0x00000000ed400000| Untracked 
| 213|0x00000000ed500000, 0x00000000ed500000, 0x00000000ed600000|  0%| F|  |TAMS 0x00000000ed500000| PB 0x00000000ed500000| Untracked 
| 214|0x00000000ed600000, 0x00000000ed600000, 0x00000000ed700000|  0%| F|  |TAMS 0x00000000ed600000| PB 0x00000000ed600000| Untracked 
| 215|0x00000000ed700000, 0x00000000ed700000, 0x00000000ed800000|  0%| F|  |TAMS 0x00000000ed700000| PB 0x00000000ed700000| Untracked 
| 216|0x00000000ed800000, 0x00000000ed800000, 0x00000000ed900000|  0%| F|  |TAMS 0x00000000ed800000| PB 0x00000000ed800000| Untracked 
| 217|0x00000000ed900000, 0x00000000ed900000, 0x00000000eda00000|  0%| F|  |TAMS 0x00000000ed900000| PB 0x00000000ed900000| Untracked 
| 218|0x00000000eda00000, 0x00000000eda00000, 0x00000000edb00000|  0%| F|  |TAMS 0x00000000eda00000| PB 0x00000000eda00000| Untracked 
| 219|0x00000000edb00000, 0x00000000edb00000, 0x00000000edc00000|  0%| F|  |TAMS 0x00000000edb00000| PB 0x00000000edb00000| Untracked 
| 220|0x00000000edc00000, 0x00000000edc00000, 0x00000000edd00000|  0%| F|  |TAMS 0x00000000edc00000| PB 0x00000000edc00000| Untracked 
| 221|0x00000000edd00000, 0x00000000edd00000, 0x00000000ede00000|  0%| F|  |TAMS 0x00000000edd00000| PB 0x00000000edd00000| Untracked 
| 222|0x00000000ede00000, 0x00000000ede00000, 0x00000000edf00000|  0%| F|  |TAMS 0x00000000ede00000| PB 0x00000000ede00000| Untracked 
| 223|0x00000000edf00000, 0x00000000edf00000, 0x00000000ee000000|  0%| F|  |TAMS 0x00000000edf00000| PB 0x00000000edf00000| Untracked 
| 224|0x00000000ee000000, 0x00000000ee000000, 0x00000000ee100000|  0%| F|  |TAMS 0x00000000ee000000| PB 0x00000000ee000000| Untracked 
| 225|0x00000000ee100000, 0x00000000ee100000, 0x00000000ee200000|  0%| F|  |TAMS 0x00000000ee100000| PB 0x00000000ee100000| Untracked 
| 226|0x00000000ee200000, 0x00000000ee200000, 0x00000000ee300000|  0%| F|  |TAMS 0x00000000ee200000| PB 0x00000000ee200000| Untracked 
| 227|0x00000000ee300000, 0x00000000ee300000, 0x00000000ee400000|  0%| F|  |TAMS 0x00000000ee300000| PB 0x00000000ee300000| Untracked 
| 228|0x00000000ee400000, 0x00000000ee400000, 0x00000000ee500000|  0%| F|  |TAMS 0x00000000ee400000| PB 0x00000000ee400000| Untracked 
| 229|0x00000000ee500000, 0x00000000ee500000, 0x00000000ee600000|  0%| F|  |TAMS 0x00000000ee500000| PB 0x00000000ee500000| Untracked 
| 230|0x00000000ee600000, 0x00000000ee600000, 0x00000000ee700000|  0%| F|  |TAMS 0x00000000ee600000| PB 0x00000000ee600000| Untracked 
| 231|0x00000000ee700000, 0x00000000ee700000, 0x00000000ee800000|  0%| F|  |TAMS 0x00000000ee700000| PB 0x00000000ee700000| Untracked 
| 232|0x00000000ee800000, 0x00000000ee800000, 0x00000000ee900000|  0%| F|  |TAMS 0x00000000ee800000| PB 0x00000000ee800000| Untracked 
| 233|0x00000000ee900000, 0x00000000ee900000, 0x00000000eea00000|  0%| F|  |TAMS 0x00000000ee900000| PB 0x00000000ee900000| Untracked 
| 234|0x00000000eea00000, 0x00000000eea00000, 0x00000000eeb00000|  0%| F|  |TAMS 0x00000000eea00000| PB 0x00000000eea00000| Untracked 
| 235|0x00000000eeb00000, 0x00000000eeb00000, 0x00000000eec00000|  0%| F|  |TAMS 0x00000000eeb00000| PB 0x00000000eeb00000| Untracked 
| 236|0x00000000eec00000, 0x00000000eec00000, 0x00000000eed00000|  0%| F|  |TAMS 0x00000000eec00000| PB 0x00000000eec00000| Untracked 
| 237|0x00000000eed00000, 0x00000000eed00000, 0x00000000eee00000|  0%| F|  |TAMS 0x00000000eed00000| PB 0x00000000eed00000| Untracked 
| 238|0x00000000eee00000, 0x00000000eee00000, 0x00000000eef00000|  0%| F|  |TAMS 0x00000000eee00000| PB 0x00000000eee00000| Untracked 
| 239|0x00000000eef00000, 0x00000000eef00000, 0x00000000ef000000|  0%| F|  |TAMS 0x00000000eef00000| PB 0x00000000eef00000| Untracked 
| 240|0x00000000ef000000, 0x00000000ef000000, 0x00000000ef100000|  0%| F|  |TAMS 0x00000000ef000000| PB 0x00000000ef000000| Untracked 
| 241|0x00000000ef100000, 0x00000000ef100000, 0x00000000ef200000|  0%| F|  |TAMS 0x00000000ef100000| PB 0x00000000ef100000| Untracked 
| 242|0x00000000ef200000, 0x00000000ef200000, 0x00000000ef300000|  0%| F|  |TAMS 0x00000000ef200000| PB 0x00000000ef200000| Untracked 
| 243|0x00000000ef300000, 0x00000000ef300000, 0x00000000ef400000|  0%| F|  |TAMS 0x00000000ef300000| PB 0x00000000ef300000| Untracked 
| 244|0x00000000ef400000, 0x00000000ef400000, 0x00000000ef500000|  0%| F|  |TAMS 0x00000000ef400000| PB 0x00000000ef400000| Untracked 
| 245|0x00000000ef500000, 0x00000000ef500000, 0x00000000ef600000|  0%| F|  |TAMS 0x00000000ef500000| PB 0x00000000ef500000| Untracked 
| 246|0x00000000ef600000, 0x00000000ef600000, 0x00000000ef700000|  0%| F|  |TAMS 0x00000000ef600000| PB 0x00000000ef600000| Untracked 
| 247|0x00000000ef700000, 0x00000000ef700000, 0x00000000ef800000|  0%| F|  |TAMS 0x00000000ef700000| PB 0x00000000ef700000| Untracked 
| 248|0x00000000ef800000, 0x00000000ef800000, 0x00000000ef900000|  0%| F|  |TAMS 0x00000000ef800000| PB 0x00000000ef800000| Untracked 
| 249|0x00000000ef900000, 0x00000000ef900000, 0x00000000efa00000|  0%| F|  |TAMS 0x00000000ef900000| PB 0x00000000ef900000| Untracked 
| 250|0x00000000efa00000, 0x00000000efa00000, 0x00000000efb00000|  0%| F|  |TAMS 0x00000000efa00000| PB 0x00000000efa00000| Untracked 
| 251|0x00000000efb00000, 0x00000000efc00000, 0x00000000efc00000|100%| E|  |TAMS 0x00000000efb00000| PB 0x00000000efb00000| Complete 
| 252|0x00000000efc00000, 0x00000000efd00000, 0x00000000efd00000|100%| E|CS|TAMS 0x00000000efc00000| PB 0x00000000efc00000| Complete 
| 253|0x00000000efd00000, 0x00000000efe00000, 0x00000000efe00000|100%| E|CS|TAMS 0x00000000efd00000| PB 0x00000000efd00000| Complete 
| 254|0x00000000efe00000, 0x00000000eff00000, 0x00000000eff00000|100%| E|CS|TAMS 0x00000000efe00000| PB 0x00000000efe00000| Complete 
| 255|0x00000000eff00000, 0x00000000f0000000, 0x00000000f0000000|100%| E|CS|TAMS 0x00000000eff00000| PB 0x00000000eff00000| Complete 

Card table byte_map: [0x000001b17fa20000,0x000001b17fb20000] _byte_map_base: 0x000001b17f320000

Marking Bits: (CMBitMap*) 0x000001b17f542e40
 Bits: [0x000001b1173c0000, 0x000001b117bc0000)

Polling page: 0x000001b17ecf0000

Metaspace:

Usage:
  Non-class:     70.49 MB used.
      Class:     11.11 MB used.
       Both:     81.61 MB used.

Virtual space:
  Non-class space:      128.00 MB reserved,      71.62 MB ( 56%) committed,  2 nodes.
      Class space:      320.00 MB reserved,      12.25 MB (  4%) committed,  1 nodes.
             Both:      448.00 MB reserved,      83.88 MB ( 19%) committed. 

Chunk freelists:
   Non-Class:  8.06 MB
       Class:  3.77 MB
        Both:  11.83 MB

MaxMetaspaceSize: 384.00 MB
CompressedClassSpaceSize: 320.00 MB
Initial GC threshold: 21.00 MB
Current GC threshold: 99.19 MB
CDS: on
 - commit_granule_bytes: 65536.
 - commit_granule_words: 8192.
 - virtual_space_node_default_size: 8388608.
 - enlarge_chunks_in_place: 1.
 - use_allocation_guard: 0.


Internal statistics:

num_allocs_failed_limit: 12.
num_arena_births: 4224.
num_arena_deaths: 0.
num_vsnodes_births: 3.
num_vsnodes_deaths: 0.
num_space_committed: 1342.
num_space_uncommitted: 0.
num_chunks_returned_to_freelist: 12.
num_chunks_taken_from_freelist: 8185.
num_chunk_merges: 9.
num_chunk_splits: 5143.
num_chunks_enlarged: 3007.
num_inconsistent_stats: 0.

CodeHeap 'non-profiled nmethods': size=120000Kb used=10983Kb max_used=10983Kb free=109017Kb
 bounds [0x000001b10fe90000, 0x000001b110950000, 0x000001b1173c0000]
CodeHeap 'profiled nmethods': size=120000Kb used=31155Kb max_used=31155Kb free=88844Kb
 bounds [0x000001b1083c0000, 0x000001b10a230000, 0x000001b10f8f0000]
CodeHeap 'non-nmethods': size=5760Kb used=3146Kb max_used=3261Kb free=2613Kb
 bounds [0x000001b10f8f0000, 0x000001b10fc40000, 0x000001b10fe90000]
 total_blobs=15712 nmethods=14742 adapters=874
 compilation: enabled
              stopped_count=0, restarted_count=0
 full_count=0

Compilation events (20 events):
Event: 64.666 Thread 0x000001b13a5bfc10 15487       4       org.gradle.internal.service.DefaultServiceRegistry$ClassInspector$ClassDetails::hasAnnotation (44 bytes)
Event: 64.675 Thread 0x000001b11a1f63a0 15488       3       sun.management.MemoryPoolImpl::getObjectName (10 bytes)
Event: 64.677 Thread 0x000001b11a1f63a0 nmethod 15488 0x000001b10a225990 code [0x000001b10a225da0, 0x000001b10a227d68]
Event: 64.680 Thread 0x000001b11a1f63a0 15492       3       org.gradle.internal.watch.vfs.impl.DefaultFileSystemWatchingStatistics$$Lambda/0x000001b11cc2a720::accept (12 bytes)
Event: 64.681 Thread 0x000001b11a1f63a0 nmethod 15492 0x000001b10a228810 code [0x000001b10a228a40, 0x000001b10a229260]
Event: 64.681 Thread 0x000001b11a1f63a0 15497       3       org.gradle.internal.logging.sink.OutputEventRenderer::onOutput (82 bytes)
Event: 64.681 Thread 0x000001b13a5bbec0 15491       4       java.util.stream.AbstractPipeline::wrapAndCopyInto (18 bytes)
Event: 64.682 Thread 0x000001b11a1f63a0 nmethod 15497 0x000001b10a229510 code [0x000001b10a229760, 0x000001b10a22a3b0]
Event: 64.682 Thread 0x000001b11a1f63a0 15500       2       org.gradle.internal.snapshot.ChildMap$Entry::handleAncestorDescendantOrExactMatch (110 bytes)
Event: 64.683 Thread 0x000001b11a1f63a0 nmethod 15500 0x000001b10a22a610 code [0x000001b10a22a880, 0x000001b10a22b0a0]
Event: 64.683 Thread 0x000001b11a1f63a0 15493       3       org.gradle.internal.watch.vfs.impl.DefaultFileSystemWatchingStatistics::lambda$getStatistics$1 (14 bytes)
Event: 64.683 Thread 0x000001b11a1f63a0 nmethod 15493 0x000001b10a22b510 code [0x000001b10a22b720, 0x000001b10a22bd98]
Event: 64.683 Thread 0x000001b11a1f63a0 15498       3       java.io.ObjectOutputStream::writeClassDescriptor (6 bytes)
Event: 64.683 Thread 0x000001b11a1f63a0 nmethod 15498 0x000001b10a22c010 code [0x000001b10a22c1c0, 0x000001b10a22c308]
Event: 64.683 Thread 0x000001b11a1f63a0 15496       3       org.gradle.internal.snapshot.SingletonChildMap::stream (8 bytes)
Event: 64.683 Thread 0x000001b11a1f63a0 nmethod 15496 0x000001b10a22c410 code [0x000001b10a22c5e0, 0x000001b10a22c958]
Event: 64.683 Thread 0x000001b11a1f63a0 15499       1       java.io.ObjectInputStream$BlockDataInputStream::getBlockDataMode (5 bytes)
Event: 64.683 Thread 0x000001b11a1f63a0 nmethod 15499 0x000001b110947f90 code [0x000001b110948120, 0x000001b1109481f0]
Event: 64.684 Thread 0x000001b11a1f63a0 15501       3       org.gradle.cache.internal.DefaultGlobalCacheLocations::isInsideGlobalCache (9 bytes)
Event: 64.684 Thread 0x000001b11a1f63a0 nmethod 15501 0x000001b10a22ca90 code [0x000001b10a22cc40, 0x000001b10a22ce18]

GC Heap History (20 events):
Event: 1.668 GC heap before
{Heap before GC invocations=2 (full 0):
 garbage-first heap   total 262144K, used 62998K [0x00000000e0000000, 0x0000000100000000)
  region size 1024K, 54 young (55296K), 5 survivors (5120K)
 Metaspace       used 6723K, committed 6976K, reserved 393216K
  class space    used 878K, committed 960K, reserved 327680K
}
Event: 1.674 GC heap after
{Heap after GC invocations=3 (full 0):
 garbage-first heap   total 262144K, used 18196K [0x00000000e0000000, 0x0000000100000000)
  region size 1024K, 7 young (7168K), 7 survivors (7168K)
 Metaspace       used 6723K, committed 6976K, reserved 393216K
  class space    used 878K, committed 960K, reserved 327680K
}
Event: 2.982 GC heap before
{Heap before GC invocations=3 (full 0):
 garbage-first heap   total 262144K, used 98068K [0x00000000e0000000, 0x0000000100000000)
  region size 1024K, 86 young (88064K), 7 survivors (7168K)
 Metaspace       used 20803K, committed 21504K, reserved 393216K
  class space    used 2974K, committed 3328K, reserved 327680K
}
Event: 2.990 GC heap after
{Heap after GC invocations=4 (full 0):
 garbage-first heap   total 262144K, used 23497K [0x00000000e0000000, 0x0000000100000000)
  region size 1024K, 12 young (12288K), 12 survivors (12288K)
 Metaspace       used 20803K, committed 21504K, reserved 393216K
  class space    used 2974K, committed 3328K, reserved 327680K
}
Event: 4.258 GC heap before
{Heap before GC invocations=5 (full 0):
 garbage-first heap   total 262144K, used 115657K [0x00000000e0000000, 0x0000000100000000)
  region size 1024K, 104 young (106496K), 12 survivors (12288K)
 Metaspace       used 35054K, committed 36096K, reserved 393216K
  class space    used 4914K, committed 5440K, reserved 327680K
}
Event: 4.273 GC heap after
{Heap after GC invocations=6 (full 0):
 garbage-first heap   total 262144K, used 32470K [0x00000000e0000000, 0x0000000100000000)
  region size 1024K, 15 young (15360K), 15 survivors (15360K)
 Metaspace       used 35054K, committed 36096K, reserved 393216K
  class space    used 4914K, committed 5440K, reserved 327680K
}
Event: 5.448 GC heap before
{Heap before GC invocations=7 (full 0):
 garbage-first heap   total 262144K, used 179926K [0x00000000e0000000, 0x0000000100000000)
  region size 1024K, 153 young (156672K), 15 survivors (15360K)
 Metaspace       used 48416K, committed 50176K, reserved 393216K
  class space    used 6774K, committed 7616K, reserved 327680K
}
Event: 5.460 GC heap after
{Heap after GC invocations=8 (full 0):
 garbage-first heap   total 262144K, used 41143K [0x00000000e0000000, 0x0000000100000000)
  region size 1024K, 18 young (18432K), 18 survivors (18432K)
 Metaspace       used 48416K, committed 50176K, reserved 393216K
  class space    used 6774K, committed 7616K, reserved 327680K
}
Event: 6.670 GC heap before
{Heap before GC invocations=8 (full 0):
 garbage-first heap   total 262144K, used 178359K [0x00000000e0000000, 0x0000000100000000)
  region size 1024K, 153 young (156672K), 18 survivors (18432K)
 Metaspace       used 56415K, committed 58368K, reserved 393216K
  class space    used 8011K, committed 8960K, reserved 327680K
}
Event: 6.681 GC heap after
{Heap after GC invocations=9 (full 0):
 garbage-first heap   total 262144K, used 45197K [0x00000000e0000000, 0x0000000100000000)
  region size 1024K, 14 young (14336K), 14 survivors (14336K)
 Metaspace       used 56415K, committed 58368K, reserved 393216K
  class space    used 8011K, committed 8960K, reserved 327680K
}
Event: 6.992 GC heap before
{Heap before GC invocations=9 (full 0):
 garbage-first heap   total 262144K, used 113805K [0x00000000e0000000, 0x0000000100000000)
  region size 1024K, 83 young (84992K), 14 survivors (14336K)
 Metaspace       used 58527K, committed 60480K, reserved 393216K
  class space    used 8360K, committed 9344K, reserved 327680K
}
Event: 6.998 GC heap after
{Heap after GC invocations=10 (full 0):
 garbage-first heap   total 262144K, used 47430K [0x00000000e0000000, 0x0000000100000000)
  region size 1024K, 7 young (7168K), 7 survivors (7168K)
 Metaspace       used 58527K, committed 60480K, reserved 393216K
  class space    used 8360K, committed 9344K, reserved 327680K
}
Event: 9.517 GC heap before
{Heap before GC invocations=11 (full 0):
 garbage-first heap   total 262144K, used 195910K [0x00000000e0000000, 0x0000000100000000)
  region size 1024K, 153 young (156672K), 7 survivors (7168K)
 Metaspace       used 72618K, committed 74688K, reserved 393216K
  class space    used 10123K, committed 11136K, reserved 327680K
}
Event: 9.527 GC heap after
{Heap after GC invocations=12 (full 0):
 garbage-first heap   total 262144K, used 61095K [0x00000000e0000000, 0x0000000100000000)
  region size 1024K, 20 young (20480K), 20 survivors (20480K)
 Metaspace       used 72618K, committed 74688K, reserved 393216K
  class space    used 10123K, committed 11136K, reserved 327680K
}
Event: 12.825 GC heap before
{Heap before GC invocations=12 (full 0):
 garbage-first heap   total 262144K, used 197287K [0x00000000e0000000, 0x0000000100000000)
  region size 1024K, 153 young (156672K), 20 survivors (20480K)
 Metaspace       used 75471K, committed 77632K, reserved 458752K
  class space    used 10324K, committed 11392K, reserved 327680K
}
Event: 12.837 GC heap after
{Heap after GC invocations=13 (full 0):
 garbage-first heap   total 262144K, used 62881K [0x00000000e0000000, 0x0000000100000000)
  region size 1024K, 6 young (6144K), 6 survivors (6144K)
 Metaspace       used 75471K, committed 77632K, reserved 458752K
  class space    used 10324K, committed 11392K, reserved 327680K
}
Event: 14.490 GC heap before
{Heap before GC invocations=13 (full 0):
 garbage-first heap   total 262144K, used 212385K [0x00000000e0000000, 0x0000000100000000)
  region size 1024K, 153 young (156672K), 6 survivors (6144K)
 Metaspace       used 76090K, committed 78272K, reserved 458752K
  class space    used 10348K, committed 11392K, reserved 327680K
}
Event: 14.494 GC heap after
{Heap after GC invocations=14 (full 0):
 garbage-first heap   total 262144K, used 64652K [0x00000000e0000000, 0x0000000100000000)
  region size 1024K, 8 young (8192K), 8 survivors (8192K)
 Metaspace       used 76090K, committed 78272K, reserved 458752K
  class space    used 10348K, committed 11392K, reserved 327680K
}
Event: 18.719 GC heap before
{Heap before GC invocations=14 (full 0):
 garbage-first heap   total 262144K, used 212108K [0x00000000e0000000, 0x0000000100000000)
  region size 1024K, 153 young (156672K), 8 survivors (8192K)
 Metaspace       used 78113K, committed 80256K, reserved 458752K
  class space    used 10532K, committed 11584K, reserved 327680K
}
Event: 18.725 GC heap after
{Heap after GC invocations=15 (full 0):
 garbage-first heap   total 262144K, used 67516K [0x00000000e0000000, 0x0000000100000000)
  region size 1024K, 11 young (11264K), 11 survivors (11264K)
 Metaspace       used 78113K, committed 80256K, reserved 458752K
  class space    used 10532K, committed 11584K, reserved 327680K
}

Dll operation events (15 events):
Event: 0.009 Loaded shared library C:\Program Files\Java\jdk-21\bin\java.dll
Event: 0.054 Loaded shared library C:\Program Files\Java\jdk-21\bin\jsvml.dll
Event: 0.102 Loaded shared library C:\Program Files\Java\jdk-21\bin\zip.dll
Event: 0.107 Loaded shared library C:\Program Files\Java\jdk-21\bin\instrument.dll
Event: 0.110 Loaded shared library C:\Program Files\Java\jdk-21\bin\net.dll
Event: 0.112 Loaded shared library C:\Program Files\Java\jdk-21\bin\nio.dll
Event: 0.115 Loaded shared library C:\Program Files\Java\jdk-21\bin\zip.dll
Event: 0.379 Loaded shared library C:\Program Files\Java\jdk-21\bin\jimage.dll
Event: 0.542 Loaded shared library C:\Program Files\Java\jdk-21\bin\verify.dll
Event: 0.651 Loaded shared library C:\Users\student\.gradle\native\1def1411415f61bf3af743bc5b6707747c0891f09f0c88961ee8f79bc544acac\windows-amd64\native-platform.dll
Event: 0.665 Loaded shared library C:\Users\student\.gradle\native\0.2.7\x86_64-windows-gnu\gradle-fileevents.dll
Event: 1.631 Loaded shared library C:\Program Files\Java\jdk-21\bin\management.dll
Event: 1.634 Loaded shared library C:\Program Files\Java\jdk-21\bin\management_ext.dll
Event: 1.781 Loaded shared library C:\Program Files\Java\jdk-21\bin\extnet.dll
Event: 1.955 Loaded shared library C:\Program Files\Java\jdk-21\bin\sunmscapi.dll

Deoptimization events (20 events):
Event: 64.646 Thread 0x000001b1352d6a60 DEOPT PACKING pc=0x000001b11072ef78 sp=0x0000006ed23fe940
Event: 64.646 Thread 0x000001b1352d6a60 DEOPT UNPACKING pc=0x000001b10f947da2 sp=0x0000006ed23fe7e0 mode 2
Event: 64.647 Thread 0x000001b1352d6a60 Uncommon trap: trap_request=0xffffff45 fr.pc=0x000001b11079438c relative=0x000000000000006c
Event: 64.647 Thread 0x000001b1352d6a60 Uncommon trap: reason=unstable_if action=reinterpret pc=0x000001b11079438c method=org.gradle.workers.internal.WorkerDaemonClientsManager$LogLevelChangeEventListener.onOutput(Lorg/gradle/internal/logging/events/OutputEvent;)V @ 4 c2
Event: 64.647 Thread 0x000001b1352d6a60 DEOPT PACKING pc=0x000001b11079438c sp=0x0000006ed23fe4e0
Event: 64.647 Thread 0x000001b1352d6a60 DEOPT UNPACKING pc=0x000001b10f947da2 sp=0x0000006ed23fe478 mode 2
Event: 64.651 Thread 0x000001b1354cf190 Uncommon trap: trap_request=0xffffff45 fr.pc=0x000001b110781b60 relative=0x0000000000002120
Event: 64.651 Thread 0x000001b1354cf190 Uncommon trap: reason=unstable_if action=reinterpret pc=0x000001b110781b60 method=org.gradle.internal.serialize.AbstractEncoder.getOutputStream()Ljava/io/OutputStream; @ 4 c2
Event: 64.651 Thread 0x000001b1354cf190 DEOPT PACKING pc=0x000001b110781b60 sp=0x0000006ed24ff060
Event: 64.651 Thread 0x000001b1354cf190 DEOPT UNPACKING pc=0x000001b10f947da2 sp=0x0000006ed24fef00 mode 2
Event: 64.658 Thread 0x000001b1352d6a60 Uncommon trap: trap_request=0xffffff45 fr.pc=0x000001b11085e5c4 relative=0x0000000000000344
Event: 64.658 Thread 0x000001b1352d6a60 Uncommon trap: reason=unstable_if action=reinterpret pc=0x000001b11085e5c4 method=org.gradle.cache.internal.LockOnDemandCrossProcessCacheAccess.incrementLockCount()V @ 13 c2
Event: 64.658 Thread 0x000001b1352d6a60 DEOPT PACKING pc=0x000001b11085e5c4 sp=0x0000006ed23faa40
Event: 64.658 Thread 0x000001b1352d6a60 DEOPT UNPACKING pc=0x000001b10f947da2 sp=0x0000006ed23fa9e8 mode 2
Event: 64.662 Thread 0x000001b1352d6a60 DEOPT PACKING pc=0x000001b109d2dbb3 sp=0x0000006ed23faa00
Event: 64.662 Thread 0x000001b1352d6a60 DEOPT UNPACKING pc=0x000001b10f9488e2 sp=0x0000006ed23f9ea8 mode 0
Event: 64.666 Thread 0x000001b1352d6a60 Uncommon trap: trap_request=0xffffffde fr.pc=0x000001b10ff28fe0 relative=0x00000000000000c0
Event: 64.666 Thread 0x000001b1352d6a60 Uncommon trap: reason=class_check action=maybe_recompile pc=0x000001b10ff28fe0 method=java.util.stream.ReferencePipeline.forEachWithCancel(Ljava/util/Spliterator;Ljava/util/stream/Sink;)Z @ 1 c2
Event: 64.667 Thread 0x000001b1352d6a60 DEOPT PACKING pc=0x000001b10ff28fe0 sp=0x0000006ed23fc2c0
Event: 64.667 Thread 0x000001b1352d6a60 DEOPT UNPACKING pc=0x000001b10f947da2 sp=0x0000006ed23fc258 mode 2

Classes loaded (20 events):
Event: 18.727 Loading class sun/security/ssl/Alert$AlertConsumer
Event: 18.727 Loading class sun/security/ssl/Alert$AlertConsumer done
Event: 18.727 Loading class sun/security/ssl/Alert$Level
Event: 18.727 Loading class sun/security/ssl/Alert$Level done
Event: 25.273 Loading class java/util/TreeMap$KeySpliterator
Event: 25.273 Loading class java/util/TreeMap$TreeMapSpliterator
Event: 25.273 Loading class java/util/TreeMap$TreeMapSpliterator done
Event: 25.273 Loading class java/util/TreeMap$KeySpliterator done
Event: 25.303 Loading class java/util/concurrent/ConcurrentLinkedQueue$Itr
Event: 25.303 Loading class java/util/concurrent/ConcurrentLinkedQueue$Itr done
Event: 25.322 Loading class java/util/TreeMap$ValueSpliterator
Event: 25.322 Loading class java/util/TreeMap$ValueSpliterator done
Event: 25.800 Loading class sun/reflect/generics/scope/DummyScope
Event: 25.800 Loading class sun/reflect/generics/scope/DummyScope done
Event: 26.154 Loading class java/net/UrlDeserializedState
Event: 26.154 Loading class java/net/UrlDeserializedState done
Event: 26.311 Loading class java/util/concurrent/CompletableFuture$AsyncRun
Event: 26.311 Loading class java/util/concurrent/CompletableFuture$AsyncRun done
Event: 64.645 Loading class jdk/internal/math/FormattedFPDecimal
Event: 64.646 Loading class jdk/internal/math/FormattedFPDecimal done

Classes unloaded (0 events):
No events

Classes redefined (0 events):
No events

Internal exceptions (20 events):
Event: 25.993 Thread 0x000001b1352d6a60 Exception <a 'java/lang/ClassNotFoundException'{0x00000000e8bf65e8}: org/gradle/api/internal/ConventionTaskCustomizer> (0x00000000e8bf65e8) 
thrown [s\open\src\hotspot\share\classfile\systemDictionary.cpp, line 312]
Event: 25.994 Thread 0x000001b1352d6a60 Exception <a 'java/lang/ClassNotFoundException'{0x00000000e8a11a28}: org/gradle/api/tasks/testing/AbstractTestTaskCustomizer> (0x00000000e8a11a28) 
thrown [s\open\src\hotspot\share\classfile\systemDictionary.cpp, line 312]
Event: 25.996 Thread 0x000001b1352d6a60 Exception <a 'java/lang/ClassNotFoundException'{0x00000000e8a3a4a0}: org/gradle/api/tasks/testing/TestCustomizer> (0x00000000e8a3a4a0) 
thrown [s\open\src\hotspot\share\classfile\systemDictionary.cpp, line 312]
Event: 26.003 Thread 0x000001b1352d6a60 Exception <a 'java/lang/ClassNotFoundException'{0x00000000e8acd8d0}: org/gradle/api/tasks/testing/Test_DecoratedCustomizer> (0x00000000e8acd8d0) 
thrown [s\open\src\hotspot\share\classfile\systemDictionary.cpp, line 312]
Event: 26.010 Thread 0x000001b1352d6a60 Exception <a 'java/lang/NoSuchMethodError'{0x00000000e899a2c8}: 'void java.lang.invoke.DirectMethodHandle$Holder.invokeInterface(java.lang.Object, java.lang.Object, int)'> (0x00000000e899a2c8) 
thrown [s\open\src\hotspot\share\interpreter\linkResolver.cpp, line 773]
Event: 26.010 Thread 0x000001b1352d6a60 Exception <a 'java/lang/NoSuchMethodError'{0x00000000e899e858}: 'void java.lang.invoke.DelegatingMethodHandle$Holder.reinvoke_L(java.lang.Object, java.lang.Object, int)'> (0x00000000e899e858) 
thrown [s\open\src\hotspot\share\interpreter\linkResolver.cpp, line 773]
Event: 26.152 Thread 0x000001b1352f0600 Exception <a 'java/lang/NoSuchMethodError'{0x00000000e8812878}: static [Ljava/lang/Object;.<clinit>()V> (0x00000000e8812878) 
thrown [s\open\src\hotspot\share\prims\jni.cpp, line 1111]
Event: 26.153 Thread 0x000001b1352f0600 Exception <a 'java/lang/NoSuchMethodError'{0x00000000e881da48}: static Lorg/gradle/internal/classloader/ClassLoaderSpec;.<clinit>()V> (0x00000000e881da48) 
thrown [s\open\src\hotspot\share\prims\jni.cpp, line 1111]
Event: 26.154 Thread 0x000001b1352f0600 Exception <a 'java/lang/NoSuchMethodError'{0x00000000e8829d70}: static Lorg/gradle/internal/classloader/VisitableURLClassLoader$Spec;.<clinit>()V> (0x00000000e8829d70) 
thrown [s\open\src\hotspot\share\prims\jni.cpp, line 1111]
Event: 26.157 Thread 0x000001b1352d6a60 Exception <a 'java/lang/NoSuchMethodError'{0x00000000e82c8e78}: 'void java.lang.invoke.DirectMethodHandle$Holder.invokeInterface(java.lang.Object, java.lang.Object, java.lang.Object, int)'> (0x00000000e82c8e78) 
thrown [s\open\src\hotspot\share\interpreter\linkResolver.cpp, line 773]
Event: 26.157 Thread 0x000001b1352d6a60 Exception <a 'java/lang/IncompatibleClassChangeError'{0x00000000e82cc9b8}: Found class java.lang.Object, but interface was expected> (0x00000000e82cc9b8) 
thrown [s\open\src\hotspot\share\interpreter\linkResolver.cpp, line 840]
Event: 26.157 Thread 0x000001b1352d6a60 Exception <a 'java/lang/NoSuchMethodError'{0x00000000e82d0d90}: 'void java.lang.invoke.DelegatingMethodHandle$Holder.reinvoke_L(java.lang.Object, java.lang.Object, java.lang.Object, int)'> (0x00000000e82d0d90) 
thrown [s\open\src\hotspot\share\interpreter\linkResolver.cpp, line 773]
Event: 26.158 Thread 0x000001b1352d6a60 Exception <a 'sun/nio/fs/WindowsException'{0x00000000e82ea390}> (0x00000000e82ea390) 
thrown [s\open\src\hotspot\share\prims\jni.cpp, line 520]
Event: 26.159 Thread 0x000001b1352f0600 Exception <a 'java/lang/NoSuchMethodError'{0x00000000e811b000}: static [Ljava/net/URL;.<clinit>()V> (0x00000000e811b000) 
thrown [s\open\src\hotspot\share\prims\jni.cpp, line 1111]
Event: 26.160 Thread 0x000001b1352f0600 Exception <a 'java/lang/NoSuchMethodError'{0x00000000e8121678}: static [B.<clinit>()V> (0x00000000e8121678) 
thrown [s\open\src\hotspot\share\prims\jni.cpp, line 1111]
Event: 26.192 Thread 0x000001b1352d6a60 Exception <a 'java/lang/IncompatibleClassChangeError'{0x00000000e81ffb48}: Found class java.lang.Object, but interface was expected> (0x00000000e81ffb48) 
thrown [s\open\src\hotspot\share\interpreter\linkResolver.cpp, line 840]
Event: 26.238 Thread 0x000001b1352d6a60 Exception <a 'java/lang/IncompatibleClassChangeError'{0x00000000e8033f58}: Found class java.lang.Object, but interface was expected> (0x00000000e8033f58) 
thrown [s\open\src\hotspot\share\interpreter\linkResolver.cpp, line 840]
Event: 26.244 Thread 0x000001b1352d6a60 Exception <a 'sun/nio/fs/WindowsException'{0x00000000e80504a0}> (0x00000000e80504a0) 
thrown [s\open\src\hotspot\share\prims\jni.cpp, line 520]
Event: 26.250 Thread 0x000001b1352f0600 Exception <a 'java/lang/NoSuchMethodError'{0x00000000e812bab0}: static Lorg/gradle/internal/build/event/types/DefaultRootOperationDescriptor;.<clinit>()V> (0x00000000e812bab0) 
thrown [s\open\src\hotspot\share\prims\jni.cpp, line 1111]
Event: 26.276 Thread 0x000001b1352d6a60 Exception <a 'sun/nio/fs/WindowsException'{0x00000000e7f514b8}> (0x00000000e7f514b8) 
thrown [s\open\src\hotspot\share\prims\jni.cpp, line 520]

ZGC Phase Switch (0 events):
No events

VM Operations (20 events):
Event: 26.171 Executing VM operation: HandshakeAllThreads (Deoptimize)
Event: 26.171 Executing VM operation: HandshakeAllThreads (Deoptimize) done
Event: 26.256 Executing VM operation: ICBufferFull
Event: 26.273 Executing VM operation: ICBufferFull done
Event: 27.284 Executing VM operation: Cleanup
Event: 27.284 Executing VM operation: Cleanup done
Event: 28.296 Executing VM operation: Cleanup
Event: 28.296 Executing VM operation: Cleanup done
Event: 32.336 Executing VM operation: Cleanup
Event: 32.336 Executing VM operation: Cleanup done
Event: 39.369 Executing VM operation: Cleanup
Event: 39.369 Executing VM operation: Cleanup done
Event: 49.437 Executing VM operation: Cleanup
Event: 49.438 Executing VM operation: Cleanup done
Event: 52.452 Executing VM operation: Cleanup
Event: 52.452 Executing VM operation: Cleanup done
Event: 60.187 Executing VM operation: HandshakeAllThreads (HandshakeForDeflation)
Event: 60.187 Executing VM operation: HandshakeAllThreads (HandshakeForDeflation) done
Event: 60.187 Executing VM operation: RendezvousGCThreads
Event: 60.187 Executing VM operation: RendezvousGCThreads done

Events (20 events):
Event: 26.279 Thread 0x000001b139f7ff10 Thread exited: 0x000001b139f7ff10
Event: 26.279 Thread 0x000001b139f81950 Thread exited: 0x000001b139f81950
Event: 26.279 Thread 0x000001b1366fccd0 Thread exited: 0x000001b1366fccd0
Event: 26.288 Thread 0x000001b1352f0600 Thread exited: 0x000001b1352f0600
Event: 26.290 Thread 0x000001b1352eebc0 Thread exited: 0x000001b1352eebc0
Event: 26.303 Thread 0x000001b1352f73e0 Thread exited: 0x000001b1352f73e0
Event: 26.311 Thread 0x000001b1354d1f80 Thread added: 0x000001b1354d1f80
Event: 26.312 Thread 0x000001b1352f67e0 Thread exited: 0x000001b1352f67e0
Event: 26.419 Thread 0x000001b1352244e0 Thread exited: 0x000001b1352244e0
Event: 26.676 Thread 0x000001b13a5bee70 Thread exited: 0x000001b13a5bee70
Event: 29.680 Thread 0x000001b13a5b8f10 Thread exited: 0x000001b13a5b8f10
Event: 64.565 Thread 0x000001b1354d2ca0 Thread added: 0x000001b1354d2ca0
Event: 64.637 Thread 0x000001b1354d4d70 Thread added: 0x000001b1354d4d70
Event: 64.645 Thread 0x000001b1354d5400 Thread added: 0x000001b1354d5400
Event: 64.647 Thread 0x000001b1354d46e0 Thread added: 0x000001b1354d46e0
Event: 64.647 Thread 0x000001b1354cf190 Thread added: 0x000001b1354cf190
Event: 64.656 Thread 0x000001b13a5bfc10 Thread added: 0x000001b13a5bfc10
Event: 64.658 Thread 0x000001b1354d1260 Thread added: 0x000001b1354d1260
Event: 64.662 Thread 0x000001b1354d4050 Thread added: 0x000001b1354d4050
Event: 64.681 Thread 0x000001b13a5bbec0 Thread added: 0x000001b13a5bbec0


Dynamic libraries:
0x00007ff628be0000 - 0x00007ff628bf0000 	C:\Program Files\Java\jdk-21\bin\java.exe
0x00007fff64830000 - 0x00007fff64a28000 	C:\Windows\SYSTEM32\ntdll.dll
0x00007fff63000000 - 0x00007fff630bf000 	C:\Windows\System32\KERNEL32.DLL
0x00007fff62130000 - 0x00007fff6240a000 	C:\Windows\System32\KERNELBASE.dll
0x00007fff61f40000 - 0x00007fff62040000 	C:\Windows\System32\ucrtbase.dll
0x00007fff3bfc0000 - 0x00007fff3bfd9000 	C:\Program Files\Java\jdk-21\bin\jli.dll
0x00007fff63d30000 - 0x00007fff63dde000 	C:\Windows\System32\ADVAPI32.dll
0x00007fff631f0000 - 0x00007fff6328e000 	C:\Windows\System32\msvcrt.dll
0x00007fff637b0000 - 0x00007fff6384c000 	C:\Windows\System32\sechost.dll
0x00007fff630c0000 - 0x00007fff631e6000 	C:\Windows\System32\RPCRT4.dll
0x00007fff63a90000 - 0x00007fff63c2d000 	C:\Windows\System32\USER32.dll
0x00007fff62560000 - 0x00007fff62582000 	C:\Windows\System32\win32u.dll
0x00007fff63c30000 - 0x00007fff63c5b000 	C:\Windows\System32\GDI32.dll
0x00007fff626f0000 - 0x00007fff62800000 	C:\Windows\System32\gdi32full.dll
0x00007fff62090000 - 0x00007fff6212d000 	C:\Windows\System32\msvcp_win.dll
0x00007fff4d220000 - 0x00007fff4d4ba000 	C:\Windows\WinSxS\amd64_microsoft.windows.common-controls_6595b64144ccf1df_6.0.19041.1110_none_60b5254171f9507e\COMCTL32.dll
0x00007fff42110000 - 0x00007fff4212b000 	C:\Program Files\Java\jdk-21\bin\VCRUNTIME140.dll
0x00007fff51980000 - 0x00007fff5198a000 	C:\Windows\SYSTEM32\VERSION.dll
0x00007fff63660000 - 0x00007fff63690000 	C:\Windows\System32\IMM32.DLL
0x00007fff53d40000 - 0x00007fff53d4c000 	C:\Program Files\Java\jdk-21\bin\vcruntime140_1.dll
0x00007fff274e0000 - 0x00007fff2756e000 	C:\Program Files\Java\jdk-21\bin\msvcp140.dll
0x00007ffed0720000 - 0x00007ffed143a000 	C:\Program Files\Java\jdk-21\bin\server\jvm.dll
0x00007fff63a00000 - 0x00007fff63a6b000 	C:\Windows\System32\WS2_32.dll
0x00007fff614c0000 - 0x00007fff6150b000 	C:\Windows\SYSTEM32\POWRPROF.dll
0x00007fff48150000 - 0x00007fff48177000 	C:\Windows\SYSTEM32\WINMM.dll
0x00007fff61380000 - 0x00007fff61392000 	C:\Windows\SYSTEM32\UMPDC.dll
0x00007fff60790000 - 0x00007fff607a2000 	C:\Windows\SYSTEM32\kernel.appcore.dll
0x00007fff4ae80000 - 0x00007fff4ae8a000 	C:\Program Files\Java\jdk-21\bin\jimage.dll
0x00007fff5fb80000 - 0x00007fff5fd64000 	C:\Windows\SYSTEM32\DBGHELP.DLL
0x00007fff44d00000 - 0x00007fff44d34000 	C:\Windows\SYSTEM32\dbgcore.DLL
0x00007fff62800000 - 0x00007fff62882000 	C:\Windows\System32\bcryptPrimitives.dll
0x00007fff3bfb0000 - 0x00007fff3bfbf000 	C:\Program Files\Java\jdk-21\bin\instrument.dll
0x00007fff3d5f0000 - 0x00007fff3d60f000 	C:\Program Files\Java\jdk-21\bin\java.dll
0x00007fff63e90000 - 0x00007fff645d4000 	C:\Windows\System32\SHELL32.dll
0x00007fff5ffe0000 - 0x00007fff60773000 	C:\Windows\SYSTEM32\windows.storage.dll
0x00007fff63290000 - 0x00007fff635e4000 	C:\Windows\System32\combase.dll
0x00007fff619a0000 - 0x00007fff619ce000 	C:\Windows\SYSTEM32\Wldp.dll
0x00007fff64740000 - 0x00007fff647ed000 	C:\Windows\System32\SHCORE.dll
0x00007fff62ec0000 - 0x00007fff62f15000 	C:\Windows\System32\shlwapi.dll
0x00007fff61e80000 - 0x00007fff61e9f000 	C:\Windows\SYSTEM32\profapi.dll
0x00007fff26d40000 - 0x00007fff26e17000 	C:\Program Files\Java\jdk-21\bin\jsvml.dll
0x00007fff3c1e0000 - 0x00007fff3c1f8000 	C:\Program Files\Java\jdk-21\bin\zip.dll
0x00007fff4a840000 - 0x00007fff4a850000 	C:\Program Files\Java\jdk-21\bin\net.dll
0x00007fff594a0000 - 0x00007fff595aa000 	C:\Windows\SYSTEM32\WINHTTP.dll
0x00007fff61700000 - 0x00007fff6176a000 	C:\Windows\system32\mswsock.dll
0x00007fff3d0e0000 - 0x00007fff3d0f6000 	C:\Program Files\Java\jdk-21\bin\nio.dll
0x00007fff4a640000 - 0x00007fff4a650000 	C:\Program Files\Java\jdk-21\bin\verify.dll
0x00007fff245f0000 - 0x00007fff24617000 	C:\Users\student\.gradle\native\1def1411415f61bf3af743bc5b6707747c0891f09f0c88961ee8f79bc544acac\windows-amd64\native-platform.dll
0x00007ffee8b90000 - 0x00007ffee8c08000 	C:\Users\student\.gradle\native\0.2.7\x86_64-windows-gnu\gradle-fileevents.dll
0x00007fff38e90000 - 0x00007fff38e9a000 	C:\Program Files\Java\jdk-21\bin\management.dll
0x00007fff38dd0000 - 0x00007fff38ddb000 	C:\Program Files\Java\jdk-21\bin\management_ext.dll
0x00007fff64730000 - 0x00007fff64738000 	C:\Windows\System32\PSAPI.DLL
0x00007fff613a0000 - 0x00007fff613dc000 	C:\Windows\SYSTEM32\IPHLPAPI.DLL
0x00007fff635f0000 - 0x00007fff635f8000 	C:\Windows\System32\NSI.dll
0x00007fff45850000 - 0x00007fff45859000 	C:\Program Files\Java\jdk-21\bin\extnet.dll
0x00007fff618f0000 - 0x00007fff61908000 	C:\Windows\SYSTEM32\CRYPTSP.dll
0x00007fff60fb0000 - 0x00007fff60fe4000 	C:\Windows\system32\rsaenh.dll
0x00007fff62530000 - 0x00007fff62557000 	C:\Windows\System32\bcrypt.dll
0x00007fff61e40000 - 0x00007fff61e6e000 	C:\Windows\SYSTEM32\USERENV.dll
0x00007fff61910000 - 0x00007fff6191c000 	C:\Windows\SYSTEM32\CRYPTBASE.dll
0x00007fff2c220000 - 0x00007fff2c22e000 	C:\Program Files\Java\jdk-21\bin\sunmscapi.dll
0x00007fff62590000 - 0x00007fff626e6000 	C:\Windows\System32\CRYPT32.dll
0x00007fff61a10000 - 0x00007fff61a38000 	C:\Windows\SYSTEM32\ncrypt.dll
0x00007fff619d0000 - 0x00007fff61a0b000 	C:\Windows\SYSTEM32\NTASN1.dll
0x00007fff3b480000 - 0x00007fff3b487000 	C:\Windows\system32\wshunix.dll
0x00007fff613f0000 - 0x00007fff614bb000 	C:\Windows\SYSTEM32\DNSAPI.dll
0x00007fff576d0000 - 0x00007fff576da000 	C:\Windows\System32\rasadhlp.dll
0x00007fff53db0000 - 0x00007fff53e30000 	C:\Windows\System32\fwpuclnt.dll

dbghelp: loaded successfully - version: 4.0.5 - missing functions: none
symbol engine: initialized successfully - sym options: 0x614 - pdb path: (cannot be retrieved)

VM Arguments:
jvm_args: --add-opens=java.base/java.lang=ALL-UNNAMED --add-opens=java.base/java.lang.invoke=ALL-UNNAMED --add-opens=java.base/java.util=ALL-UNNAMED --add-opens=java.prefs/java.util.prefs=ALL-UNNAMED --add-exports=jdk.compiler/com.sun.tools.javac.api=ALL-UNNAMED --add-exports=jdk.compiler/com.sun.tools.javac.util=ALL-UNNAMED --add-opens=java.base/java.util=ALL-UNNAMED --add-opens=java.prefs/java.util.prefs=ALL-UNNAMED --add-opens=java.base/java.nio.charset=ALL-UNNAMED --add-opens=java.base/java.net=ALL-UNNAMED --add-opens=java.base/java.util.concurrent.atomic=ALL-UNNAMED --add-opens=java.xml/javax.xml.namespace=ALL-UNNAMED -XX:MaxMetaspaceSize=384m -XX:+HeapDumpOnOutOfMemoryError -Xms256m -Xmx512m -Dfile.encoding=UTF-8 -Duser.country=KR -Duser.language=ko -Duser.variant -javaagent:C:\Users\student\.gradle\wrapper\dists\gradle-8.13-bin\5xuhj0ry160q40clulazy9h7d\gradle-8.13\lib\agents\gradle-instrumentation-agent-8.13.jar 
java_command: org.gradle.launcher.daemon.bootstrap.GradleDaemon 8.13
java_class_path (initial): C:\Users\student\.gradle\wrapper\dists\gradle-8.13-bin\5xuhj0ry160q40clulazy9h7d\gradle-8.13\lib\gradle-daemon-main-8.13.jar
Launcher Type: SUN_STANDARD

[Global flags]
     intx CICompilerCount                          = 4                                         {product} {ergonomic}
   size_t CompressedClassSpaceSize                 = 335544320                                 {product} {ergonomic}
     uint ConcGCThreads                            = 2                                         {product} {ergonomic}
     uint G1ConcRefinementThreads                  = 8                                         {product} {ergonomic}
   size_t G1HeapRegionSize                         = 1048576                                   {product} {ergonomic}
    uintx GCDrainStackTargetSize                   = 64                                        {product} {ergonomic}
     bool HeapDumpOnOutOfMemoryError               = true                                   {manageable} {command line}
   size_t InitialHeapSize                          = 268435456                                 {product} {command line}
   size_t MarkStackSize                            = 4194304                                   {product} {ergonomic}
   size_t MaxHeapSize                              = 536870912                                 {product} {command line}
   size_t MaxMetaspaceSize                         = 402653184                                 {product} {command line}
   size_t MaxNewSize                               = 321912832                                 {product} {ergonomic}
   size_t MinHeapDeltaBytes                        = 1048576                                   {product} {ergonomic}
   size_t MinHeapSize                              = 268435456                                 {product} {command line}
    uintx NonNMethodCodeHeapSize                   = 5839372                                {pd product} {ergonomic}
    uintx NonProfiledCodeHeapSize                  = 122909434                              {pd product} {ergonomic}
    uintx ProfiledCodeHeapSize                     = 122909434                              {pd product} {ergonomic}
    uintx ReservedCodeCacheSize                    = 251658240                              {pd product} {ergonomic}
     bool SegmentedCodeCache                       = true                                      {product} {ergonomic}
   size_t SoftMaxHeapSize                          = 536870912                              {manageable} {ergonomic}
     bool UseCompressedOops                        = true                           {product lp64_product} {ergonomic}
     bool UseG1GC                                  = true                                      {product} {ergonomic}
     bool UseLargePagesIndividualAllocation        = false                                  {pd product} {ergonomic}

Logging:
Log output configuration:
 #0: stdout all=warning uptime,level,tags foldmultilines=false
 #1: stderr all=off uptime,level,tags foldmultilines=false

Environment Variables:
JAVA_HOME=C:\Program Files\Java\jdk-21
PATH=C:\Windows\system32;C:\Windows;C:\Windows\System32\Wbem;C:\Windows\System32\WindowsPowerShell\v1.0\;C:\Windows\System32\OpenSSH\;C:\Program Files\dotnet\;C:\Program Files\nodejs\;C:\Program Files\Bandizip\;C:\Program Files\Git\cmd;C:\Program Files\MySQL\MySQL Server 8.0\bin;C:\Users\student\AppData\Local\Programs\Python\Python311\Scripts\;C:\Users\student\AppData\Local\Programs\Python\Python311\;C:\Users\student\AppData\Local\Microsoft\WindowsApps;;C:\Program Files\JetBrains\PyCharm Community Edition 2022.3.3\bin;;C:\Users\student\AppData\Roaming\npm;C:\Users\student\AppData\Local\Programs\Microsoft VS Code\bin
USERNAME=student
OS=Windows_NT
PROCESSOR_IDENTIFIER=Intel64 Family 6 Model 140 Stepping 1, GenuineIntel
TMP=C:\Users\student\AppData\Local\Temp
TEMP=C:\Users\student\AppData\Local\Temp




Periodic native trim disabled

---------------  S Y S T E M  ---------------

OS:
 Windows 10 , 64 bit Build 19041 (10.0.19041.2788)
OS uptime: 2 days 0:30 hours

CPU: total 8 (initial active 8) (4 cores per cpu, 2 threads per core) family 6 model 140 stepping 1 microcode 0x8a, cx8, cmov, fxsr, ht, mmx, 3dnowpref, sse, sse2, sse3, ssse3, sse4.1, sse4.2, popcnt, lzcnt, tsc, tscinvbit, avx, avx2, aes, erms, clmul, bmi1, bmi2, adx, avx512f, avx512dq, avx512cd, avx512bw, avx512vl, sha, fma, vzeroupper, avx512_vpopcntdq, avx512_vpclmulqdq, avx512_vaes, avx512_vnni, clflush, clflushopt, clwb, avx512_vbmi2, avx512_vbmi, rdtscp, rdpid, fsrm, gfni, avx512_bitalg, f16c, pku, cet_ibt, cet_ss, avx512_ifma
Processor Information for all 8 processors :
  Max Mhz: 2419, Current Mhz: 2419, Mhz Limit: 2419

Memory: 4k page, system-wide physical 16107M (3068M free)
TotalPageFile size 16107M (AvailPageFile size 3M)
current process WorkingSet (physical memory assigned to process): 476M, peak: 526M
current process commit charge ("private bytes"): 547M, peak: 595M

vm_info: Java HotSpot(TM) 64-Bit Server VM (21.0.6+8-LTS-188) for windows-amd64 JRE (21.0.6+8-LTS-188), built on 2024-12-03T10:50:54Z by "mach5one" with MS VC++ 17.6 (VS2022)

END.
